####################
Uw6fbzd8Y90CanVf0w9jBAfDcFMlEmZ358fPB/pHfRqzDN6b5rU88q84BNBTbmsfjRV47UycqSRqGiSTaxcz5u06imGmeA2/eU6YSTTZneOzIuPO3aqWvxOhFW7NCoUvCFprPK7/Pq35rGiYmwZLFV70sIdJWTmp+d2PBfYISYE=
####################
kW+jRcj/KBKAXk1lZvp5FKcYnME30rbYWDAV2V2JbsdAYe6/rY9NxPEbEV4nKN9J9cr7RprNgvsxlNoMWHLpnlhXZC+wjgCgGK++gpukogfhLDrCqt0f5tsXSatkMlQyrOkmisaMLBjq7YKbBxEAkTTmkTD/OZX0CjCakTwWDeS5QQsktS+gQr90eGJpfWOLei93dHMBwaqiUpYoRcZwtc5AbW53FNo47jPVswunE726n4LqJvNLcEC5pvEylCJDwvfcvy5J/YKfPjVwJfyNkDBO4n898eOa5itrVJ4nSU6wYCMQlMr9GsegHaWRQgxeoKoYxJ4aFSjoUl2E9t0rQkPjhwGVG56Zwk1WwA32P+lmqRJIK1kTLoiuKgIUm7dDtg9KXsoc2AQ1/ArLAiWzohNSQKeCwG5svmwB0ucORJGbckPMp1YHEtFjhkj3dqksAl9lzxECGK4BbLy9PORNRH/UwS9jmDHr3kfCI11Qg0uTZxUvRzmI5isypy42Orws3DIuGIsJ8Wv1iA7b7rHmrOkmiHXrQW+woY0dtAxCbnJFFw11/tXDzZY89tx3g74yUIJRMmgqgmJREVa57+uDAWF5ut4bW+aPCuA7TpeshRTR8kUJ5KDNlQDmSyNJUfeQzOBguMztg1wEKq1/KdH/OVCPRNDA3W8/pAnffeUi1Lava0ZtGS5EfqYlA5bMTkkOcTQxAO5olFUJ8fJ6m5OorKhxRJE7jYu/TlR1HdX8FANo237pn9glIm/5eYz59vds347UQ8cAvJxYJB1U+0fxiY48OMA7uFiTdC/0nj7iWycnAWmqiV0oG8KhN6Oz3G+bLEqnHA4heQQl4kLuNaCekX9HQK+E+3w71TwMECcTSotQ1KBAo5siBZV6OezcmTodp6lIxqX7EXRc5vUPfJLhow==
####################
cDEAQAbsiFuaWiSIDwNKOiBTAttyoDbTG5RD8uD/MFaA10NFHkFAtGOYgXJGU5OvKx1mIJ0YuSyUJQKI7osp7tnqP7HqQ7JSrESfJBLXC0g4LJtzMnr/SgvYzf4D06mCmtFbdqHmoRXi6iUi3ZdvKxko439lOC/NGmNnQTmApiw=
####################
PzfA4gKK42kJWlasvg/UOIvMjwtTUZK1UButBXFhprLraK+8wIAQZLFn+dK0THV9HsL7+Q3kvBTIZpqexioSfNnw3PNiTtO2n72moUDmM4J2Jfy1kK9V/WDvsgLn/gosxKC701W5zOQHL71H7H+5gFCuRCcRKPLW07n22o0PPiSb55YWQDoO9vc27LxgCLq4trr6fThJ5pKQBrDPm0zm1fIO/j46k1nXtlmOLv9AyZPJqR8bxPkR1e26cEW14qyO+QsuHFT3MSuuBlRwYIXveb4VMs3yRCyKtDznzdmLGDpuU1wYQTBHFWtfg2Hz1b44ru0vKG7vhk40/F1MfGEM3rd1q2yjcv8cO1QaEYA3xBF1PRnLuCN/5GD3NuwaL6SUnQOx1G9kpP00nk0oAi8bL4r23/PvqES02VIThbqRTqimEUVOFFm/tGC9WCefLZHEQMyWK12j/dh3vLxej3zokP0T6j18MPS7eFtOK6fDJ3oPs7VUYp9RAngJ1zvhq6aHZ6FU2wLNp0XZb+uNP9RhZZSby/mYYNBs0dsKriudSPAioVb1luMLVXMTGgINUg84kU0+rQB2K5hFRAUCU2J+WpPGwbxvHIxSEl1JsfdexckHwz3MOVMlbkxsCYkMZo5eAR4yjb1za0I6DhJk/rL9SCLrDLUE6g+mheLmpXKOH+K19I1MvTz+rGjQ42fBrSBM2G3t+7Xsel3WuHubbrIdjPQuv43l7Elw7Ay/MBUzsPw=
####################
G0Cn/3SPcMkMBIHxRMhhjqPnMKASIM4jmuaOvNUPexIddvqnZgSs7+q5b7liyOX7pZVJARkLzPOV3txXohuyYW6eY90v44g3LVUt8phK07PUWTd+ctcdsjZpnARSB3n+iQG3I3CO+dLxNQXoABiBlNCbrsZDmJ3wewc+DOM5Cxc=
####################
LZy4Ena5uVhYLVfFZn73kQYeoz5crdBJKdVBKAk9aeD7/orwXY5ny68/HKGP1uf0HnLHVXMjZewHXvGk9MslHPmGUvGZ88Ljlj939WQvZ8T3hl/x+jPzyET8Q3JRG2uurJydqspH8VnUcqIbWTKdB2UYtpVIJ9X75WwQIipWB07pJLcs36cWdrnwMD6D7Ce5OwGHYYgmja0vg0jUasNeeAkJnymMhpqnVuDwGc1sS/2eOcEr8nwaYakmlBHLF8VfPrn1LRXaHEuo2bzuNsTg1mCpnoCxGOnTUGyjtCW9MnCJ77C8C7LYPv5PurJQvUwzzxsJs8tzKNl3zAv2ixdTGBUd+C/IZ17RtIyNHOViRPaDeBeq3eZvE/UX0qZLfRgYdiG0E5nr9CCHJsduZTXJR0aAvb3D0ie0xQxYEwwam9pfP6n8X9SyAUXAwWeGabCiDGHzazucyrEDZ5zXmQ88myJlsdwPHwJZCLIpKuXZ4BB7fqhQSLYSuiglBvv7OljLH/MViJEu8SDY/pE1J1sR6PpwiK/XvH2+dqS8HRYEwtA19GcmLQTIMO5A3Y65Y7654DusNLzZdymlwas1xq/Uc1KbVT+k+8aKT4XlzHOE7Y4Dc1lZVf/hrrvm0gyOm9Z6/NoYacu4y8UuDUmsy+xvOvF2lVs1teKfi8Mb8uSBwqDJRA+o2E7lskPxspbHQP35J+pSyAfZFa4Un4o/yxVOnt4AhDMrWdXoHx97ZRknqrM=
####################
iX9DtUq46cAlecAwmkGNi6m8KypCApLO6tl0bxEHNgbWedr30wNhnbhLSc4yT7K+dU2Fj9BhTIlAYl+s0lldHZrSCAUgmv9qkXwss1axy2PLnSW0v1GdMi/U5ZuqzTaFJ0PdjbxeO9VMNq1DoNX/QoEyLHlYPjw4Qtz+vCqaN/w=
####################
uPfnaqiAGLKIPr+2eb6+kAt4Y8xREAi3+DZAuHNKXyWq5kmiNmWIQyFV2GTH2x+eIDpfLr/x9pPQFmrjD98I/jYpTBAUI1g63nyJn+BqM3X7aWOLhuUFXdtIqVCCl7qlPVMvoBokH8LilABKue7UPrQrzrU9ckH0psaEqg+AoNEl+FLPMxj9D9DAzjeaPwJIS6W1b6J6KmhR2d4ZbfOJSiZC8xPCpTciCNoK16WPyyDmIji/oWCIhs0n7V5Dep7BuWBNPEut12JC3M2kVIumWcC/yD8AIibBrO5f21AZcph2uBy3U6Y4Zfalr8xLzBiF78kvWY6IbdzKjATuD9opFMRuTYtP38nnVbhKpAZzkRAzFlILr5wRFW3h3PBD2yKO/KHtAiCTivEd/W64COzI9tONrDV2A5QGTGP7V1S4z4AnAKvLpr+pKjp+rB9PQaRq5ZjkvYACTH6L3dvbbN+9Df+AIaTqnLfx3dtfGQqH/hKITFTJ/9ncEwhGVmzhi1/FffHB6W4kyureT08z60mlGpoV/SdY+4kDtuhQizBJ4h//VZsmnTFLhpyMVsG+rxBOJAnSzcYvhf1Bh0Q0b6fEn9CRTYRISoKo32d4Y9kZQ5R2tO874hmG+rxq+Tl8bfUofvhdA+YbHfElX3+MnhHyWtJnPzCdjisp3sgP1yeL+F0YKaI1eoyauUT2zRibeIG3y/BC8lqvkgE2dB2v999YHsA0Shp9n0NqXTE9f0lf+Ow=
####################
x282ZSGsmkMQpXJDh0J3pAdvj6iGmnUFo5nWUcmBU29LCvk0bCxGxwkqpN8YE69drbfq6VefaxlJB+8tZ4+9oAiLZMqCYiqxClY/i/bnlps1yT5KDMNGPrYLGGVeOrR4eHSajClOkxH8F/QfkV2wTmeOtRYktH3qF6o+CRWOFXQ=
####################
+9rFjpVAb4nHA/G0vrWWXjBNNb3ZsonzJO8/U+rv4zB6qObEoMkb7xmT2SD2vRqNxUuwC1e6Ajxxwpc+HZzUbRpEs7rB5kplorJB8HcID/opRcLoDPgAXGT8lFeri9Z3rjvbRsp9/t6RDR+GoPZlurYnJagBjCoqu+bZI5W9KnSGHQkeK2Dk+4JGYxI9kGO7w2pa+tvstUpH/2ZusltpkcqKwpVYPGuRVs0z5m4+ah2h+9rl/XJn4EUsHDXF0tIMAvxppWV3xWHS270afwqY/tKsUdhNa1EW99aT4GzDBXVbweMCrOOUwukTVktYEkxDmGYYLGwPqnUNSe/fgHguzv5o5wHuaJ6N0lwBVr3YmlM97HcdXP6y+HTerEadDtCMfF96Ko6Ty9LB2NeEG2dPCHS+OOJysfJeEQNHhEdDKknY7u4ImoB6QiTEnIMzVSBQKSFHm5ljSMoZDC6+Yuns+TG75s+ywIycgY7JHKl+G9EEi4HaYwm0Qya+/aGQ3Bkd8jNGG+0WErud5H4kblgOQPOd3x9uBknba47YDe+jshBTfLKIz+L+lQ2yuwyF3D1WFMMCiE/vOMy9F5yNNqKb9CkDw8h+Y1uZDYQ2XqpxgQ1pBOkep5k2zydSU91rZXp3bnr4x7oOCC/4CXgU/3Caw/FPZItqi/0hoW1ZG3xPTgiAoAGlJBiBPdBd/wDVTi6wUKgRMV/RXz7CvMRsuH4WOeRBhjKOgwWPioLbZFL5kbI=
####################
vVdvAEbhIo7fflEbuHcGyEpuLu3n1aJ6Qmkip1ozn5fomtNt3nIowkkB8XQpizO1Jr3srOr0mj+WHmwXVYppt4tA1FMGZ2BuO1LMpnv3RJ5eZ5NcprQp/4KqVJV75I+7/klyS5aePELIqznN1lD5tvlR+oHxkadJwUEE2Mu8iOU=
####################
Dm/UoXyC2zNNho3YZt4qTP1Y1YuRRXOVd1Cs1kzRj/2N7Y6SDfXX8Y7R5Qql7MyESAF3urVggMUidcAhnaYNhxM74cm3w6vLA/7NHQpKGhuRpzaoQx7Xi4ORUfuO53qzLPkDIkcI3acikupwHyjw3i+jCAAHhh4Oyy8622XQJvVD2Slqaty12Ew+h6UWaeebssUiItuxDWV7+yQ2HeMW3qaXCV0T+YNcBPuEoLeHbKN2eZDp2U0QJMBYVDQa9V3Q120cXjdeCHGsrUHvLBUjkcjyDUzgd8nM2FrDb2sRBr3bBA2/3cQ8QG+pP255QvitDN24b41HQD4odhvVAf3atWSUtY1UK91iRHfKE80HRQOZ04eysRu3a75S7NXp34CEf2bhDVFZI9qRtosL/niouoHbWny0gVkK9KUkq8cQqTDGqXo6vcwHzVodNelAXWq8edOsWlt/j2TsPqua7k0NSoCFdrXqhWWwR2n5z2Xmhyy6zK004av8W4rJZf4F+n6+BTSoYyni//D8RKn27w/HdMAo+eHKUfwjHTRew7j8Cmv2DqD4ZmbXLRI0EjwVwxQVRwRFRcOYoZI4/y9kyCDEIH8cnYbIe1h/iF10AAt7iHCHvVIT2+n6DIiZnBaapS48R7cWAyuawyvIwqC5xdkz/41DY+noIAjZxBTsmgs7v9XB3rNq4QYNRXTDVIpL1c2+7DnakkHMxmagPHbUKGX0o8sO2IfheKKeBT1rZyMq6g0=
####################
exdaiYBr7d430G8ABOiPXsBBeO/7NFUJRsoXAK3/Xz6jLUIDgezTyAHDRKJKbPrXJ9H18z78xJZuFApDf//uN5NDo8LC3egfm73APa9dmDhGCYo6xAOkURevqIwYO+I8NFvmlH5iMt2lsOUBBzbwX76MSv7ZKMhtzwUbKP7MXU4=
####################
B1yhhofjgXPWWBp62WJcf9zh3AJFojKn/qddG11zo/90CzOfm4BI0Q5jLMCuFuMHboiEwJQx/4dCEOI/7zXLvHLr7CBe8zVwiDiguLkN71IiWLJCwO2k2pScQrlHrnJXWJWKhZWfEijHd/MmJieyZ3lN3frzyjBjrVwEOyU5AEUEopS1JJqUdWXz3vBKMvlzJA5WUlnd8EXi5QZ+fLmKk+GfK0lXgM0jHSBw/IyKx6eVwlLyyesuw/Gmhfwr4sc3MH9dsYXHAzyhphxV5/yvxgY7eicMy7kz5HI51SLAEU0hptIGuZSVITi2qdgaq0MlL//vmVZs4Pp10gaKkQMBrQMvVG8YMBozuHgmbD9Wraa/JKn5jTkIoUmTnGm5VxNHnpX4sByoBbNSUOyzf+Y8bhIaBfuK8PWFjR0VaMQNvZ/JJY7+WbxKQNuGZtckOO4LHDssoMcOgsftudkXdOqyJioTuM9QYY40L14jakZBTIx1cjpw4HG1WCutF6ktSylYa08nA4COsYPACqQALSvNZiXUkc4KlitwyfWMyksvPpvpLFB6eXDh0h4cTWZqCdpYHcCRCLwQK8n6v1EvJNkNKoS3DKf2y77jYknB0rzOgIHazxwkrPItBI7fXTrMtlKLNNNJlNFwN0Yl3RObzHXV4iBHvzy0jWXOgklUYZ0S3V1+g2ZiM1J+zZRt0fhuheXowdIAHfRtPawP2KbtU7uynDLw+G2a2Tq6Smvfye067WU=
####################
gLPTfaTS4nSQN4wo3mfGNsSGX0pNYpAp8nI3G/CcKwkAEzgbcUb7MKUwkN/nOoF37HPRNYoPz9aBSv1MMONhXtJexbzyPLpKjg/i8QERHnZ7qUKPO4u2tjLyZUuPuu6J4kKBHnoGTQeDDixO4JinHcqr7QrcAA/zt100s4jaf9I=
####################
4S5AuSKqHgc3zrjoXzU4872WxYo3tsFaSTCzy+3ceMaXmBrUo81TsGmGwjwerCnT1BfiJzmbqA9ufgmTSMGMis9kCuAA99ZFldHAK8JVKmTDeb2cBt0vYD5bwmhXGYG2e0nfSdfZkR3gwoij7CCX7a+5GlJSxALAE8OqI2E9JkZXdXCJjVCogfp9T8AVGlcb4xYyDFbAXa54Nv838CMkXDg3V6KwtOM4Pbk72rveGxvKB1JKPnfQzc7XrRCmkBEbWi3J/ZVdadHGclzk4w1lP2RI3atiH9shwo6XhMbjwoA3QsHyHCR8g3tmMvM2BGVFF5kMFEQRhTTPTA6P53ftVFq4ee0ZMYHcrY+DE0JB3VP69gDXe9Q/9CMuBLgxViTUOh2JSpxyOVci8wuWqj1Ll5cT57BdfUz0B1Rpo1k9Q1p85j9diVb/HeaEbKe0jX7sY/4iQ3dBOrKGEYQNqUAPbx8/Ne/smOcrySYT02ymDBTxCM8eeXicnfTDvEhPMn1m31X+n817EEvIA1HQSmjBDpJw7MzzagduPBk4Otfurvpd5fb1MqNY3xRLjAYdJ6JhxPT+0TcFi+A5EPRASWxymG65lmo17aTGbnNsKzL7GsvA6eoPjp6LD67wgTHGciKO7lxOit1UsowASOJBZNGS2E1XLP2OmchEYzbqXgAxKEjveTD/KkXCuNU8x6aN/wT/k2eIVWO33J2P8u7Ll/dDKkENqf3YOemM28ixMx1m4XQ=
####################
YWP4Ht/ykSAssngiBib8PgUOO7jWV/dApjyUC9AxWp+890ZQlYUfl0azRn3GA55lLrWAc25YGzoGxiRmVVDJ0KBGbv1ikbImbp6AoMDNGHtXivDn0VnAt+yttb6qFRz6kLUKwJL3mF26yXH0LavdEBor0Vrjmgx6u4POzb/hKrc=
####################
W7vP8FcMB4VmwRYuxBF2l8poZ033hztJFT1bPLjEkwmfElJrNgX1vrgmTlPYib09yv6nPKXDzMRVEl+aQVQKwuc/SEseRtNPS57CLQ0jqysabnQa/hTEXnGOeYlkUxhEzDLmuv4KAvBZ8+QsmM+PRJxJljJeR4IuhzroKOYm83XMXsUcd0L8ZteKiX32Uk1oWNDY8gkcEb3/R2l+AFSI+IIEJQRKaG2Mjr4s6JgFukfp0zX+vP9Q6A/FW4QoFP4s6eRyA633zCigO0JcPkY/hHDTRP4YZLcKQXL2uJdnUCTVR29Z+vsvY7PUFdHBdIdP4Ebv66KX8jHs1nMuCeaEZEJuYECauAg8dTP58bHoxR+5RHezsAuNENgs5iIqBuiwga2dgOHO0ljl2OrirINS8G6NcE6Eel+IRawAEpSWNaoOSVA9bvlvqlfxSMROBudkTKOvhMdMBC6MXCu/Z8+YvfmzLb+7+2I5uxdZbt3q7zc9BEryXRgq+d0PTzxd77edqWMbtEcwEMQW2Z2XuYjDpyKEk3f1CQjneDp1xMWECo1lQ99WoKMUDRSGVlUFgYcH0D4DURyZG1h/N1Dl9GCp4lyIe6AKff8H51sZkY5vC9JjlfBqCVnPfcIVRhwspxDIiV+BUZVvp/Xfm+1Q2RTWceTGP9h4J0n9k3K9VwLyyFRDKDXMdaQZbNEXkdPvxZoBVa3sMZuzbxle3rOcSSImasYIk+kEbq0qzLpbA/NvPBI=
####################
IY4UyayE1kGWwoevZMYCzTfr/zLWzCKNiTSPJNrQdrzr8PYENEoF9R7HegnqX5fpCbeU5H/UhDknTdFzXDdzrkfpyEXQXt+Qj96LbD28EHGOn1JqcdWKhDg3LGaKuS6U9Tyel70385e/V34PDbPSTAiYHD9DmkHfv8sSUBVLwoE=
####################
IVypWAQX7ac6IFSRaPlGABp8wuSoUGn8EF2DgkiavIvoW77GrMp+r7Sfka1LDeNL4+EVe0gJtFvpzR+tn63hgWdxySdREtRUR56gT9tCM42bUDiG9EtlNlpLofaGkLR69fuczkrUrsVluC9ZzPP1/3Aqlf2OPB66J8lERlk1yQpADNSoW8WiPxtv+Yg9bIWa8Y/xZhKKLSnTNDWN5kdjPRl2hwrJfERGhJfzHWjBLfSDKkrEmGSnrotpPJr0bspGD0S98eSmM/Qob97SU1bMoSxpjD9zrEcfbPGleS4azcE1MZ1cwnS4aH+ZFyMKQ0PNOOw3OPAAx7Im/CDTcs6qhQmgHzYtH2gY112Xd3o7fGQtAmzcVAUWC810y+gdmKALsK8p0YjlMxVsbzVufdppVgVUbbTPKsbuqDEuIjgK3Yl3Zyqa9/quTrloF2TKoJMPYhO6srDkkkVsnFGgojBrmND/Ny9g8KJI9PMS5mICdKH7NgKg5xs4DbyEnZVO1tIpII6Sb47FZfiFbfCXja0o1rXdIBTFTDVjZp0Fjzft/b3Xivigb8aqNMIte+bXH8Kzw3ypQ0JhyJu3bygr19r017zosSYLcAPi6qKTR+4g9VIM80E5tQj0osEAT96WUSeyC2eVvGqOLQa9PVdv3fM+4PhnKlcIqNP0bqrJJXV9TPHUZ1r8wgy3bjxAEMr11r+Iu1JcplmTWu0mPm4sVu9zRe2d5GsC0CqLS0c6fpISncQ=
####################
rka2XDAqhl50nkNQEgFg8Sxt74UBphiC2q79yLZlrBmu6q5Z4PU9K6t8XWZjl+t6U28kLbWVkUcle3Y6O1lBrqC/OsxUyksDSnEhy8uZTfQYEz09a3VzLuSCwqxdVgZ+DYOck6Jpjn7TarhofkNhN71SKj0J/EetpggJCxYgjUw=
####################
Z9qwjpxsPGeNhQ4jMR4qMGkdUVoZmvQzRmuooarUmhwhayu1xbdvBJr/DCDw/E2crhfPbMA1GAvM8lLDDZmg5atSLNCsKg+1x0aJ7riJd72d+tbP3I67fm1JLsBDoG7XMeuqAGmWcETDzWUYR+Gfg/FdIfTrdBlmkN2+iE9xicxGdWA1IxhXPIeQl9ahRzSacUECTU/eQ39snElAWf/7aFF/GYB11Q6sHETzHYTsKZCvVhPuw0HVtEU5DFf13O+DT3GcVY/nWprpMh/E3WeJEyPhG6JMqS5iw4gQHHVsep6SQjn8CKoGoKOZcZxgG7Bs865OqBwixR/MFHRW8Jsm6ohlBtTHhR/6TtE5C7hWPWHjyqkPzCI8vMQ/Uhkri6U4kX1ZvZ2np/XrmiMStXda03aqCM0HV7PeNQBEcyauva1SxfnzipinT8biXfaEQ+RR9P3QpBTNXag+kDHadxNPxUzKubizI6pBgW07iKkF49PFMjWwKLmtPYK+vZxrWOO6WNeOM+69BKu8/sXPhYxAi6RDccZcGENdvDOziO1u8wG+HQtsI4Mdf6+yK4WUdKkgUw5gsl4LtFCCM3WMYzlvuiMNdaLLAzetwubUO2Hl3TZZUDiOuu/kPr9bqEeif2gqjT2C6e18WfJa1TlPLUGWvfo74lF/VFlkNu55/cVNlWyFuGlmlOTlB/ES8HQc7luoG1AHopIPEMF/hy9TsIHd93lNUgjFp/XFUnQt9CwonOY=
####################
zqk3AvT9LSvEqBEi6ZUB45laQ+LvntthnBivQ5M2tjdipgRtrNEwqoOjroY2awFh5WIrCzt9Tc/+68ttzCIHoZbFiBbFQv0jveXKwBrDvvE0abxAdeYgVfcns0rZN1tBHJuyvFRwL1ItyNfoJf73ftCrwv/ZA5qDP83Nj/J1rpM=
####################
PMYOu7V/mXybwoNdt4Hz29NnZWje9Fk8Eg9Ehn986Htq4+XdObkzO0gcU6QXtBAfSCGZYOP8kxIleR55ZeNnxCBwYSJEzgnk4MgQ+SSwtjSdLSAyb52ppqaZP/Fva6A+nRAY65w/+adRCG45uuf/Gl4cFlArWyL3jV8iCFVgCucnQhEpzhr9Rp2HhPsVxQNG+dax2O5LLZWlARFmjar7+wl1m9rOa2VM5Ro9rliuVKugQBv24LaUK5CYwxoReM6zlCmYwt438e2x8VtSESa/6Epmuo7xWFZAttF45YmYp+iJJQlfqQ79e9UIdKTtEmeUbJC27QDhjbmIKqsADUN8pFVbCRBw0dbkFBICIUKTHHipwvfqsqtGNRHw8pGLJPX2IZzpqtia5X9q2DrNpf1CQwesDknQejbnXoBpVYenD+m1w1Qv/SesRJANsErTv8mJuG0eTb1nJgX25fIW5oKZ0fFBuUImE11lOz7NJhcb/LQ+Y4pZBJPC27tXN7xyFAl4ClNoNPnyOsukWLWAPa48t4ZwFo2LSwu0Qy4/zPlT1CI/TbQlJeOySabHSyBO0Y+JDn4XWhpXfnMuUBYIDqspNElOD54PUhDbflF9/MTbmuQt9W/+oR/DrBdXcGntArwGUW4D/1Ks5oXS3g4e29fr90Rn9wioa4sM8CL4OxxYkYoB3tYdvc/rEa3VytSUqUTITP5zT68zCa6kxdIT/5vKywyzb0jEOkGmZ4Okq/oIu7M=
####################
jW2/EPFTHiNDBk1nB85i3U4UAZ6BPcb6up2e9ln96/bLBOlebXrGpUBwban/kHSVGER/menoMoJSb8Su7fFa7XOGcasiXlp6dDoVUL4cWo8FYGWdQhemgYUclrzaOlqiqq8ZmsYO/Bk3JbdIcSC0Iqhh71lz4iby4aBtuXC4uwE=
####################
802BjA1nY7fUgsveMdS26RP1V43614PhlFs1hBoZR8hWHBzSi+OEA7Uv1ZriQWWUbMIbJGR5F5jM0EkC2bL26MOxC/UY0H+vgqIngVIkdDjeMIckD4gz4XqgQZrLruF62X+KfZB9CI8hOVeTxR3PE8yN9GXtCEb9Q5jJEKhzDjx7hZDXkGmv0n5xXM2HFfjngySPaDU7wvKFg/pLzybp1zBB/fGKXursev2C4jISycoaYPXekLAs3vmL94qN5BaSZMhJXcN5bFP4s4DiFchDiYviVOBa+XY24QtJvuQ/K4b5VllMNZZZZhuQ6EFUb6/jaHYat5e4OqrTnKUzPcj8q7aOeEvbKe+EJvdrIrN+DFTibKHzbvn7WngtQFD9GnO9Q3d/0NckDK/hOrcd7UbrgABQduMA6jtoM2qpIn0pKwUcqgcN+vsHWlGLTsT+dpgMh/WF4Jg9x/amrXh0wGr3rTJCygeF8XcbTqsY/J8FE6+Hs8NLHbrJiLzCGm/DVWqhbBb4V0jE8BAcnExcg8KvtACboLD17a6I7AJSmgTPPnzxo11xPanhoBTj8My/6aajcdeKrTeBwd1GmloSvQBYtLCWutvwmyihRhcnPjzTe42QnoqGB0mDGtXo7MolNMHUvP10nWiQtXVHGe3r4JXEd5/cwtXAgutSmFQ3DFkZPYL4tahBpaB5PLw7J50WtFl6+dhkJ8ye13JWzPw7AyG5KIgGdFZDwE9mZGgTParaa4s=
####################
Lt5fB6+V4mRjckQEgh6hkNA//jCvrtaGezW2ptd5y8zQYgKOuDYV6RxzMTAl4ZR5rLb7Dw25WaDkLovVZ5Nd7VveG9gfcAYa0Em1sgH35TqY9c6UX8qlQB0NSQcxZgImyIZqPt8dROA6+J60uJhrQZX5YzJhUAy7tUxKUk8iGaM=
####################
GOtBlWUlB8wCTKYkD0LoZpby6dbgNXHHbPZLi4SjV2iluORXTNwFyZNb3QDolDZikr8svcKaGGp68vRRjsL+ABnFkikEEL7TmvGA//YWFtkWmzA33I0E9QSl7huMRAWp9btaiz+RFjKfBG3CYMKKu3nCBp+Rc5ZYgTlouRdbEn2FYxsqOMV534hVQxa92tqJk39r+guUq16nhjX7T5nnpdq0WcU5QWGJFtqBySsuNy23hhi5fDEo6NPizDeEaJHXZ5LsO1eMqWteWUZVqm1NliR6Tnw9+lAvgwfQTPJNp0RIB1xbIYT54BOV3afAzO7/CYyHUJ9Lpe0fxsJ3biSuB8yjY0FLGIQviAV3b4jzbA+97jrrle9Fbp/WN5MeggJv/OaTBuUdJGMkNQ6DvkMucXsgsbnPjztfBUzziQPAe92ziZPBCJJyyLSPf9Xg78K//VkGyc61IZUF1fgRvIiPilHlPeGjeAX53QzFuNdLKpbH5Nd860oE0K8zrqVE1DJiXfMhZRTZz5V2G3i1scQp0H7uaR5G3+MDj7JJUCPx2w9/ZMn5uuTt/6OyWO4M5Th1aSDOoylxOR6fuBJadVg9O8WDzwdYzQ4VCLMoOpnHbWMBARRGx3STtUZliIfP+/1xMXGINUK4itZgCvVanSG3dgtlYxTbSHtScr30CAvMcbW3IMz1hkX/Nyv8/cgtulI1V9chAPIy0zhrRgT8D1UUSrCBYHDVR6f+Lu9pcMBky2E=
####################
Z+qIZvIuYcK4cGnlQhi/kwhMY+oSP603XYW68rdkeYsCl8SxAm+D/bnu+DwvffbUL9bB9NHf82x5NEV/DFYp+1m3hAUDvE3To4WlZhy4HYP6a6eGb0dcaxjD8yp7EYcNp1MfkAnf1RreAKAFhJkY7CVxti7FrE2Bd5N8Qwn/3wE=
####################
QhqEQv6kazsMOMUwtRMx4anqXvLArVwth5reS+fzstysvdoFcP5MgCdQhMV+flleJ3Ox5ZlBKwaX+RjQCSSTr6VwUDmeB5lPkCL+JTFhZyhWRMimcuRo9ALZuy43QIRP4w4S099GLfSvvP4UdwdfBx5cXuJSpz7D3Y4lGxcY9zYV+AccQroivXHtfhNfhxA8ZjpJA1e8/T8oiQEwgUb3bRgxyIQmM4Op3d0Zqr8zhogTmFGyEQn5/2lC14qqwzgltYhm2ki3NaPKO3GKkJplGCmTbq3vINaDKL5QbB7+Go70I+VMYGOjmJsI1rsLOXDnfLAR6x4SfsO8GkyIA2zYGfLfXUiW5cwV1sCq0F6IzchhwtldyPL/zQoZYUzweXRbTse85VQeX7xhtF8jjq2UxrI4qWJfija7W1noxhhhX4T+xBtpkcgU137a6KgmbnDHioOk5OSNcKQWe4EQgRE3MZH/u1RYVQr8doYwgIZb4nj+NEhfc+yJWhKDOaMQzAaYZAhg7e/vCaVveQg8nNZpxS5qS+mEGcqDGC8GvKWRRtpP8tHODt4x9lNiDzWC/jzJT+en8KAgm0cImUjMb/EkKlWHceovHg3yOxojhU1pu4V+RJ2KtkfAbRGZtiVUVFyV+d1dJhs2PISGOUQdMFahc2x1xnYgBn5Hq/r1Pa3LBhJWy6yg/dxrWq00u64GVX1T7mSc2mJq/3BwKUMZXsf5DiPRB+KoZowMkmWX1sfX8xU=
####################
K8v5eRsypM98conlwgf7t7aFyeOxP2vr4kxd1KKiToyOuCXfDQ5iIJXV2YEN3NbXAYg6BCifpDGVhqLqXMIGi8f5Dtkfdo+zh0arDbruTHZl8FfQxfA07vFMiqaNqxyX+MECq/CM+6R4FLaeDJtQ97YiDNw9h2qqYRxI85pgN/s=
####################
pH13U5/96dievalGwtFrGFjsG2l4HkY96vrDK0j7dv90AiV5r/L/mDeuRRneNI/6W8RYNuCZR29cYzS0XMXZa6Zjcf/ww9DWqNoyqXDE0OZ8rnYV3ix2yNB9GzDTcIal3E+HRcOfNIEY2OLhKzQFbpZj+m8yKUA7ecdn5jJm/o1uq8cwxKVIGm/L+H+mx/ALI0FyF1Tmm5OPPWZo1iaPKQJVkck5ybI5tLETRS9xHSHASUGaD8gB2PZTon70+xB5CpLu+cpsYsl/dzuLY2QdqisJ10kwJG+OXwLb717y5oN2+42Pd7UNulP5+p7NIk/+xTXZlAXVttbFXAv3joE7JGQiO7HrmTKR7Bfp5yYrHrG2hz8vyF0CyXjmNJcl8XmOwZwHQZVhebo6Qw3jhHI+HRwgoLSKv6by3okH+n3MCI19cUPcKPWuk8bEfZr8esygWVEW/vUTplBTHHbz2rPAWzVFjWK98dKtHn/X4+nsWvIY8sXrmJ83s0iwYVow1bzbmafv9FyP4uqYgT0VUOrZMPfx3+N7YIV6+eGQ531PLSgttr0fqufH0How9m1k9izAMoSQz365rWo41+M3k6aBXS2a43nm+xpLM7QUV6sb7EM4FxsoPSCt2pY+j7z2ZH+scEg5UDwsk1pUp2fGSB/TeLekkLBfpeTMUju+zZ+ruc3Iqiy0ejpanqnrxsHmxSx5y1x7zIZHmoV3BRJRTKgha72iBf6Wj7luCowZvKrsKbU=
####################
Boa+Mzgf9T8w7jekpw+zpn1am0QsFFDFjclLmuHZOFtKrPdib8+ntLMBMYbZgoJ9nCXz9spYVrBBTW19xfkqZprJwf+QwNSsiFQiet7wa2SxogdDUqRX0gjp8ZhiuLzT56gNVM/Y5mozml61Ge2z0qoeLaOdcPBDTLCvZq4KNDA=
####################
bGC1NCTQCMAW5gwwO60a1FFilm2nHik+rAB+p4FV8HqeI9eX2pMjtx7bXqtvvPWkS+KjDJNE7LvqyYu8l8HO/rlffwnMrCdFk4xpOvzqJFzM5aaCStXbeA0Wjdytmy/Hor+vZiBU2EdCRbdFnWM0Fto0mSs1AjhqrpuFXZPNQuXvIhLz3u+Fqcew4FZsHva8iJ4/HyVjphUxyLrzPemb45jTWrFKoyycgc9hZn/DMa6pfZw9EOwHViSEIE97wOJ02IuVHU16gAkuuJLg7VFBYk8mrUZrEMVz+fcu97mh6WQLt0XuBFJ+7I9kXMDrwJcLvoutyql6V/ATzWiIOE20DZbG2NDeBNRGO2oFTLwK5X6TRW0EDWb3jrArSSKh9iAM7XH0EowgQnEa/Jb6eRWJqL/D3sbxhL8g2Y69qSCpFNJaogdpb4zXJ5illZvSx6cz0tMYCwokogUC8MC8nH0p+dI/TcyNPvu8WHBCBjMG6t//8BA+62bjApNkGH51wqAd2dKQs5QowsotcGr/5Nzd+ilNsuxQBzk7uTSsjpuKM02+1FKbxMwMH5k7P+r7sg/HnNgG5xpC+8h/oa20pKdtz4kFJJuyS0sYWAvOuzj8nHT/X8sgJ1bk6R0Ok5Y7i8v2leQaJKVKEcgHbGUiLP9L1Mioj9eANv8ziu5Rp0TS83vlHAsPMfcuWTs0w3ggD019ecgK/ZpIJvjSy+KF7TtnwJ/d76aLpoz2d/8SWugkylU=
####################
S7hUnbPLw4duevkj+/3LNg4o9RZikGfxEN0gde8cTA+9Tyj63AOYTbt8L5do/ctBrA+IIzchHdczvLVcm7oCWi3yCbB6q3efYZyes7KdW2YLHX5LyacxoUq8UMTIrBxCs/wzFyr4FMCDGbllwaanitgqk1ggFjlImBPUHKT2Evw=
####################
Ei7E8j5svr1JYE9GH5zVrsVab+yHU1MAj8cXCHQkH4T5S+2qWJuoOSuEyhMHCYSbRzU2y4Mwv1VQBkLotzlFVmoJQaC9HUs8xHAvTnVGi5Ow66w7lQKC81OY9Ur/eBdWvfGwIw/T502QzphNI1lV1y7m/V3f4yel15maxzReTfITj8vMc9zewrasONrp2ey5Q/Bgde4AepYmGbA/4BqZVsIVYtpGWPLy1QZGXfZfYfeqI9+C0KNjPN7GWQYGckkOwwXc6v+Tqlx8l3a5ehBQVMagAL7qQ5mIKL1iLRvi+PPuTiCEzJr3NM9PQFwxWNVQ/qCcRSZNlbvbuZDm/13W65arHY4pNHy13YAT5sHwxd26nXzOC2ejW2yLh19pr6oGCjppDw6msYHpZYMRc0LmwWoe09b27PxTD2NSyPC7q6teRCV6l8VdQrguzgoNmxuFjlmqS609306tOc6dP2KhP8dkYTLc+J7gKOZ01ZFY+xd5BRmKp+/WUM0/nVPblkkb7ilg1O3v/9ZxF00F5+NVhCxyFpTfe1s2+wpH2DWhVlwQq9o6lLSRxBoM/a5uqq8Czng1D62zKf9cMBV0mnoRpFb6soNE6ZTGbgAxNn7MhUEBu1daV1iU4/9FMxlqYUgPsTThLweZSInzCygM0RQlhfF1ZtNPC08IVghgPjlGuIdElLKhqLOFvZ0s5Fr67tRTkLkK+XG5MxsKdEop75cU3p/0CwdFedwZQVzoU2PnwTY=
####################
nDD1EQTfC8nuUAIXnUeCr96xy92k0yrmihdKFSMxGogV3iIQn5Mv8HYIiOPCbZFLzNoemVdfOtTIHFl/GHE8XWlUx/frp8/kGs9Zr4VNBzcBfqrCS+hyhr7+T4mxQih5S5uQJh2FbIpi4hVFfSh18a6D600pm0V73RZE+RtSDK8=
####################
JWdBv8Vmp94uaHWubWFSmR4p78G85U/a9Gv7st2eyU8nAGykGvHXhV/97joMygF4kxfWUC8gHstq2hRM7zjymSU+YKvtQwv9Gl8tg0Q2x5y6bNEJ2focgR8SjjWlLaPDFigBrBm7gnZlmuzvFYn0d9s11DAOxWaDl4kT7yWq7uObyVkJFUMLcNjnQQAR7jEwP41K617Qn+JyEiL1pVnqLiJwXma0EqL38H1mU2IPpwZm1GRmNEieZGZFNhU/CqkNjktpbz8tSOgU8ZxFeTLMYEdAWZMdd1HZMl5pgngVDg6Qgd7THZYdw0CS/ru+MVOFM+dYPiHa5zrJTIyzN3ZL588LzbHJJGJytku/GYahScxURZ0+6xnK4S8psivZ3gQXa2V0i9BuAN0ryBnlvOf7ONaIQSVhoGBlmS/ts+928GE2WMtbu6oK5oho+8V01M0I4r8sPSoh98CJgfevTMT7MsI7wZWWkoCBnmvxS/nFcA9j9GJrgBc17TIUYtMUmfmdm7AB3zz4Jf08eGXbuE69mKqsDQ/B3ZzddjYnC9/AWX0s5DU3h6x2A2gOf/spbbcHH/ydtP8RrmvGaVt4r0b+VjZ3Mx+mL5X9jxO2tAJ5ny5Edj/9RM/nens/7JD7Z/AgAYwVLFKLIzcepZBwmgbQY+PHbcWBMTi89JAw0VWKQElDkmq2iO0Ngl2nrFC+8D5LaJpDqXtwsY1NjCIfpbnpuWRFzf9TUKyJa2pWScK1Jss=
####################
rrOY6t6VFQoq4zyfGO04RpSDKSuIb78Jwzw+rpG7psOnO7RbGHD2T4yTXHFgQy00uvn4UEi21stcZuW7G5U+D5jG7V+ngMd+w6UsmtxGQs9bEKfSHzb3PFiRXjlEJaz60efyxAPYu6s994J1pNlUXlglH/EPzUlNt7qFed2b/3A=
####################
Ny03Mtd7dIR1WkDY3iliruHYSFX9Dw/o47XNxxg+tZ8/4Ak73UKeFNLJzXwh1FQuI/9PS6fkaFvfiy0gcEB9Y6WqTytJoCyE35x3a7sYwyXKqoKd6Xjiwy2h+TRYFmxF88oDlu0IxDd0z/pTHIdfMtsKzGVRAmB1EsbqvxU3X1N+geA084vbe8g4S7qO9GERKgS0AaKFHqP6k2PLk9JbMk6g1loXxvzfLnZ1mwA8abf9/ScHj9DLMqIXXcuVvfkSDk5xeZUGOSbXKMwPtFjj/nZfxSHs9ehHJnQys0C5fTtV4YIc2xHkX4DIwebLaY/TzFaWjy3HNbilAiV8kPTdIVasejCLjEvtC2YQBn3dN2U91jEgMV6lroXR6fHWA2ZG/BSSF95BJyDnLgoHHN5k5Q6f06ctMtpb1EOIP2ac1zf4+MgRIMLDwPOl7oQRqQ+QyRG5TuKQYskBS3e9ISxYhpcoXL3S2nJ4VMMoR2vcqrgGQDNccjqDuwZGBxct3FLbP+YbrFKAEpKfRamrf/x9tkAZS3UE+X2VF5A88QUiyxIoOK44Z6IuzxRuSyKOvCt3fyy69pLb2m24MMqp0MQ6vAHecGfOoYC2iQGdGtOreuO7KmYWtmM3uCyvuFEVF5mwCtrAi8OeC1bVOBZVyKhQmx4zRe6MpwirwxUGruWwdpH2ZNOs4TXFCuqTtxmRac8PZdtsIbgK6bIg2ALt+O/2iMe851GnxPsKJtUYaNLeHII=
####################
xQTigVSU26tAnz4HXtgPuIpBUO7L4EoR2XrrEfuLVG8AXpqlNdlabTdQufCWvIsqArLmyAF2gvfu1DEzaR2DWINYo6GsSZMJ0cItroCH3Ayozmks0Uvis3rEHq+KedcR3yzQkWRZlB0gjE5eTUHLiIT9Z3lc7jExGyD2s8gGH1A=
####################
XF9shRksluw+fwboXcevTKEOCQ8411vzL97zL+zmpfXafoWiJJ8jT6K1X2YNz38EN/8foVsA/gHLrtJbZKLVgUpc8o27J7BD2rCrwupzZmUBVESpjV+MM9ZrhkiYGL9MPiAula/RhohKs/Jv4r6JInGDgswtqtAlbBwWvaXXqtMMuUNcIdNj71vy6phYh/VZucVJrkHl9zUx2X0Z1UnTh4C4OrWk0+pCc04eGTgKBaED6v7ChOB8YdO+ZMCPSeod5dkv/nzP31EMmkYPHBT8qGNJLz9RYqDKjxhO9xNQZNwPRFMoBsn6u116tpysQzaLba95Xox1f3iSJ8bjItxiaDmpyL7qbxTHNnDHn7xliV28gVvQQcu/EyyFgoAAqQk8ZFzj+kfSK8ky4PNsKjJHPnPgY7AuHQiRd8H/4yT7hHYgEcLCt6H6snh1H+Z7x0beguizEcH68yX8Aou7U1itrgyY57/tsvkUtgiXD/pqy1NuckZld65pV8v4XRoTb50jbH6HTNf3t4YlGHDVZ/j/bJfXuDOB7g9Zrf2UAlIFqciBVUHOqtqiw7MDqbGnWo9z0Y8yj0/UKCyQ2x2ZGleZ6EjBue0LTtAVZiJc8Qe4lsIJJTz4XEsDChNwobKX6TgmFhXYFV4dUHFLIGCoaWFcsUtZHJn5iLIDy9P7kWe6uXR+epJrxIcCaKIDKFiL1Q164nL45jAJ1IY7ODzLowoLFknEHix3S8ULitwWuL+reuo=
####################
0rGVs2SPVIpDkAzMJ6I2RZNs1vfkWHrYV+5FkEr6CP6SbmSEI655z36nWqsmfgA6N15OltRHqR1IwO9jkmH2IKzSUYCEy+6AcygRiIobz3+kRucp6365y7piDaChn6vBBupxcs1FHIf5fI2PWOWcqgMilZ/0aGP8GeGRKbDZlEI=
####################
UoHR4GTOQd76GT1EsmUPJBksWiKy6xabeIa4hijjyhZOSS7GOIVBtHZT6gRFyYhRNn590OQp9Pms0lgUTMT8Akieuza0H26/0q637Dl8yGP6nBgOBElFaEEUeZuZEWF0GMO+51gsy+0a7EknVKiCoEKMHsZjlNOIO+E7v/NIEA9L9j3lUey/zkqOWr2JN69EO43Prd8H+rky7pzoOyQbiTJosN34KFtKU/QNIXxugcW8Y/JRT4QBgHRW5R104kCme0MibvkWd5cM32EE3/Td2CkjZndABjors07RWHUA12OjeEgmfR9JCSqij/QECe+YlIgTU32CNGqMC1MgCgpvSeLnR8t+K75iQJjWZmge3qB4BX7jw7J7NlEpZPl6P9L/jv+Ai6LYX6OrDY1xvPtaK6SRGr9sf7p+RJdFHgxwhk+kZShIcOl3urFrthdVvXzdp+O7tigmX7ATI+yNHQEoSTo83vHXCpz+5Nr0SlUwj/7gyoW94ywo7nwosyYtavjH8rs4FRxD4JdYzOi12NICDYMeA8lQHNrdakRAT2eD4BQhPTmhK5r42R1KsC+K8nDARI8bww+UAR6D0xWdIks6XH7Bo+djUsEb2dTQCGdYxUJ566k8QqUUm1SEpRZ8/U1obbGqUuvig6jfxRXOuKmd6wjHvhBCr9R1dkg2E33ueYEvtmDTqE/lmSEPDXIjFgYt8PbmnKvLPzaIUAhPr438PFh5XZPX2oe8Q1HScYD95J0=
####################
svBwEIm9ft6d5EJBy5mdFZrNtj3dDoxLdHZHVQD8yUeWXeQ0vXotXjlQztGlpVzyf8gAoZMTM3ZZ2iQ/ZOKq1KUMwqRZT6P0WzhqRYpXO/4Ow1w+nWGLgsfc9pBlXlrLKHzmUM2deduMenz7Fpfu3aHDkzSrJHfC8m4tXoTqOyw=
####################
A0id7H1sqW76wgF6dhp7hr6aDatFiQnVXnQ7DHghRHr/vOWZ4uAKGuOSLQRjPPEE3V3O9O/Geetx64mfII3aZHyDvQzsbyNPgzhprA1X4d2e/EzY4HnvKHRSd2ULggg7hB+gBVzqw4A88uNFRjy0ziRYWfn8BJwyVruTprmj6ytA4CqjKTppcRCyvNgFyn80mVjgArrfJ1sqR8JRV4doMKksRWv/3Wfro4R7Voj3K9Y7SlyJVF37AEtVfqf/P8xSek6zjabNaYeTxVgu0it6ty5I/+/3w/eDzNIPMN4Ey9zHzJqBgIm91PuOvTwW53o52lPiDDPfwH15pD68UYIYYB3oY9Ppm1VbD6fZQr+rvg9OPcsc7b9R2mar3E32uZMqDQcftReOTuVieyvIfx4fCYsAAazgIlWdNMnjVVxojZVpIRU7xNHYeamC/6DMlZqC6w5nmRNuANSfe656mekC4mopaCnbRZnEZCTTS7Rrt0zVx1dJmHPPKBpBqYHL7x8/MjGlmCsSebSYex3l4bvpm1GRgK/jq+KNC+vuMAAy+0wWZVI5Q0UqSx/aad2BrLOQ2d8HlGVrpBwnDR+a1jDEalroApnjGgfnFh52NOdC8lrCIuXaFufu3OAwjvzpl4EDhG0FeDl9ku0vJxwiqHCfJ9fZKEsdl2rpjmhWvMclSoP2u7yABLgZvSBNpxbXLuU9+e/J62tN0jJl4y+6eQag80GT7C1KFz5eSKgBjaGkPEU=
####################
tybQEdp+X5jieBhyXostTUEZ2S6KEPicG89hMB6OeCiyJtAtvv4Iyl0OS1M2yS0j8q+FJCAhhsOW3JOdXja6wxAI+N64bJZWqaoaDGh7sausLXEIIzUgKdcjTm+HymkcecMRSEom88EbeZ8+3nRDEkRuRLYfuYgvwwnyK9d0H5E=
####################
EXLPK15exermVFSFDgvPJNU/+LR/qR1ZP0gs3q28a7wr28GR5atvanwy2jVedWFPYA2UW1Q5zpQuleNQGS/AtMxyQ/y3MeZRMX67fhRtmmQWBqX9CjehY2b/kkSTb5r4anRGX0bt57jC+yU9ycQIgTo5wM/Yk+b8atToGXmWez3SJzvgaXhuhNIJCTR0N49zXxwozRriJ1R5YC09WXDFaXWoG5mr9/bDXGba/NYZFWyk4OMBVStZDwCvwpWeRaqK3YujCFQf4znvwIy7ZGOy8tWNcB7T0hPMHbCeSqF/zgKl82MpfV6flE7DfcFIqrbLiqZU5b/HUk1tSEy9/rcTAEeqn2VwtbT3LW46+sw479+YEA/VMme8cS5+4FpVS2YZzRIe4P77SfcOy6xmp37df0/6mULW63/100+gjVbqSpw6JR/buNALlM3wYO1Or6QbgX1fwZDO2JFBu/W+P5pAeblReyM9xEkNFRAHrslwjASlrt31xwwpTIBMvm2DNqChsSWj1jskOZl3/NY0y645RCBnfs3VoOvyS+ZyZG9Ifgp5b3lO33kSGevbNAMJ2Ma5JUqBuWPTTwerhIIVM/5wAWg54M3pkkgKo+C3jr9P2tWqzQ4RWr0OfV/eyadJkxp7ODLHQbVqtR8wYAZYesmGTH80bqnOrogsmx+2FjJ91wpCp6TJS5z2VELYlpnGXx1xoWKSBJRCWpWDM3/ysAx/7p+EtDBQhtDkAc+stJZd4lc=
####################
H+nvoQnZMGgXfKCwGYf9sS35V9qwJe9wbhGihuBZk6lAL43MNm02zExsHV7N2EE4gr8pHBwQtTE2E15B3JnPFgLxLimuGU1SfWcFfBmzF3tON1PxgD3iX34ZuPQ2gDxYBU3vblI6bPnfoMPyygnipFY0I0ho+MNt6RtoRZwyUKs=
####################
ZBGTVVdGnMCxuOID8CGjyBxe+BS6mpz1HzfLmIqOU6QIZu6BSjA676XlY0gmmN89NpjNFNBX22mT6GlV5qrP6HnM+5kiDhvNDE4XaiJ75urODiUDUjTCgZuRFzXC56kSf75YnhTZkX1N7wqV/6zTP2mO1j5hutpRgOIeUso0fzr2RScmKbImeN7BXJ1ivoFwWXFaKhnF3SLM5gyX8lnqUCpBhlATUN/QV4vFG3MZsun85yjP6udSx1wc23olEvyS4pWT0S2nGiMx/7PaEpuQEv7TMBufHmbXW3fqcW1KIM+gDeMGY/g3pxWBBGIB2SfIprgo8WlyPhVKgbSzZfdOpD13L5Yf4pp4HsKtPt39oQTXkv5a6g61z6vlkOsS1WnSaVWy/iR56K8UD6jqlgnuvohc4wEH9ESPIsIwx8xo6kxdj4MTKkeFn061Rr51/YVjX1EjbWaxOyBnXzif8+t/KQm+iGW0NgVItkUWki93MweZgfYQ5ARoijWafEPc2dOX6rj/fKjfoqtSBbWzOMv2dC0TNw4CmozlA6PG3AN0uts17wH9M9VZra5a7Dlp1ION7yMMjv1UEXDVCG7nOz2WuGQgQykWpXe9dI73rUdTD77fwVb70mtct/V8a3peNuYDwo85vQQDuuJenj+qrXbEQyjzVj5iFY3mpx3sH3oBh3seTf6BXwhOqWZJqpiLT6vSQqLMn4sNJuNfug/W1DrebjU1OhdZiEMT0NGPsqrGulo=
####################
GE96ag5KfOPU/kS9+UdvgULAG+ONkL/U4pBldp6tA3yWZ4dl10aUwgcu7DTHh61Kc8lJ75tBX3HSwZhn9OeZ+vAnklhmpabaV5/h9A2G79vtxTU6uxsQXZ+nnZgl95xzG97GijJ82RrT+A8E2sQcYcK8PnsvR2KL4cuTtnH6FF0=
####################
K9lXFzdh23CI73KXicYFZiPNMuVFGV87T2ttBefy9H8nsESm2SvejBW/vJrB+Fl4f+RG5Eh0Im3xzwwZz8p3IXqRU9gh2ff0uGRRAkf+lSBeuVhFgazKwWwrqqZTbh4xDIEBubL2pDbV8QJCd1+dNW4TeQW424wqqr3V3191GhiqQBsJoP36lnMIVGzNjbVzvCbnmh+76Wm8C3HdNr+7WmUxL1gByhDzWidB5xQvlrQxJAi8c5neLeZNKqRgihr3/ysSYeeMyPBQ/wO0a0Fubr4DZ9VGeVAqgAlxVHi+QyduW/u1bsni/jPpk01ba3FWJSKpfoYnJgad1CF2nWC59vtdzwMwog7yFmfJ7rE9s8oMHB66aSo68Zh7HSvKUmwGO2wGUqdj5Rsh4CJWCr3nE7DFfYtKKlXoZlIV666y5L1lq08Y2mlsQFu6oODXSBXqCjfBuRBxq+xVj5nRm7+wzosov/NfTE50krESJmtxTzbod47fe21o5z5zrOC73m6nm6BsXgs7BZuArlzmxV0ZSek6/OJ6buYjEa3w9/qD6UtoHIRCfzUQitZPllxLzHy0HeEyGX1eYy5ZubX8xIA3iam6QjmDLmOTY8yADmAr4R2m5AjqkcOH/Pvs2Tjklo4kD/SW8KSfaWcoqOmFTqCrqX9Vt407lcXrOfBDckdH4iYnb56FBtLX1hiAwedTvWzd3HjEmyCqegF2VHEhpobzE/+H87JdbQAZo31hTyovhQk=
####################
tqNsl1tzauZBIxjqUouEZi1LLidLeLhyKK2PMgESWxk5PlBrmKzVMJk9npjTKptPcA0yMM6bvqzjd8nTilOdk6pnMZMfum3ZEjQBgWER5t9ZvwYWSsaJXx5RpToPOtvQMphySk3G9JB/OWWBGk4/jrYU9pQGxu4jtmmv9jG2+Cs=
####################
wsOuHqn1f0Iln0gNpoXKb3x+JOdL3jX0kRUTSQynJGKz43Xkco8vxDaDGg/2znhyj6FvW3elj6dWQeFg4ye3+QkVCni56dbI2M/HU4ieDolxbLrZ2ZVZFdpDuT+v+hx1WZgcYq6p+vqYuG4yQHyiCCJ33SXeIfxCiHHgIeMCWxwP37BGnnj8M6gN1i+nKLqV53kGLh5OzWt6LKosnKOwEdYzH1ngL6axegmNlZLmYWIwbGoSLfWZQ8P8hFn2fbyB2Dw3ty8jXDKHJqm/nkd51HFGU6iu0U5/ILiYo2PQfRluKn9CfZkSmI1Ky33pi2Qq8/mTMz3p+K0CbX3AKuSXH93fW8DVVJYPuZ8k9aFlLUhCf/0EGO4uQmPVXWRdseGASffsYg1s4IPQ99gs8ddCUBCKjgg4ur/5TvjjuMpQKvsXhx60MRj7XdoYuTL/Zc7ce1HmwIluFPI0500MF5VxfHaeq1Gi9ahBUwhBp+Msf59oTvdj1QaxKkN4jhixrmsYBZE5ZY/rTJ2btsZU5lNS5PLfanhMoFisZd/poG82zxZlKbJNKaTqrc7tQuKYV5kdwfyFcWLbsYDD5ZEy1nwtRnsaTXlHjfA04Wtx22MzkuAlWGNaQ3usP9+kDKLu0mJB9jxrRifsLo9VrJcgaApRa4G6XopuxExmcG/KdoklSALDHFq+69lnOGIQhbM2B4f3QcfOa95mnLW7KfrIfNEw0kuTz32ozFhNQ/nfgSerSbQ=
