####################
gpukr01LVLZTwKgXuiT66LrQ51Mbp1PLXhZ8wh+3vssPnpbFjG0PxnmcFOZipDBDqy5bSlobCVNf+u4QTAgAWwCfAXA8GJC4K0qgTqUmpDEpyhcJ/+tyR2ZXwYC14kxN5b9DQUwRamynq9Gzl6EppLFHDsgQPFQGno8dczVgGiA=
####################
7ayYVCVT4Eydul+8g7RSyzjtbx+W5R5rOQThYa2kxwKm48deSEkAK265LuEHMPoQk6iqhC3QEt/2WCOUuwjsKGxMhtqDMl5QkEhYNIwxhXMTFpGFOeEY3L6u7/xLSy1nsSKsmdgTOL/ac6IP9qJPwDJm+qBF2x6l9JpThFGXKvESfodGy/YpXKQwPSXA8Bai256NweRdv18tHactwAuSu2+SXPxx3AoJV1Mo+KQwPFnKJLwgDBjr/3FJG4HPnD2o27066VYt94JqhMYi0vGEv/KCS5CJpL5wYdkciKYwug5sHIlIJNceEYsWVu8AB/xC4RW0FxOeVrcBntzjDvYHLyI7oNZNYQAzGfu6N5O8s7/BXVlfnk4vlcDSm0/JIEiRJeiTi4qXocI/pTC+yfi3SeA6Jzt2vlZQZr1xAKu3NlaBlIs0avnuBQ10oWxLe4bWsyS4HiY0hnt59+e7zL7wiBFXGaFwXGpAuVJ1PmyH7VjZoMaf0h0P4HcEBov8O/X0nx7VwtF6+qIY0bio9/s/P7jdPjpeJt51Pzg99zsEzmCWiE/cy3atyU0ncJDdSy7K/dhjEtCGgGEDH7W0plpWl5QJibUoV8PKGUggrISyVJTydm/IIeayo/bg3/jegKlAgHsx0tUkfhx7euLflN/ZFLB6bFI+HBkCf9lhz+xHf9RfR933wlD6PL5keh1aTzw3QCSnMzGevwlN301NaF2dipcpkCYAuOtcAZKcAbcO488=
####################
uFyj0oSnSoKmOinNt8C5WIfytjhJQ1mXQ+GktxoISAL22fn87Qrzrum2clOlFPQU6tsqY5dGjR5rD10CH8cNRs5ppwcYlXKEH9hz2x5MLJV0BXukeRynnB8Ij47kCORMauvqLd0eiVZQ4gNQipcPZ7E9R80aLw+cFuQJhJ/ePsI=
####################
ZTfOwgVCzFbZOkQTSnVKMbOMuYI4ZmGFEDy7Yi7kbgr3xi66QHy4Bon0uw3oayFPx4+C+ME7+KG0GGfqQAJlwa+GTyzaYdLBYvFeTYMW3QAIT1xxbsZmXofLrtxn14M7AZoG7GLzzcZ8mt0vOqRMncFVJAc5Dnt1nYNB+vMqIX50p6VqvuqzoVK2DOMMhk0E8EnMm+EynV6FQJ0DL1dbQRmg0yM1MUQtn03Pqo3ZmzwT8vI+LpK8ZY7lm8VMbe1Z/U8YhMKIPQ9JwlYti+0qdeSRQhLrXaIdHCUyySBossrFB+EaumWHgNgYms8U8Kr+VTRHGfgII10nab/5h2rQpM93oUo8Delq6nQ9gAOsdXTdvXwxVjem096kXGjSRRcShwbKx1uvboenGKpKKZP+6OaBpTf6bCHUdeMzr9Ku2F1ZEJElY/1+fcPCXqzIwGgKk5ePXMxZXm32ku6sR4zOa1IYgn4KIIF3YK+36gIr4iDvyWdtXo/Qe6UbW4c8Z6kYJXtohmUsAj2h86fKudNjVZk8sj0mNv3kgXbL7qO3sZbBHuM2S0C50a6LoLd5fyxpnAo4TuauJ5qT9hK0fjut8+LNkXZW4nOKn2WiHcw6V+dwUBVkSka3VUqhS5cr1JhEMPd/DdWhnVzW98gffA6R7KFdkGg1Wo3Vim0KqJdEwbABm9EHsPGWZOH303UOHezTLTM0YTtXfM0BXmoMeqFZj2QWhSUe8Xlb6rfjjrakQIs=
####################
iVgtPbx9YfijDjI/SLIycqdlRSOjh1TCz5im+83z0OeKzAeMbsL4O566Txw+8bN2TcJbGCn/5HxCFI+xa3Ql+uPTTZCuRg9V0Nh1bHI8Xo1M/ERFG64VVpzdoaKh1vpeWPQjYGwC+Km52Qw9lZ+3bFFHvKQ3i/gWOmYR2KvqUzY=
####################
x40u+hW+cEdThLLfLeiKU3NoB+qbEIJrm8PWzkMq0GMyD9l+LRvSdf4oGIvK9kBi0aF/h8MqahVQQpQOQC9GMAabjw3GEaARJjgVDNiG3JPGv0DSoezFbdw9Leohc/dhWsUXhZrtFxcFr5t2qGeSebvRtVXDwH2vH+odmQ47KV3LlQ48V8tGZyNpX+gSq4P5h/ONqSCwcN+K3ZOXSTctPOnY16s29OWXqMsq3BRSVjPqHhZmqiHIydlq70quz/yPGnUTOyjS597qQAhojqmZGCSHuOgiVIThn9z7oe+4V1+HTAjDDvwiSo1MN5CjEG3mo/RqF63NJxidwL+WCt8m33bniyomoJQN85VIzcVYUwp625+3zkmKwBy7/GbaHr9fuZN/44LBL3He6UWWuO0lZqURd9rb7IK3lkAb3CCfAdPFZI5qNvtsVr9WrH6lKaTeknxri85pxo/W2XgibWzQSenqmb958LwbOE5l9wvfU2Doi8ciSmYW0kLel/tdg25hqTa46JkYS6jQCM2/wc6GBg+zRbUc2ZWFaUxfMggqVv6xZvGiN2xfZg3In6BgCXyA1u/1oboZTx30arssomiwtMDjaZnNopqycgULSB2/QQ6RqMUtZAPvfRBbQ5whoioudx2oGkwxPszLYeXcRNnhFouqkrShN0sjGVlZMWOe3z79juD5+N8/YPYdyXsulz5wJGPQ6dgQHjOwGx+992SAqnMawIIbwtCOnwQPRTr8A9A=
####################
u5iQeuxFRp1k3HW6VEBFkmRW7h88uDr9FWNEb5D5uXLRyiGzuSq1J7jed8Lg+erTprNaPQ1+TlOBhdi4nDLdxFXyOD/bA5Wf03WuvVfvJY7DL/eHbMDoMKg5FAUtGDhlyaWcxqr8lkPHJBdbfwTUYF08tm2F7z5/ZoI2PfdvJ9o=
####################
FlQ9g9jcSE7m/CNVyS5IVanJG/+w9sZiE26iXfVSQPoYcQ+c94hExWQDojp9imBTLXBKbfqiWVL5IRHa2RmT45EKeS3PVBU2olTm6vq9ozbpU/+8l/+yTlS2nEzzsaKHO8Non+Ig4x/NDIrWgzeQPlM6nD8wl8U+biEyPFdsF5hqpJeGxr4zKjILT9O1Iwgq4+pesZ1mxkm3LFjL90B4bgQcLf9yK27uUNDc5LqL+qohD+RRcE1q0rC8K1aHuSccZBD4r+ClISWHMrq+zJWropKYZlCwR565eBaBg+HU9rEc67wrXe4sahNJTSWrAqUjX4uJOGpNDhmV3T759a+SKiiPAhfvGjz0JOzw8rAGEWNKcRCqqT8FqevP1w9sZRRMi8cCXpON3/hHjk0FM+S7xG/TE97Yl53Hr5FHI/NNampp3RctW+zn/jthJuCjdxjoA40O8bczSUw6tc+/aQqtnDFdtGj0OyC43CTmcI3lbJtSGlK3/eMPBZHaSMZlV918q72En6QSEU/GmCi4aUWrHWBMl2mkRXqi3T/0QIASIDC8C5O1uhVTEgR5NEqzXPUQt9en3wyx3wNELIRA8bD4CNUTY18BQYFZ3C+2Is0/gHe2VHPZjZEUbsnbZ4fP+gsw8QsLuJQ2+NO7fvBR/PxahbhNQDDXjqN5NbPuuGYL5Z3mQkQ9F1K0ld2qBINkQqS6r2CHS08Is5Fy3mwkP2NLc3KqwNUXHPrHbCpfrtoklLY=
FlQ9g9jcSE7m/CNVyS5IVanJG/+w9sZiE26iXfVSQPr/0taKsUsMv/CR401BWm7mTNqaO05jI3HdHH8dmzIq9e0J64BVfeod2S/tGX+sjUnjpbvHcRRwNAc+Tgz+3/65N+wT15viqeM//cFed0duEcROcOtBCpnWlyIT1v+s4AjQKvQnGWaoZ1RxnR5DRI+gCcJyojBZg1Lgv1CHGLLMFnFoSSiwrL4bv7c0SQkrKpA7SKApwtqNSD8//gMVastOLynPnzLsrlRQIRZlDEimORn0LBSN4QY13BZUuNeAv+tqqPy3iL1TyleDCCPJsbkPfwvvq2nC34QCqW6uiwTwZYVWCddhziT75bUzdaI8jA9nVtCYiHH2S4d7yXTss1BGT7xPojXwCy8f6/thpYqhCESK+lBnOGiXuc0bmntxkDTN3araHh9KAMPXb8VY3c0CVk7iguTyRuN4JhSSF4zxjV7nDqfLMphphKHVblRRkyRfMi9zSD4QdQYU8/EG2kUKFLGyYL2KMGjeJ6ff+jNVq/pSy1Tncnnw7nr8y5dvnGaK5iGUMCLz74NoUEv0Iyz+AW5uLNWcCND48x5+PBL3sHpE6RjoZ/GWgiaEecIdTiivYcQkNN3WC4PCjoOB/TEO+PxKkimzMTKQdTyJPxozmB3Tuw+cd46waIZJVkWndezcqcSoE4QhiF9nECtjuy5TMyc8ccKaq2mRtQ9vczTrBw29/+kDtot1euw7MJFn8sU=
####################
rzD4OhGcBiyZqrqckAwXILTsARP8GZMsflD5MsZhg4DQ4sO8Nbc/2U1MNVnRP+NTGOWyqEWE8xvVFaoXJbfQPNigGKTOQBCJUM7kHDdgXrhjbWcMcTdkwc14PJQ/SAtDFuyVNyySXCtI3XKNWu5jK0wRt+ZfhouojfShojDL+3E=
####################
Ml8hQRStzG+5jg+7urO6a2Hkq9JzKwR3XgHk9g6TJ4A8R/AxHmbp5T8NTFawd2KvzvcecidwV/BGKGPFxDLWpXfZKdVgSBJp9Ve9Spgxqw28J/8uJYozBQymLCNfRuagCOSbNJq119kjWfNv69U1CJW4J0Tpzt0BLP3JMXcBvcrpaMYn1WSRJQLuHk75eYVN7kDu0Z3n/VA6ldb02dvjfDPZSgLOhA77jvNMRJgF6I34SrK967a+0UnQe175QIUeoJc6+QaKFkvHdmFLFuazCAEfnJ5ZNhNAZBbTL62zZ8IR58VvcdlFC7nC1VcCvMIXtLC3GRuydz8Ryq+CNj/JmlP3G0jBKQjm8rCaPPfaH1eZuJXOkhUJgLMN10oXQ6xVSIqkWSqIuNd0EyJYVidB5f1uLEjBOUgDxFegjOGtLzWQeauFqnvLZPzieuNIak9uNm1BL6yXFl3JO6CXMPwhQxTlIrqL7kU8jVQPhz46gydzW77SGzCF2F3FbvSFzaMDuf4pMx8SFSdlfZw83XVGqjd3nJTaTyXJwBq11gFraeq1rVL0LtiLltIk6xfgaxbpih3icxvwjLYhKKufSWhdRcWuKI1kOZX2ALrZLOIXiDtWN89fyoDDqikb84aIGOb3J3ryAbS90ykJ0lGaL2OUu2CvI1mShgd56xZXVR9RiUNHRl7DYKdffLbVDxyq1OCzPY2Qu9TIkgWGpE5+UPFDi/+LPwJPnW7Uadx+PYZ2UQM=
####################
u9nRxoE8x9WVhEtuv19V3BbBJtFBlN3GWKNh/40ZAq90NT/NepSEFTbMhCvzP3yD9RW0hu4h5fePV1lazRtPfzzHeEUma9PDxrrcMZkXqZNI7w6kyw+leY5yTbRdoBUsqOaociI6IRSV2TLU6sPBb7r/Nai+CLozECfnzWFFbKY=
####################
AjvXf036XJJpIPKAJF1zD/Yc2qRL5lluw+IkHeJOKYACX8RNSYy0lHZIkx/1miHNnvnRXglwbSHX7R2Hc3lduB60SKdIss2zF5Ez4KgKz41o2boU+pM8y0y5qQVYMYnouhwOi2Qid2jlUAC9P1wLhXZNL3buZUtg7ZhWkdzxHtqPoqKpZlzUzJLVkpPujvjC6K1j5nghVKsnAe0Qs8NdoWt2LLD+HYeOiRivI+jJwLqlRro87rCb2EI3fmyaQTaGOgL7Iv4XQ1JRX/wWCfx4VHzN0jPu4mSgUwVf8u+XKCWXKgEkQGovh/TcfLb2NzgqzPeuMV8BklF1Rb5Ui28c8UFJowRmFllhfFiDHeqZNJmyZ1IsmrE1/BbSW/HG2wX3LkQENjA9/mkD5SxLgxnZxTUdfUxbmUt/4Tc6BAupQLVV65333e6djRERglvQ2C3U3RNYsQg1V2vfA8NZE09uZ1b63ykVAN57jxUCOgmCNHtpSDWn2KI4U1GMEmN3dJAD30uopUeHwDVantntvEubSsUx6DII1HzHykDCUxK6DmyCXJaXJEte3r/SuZUrCHjUYtHcVtx7yEulH2U0+rTC0vrsUvQeDFlKuopBKkosddjEYbiD+fY2ND/fn041jF5s77yyJ4zYI3MauL1bQYgpEX02jZ8uih9URjEQliFvIK4oklAz83P18m8ILO1pBwMPpNSBdtKxrdz95nWFaCG+3ZSPz9EIhNmuUasBl1vu96U=
####################
rYlExfHsLB3RsjYMk+DboTLo9p2GdSEH5yPElVIFAih3sdcyN3aep8DwUr/TPylsHDCL/UdGPIAIESCL7XV9lT9qMbG+zRWePUOWE24qCmZBiJuLHBe7ZC/2GGyTcMn8bsNwQXkKFirFnJna9Jvtixh51e488PYWgv/FNYCErPQ=
####################
+eGDoAl3zPqB7DsSf+warLj6wIyj6c+5pEVDi3uNNy6lpt4iEQSC2p3UzsMWYnaT1SdW7Fbp45NWLRXUL3fHPMrSt23E9NnmqsL2lwUh6qodYnLyN3DufjjTHSmJbXimGmASKhrINCj+DUZZU7QWqJr/syAQlO30Xu0dkkQaf73C7p/070fUNv7F/eQYKX8g2bqBl2njddeIPpTv7KkanWK21JHhontvc7I5f4XqP7Bx7datmepNIAF3ef2boWTj1ZcnAuId2HbEe0cuSmrU4VajRQjPopeBdfCbW4BGLcO39sMMxD5FCRbQ+/r8yrv2xueYFv+ZFExuWEod4lthlWO2FtTkXdEnpTJaiC5CD1ZmSHGy6UiSRKu+FCLtRx/YnjEWy7fM+yk9eBq2IkwAdRJO042q3FM+JHrz81oe0srE8lga+nDjimjBGmAHVm+oyDaa6FfIqoa4dm6lYc+pmuHEEdtg3491sJfb/GXZ9r23MJ/O/82zPUBStuxKU4aSb8EuCMwnRU4QtBVLwaRfrI8psHPmKXizTkrpr3qb5wtuNls3G84b5siZ5Yd4DDCs7GGegRyZdy1u8B9lJSDoPCIvq63qYEFGbY1wzdKMuM2FcyqOJkUoR43YG5cxTFzNxBPhCXoFGxhZyJvqjywtvA5e0M4/zmy1hKMVIIwQR1hKKSwOQmwVrbrPmLFRLm1wSYbMMlC8SqbbzMNv6ZUlAhaOgg/SaBEB6Rbk8p6p4UE=
####################
GzTTaNfqLX3+a8qoFkpPfdgx9ueuhw11UHTHGQuqaA8hwDveqxDUcRCZqNyCQLuFu0zs06R5B69tSKbzkxivLuJ3lgZplRPf4rq+cOVp9aTd0lNLQCv8n7m0oYFuEU+00GOZLQEi3z34KCIn5meEWLNrlFiY3xLb4qAsPIyWAao=
####################
9VqCyQNf8lI1SGEz2J0oPZ75c78fTEonN9pON4xE7UtrineWXdt5XF5qkiyjOioPHm1mMg1cABU6D+h8RRYRLfrPMVDTDDAgKdwm+kNfW1HkcJpmBZcdwlZqG1Hyy0Ju1IfKqDR42+dRfTbEKC281if88yZy94JWOGIvcqg+Pya+IVZ+IefqWAldv++CafMSd1DBc9+lSWLIhoAjHrXNZqrUB0IIE5S+zhBKyU0Ds5IFtflJN2cMrffAVCMtG3TCUMflQR6ndRAKETtrPXvdXy3QyJ7AvBWggbGApc35hTXhY0Xw2XhL7k8ul1mWljpjQV0cL0XWPrFC8+wwhl3TopQR4PODcqR9ZjriDENTbdwUtD85nZA4UPY9AyEabpomgdHOksDNopI4rdhb/gGqWYnOHzqVEGlw9QxTyKTv4V3216Xm1blkywipQRjP52V6Uuq1W2giqnUiOjuQLtg7CdQkSd0XRz5YUaEr7OxaxOqB3WE+CsNJhy+ebQ9tpItuXoHklX7HDKehXFTu5m15HENE63/3d/uh6Pzxv0X6PZSEbjSGQOwLJTVZr7WWx8Mm+EMWFxGy+3LJS+tpdp1aJyb8sN4DBGh83VYV9zUgbZKmdVIsxJLFzB5ox03anMu//TgomjZVjFo9qLjFUYWPe3JZFxEfCmUBpdre0ibvADXPLbuq6brUoUi+tOFv5y5xM1vqS/DfogyGVdy0C+7IJ5XYXkbR8IBAqM2Z4D58POU=
####################
Lu1Qre2A+A96WjaVJsZPYc7fJsHl5i8Zzxr7gNWiRHOT3zk0KyHIrRlzLm3C/KPM1z7PmRH61+zwS+R6tYtQH0Eb1bJo6pgs4qe0Lrhk/GC3N2z+pzbolvSsAE6bkoKMVvIc6/wfz+TDdovsx9jH7c7V4Sb2ViP9zXWp8mbenuM=
####################
m7lqGo+UpWxeATR6cJ8BFDSddw077oHVa5ZAYPn00olGEcVXl9vboEKHFxITHObKpiAixiAdUSzrtFb3I16+XPyY/3kQj5iL5DvoxT/eUg9Xb46xjlu3SZ4MajNAflgBwBSpR9BWlazbZ1j3xG6/mVIhyqbw1rQJLLGNPn76oJWEZYjjc6e2375ImcocQp8KvrWs8WomSKSqds+RfeDdsGrF8v3jCGNtAFQml/qPLcFXv2Uk2KcXkuSk03KvSGMxG3AuPlguwM6hpk62svwfe/2jddjkw/gMcJKY94IruV0BRVneciJKvE3raNZGiM/pV6kFHO2bGh5FMDfRgFy/bstOjmck9REwbiIQjLp7AzJRp5tDacWG+gy0lIOpitKAg4Zt2kbho2Q6SIqvikA8ubEKqF3ZJzhoEArWZtgg6pVj09WDUvXq34ZHoymAzyhNbZjSpLuuzM6VgO8MFlhI8ifS/s2FB+XCFFKE7BBeyOderE7hah7B8EfJBfznT9w6qEaqoN2C0rfvXfVTvuaJTdB6wwKV4LGFLTHiZpj7JovVCsRdIX07dNFRtSKUuaA9iT352x1DcCKHIDyArOLyuoTbCxbnQ6rFAQIU+kZNYiOXpyTQHogQ10CwQpfRU8g1pJKIzLqn6WzpjBQfKSVPQl0+q9ijDQ6maLEOzc4fQK115nRiE6JaQGw61xhGUoqv8hkRmErdJB61lAdUw02ZenyHSowPKvLNTkfo9EYEMw8=
####################
NHI26f8Z2NWgplfx5bwISMye0QKJar4O9i3nDEbfkCxheP0h0xOarghUQmixAdPG33QsbKc6p0LSdUnd57FEVb4egwgTZm19VwUzCZlpTEfskplhhnQqfC4cLfr3wbd2JruRMnZQIZ8ADk0rbVF9HKSQ7vpwnjQFOqFGyXSX1Os=
####################
8OTYQxWbVHxf4aWlNB3ax0/0WbAsRDsO5dO3fQbo5yYqcrTmjFgQHP/zi4fEHpfZAcvfYmlDfp7jKQBoBTvrt4BSEH2YPmF0G82DPLF+URS2w0UdHlQ63PaTGhGd6WkgXsNQA6qHs+euc/OwKbB2MGcIb25uMPiVFixnWOZ6HEwrbpF6vpUnhcMXxQikK/S7JD+qM8fVlzmclXr5DMVNjviJ4boHrsRt3xHtSUdjk1Ku5plIG/ePG30IDqkr0JjOYezOjvRnBdRNTu6LtB4WJ0P6+Q0COsFav04DYnu4e0+YqV1QCYDP/ARxnyXDUcmCu8xmA/g/5I0AxvNr+Pod6VMKuJYfHk8xcn+PDrUp0e+2vK/9+rkk07G8/WrD6JrhXL4Uhub9MUj+vPMi7TZcsofTDnOtM2pYIjhGphAk/KR9mqaHTrdApV1omzPObHdPwmpkBeq00by97QVNO5R5wCThKJ6ILfkantafJ5uIedMXTtHUwSN69YqMjMnSK7ziF1/K/v9cm97ZsxGtG063d1jkgsuCXilM6rzGysTJIm7rhBU/39KShKa5io+MZH0fdiavGoqmxaeAHeA16q573emTjhbiWLq+RJAUm8uOLk9MKZ3mQwqL7yurQ9jFEd1qycRFcBbs5Fp3/jLfWx5mNaX3zbB5Me7mJhSsZjKZ9PufCyfMS4aBFRN9T9SAxT/uq1Iq0OCmkyyowa46jgMJgx8KV3cFx9BPfWc+rJRkz8o=
####################
aGlydnd71fEWfJiZCx/F3rs26mMyqC0/Yuw5MuNtmdv93+WXFlmevg1uxFAH/29RO50dAtrC3rOGy/i5crj4FdUUew4g3l/TdgjGdzws5z6fLupKyUmNQD13b85UhsndmidjxHTKgH+2b+aqkd1laI6X5xSWeCRDrPRRfAsoPG8=
####################
CRXWJIfoPe0Ne3m5FT7ZmB4i5J3tJhk5Pnx1lHvOg/v3EgfQuMZdVBlV4obeSv+xHi6TR0X0bpe1QxUclb3jWjbyWrbJ6xdnG5wvEntTRCzHNhm4cR+cXXktOa3s1T9r6DI6s7nqXgCrf3LdDK28cU+oMZ9vRBeX8ZyAezJpkBlQD4QX4l2XBeLF/Aq3+DW+NpNe4ziYh0QPUR7cKcCFlSHdg1RXTIhol3T3kAXu5iFPTMoJtsP8szPy74U4Qv8Y0ynfEOzS+PqwsF4yPULdCBZpRQjBfKj00ZCfCHXIPAyQzbgzdo4MIrloKwUpW/g5VZGytlNwgFRrXNr/kZ2hIbgxMr58PGvFjlVQOaOH0KfLL2VnBNnfOn+NyWpuc+1U56t4+x0X3PiekZes73XFmS5frrm/oJgY0lAG4m3tjT6ypXz4WM3GKBOCzEJustxZ33boM8E0qBfUXR2L23wIxFEz++BvzEcjulxMpZ4L5LPD/vUBEc7yflMPIiazXkumWNLyd844qx+v5IEDfO09A60UEIZ5NAqOcCTkFybEo8BO2PMtWacuIqRNPcoIuu0q3Vi1qKcz8ZuSKnnlA9Pclz4i/Fgem/7GqAy+weArOaAgqYrV1avIQRaS5MVqKR5jsNkdv1G3c8we41aXs/mnrAjF8JKCaaJCwuXuThn4wEzSY0Hjbrvu9xR/sO30SEkLYq9pashtwmCDphieqoKXPyd6r5SHND709o6/8EvwIhc=
####################
pT1eOZUKd7gfQOfOxWWW9wFDBddrzpIVqNuMqLa1UN/hKtFa4R5Z7Qn2niCKu0VBXrmCd0gA5JTaoHaYvctU7Wh2ED9hYqgVEXdMVzDpuEz2d0k09VHq9s/mPUsS+w/Zh23s1ZuB4rzpGvd34y4BKwXi6uR8/ioamUSPXLB58ZM=
####################
gvX6/Y6ttUezk8CiRztoxaChHrGIcAIOmLyGin0qmn1We/o9SdTOijwOEAa82nPfM0MTu9o+MflHSvZjDdyhWddkuDbcLs5rzTMAFd72nw3vdcOkDRYhZWP7qrpLzf6nta1FQyhNHjX0Lrcm6Q/RqU8gD0iPQ1WCBtY2LIwA4jnumKp49ELuc6swebeB3mpNCUH1hdYiTwylw8SfW49JrB9REWcB3wTc24CgtAvSLnd0l1ZrSuzyv0bLsC5RmmH5GFS5lT3geDTERNB55AGr8zww0OsImn2bXlWP6Vrg9tM/8EB8ClJaEdBR5nsnyr6ENGAXm3ziR1dopqpaP7vm+JXuXEri+XI+1szmuTDKEidV9TM6Y0fthnTXuVSjg2YsiD5jAntAD0GzBnyxqI6KnFYi6BbWobsJ7zfvAgY6JvVQ+NraYnaCXF4YWivjip7r/qOQUaLEv51QWlh0eHFpu22hPyZTaMScCATQDqurffMOL7qWBcLrcYhEZGeEHMmLexFhc7SbIAR8QBuwlluMxwmKnGCE3E6IQCrWlJPTrICLHIcP2hrGYz6FtS9DwgPE0He0X9GebYmU6blDCEgoZhi6HoJuHWBkknR4y0kjb70ttc0lVn0w9ShSeQfjJEIY4jqpj9Y/8nQfDoaOPN8H1Ggaq71XrlKbxH9BvzusbSDNRQn7VSKXN6kGDrPjIoSi92zKwH4EUpbmu9bxufQlWmViUV0v+Qpgol3qo2FG05w=
####################
sIU5tnqDYJq8NWgEVevJ1seuWZA2feV7KqpYE+WkyUIWLXbmzr9gjXHXnkMQbGjRbnCvynnqWdx0v61YqQHskZrq/u5pZxAVTHAiIqtFz+/srTOwwwYFSMy6MchTdRpPuPxW/KYe/hzTuNiMgz5uSdjFZXHpFs5gPQSb5bJdJMg=
####################
aiGU7DG3oyt8mhGE4CdRWC6knmjHpNlfUhJ84M5djYnwwPIU+O7oucICopyHFZHkchoxzZrxyZjBab3ChGMkahya6BZgtlL6lGOojl/CDFygt1sc4rpb7xNbCbV9TLE6Hyj8gbn25VjHUCleH5UqqpDqgsVuu+vHxb7mnW0iESv+pJblD2DEiHUl+IQ0zeawWIf58GAaPDUXYQdrXj0mdO7tbO9+4KAl+ldC4ZJ8RPgX2RGZgzY8CL2ROevZWmgS22HsttPqUoIY5AJQQBNn4f38AULbNiyL4wReIyF5L6wSgPMl9GUvcruhRGz84TfnPhUGNZb7Z59fPL42BMARMDmLq9qJBAVOlOzF0mnSzSH24wzifFm611BgnMjUO13HPaWhtBnpEGF9qoa7KbS5jl+tOnFYtvQSdVeMBx7N60tMdOMU0A7qHM3sZa75X/eT+elydd3EKJxDajMNS1xi6IHhFvamN4eR/VKuQC4ZtlEZTa3k/ySv3oNoxpVNcZLK3w+KDGWCNQpfrExwPAFv1PIX0bF679Z6QjVigeN3t6Fv9h1QR1wufW4DXKkpwwh4+TyYjNTmjTXz8K4LaRV/fcGlu1Onp2QGXyEWzHLbXJL/cNGZCfanefF7/8oMLLYkJQHZNx0MqYsZbjzraQAjc559DzFOBGCHGugLLg1qs4QtRziJSDfK3an9xoCpUkD+10+O+TD9Y7Zat4Q7QN/nkFsSyVfCe63qqRhwno6Kegs=
####################
lIWEn0D8UerMrnLdLBcNfvgD7KfosZbXT7i8XF6f4w0YEneapOCk+brkMGAyTod+SujpgySlWCSLDbF1OvbNV1QoOggVis9rEwrqcnf6jy/vsrVfhqCL5i45c/aEOCaGczr4+AoaieA/yfVSvtupAaZn+Y46kHs5s7V2sV1tqFg=
####################
Bi0SYrWrnpLS/NTZtvG/oqvpAyxfjOEmPOKfoljiDxuR0++4SR2o/rUFAvp6Tav2aBSVmRLfqI333UdHBpIRFtTu9qQVyoFQT8G9FJ6VmB+Qrm4LKKfx8SkaEW0lSWJEGDcQyukiet10Szx//gD6LJbnF86a2xys2vyXwiuy60osNKqKxjLiII5FLa+EremiixErIu5IfMl6HOQW4S2p6beyKH5yH2HEZIEjLzehomPdi7SGMVoXbV2jywA7TKMB5IFnzYcdzaQccca1ggdN8BrYVG6nBezK+pe+VIbk5F3QW26Rd5zhu52n/DEEb6d8HFOyZAt/vVvPs7rM2xm0HQ5AB4eg+Sth+gHX6j8KT+pFirpzLIOmpl31ZEoxv1bWTa2arTQwr8NLEGvgqarqL4o29xttlKdvxwnADFQQLWMbs8cr0ebmOoNXtnuvle8ookEkXk2VsxgQxeZjmpzo5W1d/SF50tM9FF1as+efh04R++7Mpl92Mnn5w9KXbcBSDd8davHWIxS+KOz/VuccuVhxmaiTWaeivBxzCtLEv6I1nmrGbzYusTBUTtwgqSQIQW/OLIhywe9eVOwX+w/ZKsSrhWwY5n15M02cr6R6pU3jLL8BO8PjobEaUD84DJURrgMVMANwNa58cmAUfvoECQ+4i4lqq9xheM+qXPdO9icCwVTTibHAp1rDytcIOZHz4Fum9mbINmXRX16wQMRaSj9Ixtt5IPxSV5hRfitYwlg=
####################
H8Cg066z8L4ckK1tyAQ+6HIXBUttODXzMbsGqyMgH7Uyw+EeSa5cfm9BDnPCiD7K/JCgZzFXcrIPb7lekpndGxNlWMcvtanq7hzxUKSpHjgns2vZ1mZGbwCBj3ueh+rpOhUGdAm3Hijx2v2cNP9NYs+t/fJPMfeedLYrDeszYxY=
####################
0s1k5KFv56qxOEizuCw+mqYAQSPuOqr5GncEXr3HtPiXo66a/unBToeOLLcSX55JQoLS24V+1QU6z8nzSc21+IB5DmnhXFv6AnYIFh17XUzmxk10ooLCS917ps7BGLuGjoeeLOpSimKfBrMhFjPLnGW6v4R/23LfZpZY62pllOfxhfPh9dq3tpNMip2Y85nkQoReZqSJKgOPli9Rf/2I9kkvVST7AmxLc8z1Y19pc/nsrVjWnsJXHLPyknKfb+4ukvXDrDJKsoE8PdkSmNcfNP6CgUEkaCdjwgOszM/UTXng/zI5wVUJ+xyRHkv68bbMp4Qq94RAI5hAbxe96U1lECdd5CnfyXUTevvSiy0ajJ5ZPkvu+lNOYNlPbwvJlYy7hNfLPVR63Qpl8VYq7hVjpSCdPl61A4oIfoYI3+KS2nxnVQkIjrNnRNALR+gxvKw5hCo+gEDdQGWIaAbzl4uxUmIhrJoH9dsZidzrxGKbDqGIM8Xe2FxQoyPk4d4AQGNnT1yGArgeQ6icT8eNo52s8T4jHHieFSNI5cUu7LN7X4chr6zaDvJkt8sK8M7V747NofuCOLPQQP8k1uXARTKpK38OeAMn+Wdm0M86a0QpQ8I4SaDpYCOX9dywe2tyA8e2SaMJa/epYXnCYLb0abTMHHYyF7YqmZHIln15ATKTH4G+sKojo0Sppwha4EVRTRxKhD4tHUeHrUbZysantknQN9ouHXM6VRqXtmyFIJmrgDk=
####################
kCjrxfVYRAMlZQSVx6+TgjygBmu/foOBndYfDa8hRdvFNDbKhxbysLxQ4KqePPobN8n0zywI0Kfy+yHRf+ij9xAbKTfrApCJ79uWYDgKjdyZSicrINaeD1zo9cTCTMxmDBrwCH31wrWQI2VaR5rZoh/L8/rtLshBtDUdV9XNHa0=
####################
Rn8WYKmxVhteHsyTDMbJw10g4vrF1IiftnX62yfZ5kQtr28hhuCGg2HwmSuGfhUpXtTqbrNrJuDDJem+szmwNl4y1BmbPtRGgi7ctU4xsV74/c+GUykixOZzFt+Tw/W1Kikttzlkq54MDAqfQUbRjuNFZS4JRy7ZruZASNUAhN+5ZZdNBNvPkj/YQGaRnEtwM+XNroVjH0dXfP6FxwCaYgMACJNN/jAub9Zjs7gdu429AIvonWP41jbZzzkmG42O8vOPHWPqKHXU/Hvc+QPX33cgLEhaZIeVhzy8RefwuiVlH9WaFqUlw2VEcP+HhR190lOTKjbLWPblDyE9PZZKgk/yLS3fHhYmrMSJ/f0Lcv7bYYHbdQtNsHUtKCg5C77iYF+WyfDzsi1lbEm/cltlF7M1U3Vewkm2+rhH0SeukbcSYRh8HIddeST4vEcp4JZQ7QeAqIbjNY5adYLlQhXH/obOc8/IQTVcOBn5NDc+MSqRIMs3P+/aT62W7yEOCk07VKjxcv9E/bB0Ka4Ee4w3lsIqW+CUG0xrVHVAXC3l+8lLJCvHZ0z7h4biptzL5z4YiOXUMNeilwHh/cLDXfEMp8BixznEDZv9jUHh8+mzr61OjIPhtJh5QpuEmrd55X3GJOWPb9yJqS8/nyL38SNhZaYrMd3OyC5LsBS7aET9lKT80a1ityOa0aNw4/IpAZqcdVhiAbL0q/GOJL47yw7VAXXTTqxphCrx5hvrp9K6UVU=
####################
a5EdadP/akXrmhRuUdGI5pKgEO56w2ylqpKtk5gTz2hmYos6ituLDoDPYOP7gt/VQlAhdPczj14oraqFqinsmOIZELkqUvvpuYUW6fcoW4+XeEzi6q64Oe1ffIDGfiGnPhw11AZKg56XVx0bIZJnoZqjUBaUFyyGCChHxMZYI7Q=
####################
buhhA5f3M38UAWDbck8SXTyZFqNo75f3mGe04NMbAJeXnytWNf1ai1CYEY42Nz1WYc+o0/b0FWew+KuEN9I9w6eDEiOdQ0ZNzCl1ugNYcaBB9iPJDOJTEHD6pTQIgcqLmvoScw/KLdEfA/qpxjsxzBpm/Pxc3zVLVxq78tK6maOdkpWUIGMjTGFWIEjJV0XxcS6ORttmuZHgJ+SoGn2d6N5InIAED1cqsc57U0DVXkJMtY3dUSIT8GoSYdVD0gOOGOVz50PO512RyEvGtNxjMcHn0csgKsgOWJk/7CiuKJETvXRaEVXapg5gywkuCetdOD3RqCc5Wa0gR2pXswsbnMVzSVBkr2qN3IT47Tko1dzkSDvkEZGYfaAUwLkFqLitI6Ip/ipnmpOko2yAIntpE2XHHt17MYRXhbH/xIM7FzaTx8C/cYWq/BxRfl7SUV6dSPSBK7ASsxpoDW5AJ7ZAbEHBTieyGfKpcMvS29eNS4GmKIZ7atFJfHKEHNFS7Siu1rFPXaErLBM/Dgs1GrB2q406wltrjngqtUFB86sgTbZJ1+8wFUMhthDtS+lC/Z3T5WYGgt6opwrtmXm5DpnNAnS1hOByAQRCvWXUEdO6Xyhlo93WwEezZJMsJT/mpK4wEyPTM412GHCitoyAcY6J5aV/j9NBi9ZUxu5fX/vdlw8OeTJpeWCrO8VQzGthEI8NO0Hhv1sUl6D9MQ76XmvwaQ9dubedvNzusuHCWF1zKO4=
####################
dWb1bq9DT8WH/RpjdT2myTPdiobTy2wmptv4117LrMjR6/w1dWRP7BIEjmZ0xay87tXXiOyz3zLYjVSj7QhScsMm9EGPplE8K8c3Fxj6F5HGAHV/C0l5VyRAibJ1CAhIZyd6deDR1MdDlCD07VmmAjlunSfOuQEx+qESb4EEWpk=
####################
b65gZ1yR97L2e4DNX4FEGrx49dvBr3S5V/RbbGsRUMXAd5EVPBLDb9hnN0fyir+7TlLXLiuAmSrMV0D5tXLqmynmzzmRFR+JzjE0yF4H+Afz+GC0+PDvRsM0/GMnwSZDgd58GXI9iLyHk9RvmYeu8QRGhiraiS3l5/cPE7iFZiL0gOqWNblZ606k5JBzOeyyVHaO821SAmPd6FRZEg52Goz4bv7zPQG35LH6aCxsBZ/rLY1mpx8+l7m8rfVCUrm0lzPZO6vS3etasGHq0hZj4W7x/Zr+h3i4Qsy0XvnCKc1alO8bYaTDEdaUtA66bQOqHg5sYfEkuNLcguFIT138QtOan75HwYgwTaaXbL/4qtIV3RLS69e8Dn5AwwJ8R4Sp9ts6ExPSQAyw9RVcVaY02m+bPemBuIDRJyageXX/UA7nrUaklxFuc7S7rtvWUh/ss+OZk87Y5RSKvHLBro+Mr84wKx9NtLDXWAH0LgY5zAprJ+O9cjgwccU056N1+OQY6DoLXLyhLejS1nyNw/yU8AtUOBjO/6MJgMgvKN0UWhiPMM81kkWHcIhDWI7hvVNDNHtp0J3ukXQbxnEY3RW+QOY9r88VKjfA4nFPjFM3k/VMxLqI6koAZVGjKkZaMMy/2i78Bo0/JrhqkHBXXD6k1vB5uAYZ2DqqIen4ZlNaAbK+PczEWX1G0c2xFffgYrbIlGabm/swWV1jF/HeufTHjmeC1AVaQzRqa7apqvPjf/o=
####################
nus/M0ykJ4nb8x2rQiyqT1dpXuxuoufbUPU1UIQkJukGcqhtOxrzKQmJlaY2VZ5vagred2v55GryLhA8IVdTt9sx3TI+yuIJqOCzGMW24ZG3UF50QitocN//41HxuW9UHOqdnHP//Pv+1JuxBG3wBmDSQ7SlrUcSfWN42IxCbdw=
####################
2mV7DdFJun2cvlJ1jryq7Rm5LW+bC0rH3rm2oTl1Ep8NiIZEDUDDI1rU2BxFZt2lPNhUJf3QIHO5nEsiwhCzkhIdxYrutqWr+CTHv86QgCLe31qHPvaBVeTS3dFiCZyRIRTDhDuTj3lOD57IDlB/aQCqvTZ+Xm4PnmAyxsgtAMjw0RIBckwUFT4NoLxHWrwNkP7rItHYiMZAMMnEUfUN9aDzGmU+FwUqaqxUAe/0Blv2MkWHW83JEjU7W/5+vdkq1X5jh7JNXwDmgwjEbpqf6r9/8Sp6E4rWPL1qQcHDNBgRNpGCxnMqo1+74YDPwtXFzCZFMJ+msfZexEGbiIKFM6Yf/2LP+BcFkg4zNdZPfzEcEMgP2ZtoN17w0kivRulSxoG/oOdEMpf687MtVkkoS9tmApih2ZcJI6xgti7y9rNdlfL98cZfon3oGw04aqCT/2DNN2W3o0XOQ6kbhhQuRCsz1nP34xKAD0UffuzpjaWXjrlgebYDV4c6ik/j6R6maTlaxvaZQeYC/Fn5v89zD5u3TehL9DDmzm2+cPD6iV9ohRcaH/5sRDUdkXAO4kyPdArLtRNcxQBSWyHJwdG+XhOOU+HxrGpok6IGIUl5UpB/IMwrC9Lr1B0YtgtRWIkw+Aa5hDDnYcjHIvXD0FV2/jQSQ9/Eif/sgqtwpxSUKaeL3o8EkEdUCiabtz501utsEgBGLkjma0VnVpvb57Is5+wPpKbR8zVVe1L4NkAacTQ=
####################
frDfCQeeRydOwDCQooEpd+8jQPKIivtzvcfUjr4oQ0HPkBI2MURzWcqJKaE7+TgwmWpmY8cN98RdtHgpKWz5TpR65eMvb7pXgCcDmBgnoPjW2cAAAfaxQEAsbOs1stdf9b0g71W8w5sn9KrQTZTGjc8dvyMDFKR/zLEL5BXrykM=
####################
luAL9HKn3vtWSUUmuaT7xQEuhYyp26PVy2p3cGFi3LdZ0ZkcrpjJqbLDiJz7YkcpZfE1ySrmdh6Xj21/QtYXxXYSdaQRvbBE9gdw1mq8Wd8Ofn3PEkpBgXnIOH8hFKUnwgOw7+dsgsQ+58SyoUfn3r2tWwgSZZbKsmCM8rFwrvINmebEaLuOTpyNwV7G3RkXN0cQdzdM/6O6DvXzt4aXi3boynuJfHyT6ynExO589RAJ/Bz5v0C/rfiC8t/IfDIVlCNZ9Q95RBrMDlRBoUL2Utaxt2faD9O9wApyQUJktL0kMrSqxMlqFLJRRpgpJkByfko63DrOFEQA45HwTW7sOQq6q3E9AS8aGovPFqnSLmx6pqS0QuB93NxJJGPlUXauw3DRTFw5LIdxX0qOdtUw9+hY8ACpUQzy6nKvJb0g1EyivIMAWl5PgYAzcvugPYkG9REuLnwch9tYki7njAwO5Y/fPbivf5VNBmfabM85wPDLb6zDOIjqq1Z6h6plnnEiCGSPBQeqpXDKIRdtaIN+P7TFXLfNjOlXWK3asJqpuc4ohgfkMPUDzQPR5JC2Go3bM6uWVTvULFdbQIYLYvlT1CNSIjTgS5eoK8HTCOmf9I0qeXvIPmkxpCRXGpc6CSuMKoRY4S3rpkxBEwREzca+8vWjtVb/4KHr7ypL9uNP1CSrK4NjgIvb+lhQbgcDYKKKhOEkVNPsX1tHi/RfR+fvxUh7AbmysBloGLoCwuR/WQQ=
####################
nSlvdIQG74aUN24dm/WxQJYMpponnl9Fq0MobJ76TY5flarJ4t9gYsRiJIPcjPFfckITZ7UGiawdMOUAp+CYW5qbsKnBKU45tTXck7GYZsQG6Clrp4Hi9cohQ+CeleFktVinzsniZJvlUgoSxWEExHUbUYYaBG39NYcIlIE4mMI=
####################
1uYd6JPExzxEnFQPCl7IhNqa9M9qcyc17mU8N9RqBeZ+vAcThNtA7JTSjggSMndfxkcZ1lgpLZ7SiR+6AHAf46IPzea+ZpPg7i+O9iW40Apq/SBh4EuHDeovxWI2oSVQMxMx6cPihNK1kl1EYcBwqQDx9G49of2QFtzQVshvKJvrZC1uQmlnYqB2TL1OnRFA5ZbrcBwmTJ7iCAJ0ChGlog9lY5ABxLQ+hSNpstOzwHbccumWaOqWo1tyQpLgVDjxl58h4HPnrx9hSeNm1oNgzd0GZZtvzqQUPuKnorXuXO1doTjteLueEluac1p/cdvLrFlGsKmmWMmiQ7EiNVKgoBz78bjISxLsCUYTqNqCI0WorwVQIqIz4Lbawi4KbLCx7GtNl92NlPTFt16IDcJq6Tud/GQqALH7IvSRGkQ1cW6PAhtGZCdtPUOyUq4yBElJhLO67ydHPinl8LXIeg/vkaElE538v0LzTq62KIdWOHNmn4ncTXgdHkaDVKFlFFcS4/3X3/87flR2Ixa7k3Omujcgt7OnwiHfeHfzZqDOKFrENS5c3DxrL/af7d3aBSWe4tWuKK43nSSB7pIi2imwX8rBTudMEojA8p3DGVuaa9YpkmgjxNQXnsRrkF93jjnR8GT9seDSBqSryKA1DN2JHAX8XL1IaphA74DPaafHPVvX5qJGjnZ9kd+OkCCOhzyG9V6dizRdLFBhKWR6p7NSKnEh8RMUFFeZ65TkDAoau9w=
####################
h7UUukc9QOnhaM5pKknfsmunG2eo5D29tg0vLUwENIxBvE7Bw0LW80drhppETED4A+ZC+z36v2O6AuHmVl/ZZqP2nUlTflqUgmZHB9W/JUlTIZ6/syyzTix97H1JimRn/6wSdkkzS7PyLSutIbrLnpvwYD/kSBVFeTNv/3g8bHE=
####################
rnhfh5GfpC2xDbxOxwTFztBj5raVdcCIa+jXfT9KyhNJkhuwZ8HndRkprP3Gp4XntZj2Ff6HuAWttTMxDRUYDxRnY3e2/dGQEgrlQaAVBN38O6bUaRtJv+w3zu8KIqsL8UvDzDUuL2OYHK9/aZIkVRJk1S6blJSGDI0/LkjpqHhxyhMLJ6bA6qEHMAFxo3lI6PSGG43mx49NJIj5H1wPf2jpNW2O2K9YvGi+gnYAZFpxdeu1852yhJPjKggA0kZ6dNtTsgMAIxRycJynjGcvjwd4UTKycPFKL/hf1g3iMhIzRx6GdnEcLWXvkDh5ADpQwCGlIhF10DyEhiG5yRykLhJFfsn6yHndRGuklxQ6N3u+sGyZxgweLdqtBoKJdbjO0xRm7tgtbGMSwsV/JRvdvKbtVx9PW4jTVxh8DuVLXJNVWE/n6K9nWxexL1huwEfKm/tzjwnhKBMFyXzk3YdJfR9sa3qEZO/arwQXz00tb2Q1FZlK2ShB/1EcOgQcwKr3IvrB3ZZmM/bHG+jh4sLZdFIeHuFuj6/dATOhHekRBBc2cZBqbTbeKqL3W26meCn3UXvgZpGhn/Haip1HotW4X/XZdj394BxV8aSK/DCIgOfA7GI3XlSWEQ4qZTjBsiLmKXTvAWLFavwOphQ5Y+x8M2ZXDPk5Hs4AR55J+hG02Q0xRdNAWzlPISOqgVoJafN1hfxRZirwBIH/Knueap4FzZbd1nZiyzWWBfxD0RGjmkc=
