####################
w5S33pTmqQa4nBpBMcjYomG9xlGn05ZBkuQzmjsAMhWbKBkdv27wcZEfrjaNNYqbViWYQ5VdL2+PMDHxRwa9s6a6WoMFonvdOJaBpjcyfwhZUr8Z2PVds9B5MrGNKCAzIAhpPsHYfC4k+C/RfDBeZ4tyYA1Hgp6wsAD1JQTTAxY=
####################
v/QFcKOObxv/QufagyZggtXaZXmTLmBHNR531ZWzPg7B8UaCngU+Tdqxz3l4MpSbnjbwRAIiz+J70c4OOW+uoibHleguPCFfbvwzfOyADaqD6/u8h1px6PcNq0MeDey0H2nfB4wB2kd9ptjePiEFy54dig13EcgVB+ZrbBgN1t3vUdebdFAihfe9yt1EWrXq9t+g/2/t5LC6tNHlSp5/ijdCWH5PW4FFktdS0hVHqJHH5O3dRkppvhhfoRNK93E5Fy12tiK3oET2VBJIXcK62/nC5a19tWFmUUncaZhEYniJu1NddfXDydyfb/eGJOZhuRhFbIYSeZFEEJWYcUYYyHoIbNJcaKRRXTYhzVkIjf9+VfM9polswhylYrK8T0Y5RG36ssy/9591PiTw82Nkq5BeqJ9QqvPyQ5yrrYAy5XzYwPcyNRO2alKBOwTczDmMCkNnOWtZNS6JjUcRlHoZGYaIKwVPGCZO2GtPO2jFtfHqsFoVqOg1DDJMjrqgq7L3/6qLh4rl349lFgkVjVVdrkZlPBwGTXuHpsQxotSBRPtXVgvn7NbZ57ZBzVP5V+b599gmFPbzT1p7TuHldDddOj30+SfaEt/m9HCHHrEwfwxZwTu3UxamoI6acVrNas29bvgNGxA8HRVRmXwMm/wQ8H/rHhiV8RVu7vZS1hlv618bNGjRPdrRkIPSIGnQCtSvoz3C9+/09EaNzHdjMTEEJiUlNDe8Iz34RjsPyOXlNTg=
####################
JUpz0B+3Nqr7PNko4LfDDJnO80/vGtele547UAOjVExjtVjvCPIP4mmfEM5mqwNkXUuocCum6VJFwp54OBOWKok6XCpDmw6BNi9TwCk77qW06twYg3jjQ0TaqTurOuVkRRV+OO6X1EA7v/AfvHNXK3tciWlGeXQDMglCVJbCZ0U=
####################
A/yKcTdd6nMLh57Hs+YM15Hj9P0DeYa43ES2JqNNMiMVayFzfUZwVDr5y/XRxlxZjVguOjK1S6r/iIfkZLlZzGhNr5heqn/MdOnmDKMulSxJpO/MgR9g3kwwHo8hbAHzHuEdI2c9mLUf+Vd1sdR76PW2xLcOyRXNdVTkciTnsHfUAgoPHqq46ZHa4d154pjXY6cUJdqij/yi7gQ9g6HZFpLfFe8/3SGFSVOhgvxeOZOwZ8+VFUW4tdiqotXtuY4szppE/Ma/9/CkOCaTcyCATzAoLzra/rNBpg21MbPbKfUhqBW+I6K/ZqqphxL7u46UJ4/Pc7L58RuuPUzotyFDC2WIvs3ibfaZAosW6sd7z+2M0MByBYc+z1C1W5KKw7mIcTvXo+lhysVD1oTaUBZVpyAb8qSMNvJQUhisa7Syz3SothYHgiUlJAZ9kWN1ioSRCmmfcatqI9aFunKBR0wC5ZdxI8SWYuNI6THtbZ+K1YoliBEnaFJng83WznrUZHYChiStrwn6cRGOaFWIkszHTOvh98wMO/elCQudKFkXBCKsxzJ8GVXCbTLU4B1GfzLogdbc4k5CUt108H/SG95xePnYnR2g2lJHPkOmYeogii2scDznKH3r8LQgx/+J+Y29Fy62sRt+phb5nLvZnl6OMZH8X5KLM5npDsczapdevZ5udRmJVIV393clbuBiOu6xYszIDo8EGakiDtdiTMDPi8apoWTSu950WBqHxaCFQqo=
####################
hcrwlwkEbnB/h5O6TlXhPCe5rLYR+EeNWqPhOdLyU28xX7kAv1eB6poQXO/RH9ruKQOMnQ6tXXbQCaiLDED+eU8NPaIDa8F4kRR7CvQb6tR6zsm2JI36WUApLgVeNqn85OPCyz8IxsdryLGbOAgaprY75KI8GMJvBrtDbfwNqr8=
####################
tyvN+qYPlCE+TGWBbVowJgc/yHUK/vTqOYoeuVnGAp5CkbEWLfFD7vRaAidmT7UdyuJpU4SRqffg0jmUY7d9OAbiQlT0q0xTHosNUIjLWDjHCumlZ43yd7rLxRQTzJedXa+xQaPM4nNWyb0u6rSuux7XR9QTcP9zCwGHTHYpuuQt6s4EECJUFBlmaSSHVW+zOgrGzmnA85LoU9tMJ8aj21m2FE2NPe/ko2uP7ImusJD+dfBT2xhfSEo+nlk4/LnyB+uwtBXb9i8BNm/gOrIjx6KixZe5KtjJ0Zsb1bLNoUjQddKsSMwuLbHfOXiMi6+esuGFKqSI8CTh6uPABrQlNtjMaQHZOpEfv0HjSmfvdXPRCcOqJb+wohQdBDJkw41fcxcA+2rEU4/HJNk6+c9VF5ZfmbnYvGINQgCBmrEFtjWICN4BCGhgFE5PhdalK5zi1PXQN2fqI0xokmM2mP43cPGLDDzKnxSYamg9wOv3KZPy2jnPTR44BzYlcp8opJu9bdL/xdW/g5CqEVt/ulVoRKdgaY4FQX+XDJej2IjFvrYpBj1TtyXax68rYnjAM6AoQ0YiON5nz9Y/3pSNxGFIGcD1Lq8/9i9ECy250Y6I0C7Df/k/xiEkJAbYmcswhsXaUlqNkm43fnKxDZJ40qDKlGYMzuzGkzR8nbqi8VeOvnmkel8EvH4IoUWaJO4PeZ/WVgmwgx6HdEgbO+HktzEdpKfFcH+J4d0x8ULDczeJlqE=
####################
vmLXAxsIfR+Bmd/T6hMCM2B31JNk3rs5GU3YVnFLTQbByYQhT4tVbZaQGZrp4DkcnKA7nToKhA2IsztAxcuVQLhWNgUPaK9a37r5b4P2iGuE7l18UjeCS6f9O6WB55oSsEZ/PF+XzbQMDUF7P458BMgqhFYBvhrttHpC5uPIa9U=
####################
7mcNSdA8ytKOpPDYu8tVywFHSYwZNOV8mRuMXYn7cb6crhwWkjAV6lveHwASJPOJSzU1hfYuPX47Pd/b8ohxaMfFX88Tt4z0ZdWQ2D3Ixrm9rcFB8bx/k/FQYibhsG97j4KJV+H1Ii9srQ4zB63tlb3Tzc9QAHxP3HwXtDiUH1V6asmDv3OEbsZMczCN3hVSapW+rQoWjyUzEgyNOK6dSWu6nT+2ifxf9ric/XueX74Dzs3coUZTtdExhFYBgtHUTxYCwQ2uRfBvVgKBsR7y8ndp35zLiyrFUnA5V+Ofkgqc4BSd9IZT8CEXd3anZYrH1hXI6DZm/tFdWDtxgNn8u0otKWthb53/o8HH95l3m6O1Z7Mg1rTk6IgpUeoFsTmuyqCRDgqQMs2VE3TpCKZP+9Ax8vyEZZPo6wJQHGXO+bldtUEyw7sd+XsCOy7DUkcPIJBoRjv/Z+i1EQQDGU5y8Sl7lv7ouY97MXM/91VSteqM7CWFqMMMRMML9dR31KlTxlJ97QGXuo01yur2wlcR6yob+GUWoovo/fFzwK9Owo6C82mdzxaV/AOgQAmE4X815Wz1qXT3CMhzFamAXvWJImVNcqvczMIDR4lC9MecDxWX8vhDC3EI9M7MSBQA1jAQqtcF0uBWJojUARRymxRouYMx+ypGODmszqMv+yUdR024wHSRaHtRLg6eKqeZxrqlX+x7SAhh9l8IkRnVYp5cXJI1UHrVgT6t+Ds9FLjlpvo=
####################
HAvBZXGwcipLurlhe5AWd3j/mZFX5gZBGoWdgVEDsFMA74BZbx3CCKctgxlhPc1xCZ5DirAcOkh+0ZNp/K1dRQgcV/xXm0dRXp6wbVoC98ABDTANSFiunFpseujWHXwDqjTHdcABicGoC7u1ZwXhi2fFOr/SFTQvgrEiQlLDHDA=
####################
GmwOf6tuFniTdVc72GbSVCxQXgaV5hfblhzMTUmCA4lXINYWyALKBWGiJYCc95iO5FQ50BhdANGO6BZQ5L0cnb/iYHZtkLGaqR0ANoVNw0YUhaH2o1yKPIK6OTrdw6MCWsF94j+MaGG6sgK9tNhPvXoDeIYPZNaOZCJAWAiTpZvtJ2gQ1s06L7QuiuialQYoIUK8OLvZDJsdSyDP28NewCnycOdLZyXn6fMvQrB0ejCDYl43YsvWfScusnkVYQ3bSN65IfLpjI0VjSucZCaY/hBzocogmqgbyZ0HNaG7FAM7hSMd57FI/muAvfTeZfdz+gY0fakqrzm8zMRFRpE/XlTOIwir6vMqkfFxXIfzQsp6zlRtcT3ooVA4ABINTXjOFzzJjbpVMYE85fFdDN9w75HhDj23uttgntYFQkT/OiYI89nmk4ZN0p+XxSrfncKNINVW0ljMWE9jmqvh4faN+xpHRELTEF+KAcA22c+i2Wh/tSzLDyGd5vMHlZuCbO/hsJHeEmX/6GZK8rfD2Qll5fe0BxJmAFZaOC8AzToWbrPTMa4SxRv6mLLkDTk3j2rQH6gYZrU0NGcWZIOgiWF3x0sOTBLE/bHF8ZxiHPUYhZsJ9s1p0ZOGwiYavZGbIbS3NtD3oQS5Zx771tWlezIsCLLHkKsAZ56k7RpuIYjWG2Uif3Kic+3lyxBM/X+XJmQxStZ/FzANc0aXlRmTkHO6fCLbOt65fi3/rfrryW1ZZNg=
####################
lr4PllVDzJ/PjyHuyoMoBjb2KJ8x8TQws/HXD+UqbzDAh/eWxGXUVeyUZwh3PKFZfoiFLQTRhA5UR5SmmetSpHBt4e6+/H7SkfNQQ7/cRbCyMkNofwOT3fAMp4VVvB4AyE/qb2zOM8SIsnDyqwQmUDTLWfXMBGIGzncGT1r7ofk=
####################
mEyYzyFJc8UBogB6LTKUa2795ApFefq+c3YnB1lhL5P5BUq26LbROKfWpAC8V2F9I6KC1x3mc4X4FJxMydUnZroCOVOg02aT6i8QMKJxo8DIrLu2mTh+pzQQUiIam807kXGCWAXsHPDF32yTYFi/Y9G6ztG94HZlZBjeRUblX6gGrDToaVKnxXTkd89qBGdF+sRlmxql+w6OHikYjbn3fPIPJaMFo4bFTY+bBATkrIfDVwBf4tXFVvbrb+UdpP3fTGnA80iaKENanzuqBIb6UVWEBQs/QeLn2N7+J9iYKNg9JB2q2en81wWezVVfXYjTY7h5Yp/FvZGMDIcfAj4S6HTOC8nrexCALVB/6N3gvaB4zGQ4f7K7RZp+611wQSgYa6aoeV+UpehhEMYMWT/bqaZQDqcGuwRoMTB4LSitWL5TBJWDWL4uQUBc7K/uts+vUp0R4EpWLKow1vilFaZXIU2izT/VRE25XuCFt0CyDd2s9PDCszbJakMKVCLHHkE+iaz9hnFnGb8mQVDLZbYaGRXXUQGeZHe3Z5pWf8eq9nr8KOG9LKwDa1U5MVF9DC2jeiJmK54J9YPcOom2z83xfNcz272yw8x16aw8I30biWojgBUW2seyNuEGP3jWLKPPLDGJSSSHobiSfmUV0TJp1X3vMIke0QsyEkhI/bVZO3McpWWcnbEb/MnsdVt09cz7VYLKOKLzYCZGrGUToz24PmXUh4Kg/mKhBT8QC3nPy1o=
####################
JZPj0NVMN1ZvW+OxCE7fAaG+GwS8e8Jhhk8sw8zsw/GYKxI/yyKh+EEd3Ie5M99fmuVT0RjeBhjWbz/B/RZonH40+G0TwI0OCG5pk8VQzVgIzdww0EL/BtJtKtnbRkt1SYfjzmKghDW02wM/S+YjHhnzufUk+BT2J4PM3ewWuBs=
####################
5GYsv+es5Bf94eoQXbp2WQE2uyEQ3qkj/FvK7whDIY5XqnBhgkqw8yFV0YVXlhtKq4ISAA9WXyEpC7jQzIGHBV00iv3aIL+tCNJV3E7Kv9HYkxIC1Ldm9E340AEgqg2iiDbT+3/OvnWdHsGnX7JPHBLxJsLPTdMw1lMzK3wOuXhiUZc7j7R0FGPe5SnMhXJWYr5jdt7B4H+9/yph66A+NguPYVYBAUQgDf7U/GX0MxTxF6+nz8QGiPfqqU0r+7wuH+6TvfF10TK6wMhjHfbA+ISdudYOrdRbtiLPmqEPUgNwxArhLOtTINhjIcf962E0Z1Kn8/7CnTl7c4bb3WJUpJ6Ax7mgPh5zfB7CM01KeInFboYJqLuTdZ1OGJanlgUk3KO/Y9Ex6SfFOdJWNEL0H6rqQtqR9aDs0BTxBq55gKdQsuBFHN3YH+1ULAxocVnYBWLMrGv/yQJL2kcR6075G1nh57aijsb7dK89lF/2wHAdlraEmg49a4XWW3z52ZrqWGRS8lSqaVuUObQL7IVrQiUjXbZkthkwGC9W9aMl4TiQqe40QhdnmMaKj4rORW/Ie8OScsyaWQTRgDfGvvcvkO2DFEboFaGSypuJT5RKOh+9ZS8hDv9nfVG0fz37C9TmLFgRC/DHi6iuKdu5ld2C5aOW458iVRmauu1wDuV9oeaPHa3YSr3CcV65obc9xCp82aOBrD3FA43mjIaNc6uC6hbNgAzttI4DeDVdsZwkow4=
####################
Gez2TzsXP7Nn2Iaejf/J3LtQKf5Ye9FuOhZGIpwwCC2mD+sHTvLjIxcOEd6J/Xuy0/Jq9RLrfPXY7P+qBvA3d5M/hOUGh35xEBxFyv9hYTvMox8Fhtg9rm1QW3glpZPvcsLPWw1jZ+bWcX9Otr2w9f3AZVhTfG4u/SXyTBqOKWc=
####################
HRgV6AV4FiyjZ4BugLgXqyFpp0QacrhiPSv8yVh4ziBD4ooq0letShtx6fQzcE7Aa9nNSln4f1Zqv5NTbMwbQMI/Yq6Ekq33C3nr1fikv/LI7IKtXrixXmrvfzxp9wyWqRqmydEd5+4zEz068HkBoU8cf+sdoWd2XmdgNxnokhq15jAjvmRdtjWvWczG2faJJvrewl9g1LJme0+PaH8pWFHfntzb+Ejca68YZlYxLnAHTA09QuMCBGgOeNFYgprwBr3EGYdZvlKgskO14BGSmcsQBLw6addT6XNZT+Dp7eLQZ3dNzHKxSzU4/FvWzzWMiJcwcB8p0MG63HVXLmgkZZcIFxLymDdxUSuYmjY0UWiTjhwTVVD/RUvFjxA+JyQcFQ/lR/YhRApsyyhQCQAp3Gi3hhfvh1cb/x5aII4CLu/8kkIAShE7hyGbJ//mqexynUSJp+Gwjf73u4Bk0gUFbQeGngqvi4b3W9xgAims6GgCQ98i0FEtR3PAGhFzspWXcTvuJt0n0sexy5sZ8Q5d9c2oq/9mzteFJ4u8Fm2KQXv957qLp3H9y7ec1GS70Sg3cg7M2MoOGl73QhR5jPXxYhQTK7vr41q4EUORBuTOzvTosd8xdh5CXw4Nm5COuuUFqKKizeegFL+p5+FQeD/7y2X9hlprz/d5hqKgz1co5E/Ee0dydLAJlo1uJsU4RAMuct/iI5nQgStsgrSYZ2se+huREHEeQVxAZ4nzOl0QDSM=
####################
0m1RlBv/W8qFlkmza5ax1WxhYTkvwaKkQLaPMx7CgEL1TrOvdnMO+4qHhm5NefoYwX4GCAizVxuvOCE5TIVwucsB1Pfc5yYUw89ERH11uMvSeT51YhJfN9oPS987fuvjpCgbwUmARmvTyCcEImnHLcuvefcCC4o81f4iRhOCRYc=
####################
FHMDmXEpSrKJfrJ4AH3j7jWHdeO3HVA4AIUT7sTGDKfWRKCE3GJPkYcwoE8CXXM6zmHnZ+kbnK6n9SIq+LS7GDse/NO/yK3ElpqZokQk8WNRJyCuVkdfOpRbxSnF17/0RJV/G3Ncfd5jvSSHiAj6WYkkMAssRxxZxzqBEG7RSuUHgJJx9+iyLk9bavuFOn8Pr26WGXHwo2rK+YznY0bL5ardLPP0TjtHw/KWE1I0PhdpsAuhihM/iNO8/foZlInWUyoM9DbaWKQZ6t1wXRPj1Y42H+bqckFJrz8ahT7Kq5qb8lnsGlbGirB06GsqvKH6mrb3sRDVRRMAnvgNRnuDkzK2WjwlQ90aYXoLU+MQ2EVU7BXZsz/vC9ehY24wKuiH450hyjHfNyD286kzoR09+NOZRvV72kHPsCKcGsTNLqYM5bXBxevTV7UjVVTxen9YD/vpCcaJKwQS7+5aaRshm/FAHUybcSZfs94WLuSCV8IBGVG19x/eZyp+R+jrRXHAHRt+Z3cIiYJ0TzXd7DK7aj1Wez6ZekoXZ126BxiqD40FyVJi55zUUmRhHAu28kOMObtf53jHQhO9+YZSGRtqSmslzhEd/iXSKPkYZwH1GtFMiD+2fQe0UHqhLYkALF/yxYACjXm5AExvjMNvhhzB0zPG8VELgPBU5XOIuYMsgpE0PIunbIYbJWIq39iY31C6KJ2yQBlJ6ClI43C4ynqopghO/CpwkHVT48g2UgmsVoXJRT91u1Xg/IL31A3k79A/Z8QkLCoprh7Qev+29CTA7vwRcni1xf9FSDLCtG3+pYNCuukSJ6tlsuzMqg9mYS2V9hWkgV74P3PuJwg3lFT5BArEzmA4UIqDw40C56fBYPQvlK8QTZty8RQwFxcuY6jbYOStZ60sqUnyveauEh4umA==
####################
WONLa6QH4rcUkD+WEB4abC9mKpSEx4dd2LnByWfHerLUpvj7+kqT2vUc5De6GL3qGSLmm4aPIxs4tvDhazKmEX4o/0boSjjB732DbfyOqGNpFzRcctdE0MU6WPJknccFQwTd9YFCpHiu6F3bILgNAXKdzqW/E9XBJXxyqNoRdts=
####################
XqbXsQJ2JQ8pK+B5Zx+DPIrqhILCTrcqTQR6VER5AfiZFfb6cjPBFNGyFfBOTdnSBkWa0zpertRV+QAEn4A+jqXbuz/ZpLz2Idt6bmcXY6KewBflVZ0cjrcGgJJBx0GSOPH1J1etoghMD06htKkcjszFZj+22xzYLMT+1XvQNRy3NF+cUxCwTZf+GxPJQPc9pH32KG/8NdKgd7TWnfTvCJ2tXKwt4l5O8/dqLyN0fpsyZElAdm62DA/d7x/iynlQrmyA7vHB+keY54qkzTYM1rz+uxIkVwrH+SbZT6IGYn5KqEUqBGVqu8QlD4VdCg42C/tzWpRyQa/N6i6ezbakH+Z/0G27/rG3n/67ol3nJyctUW8xypbyevFIGB8F3asEFQTTY2s5OV59LuVjcJC5k7aGHIINDnYqBTZzdT/HBh2BnR1BrzCM+LfQ5X0yEkTdg16FwDnAPffwLTqDLUqSWozpqfxV9vGRIOgmavAfoLartAQCQOoOQ03Uoa3i4NXryFPtfa7p+VYbOBniNSq6Blw9j2DkIyYni7HUF3baKvBt5BMiVLll8IFioPOQYDQA0S5QxDHfVmnAnPcvIrBE7otuNUxf4riAavd8GPt/yKe+lzJR/Rp13/byD4UykdtcNVeKsy4xJNpxvL0jvPE3zvOgD46oSG/B7cE4p15u6qoOmEB1pkV25WjCCCK+dO2O4kuNsUc8228c+c6su0TjElb7NUaFVvZXuWptdOyPSzTdGzXwjpPxXBK7PaBMhUOEbKnuGOKblCVAgatzw24SkWCrQ6SjKtqz1jyEgiTfNpp40wurwvBi00AVPUpECod1pM9v1D4QfPwYGwu5XMU5cutpy85aNUUT8h2mUl0l7oQsWMaCPogsXPtYkKzsGVoHtNWpAnt3dN1oj7H0a1SD6A==
####################
lvN/nuIBlYDW/72ObSD7uOAUeuTmWtTHpLR660daIMsD7YVgqI0HEyzLnKSxDTCrLoxRJsvzH+XdvRsSnHrqnVTanH1R+Fct4Fy/vvFRdPTjAg31eIiUtFIsBZb/T9Wj2kvBakrcJTzvpz8Oi/qLUvTRBmsNCGyZjaNlLvgEGLM=
####################
ZG4gh+7MbZF8VdcXcZVTFNIKdcbo8sDo1s3uWkIqKE4wCVVPkdS5zF6XMyEOg4jB3MEGW99zBGM8FSvGsax5kOVerKoUTSoMsyuO3RqUnjfWIvrVT9azRfSd7PN7w6tEG6ua9jTI/pV3aUwyV+x3otx4ebtLFhWsLwJP3umVsDRibeuVXZqR85BMje+htMLvhNvmKVupRJ+TazHDFw+wDCbMz4BheLdozX/UMf6xTUu9y2HGRHb2ZI6Sa2k83PAMRIyz4CA4vqIEOz38Uot9vTiuJuYhzSaTfwxLTuMat0GYvPsvpgbXyLm6/CU40zFonJB4ugvvobNd215J11iVjxD/0ghf1m6GRYVkLMVu3L4he6Ptdv9IVMSpyRygzQ3Kzut7Vw0YYrsk0MSfHg4pFxnR9gm5H1qJ4P3Oh9mzma0sDYzUFBqjZVHKcSGCtvxkp7lnfDQuEPOiPSt5HY8SoMrurQPKTPOWz3YBU7YwrRmIbEE3yatSAZJM5kzAsanhQwc7t/2bLNkB6hEBZNxk6cIRFwzxuA6+P+ksQghEIin5P2MXlwbxXexpn4S2rxAiRLd69pTFsPMZQegi3jS7rtknsnBNpPLdtmp3BcQUYAbKqBk/7/+ytXk1c4XBrLJE72D9X7384EZs6V1smVECdmDfImXnQPJKfMwS8YiIyqxb/LHROHhKpJPV9OgSFVhSIJqUU8fenp66drgOjswKS8FcLahYbTtjoD0VGmq3lSe3zgCuXN8e2+Xd1/5njWdz41l982g15t+Ymm/nGxq97nNlGKk+Hhp5YeeSrSldJDKI4zhG4WcLjtqQWYvY9+wZ9TpMbx6JM+F0MaCrhTdLc4ZxHPGf8CuV7xYdYkTuyGs03Os7vw3VQkYcFkSNl2Ic6np2qDYcQ7mDIO8XEkPe8Q==
####################
qWGNLIFSqwbos4Xqhbbvpx32er+z6gLDZ9r7xGX21kwmAIrZpWsexeEgX6XdReafVCKiMCsVPgnoMSbwVzu6Qxr3uERI87tQq2PxnggLp+KQIIzYeRQfZk2ulpfcwEhvhBrl4YZvw8iy0S5lJeDxVYVpskOHuciA6AFpOW2btJ4=
####################
CISJNbJwQd+tSEks/5bYWNxEoz1S+q+YHigWf+vGxXZ2J7Izkbpk8sjZRs8gz/s2+Q01P4cC3At1QkzGGO7TkWFudjrNhMVMnfU0Vm89df3co21/svNDEh7Q5bi7iGo4kG9XDDBSvxFbKB1MtkzMHNLphbsolhCC1CTqC+cVQkE2RjirJ86DxZTywjek5NNL/P9mv8sc3jY1FGj2PQXK+ZvSilxrgkGcO7xHEznjDho5Ywh6ZcOVauG5tVpSww70jFjnZcjlQD0ouj98Zqh64kElSlV+mpouRL31aNc9CXQUHFLHwyEKQxm/PWOL8Vram+GgfovPt5yZMxkY/fvIGUhJF4yiCjBqXzp3SQsMIg4aJfAvxTPlghSgepDvwdyv6tod1xuXmzWc9XMOaiaxJxU30DZFJ2zBeaw2Ze7vqmV0tCrEoa69sEYS1hTMnBbjjrHVZ4oG1foa22NvLr2jM4cq5ZnsljjdVIIlOdTncRKsLN/DppIqyqkQxbfO0IIUfFrzJM7kWXXz0wbECHdTGC8NJMyrjQsHPgr3fcOAzS95zJFIjySLQbxUfpK38rwZ1/fXMuciBHaoBthoSsaEMxwNQ60J6Te59XZQMWHUW7gF3dBe15qz2zKWq9BPOj1frNTCnaS0dcQluEBQnxnfGWonvI+Z3GUOhgE7xHvn4pY07Yg7D0h7dEenGNc+jO5+yTQnfbYWam0AkKBRhsNHnk1Wx/Hg35LiqXN0aIWlNw10RBvYIoaWfZZsNu+BhOluK/1bT5VvlmWQFYoSS/R2m5cOOsNL6QwR5ZGTygjSpckZpfBye3GVFpbtpCAXU/CKiQ3asf3p0FwENNhMk4U+bsoxOvwCK6UU/qQ/cWhz9QlzDdubiaJOxvpk8W8HtJrPb+EVZagkyv9rSx4hqb8gOQ==
####################
zqsd/Nl/BzbiiGsuItn9jse2QUTP0lL2UilNH7bO5pZNvMqEldvBPhlPnOh9UifB7Nbjgiyw49A1gxtmHuzMQNZWJGtHvg6XzUqkjyknYyHLae39aAFyKoJ1xr0Ct5bXr3982m+09DIgXv9qhM2rpNkjP5TNkVwtgvEt0tBH7/A=
####################
lWEeVpa8P2y3nbMMWQrbUw/h+XVevcsYPUyRl8lJ0y8927xxKMTKyfQgyiCBUfyMdXuOLrUuzTrtWJ8TC2TovGU2btjQI89eYQknr4lhUbhiDQk/AFyRVJrt5etOySzbLUvI/Rwhgp3sBp1YD3TIg4jzRXvDZeIJc8PL5dXPSa/W9U+BA/6/ZNOqKN0dsLTWYS8qeNnPO36AqaJusJQgujBOPUtzaow/nZhHszvDLTciWfUTIgVy4i2+r/7CakevfvDTyVQh1HaPUsQrfNPaVGgT+hXxYSyi0xLplWXgo/6Te9Ur1mODxwTKfWf3aVpXXA5lzUXh1xTdT2WefTKwDJrI1tWzV3UeG/yOxlaqx9WXLTS4cJ2Kl4cIDCzk9gc7Jd3GHDGLZz4hXbhEZg2ye2ca0+WqbQPS4l2RD10rCzNkayCcuNlBi1TagMzznXeaPPsPPRonbrhT5M1htNoOgq/LLdAoWjuc4Zqkv3/FNvwC293epC5lA1S0qosIi/wWG2DkPJcwt/CNXjbmZ26wxSvAZ0HsnJ+91p5gWXp9CB05yWmenPY+qwOEC5hUY+rz3/IGFSo8x+/dUVAj2f4woAxfpaXQyDHIIUIBJCTKCN+UWPHKMnap3OBW5Dzyi3H5YbR3MsLgqjFja/IOBd5KRxLtxx5JzzHOS69F1whyuMI/6QUDIYlwC/XQ96/ySTDjs8TH/t4YbPUD/tCVgzr3yR/iOpM6wV5lWvtAmh7ogEzJuEmcQzwfZhYCRi5jbz/0sp2ISmPLdHv28t5eS6Z+d1jKWBsJh64vrMZwBlm93Q7bIfBvEIkzis6Ay0q8dxNlW1kijyQNcv8HeLasywTNIARrQxZwz04hRSbTMkPJxgIATY6I2Z9iYhels/fiXWr7JuThGYxtHovbfsP0O0ZeeQ==
####################
wyRK751woz1jX7aAdZwdPjPuAV00BFX1GJ4Ps6OQzNclbJjU1kweF/5eMFPswxQRstMjMyDChgu9/fdwADK9v+DORKBbNK7ZjLLUBMEd/tUmSNszRVmPcc1rzHD8/XT8+wySvBhhLXd13FhtihFEW50VzBMO2XFnUtMe2SR6K9E=
####################
wVZI7csuBQkIB3dkNspR7DSmtLVhvRHvoA6Womne15hzVRObbuYcP3wJr4/GdjkoKkb69iBu6o9pPiTYViVjUS7Sbp+Q60yfvPuBSPlurlDf/OYFdv62/+wDHZsNn93QUSLphHSZJgG2Oh8Gu6kXs1oPgU14bkuyVjH7Yjartu0gcyxTB6m2KtHrQbUY1Zg1UlRLG40UKQBaUi/c+0kIspcx8mWzaGc0BDey3fnZgjEKcRqsE0UUMv8LpYLVhgRaRf+WyUL46OAP6BL+3bRJYoRRkbw0erYFkf0vXIYBsY9nAgcObrHitXyOGnLSlUTuvBdaaYI9kcgTgt72pFFQ81x2XCda/cuW7/Goe/Pj68mXB3V1HQvZE1m/KFfKhoKDv5VEljYTaPQZetjsUG+PIXBk83m3fsIY7CE8LmcwpRA0Bp5pf57DdNe+InT1vljy+RLSL1euH565wwDJ7P/z84IwWpgQ/DTyZaF4S3g240G2IzRvTHHbV/cHtQnvFLkqgMcTqlzYrcy5BoOfTkPHCLKCU4y6VeS0g5djOwXUGCLgltrQw+++TZPpgUjSR3gn6jEWkm5C1AbAukmrlNd9FsX9dcX8BQ/vHWT4xHGdFpGVuv+8x3JryWA9NJcQHVp+vJX/4QKsv6aCUW7729X9IZZLVe0aishlg9JezNBbfNbq9SDbJqrKOvHQsTqGxg3Op04/LzTVlzA802LIn8XqoMj3djt6TVOGTlRya3j7jhOuv6tkPl6jOFCuggFDWsw+I9n/IIAcEHwW2Az9SHJhgLOUtUFfcGuCMUaHx2R3o/N2bPRnVjsQDUxoEMg+V+wKiSuhPHgjLKiSnNJALMqMj3IeFiEbwckla1tWubOiPG3XmTu1t8197klgsGH4kOdoHizgEmUdXWOjn9B2IbTAcg==
