####################
l0y9bDrFBGJ3q0mXWbpmcYIK8DYV9sTse8mjH1/zByRuxXHROSTcFrF99LApQbMIZjH9laUClRGbTp3xiVJC6i2dJtASTxx+fgaEHjBhFTUbwTmmRt/NZ0AYJGy5fK2TwYoPwZNjmSo0bjStrAcmnwzvejxwX6Wi2ENtREgZtsY=
####################
EHrx297JW5eur/jUUt0D5wKk6iMLCwyTNM6J9iklCq49E7b13CCtZL54ePlxcWKF8+3G4f7vLXLlO9kbaS2z+Z+wWuJ9D0D9VRtfFBczt/YVrXm6988BnkvziVy30h1nc8IjZZ4rKjhtGTua15Dl1x/rfMvD7lFXPuYXOzwG+7gBgNCNczuzUqAJ1Bwk9bvPJIhPU2wT2yYEgg69OjDIdm67lfeqUAEr0ik5FSraRkasYUkF29bcBBCU3G9nkIJacLX0dWgtkO2tq+NsBdMa45bKkDBi1cwx5UU1WwbUDEGDtKWl+BR94GKphO79C7TIwpIy0Bv4TbYZq1lwDZ2RiE0gGwEB95epnHvBEy0knUP0me/8fheQWccgCGg1hLqyqNq77Jb7/dmTQf9VDe+QvmSg2HbljkVT3XJ256g3ESE+MwPV2ygK6FrgC4uGuSl1FSHoLIMhXHMZqAR64xbaSwzgkb99biVUzw42WAlk5ZSk8xQnH3DtMblLoqrS5zFb7WLMXQB0aDMxRkiuKsHXO55KjKaC1DUeAduxNGOv1b9hzcPyI3SaP+WunTwAeHTor/Yk6n1PR+oB0xHb06qLYu5CYWn459AQY47iubi/p9ackeMym8eBgGxDmOf/6xLnmMNdYeespn0zQQ7QPWtQMsj3LbFMkFWtMaA3nUvuMzBo4dHPHtCHk9IkrKAZyEhTggIAtSOelHJAAhQZjE8v/lCZWM+mZfQj29BuvF/w3k+NTVkEA3OVGT4WLng04ZgcCDyec9XHIsuds5FVu8kmAt7/0Mlmw+NEHp1T0h57MLeewJb+OWynqd4FU/xjcNfAKuEVIpwGwsq4jGVkHMmkNa61cD6OaaNoyuBW1ZP966cUJnSeAPy8YsL5DsenMD+JBPhXg7tEMrPMxztJWjVNJw==
####################
H8PQwlL3txnVkaVwTi99vAswiAvVLV/ZATk+zetYoO6OzlkDnfYvDzujnWnzGViF0us3iz4j+EsLVS6DEma9uJho+2EwgMTXTS1qjDHekDiGEvcq2YVarQThGedSpMKohHASOH7uX/F0lNNL9QZ0t/jyu5wAufLtnpIo32pRVy0=
####################
TpwWIKKvmlovu84GAWLFSnuAY8xP26VWqd5uXoGks9mAXohm6+uKucY8ET/2/lYYhS0tz+7c9iTH5qkQyc1Qghia8V9ohSGJgFaJP+S4mE7O/qWdH0QXSCx0NjKFi+ayCyF9zg5v738EPCML6TD8N2yF33Jo19bB02A6m1karK9488dsNFGUkCkgL+AFLQxiZFkiOC0n9n3/gPKhnSynKFW0VGSCz6CopVr+HnIX/TEuDszSrtilNEy8hLuNWgaPMQaRqzZ1QAyAlSkM20ScEI521Lb/Ej6MNI3/x3gx1v0BwAoD3a6YfXTzUvkrijIjdguxIS7Lc/x3OpdvGZpnVTFG9AtWQ46VvSMfwcOmUOcX3NtOLRilEAw8S7NDImQmgsCyn9iuSXgvnKEakQ4FPohnf7hWyMG1GdggnsP/2CaObwNyc2B07+hcUBCvY0zjQuP+UlthWJZja0/a+B6P0qmRpegGyVUgXeQvYo+fzN+G0NHmrisP7VzEykTj2gRn/RcBQqymGwYDrpyurbISxGfZHoejBGRbAxxBchD4t2PKi7oDnily9Za8YzeAJ+0YY5xYZfZXKvteMd4i9iPr7l8z7W0C7RPFwGn0sGmtRjbXs6c9r7l7KyfDBL2IqWDivu+O2BmYVCnSrDJuacRdr4K7kSNiNhaE4KJZFak6bLNwtOKH5mfKWvwvCs/Tgp7xKHzoYukPpXaBgWqTvIEoKVseSCLl79R+C+xuMxv63tQCu6H5vITILwXwY4pS/0173vVLW/+vtOF4RPSx/RqIswUKnm/5NqlZTq5Fybt6Mcf+8XmYmX+V+JhiyxRFaOutbCqFB//ZZ2tihsbT126AQDKPY6cLAsawXfiVNwG2YCs6HVnIKEU3W+2+Vh2DEWnXlgR1fJh+FkZRPdIrmcNSSA==
####################
FBScy+7pFOmcFc5xsAgj6JUb8/qGwRGN4UPB7P9/nPAM0ksZeKgEVvJBEV+ybSGiSIP15DGmQVrmAeatxH985hGCI+onepQdcJgM1vynIB40W2iwJeHnGPNknHLNZmZoFP6khAUaa5RKBUDosCmZo8HTX7A+8lcdE459S4CWAdQ=
####################
l1rYji4hBJHeGLaCRnZAjHy9tGBncm3D4W9Sdcu3gphKydQ4ofIyNOMlRJhdK+lfZ7J6nwG/FTv8K+h5u6Tk8dj3cB4EkHZZ2LUn3WjIPWG8rt+DwTBiv7K6sfKeqZ0eMmZPhj5fOlSz7vRgUkfCLMCB3B1TwQNIdiSqUmxA/gLwanV1EuhDcYT8o9oyNHtqMjpjDrTpCZwTsZCgZ9hkB1eBB6xrGqFNKd/puX2+xvAIzs9ei5VqifDKvLfrby2ZtGr5Ocx0z5tBvnHDmMjELVH0xj5bMVdtl8TunAN3hX5PCJzM2N5kFTORvVmoGQ1HsgtRRD6LQNhdOhbWEtac09nFhYzY/vI+sTaji+DNPfE1Pl7oZOj0gN8P81bgEh09WQ8cU+wQu/XM8lcdh/HoBI4JEibtLFkVCgO+dbfxRDQ5HVkLCBTyoJmgav4uWNZNY36HqiZdOazcSg9DEUqVZU/DeYaI8YxzedOTBXABlf/9EPj8YCbssqKnpeorxL8vgvLhwy5WC9C7AMKzRE/XnHuJ9Ylu8uIR1RW3mZheFU7xnNBK625BQaGWusPBPWXSsDM+DEGQ/m1USza4GVayk24ZXYmvCuFGs5IoBW5Kb2PfzQQt5Ge1CxzBc3TqvcqPEh2WL8ogIGbKtQuK+m3NiRct5hfBb5kd45OFzXZ7HE1Nsut+xP4kTONo1+TRJPdBYahkFuuoN88SoafIycdNMfLJbHeWTeSzPVFk+9bQ+DiL+Ezm7c0WfR8moBMzQNrTMC/B5oqtSpdX0XASB8jCEsvrUai0tehKDywMmCzpL6qq15hVqACIHcVf30nt0CrheW8I5iAcx9MFEPmwFACJq3b3q5Jf3pOW9jzWtSk2BnkNm7+X+NKJI5EiAu2bxRohC5To3YAZE/r6QYbR8cz+qw==
####################
A5WUjOwWLCxU6eWSObIee5r4ntYVVkwLb2yneWB1DKhDafeigaMndSEC9dbItB5GrttKNWoAx5iI57Ud7PBAwyDVa6P9nxZkJNxav6j3EwsNlNTphmvHfRf7tJaToXoKFwg/xplQgs67wnQBqxgC2YU2PcSd+ZvMOGoHSDs5tOk=
####################
dK3hVQW/ggPALZbwF8uLCVQKyMi6DSarzJlrakjsBRPoEg5rty0tiYbrKfqixNX2woequ52gLsjNtN58uvFA1cFsL/vEvvkUe3uqqNbsbMFhsODMzkj/kf/s8vDJCXyspffAgadYyuTFNF3NG5gsDLL/1s1VnGZ3WHfiDCUsNNJ7Rpt0P/vt3WoZ8Gl4H8c0jIxXDF0SmnvuGGV9kdzbH/dzKElbISI0h7N1AIf4ExVq49fHEjbWO7jCBFH9cMdOxyo6N/BiAwUyTEDleG7qT1UQXE8ToMmzUHHVjN3vIEM1bLfkGsJNgtlfhHaGXAlyxN1ONLEWUKr8W54m9IgTeEcJFT5y6t8mSbvUhT0zrBjJ8nAibOerCD6rH8ET4msKNOTmoplPD2asb7SdyW2HT9+LX+92Y2kizt+xF49NmNVtKS875ScTJ5zK4cUaCnhwCQMT9Kbxn141BJaaFQes+JK5Z2mOjU6Eqxkf7Q7kwJjwriS/HBCT3IFfV79Dxhw9md1dINTPPYwWhflDe1+AForfyoXArQ8tXqalW1LYVyJiT6Gcc5FvjvuAmiGWwjioBWti4ocwR1sq2h5h8HVO3UAe8tKB86gMKnnpBG3OfE/i3nLyaNMIw9eo5roFogEpwbcTQSB4zvx8xxQWpDWviXhnmVD2HNSbDue2bqdZhYYGKFKdPf7Iot/XhT3+0RViTyZjdOx2I7SAaLNu6gFKPQmYwzKobg/L3cg5rsj3m7eGmD4yVh9vIVEaISgm+n4ILrweahCEC24pc/hfWePDgqmYl0zMkgze75KeXVEEXyJN7OkZDk6Af2awCnneieB4/WkIf0JmKwSs/jEUgjicj3/FtoGhUq/bjSWsHcN1J0zZLkbmHJvJU99mbeIZpXgtLa2pSWvoM697UYW4Z8jlgA==
####################
FJWUUkjjMn+puKAod6Xq+kyyRhBs7HpIQObw8GhrJM4pGpHBWse2lMuYxVtgM/sqinKHENhV5wAXB3O69QXTK+3tDY1CCd48xy6bUsrEk+y5C8P1q47gbu2uv9wjtRHmum69qRIDpyX28zyYX1Uqy1WUJ5nozpwKAN1cU56tmBg=
####################
FW2IZBxH9eLLYtcr48Zh1Ca2udMO/q4fBJOanNp+LRp5nHuIlZWXmcIg1V4GVWTc9riapPw2ejk0aChOzUYbxh2OyN3wwXoR3vdGIPJwupO+ujrHPXCxKRtdEzXt6Qa3jCH96v8Z9Lr3BZIjZjLZrpAATKsiIqz4AOrIszASMzUEXp/01pg1MQ+vxObuBcPi2Pk9dUPwE08rjzvre254PMb7ixzRNDTygySv3VDG0K+ElEVyJDNN+hbN7C5ABEXnzm4duRsZQWkLx3xDs5K1+WDAZFrMpm3GuLzOdpbA99+8xyqCq800uwYHNb12cQ2Pi4tsorp/RjeZnHSdfiLZx53uEFo4M1q+auX2pXXu71snVQ+dGtUL30EeF98+0vN2VcFTtutBd9k4i2HXOXwCBAY796vKP7uiehryh9Qz7musb8471/ymAw3NrZ5wsdh01gn6KYakbaKyckJwITAD8O9tbhuNHcmpON41ynyJtjgUmgKrueeJS4E3YnFeE5mFlv70g0gstZu3ed/OMvkzYwOyX0lo4CzNAxYoyCrOOVABzykXaLjtBQ4HQzqb8Dz5rZ+oQYsQDTnT/qgYv3jNcasuzwJTyl6xx9wWU+kjxdCFr3F/PZatmkSvX9kb2K8dsFivTJVHLDpSjP2ASarE+8zyqd22nZd627sz968KFMvQQET3IrZdPKAV9jskq5leKnRopvGX4108Em95Bl2C0e/x47tn+IRe2bhRwyDIIqT3mSdCduU6wSRS7PmsZXzpSp0lPAU3lq0s3+7nU9hvzC8Pd3WZq9NhADEQ+1L8brkzekJRQ3RUW5QYjPTvVkyNKa9CHG1elw88QkmmxRKXU3G5QjAX8VFtuongEirKnO27z9f7DYsUhnXUsLyv8vXokDKeN1uaCZIBiR32VjXCIw==
####################
lVHOv19nyWPwuiydXKCu5XaUymHBiHPZ2ooo7tVDI+ocwHjB0xoF6g+XhsIJvjJ6yME/6M6AZz7hheMdVkFLfmXtOwM+GzioLLi+9dADUTyCL9cTNyO2Zi5yynLA/SYPdY54zsp2AL1vfraHYTFeePNp/ftW1kMfjXeDcFpZhW0=
####################
7Dom4FU3Lrke2QdOJRQGsMhKtNOLadAxwlGX6cQuVyGYlloBUrpTctdei5+dUoNTLNF7Zh6LwBIKLjHqEnslRm/5vCbtmoN6JYOf7sfiWQ4O4Nv5I4rUqElMpHk94IloSYJsQed6nozUoz6fgfTJlEGDQ8fdOb0HYxstLJbp/YIqZTA6DakCJI8Lte+1twPRS7bxOmmk9A70b5JlJAa7OF9FMd0CBJfkmaTMJIctbsazj6oh9z33Z1gevSLhc2sXDMhecVk/bfQDJkys+OGLdzAe2yJyJW+JmlQ/jkJ4FqmYKHNpNsoZ0pDKITs/p2zveOWA1e7Sf0FabKuu2lFFt24n7kwJ08SY2Ij7cRvH7cEw7BOoSz4SXdSIgRnQL/1VAg0RBz934BHNXJsgkk/+7n98Ij3iUc/HrFRxcx9OJCNbzpVGv9wKj4mTX33RCNMpyU9wgkX/JCk/+7JAz3SBArV26ztkTrl+php/4MH5uE3on/utk8pxaAmZIswkC9Ymm32c9kkTmu4Z19VlwLzjPD+NdaREA6Pdc++jN3Sd4y8fWwTm7ufVxRnS9IU3TvmBE72XMVW9cGWpi+eZA4GPV3l3CzgOgLjDZnovlupaF6SfecJUOLy/A7p4JDcjvHpeH1LdZXp5OWWaWdOeGMkTFYeVI0oaMmIRDazPm0RyUN1Xan6opXKihNWoUN00NVquxpoaTS+hE7uW8bP6oa+eor/67cKHiq6zMkJjh558wrhyAWg3mEyHfr9VkGS+ee5HkGraN/pzsVLTwEH9hTbEZp+i3//Uv3qbWCcLfC7a3xUqOJ7J/g+gr97NDCOAZiQL2InzJQk+dVQvs2Uj5uamaG5jmpCsR246mmOdgPD/9/VvFD04oYvGzVO0t8s6jPI5kcUgFBXV6dwJNrO6Yv1MiQ==
####################
c2V1VYjrCe3sY2uSJUQh7xlScT6NkZmZzOtJoEHgSY3jcBYXfKkBrM5et6bmeJr4bUAG4BelouBDtz3FfpqSwd4w8xpha7VstkoCO5cgRM/4DBN0xAPbK/IyPpjnYXJ63Cm0OhvdAYX69o1gh2PHh6Vxgru1sI+DJ3717zBWf48=
####################
pCXmdnfEBBtN15EqAD/2FdK5vqfJnqbC6rGQFKndlXzyD50gO5TANaLHBFGlgrhwYdG9zcOvLnwv3OH3t2D6cOxGPbMCBwHvoFRAkma0fRuNx0whwiVPf1kyoOGKssF68pgMmi8UXMT4+xGphev7GqNhXjDq9E3ploLnBdD8ve+i1EiLPW53+P58sl65Hq1MxHxKq3Bfvs/GQb6EbmH/V899d/VTJ0UPhWk1gp36pY7kSWOXpqpiBqRwkaO5Con8+pUZo3NBj1M/6CnkXX91n1a6Ef5DTFpGDAku+75x+Yelb3X98zv3vgoXKNi+IX8kZXUCKC/xy9U4TPKOstTT21LcFurd41Yg/TWtfawcgMIdFa+Ie5CHMJ3Drhk0ZnSe2FmIePHQl/hGqJrUNJAxX+s87aqx31YVIAZ/dtyQUylNnRUTNVPRy7bB8SDE9sALPCGfpR/UVa2rP1xdNllpXRNBxD6GnEHIRmu2by8z2Wwh4WMQuRKiZHJTZRQBcnxGh5FL8m+ZhBdF6cWQdhdnNYqHMPRYPJ0y6RV78wF61GEpT92Chae7ITpBD+PGkKYA5BsHZnsd2ijD7ZPNAouMdK44py2qrhAGxdP2NZmhy3jpjhhp9+8kyJjLFf7E4waEEZtWGxJKIC6F2PBd4kCkQx8L72yJDskl7xkYytZGwEvdrMtGufMOaVE7WPQm1fou7VWaYUrCaNtn9MjmELHgUHyRmp8zvAtZueqCWVVuxLVTMVGZCIMdJi2EFY2CR4bXB8t0CFSUFp+56f/SXOYoxWRwfqrSog/+Q3npmOw3E7ccFxVswtyE5UgBkITqvYeQ3/cT+yO+ZeAOGaG/1jqYCIHruUzstaVOut6luPGn0s6ahS6Cxd9XWYJxhgq14OkgBncePYtrbBhw2gOiuLd05Q==
####################
gRa9XQGS3Nw8lD4I4wmQiZ3Hz1UDYdKQc1+Jm1r7KvDTNBz1PLxbHKjOCpA0jMZlk8zPV9j/C7uoQUjXMiv7/shKuqxQ68qDR2I+g4KV8jtIn2nHJoZlU6QoC+UWz8KeFui1D+wA8CpKcEfNOXHraw4IHmM8s1d+J3XSWpBiSz0=
####################
bbmhbrrnFI92X16A3HjLGWSxQToROmLAK88HYf7isWaTJ+INFramI10wN2uiGNuv0NvaWPTLsD8OJeWZojIKBW+NhYdguGNAzF/w7P3uErEcFICP3G92lWGQADJeEO01Tcto6KP5iGsOKP0UqUn9IkWQZK1Hz0E//scW/Fqm9ny8QBVwH2U1sV9zy7jXlfSYdKvdKiRFIX+0H4t1q8kUt2B7Cw05Sbb76dmz2OYASJAiT+lhSk0pLbfGrSrEwLX6nAnQTXjdfTkvAhK92d4Q3APKQOV02XuNGiOHc16Y5TgYS4Kz7yW5cE8SP6ep4xQ0MUro0y8nG0UUkSHxNKEnR7NedLFqD4M5XqkRyoPPbXRY8TeDDH806bANOAZSpxfcf4U1/KEaDDZsWp/QsZ3onZQgqGgKh7npDmhqpae5cZqmtSFITXhX0iZJ3Slwhw/Kne4J+1orkiedMAgr9whAtBjiKxCVY2uAo80to3F1SITqPq4RDKt7xNsFNGKVsGMN9a26uCaF7g6jsNsXhJBHRf/0sLG1x8ZUGsn5OxUEMPndi2QT5rZfUcNMlrUEys1VZZGSv3yLoiVnef+LqgvyMwZ5z/C54Q1ybY+KU80KYc6aduvmH4Oyod5j1GvU2xjdXAyCEXyFDRq5zBXYb63uvhJ43ON5+A9HMxvQWLQgSqZwjO/jDji7sfLVlphDdMFZ8hk+Vhsm5L+Bg60hgoQEUtLkFbkEjh3tJqVj7J/txdPlY0QBsBeZbHDZSjzPui0SLzlx/Xx4thJT9rcSR5uIi/HDMb9/WJIiOmXGvBJDxu20wFP8wMkjqJE7j+KV/NRWODZ3zwsiPOLpCiQTY4XjkJv+A+rw8UUL5xiBjQhMyJTetx86uGNhzoPppXJJuThhGNcGBM/V68rRovy1Nfv9rg==
####################
YAAbjaWlDYJdg4e7vgQ2SD58kpy/7HDnfHNGz0VC68exmPAjBmy3UJge9U4kkSQh86lqHti9oWhAxgz3Ob81dHAIgcMvZw7T1YDTTbkU63BSboF09fDZTIR348wR3hYVKscahGq+QIhnWcgKqNoXBVn7NPyqvZ1RTBh+/phhUbU=
####################
MlR15CTVmQuPQTq0tMNuHMDIKAE2hsR/VrrAERc//5qPGkrC7OUc/LjsXbRCKFPC8QCCG9aiBPO3qo3wn+8EFjlr3gDeyQYoNgnoM7R8KTCtNazMbwqgXSlawojjRyeVb/ieW31GNg26RIXA6PUH21v09CD5bZvDcbJprus6Gm7QtH/WJ5gdLqPv0kEv2qG58pgs4Mg4oM58UPlOGieg5hmIt3jcSw6iKP9LtVg0hlA/yE3dP5/Mr/WowLxbkfMFjSHQWOx6nM9z3G/krMcZp2ChOAxAmmhZsidyMBdoAuU2EHbzKfxbTw0aHF9a4wq3ea+Z3cTw68aZuRSb45l3MKgUwI5hOZFWY4Ey+RfSi/OB+KZfiOsrg7+zuMwvMMpU9DDIsmnBOqLBKSytuB6DQydTx0hvfEoQ5hb4y3jp/LKvAS7iSK5W6d4FehbrCV+WxTzg7Tsik5GylGC7CDtRRcd5ojQNXleryRXoyTGjBpcbt52qaIiyVeAf0aUzBUXYwQxAdhHkJ6A+6ZC5j2dYwa7LQVVY8TxxxLLgBg1ldFfH7e/yuZJCGrDPBHBu2PCAIoL7CH9UFDjki4hCgjVudoLQiG9fH1CboWQoDYf9guYif7WNqZ7mBOz3lnbxNSJdI2mXCVXSBYJdQsqLIoHWwEmpLisLdJDWUFSGikc5ZOv/7R/Z9/FS+kZvqiS+W5x1GlGcY/ET5Glsx0tffefz5l236bP+Ov/XFqQBRSg0yserohc2aG47P4C3qSUsMvZqxSLCGR930WTP3K9BEbCybOsQTI69SE3RZvJZ1mVvjr5C1/DBgkvFglELDfLNSmHZGXU2dw/WRDKBMBMX1ftRthUFWdCO12xvYc7A8PAqZk0qUU3JM55if5Wz38VxqxNqM3ONTI9PzUAHDtsqu7P5vg==
####################
Vg3QX1vkowzjb5kD/drK6Q39ww/pLGKFC0+Pw5Lb93bZNcXGTk46/hd7E+vvWsoNut+DM/rlbGD+afuNo0FbBCOKKoPlLsXxFzYKLLR0jl4yYugHr+lF/IuYqPYul3fWCeBWae1bbT29Dswuo4ww02V5e4baJTmAU565NHUBVPY=
####################
/q6iMUc7YJPvDO6kvDqzFuQL8ohRfGB3TVe6WVEFuu0IkgoZrC1VxNZE5TnzLqTt05yQ/PPL3IJbVIEhDZ6EnxxJ3yNVCAgjafekG9RvG0rkac+FakuT4zyGjq2RKf6yWQMxBedcDiHszzhUd/nh4ME0rM3HTKifi+nfoRhxwP6Kkzrb5csCleAJ0K11lF4B1VJ/Vy0kSIeMo6r1bUacpslcwrASY/AVjfzjckgH3y4wfHpW57hOEcNRRBmfcH5ZDc0mlGgTBM0sasJ1RPCvEmJxTsm0cwUsGoqLDdBhyMzotfFalT+4SCNCihHi3/SU8h/Fn8mC53jGf9M77vdN9hUx4PDobW6iI0bs2SWQOYI7zlr1hZ2zrhVS4MYM+GrY5rgyEFYthsFL+4Z8EisYAOvUCADuH13p4zj4EkfoO1h5E+kdm6JpwVgjiti2jyz95vaIq+sw5A7PWTGMm4w42fAFh0yVWKc1tktUhMndaPYt+Zu0U7SNJnAqXxBbAc9VjekTvAy7tnrpaSd+OkbuSNPR9kYjixQYUb4RkB9jFwn3xyCQczCvUu5xIY4cD48ig09oRUAb8pFaXJl4tWLD7QM7sYOlAtz5VHDnFFTxlMYqnZ58f6F5gWXgQM9exu0Ys0KebdjARrRnWj23zQJxcS+WLUYOAp7wp5W5c6edn1AhZHhycPe1vFY1xZDWSKU10QXzYyRjnZXGfUErEzPA5wsIh76hRaikQ3nbGVlUze7/ZdxDD7kWxiCFfABCthAJ4CR4OaT1GyJN75yj16qLeHHK6GMY79TBVCShNbDYJEa49v0oB7hMuXGn0AT0RtQhoZ90UJ6VhQ9RCPoPONekhQNnT4VwjqUQhbbNCV6Zcb45Z5ziWewebtqeUiT2b+RlwIx5Kkyra+VecDJSByVNMQ==
####################
UYV6XyTAA3HdFfeX/uefNhxKvA6cL8+lzJoGXslHtjsfpl7AGXUwnWSSB98+mheBv/nYUHmBpsni3hGDSinnfnEEayqlq4PT2zDSjkC6JpCPjO5AblL6bmEdjnP3kcNn1v4fHpNGCPuUUx/Ut0hiCpe821zvFkWUkhDfFyGvdVY=
####################
4gMd7MkfVw9VZegQxUM/tUSpVjeOGXi7AMRu72rUQOtVx0CsB4xARhGI4UOIDRRzaq3j1sHhGb9MGLr53/RzrYVECaF7kWcpxtIwvbusupAN19uAe+VfMU/dy6jU9/H+Qrvm5d5Dm83BnZ91L6VrAlmksIxHDDzwIHDtEVugI000seVgwV0qi/rNk3kI2EVaDhrMY2v6/ILV8ncIBm+tcc4RzreVpMB2c78vw/IG7KGBkP/aAvAjQQXMuld5nlj4BnDD1W4bDoVVcsnLVHoNcvZLdzLdBPziA8YuUTSXu7OSKY5Li4x0Q+/LmWZ1yK/+g0aZCNw1oFm1/qRGMfAXAxHXceUc2eweQLH4m+v087juIXCaOe24J2xpgk9mr2NIn6SfPfJDYdkdx9bOyEUe0BtECWNwJ2U6ghrviZJ8boliCIabgHDOjc1eHpblDQ5uelEF/NkH95gOG0PD4UE5oOuffUPgbMWV6i2Shlwt8snTh4h8EWDIiMs3kqn5m2ePMT2Ni3oPxvMmSgPXvssBQSooLHW2Fece1HMTryCPvlYRjfQjA07yWXW28EBWDIAWTzRxcNEp4r2fjJtZxdUW9V5m5x8FVBBUYy9WoB5kV305wpME4V9WQjbFuzTrMGpdSpGW6yw45ufKyrFCjigbEm3HW4HG9jJqWauLryA9pm3ht9TgNwUN59n9xiIhQxX4H8TdXk6D9qNUScr8rbxCJuRnABGBjUD90HciZFI8KgXmWoCX8Wr5+/f2JKb8uu5OWmDqdfs0ilLXuhx1CoZGRV9Odq8BVFFXx8Ff9nu0TGFijRtS4I+8h6lB6GnsDHZvvvWeej7XbtJJ2Lpqa6fBBuBFG9H27ZzdJ4VY6/78rxVEfS/JY1sf4Yz2Db4OYhV18nXkd+R3fjcN41Uo9uNzjw==
####################
LN7+WTmF6BQeVjV3GvDAxwXqKxLtT2kO58jVINZ+y0ddnZZJx2pSiKSd87OhWqYQsbGe2Lm4VoIQD/C7xcuLBjmGPlZO6e22KdW+za0ovtPUNUeGEBqcVRvzUUCFV733FBuYo+W+LRDemRMgqEcxpW21ATgZgmBCcp/5qj8LHyE=
####################
n35efWbZ1gY7hRCPZtpJ0tmW/9fknwiJAs2DnAxZ1KmwxTyue6WBq4nbxP41vdP+A1uvjSnxkoSkOUnfg8ECy0csPF9AH0wZt8wd2RVXzrwAZlnkyAOTWVvyFRLBE2aTozrR6VWJ8bbRFxdfiTqA6UYVmB2z60QOZH+eZ0Rgp24I37pX3j0GKQpy4Ow+X7jgAGYcvv8c1nxb3NWG4QngTCAHdfVQDmjeFLcIA8o8EICSeHA3APSOQzNrbilWvUk5bggKMPpAD1IyzMz9oZFRyHtJOKc1nWBjGeBb5KRwK4fnzaU8okcKo4SSQC0+QKIMVRRVP/tr2iGrFoT+iNGZQKkYnGpyrXeade4naMHNhdYowyV+XYkF/YDmrgvJjgDMvz2p1z0BXIWcX7WeseZpPQnumSmU+gMYVQMUNWJCWKLNYmk+ju5G8xUy8R+AwknvfsgztSGa0oRAZJuhirGULatwlThsSGPPY+P3+fWu4Qf2PFVt2kM9TA9DqgubtEZcUPgQq5sh954tQ6tS/jcTKwsOHOOExhjXS79/r/TnH7Thfj5BB3w7pco4vw5FM0cVv4rVX/kyVL82bQ8sZnlhOiDIYsQ/w0qj0hnCbU4/yS6mZ2B3u413/6+C20OL9nqaWepsRRRHPMY/qNoXpxKyrnT9GK/wOZm8sx01V3/VIIqJegNKl1KyMBXCxQz3GDhbhwKj7ZR6w/oe44km4cOJhb5jrx75cvY65UgqAQEaZKXRJ8FHKl6B6MRKMK2v3Zo6AZar2XRNLACNG3kTy6ub5e2m+3tQx4wHZI/z4oRzndLreuQL8Zlh2ILZJZ/RNV/uBjqWj4f/MaqiFCYz58E3g73FiyeDiytuB7mCN7ZqhL6JghooL2ir+ui92EM4kvhuPmHVVZqMsEZ1B9SdhmHgzQ==
####################
O5z+tIW6oGDQCb+mLXWaGsrDwtYazGuMqlXFqs6CZ8kpy+hP/6TzKThtxkQCxy+LU3+PZVQ9EII6rqAk6Xruf4Q3C9C6Qp4s8CJfnGipHlT6iQ5v9CI8kYzlp/OA+Ay27GRnkqqVI9Mc9gvyAdAmlvrioRvLLCrWi8BmV0vR34g=
####################
6e8ahUbNMUc0iTKOl/xxVZtleII9SyeRSJmlhO/fVPH2KzCjiM3nCeir+MQcAONPTmAQFfvvHlZX02yh3tYRqVc0C02mNn1PnChqwVOHCmgeqy/gQE4fqaMKYJxpTbdbaJDCpuhTcDTEFUw3NEOz4rG6+n2mqV2adchdldhUdl+FxwI+X3Gpr1n/scwZ4mSMKXPOY55MDwKcVj5WnyjWBI4jF1OwH19UytH7+lXiKjXZNPDSMijz+I47vNG3D0ZiAK6hMvA09JDQ3ab7RSXVTaB5kgCFbnTU4A0u6R9QDPQ2Hqo4T6PfPJywvEwMmYDNdxJW4X661KUxUW+G8lQOg6FAX9Gf7VwNqdXH6Jtl90sj3kqRLuau5VvshHusX/rbJ/kB2AfZx5PQorLxhP6MZ8FUd4iUPyvMLtDaOdQOFxxdnaCNI+xDTLC62F9uo7hnoqSXVbcx+fAKF+zK9OmpeWKOVGjaumgx69vI+qsIfdd7CpOv51gAdnb/FfrYXHwjQLd3any5yda91mxDLLmDAedbpxxYCRG2UxiSlMzZEJ19ttOK8LRmUTj+ayQxV9gysC9cnboqjwLUDFOrkSu3vqNtcTL+Px5lRxYBR0GVkMW5ovypz9xDOm2lBX6mWdqIpzQbkoTJVGKHQxX2hHZBguKlhzcurbu6Q+dzjUGxyglHgcSavqY+66AiBGKkpLIc2vGyFmI0I+UsRsGGqHFY/9ix1GcBvlrbLO9k4dllqF7aZ0gvDdMkspfk8LZv2XGjM1r/Ht+Fx+z+oTPkGUuXQnkpLdLam/RXzwG+QrDWO+PtUnV65bohemTEUXLeGD+y4Zz2orjy7b6E3GYmU4o+4cnxDop14GPyaZ9r8cg+9u5BNv67QxEb9tfawCeWU/qbYBK5tIKqyB7F0ZEOxA9cng==
####################
IEuZe8rbz5RcxxteOcnmmRzBKNSYl8FtMRuiwpi4VVdSMtjET9hZjAkIgs2iyGvybG2du8VRxJc6ZE1AWX9pfG5kWs0F4NLfaaw8eFerzJMKW3zQzxCg7K9Gxf82CIGVL3+GiPdG8FLbTF5gfffC/khorOGuGkpWBH8ooHlp+s0=
####################
u8mGqxN/UWePKc3LkcG6cy/z18cIvuVZzc5DmerSYYHf43PV5ceYk/kBXRdXN0VgBn/kTsrSY8TRCtFdl3jwpCrUBPgaJkP/zlSsfTC5paMcGBbEZkpRz6qNjY4gJ8Ui8q91e11SgDTzGeVmNumajJwX2CdT1ANkiGj/j1nD2os6Nho5OwwIEtBWEAnbe0AOxRmBmqnMSWPJbsZ2n0bTUZK4vvhCb5jJgSRA5exvAwEImRfFcLQKcr7lNHRKBzkZwormHUJm/o0Veh65+dcP/zOm6v8S6tYDaElWlsV8Q7d65CwCB8U0Ou3dMMDnU9rDQHcj4ZYjPcUp9+Sh4BZo2bn7kHATVbz7omZ1PHECUHNUTJaF0LHFCXBZ/qnmyctEnHd9pJRhtNLeuKVgyZPRZlAI0ioaQZiux/8099j8mZTta+iv9KcRtieCIZXGax+ixaPIBQmHg4L9zMN+aLRj0eaReL6Z59cjNFqN1cLICW1gtwIsuPT2fHhdNxFIT4cpB9wY5fPZ0QhT+rbb/zAv7X6G6ywyPYkrZ35+WSF5v7uYetkjOozUFfR6FxHE3n/GsFjTCrOVUEgpJKyut8zC0anLHpuzgArexWpI2uGlq8Wh9t7oZhQNRHOvfIzkMncjFQtZ4xf4NkFeNta7yyFJXPfqRik0+H4+rQUlUAb4SOWsWIIED3Yq81cMVNmlQKJfGOaZEyhI/V8Pa+jKrRqEGWq8NUiqjuwqDU/aAMfq9hoyrSIXutumykxYYXiwZbCqTim+WE2OUKOe5zihSgG3UNcY9XNPin26HeMfdwbKPRXruZ1pVNm1qIKic5DRWhFIlA6+nv15CDZMDYHSsiFyoHBZuqyednLf1IlWd3cDIXPBURzzn6D7Pfe5AAJ5shl+Q+BJd0ZfvzQ4oWRHXegDJQ==
####################
UZIZzs61xToM99K+OKWeOKWlkNNYCfHVkbuZ07M01QMnsOtiWtMkKlyX5CxLRSF/Pyu15HLVVug+IUGtbrGBaow4yVXMAxg0soAzpPFWI6VizYgrPshwSjzd0tftm2+1hT1cO4yXSLiRRiqHatTf24rSXXXuRuWJXZPKU2FfTfA=
####################
pCL0zm/jjvpp42Vbtojc60kjhcxlqgnyZ1onywL4j8ubPNz6RhhvtR/XCyJXVQmmoOVlTIx5jqKY4Qu6L866aZkhOqFm/VZVYQprJgNe0tTjQ9CLJDm8K6VR2Hf1HcACAKpz8uRnAmaY3xmuCbA1+JNShqB38i3U+PcYjJbBfZkqE5QniblFGX1YaKYZPQ9LYwq4cWZAq269T9glPQ58oZjolOYd6nMrDsgLR7wHMTzuOvEkFSFn9M8zM29Qbdz7EYLD4tGDWyCyPE6lXN1S/BW6gA14Qa0rFxFyQMOVyj6fYJBYln71HUHR7jn3uo9WwwVF5WoNpZm+5lQ4mroUqabv8lf2Igc+nEqP1XK4SQvVpBbLfB/Z6ZFS5Q7c1hP/K8fkhizCo54QzYv5fxZ6b2dJDE7JHePwA0jvJRctSi9zPY6C3Dfp0XcHoLrpAPyTuUchkvpWA408g0aOALqxxq0m/KXzhIyw/E2iEmQf9AfN0rza96nYNezZR9rpzrYAAeiHaCHip1RZImMSARbz6HV7tYp/tsrkdyf7zHJYlvj6Zm08JCoyKyTREE6FxnsyXEfYiq/5t9K/Fic0o6M1fOsVPatUlnmn547+mTSr61JNP7tUti/Ld/vglKrikOlRfmIohVGoYrU5trH7cowPgJ0yqu5dWHQYQsbH+IakG84UUgMFnBy5M6QLP4YvIV6a4Sv+w17rYmUV7YyhCcRrT6Y0E+G0Au8k8s1UNXhGibISDFIQKHA0F+EK/gn6D/lLFRqwVMveZfmPB7m9isCYLBHgFokrhAwQXqkte4Hp/1AoQRg295aafdAVSaMRd+cu+0eoHfxHH60y0A7JZssZrGctnmxwE2AT1SjKVL0u3gaoJHM6xlgqInoQGlolKeaxkT60RQoEMEDQnchU5zMcYA==
####################
As18MEGDCksZ6Y3qdllIAeGi6uLf3sRIPUxGAJpfbDcDXcdMArURUk1b6dG15TvR0ru8vLKOBadUUahopJAnsvxYFyd4u1+nWPS0gRoZeiG5fS1zstKiU5FeaIcI3zcoh06KKO4W9YMG/no0yz6/aj3hCLOgr2xjPoNFOz4WP1Y=
####################
v5azhbrB/KVexPkqHs2S1HiPLV+oN3l7p4hS5YgwnZaQIFJKcbZaobvEAQ0U+b80lttHK3SPR9sozl+9eOfrGRMTyjX8BptuXn4o9Oq8uPlEBMqrxN44bPkPBx2R872V3NK5aN5ws+eUHZ1gudFGp+9kAJIC4OHgB3D+gr5i5LSrAf85aTsBEM0zEvVMvSC890jX42t8rpfGbrqGH3a3JIL0LKx0TNQ3GW824lwW3NE7S9wevOi04WqLg3Sh4VNotkGGjw530GRpA45kGoN+qre1Gpunh1JH5UARxgcfMJZAML4Si9XnlpTF+1MgbnffN8AfhEwBb9xLbMTnGwYsRNKaUAFJnPppDXzYxCQsmFnRzyEVfwn2Xu+hv3ywQZJHQffjyH9D3FgfZDDT6e8zvYG55vf5HRpULC2m31TWT0o0uA+CAw+AToMtYiThTztW/qRrTYoW4x4lHxrg7wkXxILc82bth6pUaXB4V41YnQ/HemKnOUEb1mkw8t0rilAwT084ScnNOKMYZ43wql5S4DYzyO8kol6FSJZkVrXpdFYb5oQKxMkwF5cgQ3XVqV6EF7XoGLZ4K6+jymULtygngXN9LQXHGdtzYO2YfTFYqfxUG5V/A3S4T8pHcjBBPaD+17h+PNQDqtbhHwtwfjU9xHL9bKYRvus+3UakBS+ZIgjktLCkMYAxsXgPNi3LV/GwZdEde40TW+LUhcwHyjzaGSLB9iw+XK2tMeaEbkf9vNILWrSqPCoeLSn2XsNoRLmNNWcckRQgdPQwy1f6vW3BRdN7LGwSvezu4d5X8f2HFdNxVGrxrgji3vgsbId+luykLI47+NoKTjp/yD0mRfEDdKY1I/mNO+j73414xOr5NvQtpFOucI2KG+++rkAEaZ8d+obVolfvyFSC1xVUAKZ3LQ==
####################
og+9rc2TChlWVRoTGP+ghlBD1gJVKCBSlGFkHs8qCpauv853MP4qrqGxb/Q7aEEKWrhhVA+tjTj9WO8Gf+X6D/G1O2KrXABAVuvdltMmLjecyEfT6pAWce1LgExQrtS+6vYFiZrbAH4krSY+PhWx42KByFltRP4MvXOoY3nOMJo=
####################
pXTa4gpAqiApFymiMgqvsBtm7OoegxALrVXh1s/lJ9CAk9D4XzUTTkAbAmunf0MyrsEUJn9J8qnU5XAiU8mTqIQO+cJmJNr2bAJ/xR7MO9LK6KPscpa/ma5ahIwnKWPrUTjOS/BN7evZYh52nNX+bvc5mSi8bByENM66aJkuot7opPJsEu0bp4/sJYmcwRuMYcnQaMlHgeNzoKWY7RDwd0AJrlQBveAaiK4Nfx9oKdnZ/TiUV7aF/3u2ydQCLZfbmWisBdxMD6NTbUTEE6/C09FJsG0wnhfdGDP2mXCSQ9alCuhSfLlM/VzQChzg7LMazJf4ZS5Ithyt36oaCZuskR30kjK54HcXjqOkDlmpe+ageQP0MIK2oJIsNbj9S4IIrR2wgW/T9LHApLKNxhQzrfGruWhuLD6sBimg/al8s6GAtaoHIJgNN5X2LNWhdCnheCnoSvFkpCl8EXobcQo973k8FnQSYB/lwkQ43bvpMbvuR9j4+mVHwYUcKnSuw6G4P6J+w1fmdaGdJNJsGJMLicxiN/eBUFClXJn0GN0Yx7IhGjQDQPZ6DBT06ocym+qYHNrf413+SJPNojaV0XYsKXhSuJq3evtp6VmUdoxTIXM4RVg8FsHnxIN4GegGHHIoxOpe9Jb0oplal0xul661bjQxl+eTtq16gkYsthO0qd3Ys7uborfOQ7rdve9VtT9t4/rIfnOFhoHPqfdKupvgNtzHLxMDBjQqJk/rHYTsQhYmDs2RKE49f0RrTOirfPWV7qdn2QS8FJ/In6/svCIvepG68i4ZWGjTQ6owZn1joLfq+Ryt1f5GQisu5jtHlIo8x5ETiw6lF0D9+6Gqqec/7paxjoj6E1nyLLd9Va1eoHnEmjfBNTq7+NejgqbUXxXhFS8urZT84XZ2BiOlebTxFQ==
####################
MQxOysWyMxbj77JCljRD0ZVCkFb3LfX3clbi+FMcdHc1YNeZl+Rtt8hacxZorDDExp3cbMu1XW9TWDNwVzhk79W5Yi8BpQpVZNpTQlZRkySyu+Bz2tQbGuPHLPjjfzHNWy02VwJa0N0Z/Yy3YZX9sj++OYcR2An09MIxNVmMiJU=
####################
S2I/OVWecz6L1GtKy6JbvxySql56Tpp/HwIZTk5TXtSQ9X07Z8+LyXlwsOF6PdgevzUJvFD7JGM4vocHz+yB6SRiuuUeWiOCmJAFCenyYCqSWzjZlc+pjDWZ7dOdw2v6T602/fXNPARSxjTFPIRB+p+R0/1WCow4qQiFu5Sy2TnqCXOsIwfWr5OdXpQ1j5Trxa/jfKuAa5deCRO1/mGKxR4vOq9b9d8btOZlRb4mVx8EBuRhRXFgp2ktWxzOeVsUSUrWDt/t3exoz5WER0uJwKcISi1JAFAlNXG4Zip+d+kMOB67QDxphAZ+qTp2leOdRLqXgjbViL0fCYGJnpvIxzwqpp7KWQgxk9GA1Afpanmi7QdY5DtQ9xRPkpSutD+mnJyarCwsIDrYaRSr+OpOcYkDRYbH8HRHUd2hRX8AyTsj9n+BMnJMGM8GqYtkFHTLUv5KWLctCgtF0CyDK5tsPRHSK1fx7XAqhjz8xQqxzYeYQ95ulOht3QuFX7EoBpJKtmk4kPR9O2bKnNLaUmQt2T7oEekfcVM0WbGCG8B6gpseaiS0dcTtoMuHHpLzmUwUFXdS/XzhXSVC0TCN1rgw4mAUfOG5a3KlrjKofUpDceq+9iXCKJ07U98zKmits2ix5AQNWiNX3fGyrT0RhDcG0huTxIBejEofqWw8QylOosOlALB1vSMFwKpECgtQo/5bwqPfKshanQUhNMbG+EHCEfHcYiaPWDt9ijH3a/JqkxBZSrNNUjA+/2n+h6/9IR8KyfEVvX0qpfv6vMvo1noQJBfp27e4Msmup7EIjCpqWGX3H7XIXirjn7L7o3P3w6AejZKk3FaAc38SfWxtEuq0J+NfCE3UQveZsPUk0fbUmvsgzNrn4jr0Jlw6shFaNGSIfttJIyI7TgB8CjyWI+8R9g==
####################
w3klVKxylXJcIzR8PgIuHiTilniuZNzDeNL/NHfoHe2fS9OVa8NOemwqDZFYqZ3hq1fGwvN1R7enADU06srbu2+zGNl4PSKDg4Sa5iG5t25yv/GIn2sOwbjxu9KKVDO8fJoJQoNmHbT1t9erzaO3r1rgp/pe2RHmDH6QxZKtMb4=
####################
s7aAyPkzsein3ndhFGX0BozRWBe9c3ctzLd7aWTUdq+c/pF3WmAzmAszjbmMmWF/8WPrlngKDP9aEfTjP4Nu+Ci3EqlJZIm4SQpbQ8Ved1dyybjzhDjMu2h1rsIxRI6P13gm2sWKFHIi0JDcEizbSTt8HqPHjj36OJJGE2TAcURUTwpYgs/RIu2fFFMcpMh6LclgTV7YHuDUXyxH4F1NkGM9x/t+7mG5JygQym0bMcIOz/tqX8W5a22fB4ZZ7e2k/t3ssZ14isBRjdOBEU7Qnm1Sxo5GnLBBA4ubnAcphQsz84rd9F8c44T33sFPurXYhQNkA05GKH3VX4mjSjosz1TtNGHcCyNdzvzD/IHT/0kHfWVkfi2FVZQIEGDdieBJAsZIT4Qdk14FYxqS0WaSlHjQ8EJyU2R+EWtuV1tNzlP5+By3MaLI6FQuxVq/CJ+Hd06zqIR4OXPOHuKeD3xGUjG31bjAcZjYnabQ1EtOsPYGjdKNLctlD3yrIicP0blx/GvjupJEx7K1kIGXPaUCQP0qu9jrj6Kiy2NMiFrZKiVTRkohwimqmBbKS2gF6rqh7gAsBh1880MyPfjDt2+BttqHvOKLCbd8NlrbfJI7eU/I4SsB5oHMPwmHN3enOudlZSQealXUgEOCojN8ktWiABhxl8MPmjFMoyAsd97LcGMYaR334IEdPAvlbvQ4CzqDGPlVF6g8F70IamQUcoUZ0TLjSbxYI9A7pMmQuzTWVGOlyPV/NFkUa2Hji/T5jKnxyrzqv/nZBNfqu7agX/tQE1N4XtXG2LBUlt2BWBERhXK0uGb3WWGONVEfw2/GFljuCbE6UI9F0Ut7V7q8jLLrd3gvTEabdRYZB6UzbAQC+WTcQfn2jrPJxvkBs1Se/uOlKPFHYJDci1gYt3PAS4Qkew==
####################
DdgKi6QKH/kYb79YtJJGdvBGkJDApLR8Vs8C4HxN8ur8ViwFPGXGGPXLlI8AW0R9SyBp3JL2uLa3S8KC90QWJ+o+AwgFIdwkphnt33VWeWpezLS1vMnmGsyXhkk1qiVWdg9YNj4G21leJgNKeOccz/NkF1LbtcTlNHqqVWM+Crw=
####################
EAdNQ/zZ/O99njy3p0iVwhF5HkLEPmT7e6i2L/Uxaya/c7Wzw5F6KWdTl3eVgVxY2b+nTecaxwxxPtNy9BM6QVZpOH5qV6BLFfXOuZ+LgqxJzNbIWRSrcIZmS2gN/cHQuCA2AviPl0xe//7WQLk824/efKorEqlBBufPcts2rHYeBf31Xxu9xq1bk4bzzqR/hmyXDaMbzPXnk2ZXHu9KgibbRjw8qf+5qd1G0qZrQHAmdj/BtopPA03VT1+GCnWfRDLn9iqv5gQCHxYbIp9zX4yVg+hN6MbPmzSkINomrWCIujog/6eSyFmrPnXHWMlVDQHGfZ2CPYlAMb8UTZE2UEpf31AnWKxaVmnTaAbVRaLMN7Fo1C7FfysOaD+OsDBpGKp+h4VmLXdKXl0LSFp3QO8IqC5LGzaKh9BYmWQT/Y1KqXF90nCVXON29wrM7KYtlWn+PFsny1RTUllkdd+s7pfk1POuS3LKOXXjLKhSaKr5Iq+/pOhUSY70k+CvvBa0SqZZ0i80wZAc3Z0Od6goBHw32qhVxylqfFpj4p1x8BZeP1GxWnAtd9P0Bvy/HXc9nVxV8naDZtlLujHM5va8pvL39+9ov+oVK9bqpcAg5Xc9IEBcDfNd7T5Gq9ozOyhTBRzudDappokd/BFeD2I054ngRJfYr0V//65lgwsK08h9gx2yj7wnrcEZHzMfht9ESCYHNmmPiWhyMM2c1J+BAs74PVBNCBYmHjLVfmBpD12OY55XXKggi04SuVLwZh4OT1pHJS90dE/WgbxzPHc498ZgxSMoIWzzS3AirCoZrqm7gZwADSGw3i9W9K+w8BQx+GNV+dw99q3PJfehSwyXUnU4AnvkTKLoA0mxsovBBG8LBTYU8YlGMpTQMhGgRM9m9uv7QjSEK28h3anNpFgFmQ==
####################
Bk31S2BG4wR74Kd+DRRigFanXLV+WWe5Aqf53nh3BCZRVIP+1C4T7kXcYIExZ/nSB7eNEnnNRChTAsHPV/Sqc89+EfrZehZ6KgLQPc2CtSdX5ooCMgRl9La+GeVvndUjJttqysF5kc7J6n8fWopQa9pF5W0vKi3XdRftoIso3yI=
####################
ErCyvclO2xSdibrYvJ7sS0E70WZt39XJ1mwPCnUEBLB6x3EhBMOF8VsHGlE+wTJpT1rXmIXVPHE52pLecdKYNneHMT+rBjLez0XTzTHhJLpskOdjW6peIJhgg10U6bPT1DyX4riyh7+BTA1Za7xZwMK+DmauPp+oVvPk5UOP35zWRjLoK72ym48Da5FXReyCgm7MTcrx4OzFDugeZUFs9ud3mpTJUKLcj/pyfwyEERviFq5iyEzrtrnbUcNAvV658MIehJUozKHwD3AbdDrM7vpn3EUTxxsjPxW46j1aw02lN2VKTcq13wbvNz0gB3G7Iz4uQNDtLDKogBH6qboSd+81OPn8+rHlNznwQgwGTTsoM8PP/ROAnNVp38zDQB4gLN3n1MV0OI4K6dXmIfDl7kXgPn9yeQJLCg6WFQvgZpEk8VEpJrqmj+5aaZE9vGgLPJ7NBY3EWkoRDFFytsuGqHWXSrhuy68eGGAwNl31JQDEWNf4TAEis4CuHxXeBcy5dZJ04R8SFzJsMTW/m/YfJb9CUlmm39LNCoe3h6gBj5+bhOVTsj4Kj5EsS5s+Lye5R96Rsu9ydKssGngDfa7racyxqKI2PNyVos7La4j7BeuHljiliBH/rxO9wZz3+IYUKep5LwXJWvzxtblvVlcNDwbQjRnT/ohj3wbBKuHT1vYt66cKPbjDubAlqiXHT+hNNJ/+iAKHTrTB79QUDltSIEFDX0mWxr8oZVfmEd25LOoMQQIkBzwWwBhsSVTduWE/daankpYo390VZB2xc0A5YKMMjEKHQHnlAT3y3Hp464aTn3pC8VMq46xzQz0aADRvAGeH0tOrfJ+uHzywbeZybxOpkz4Jd5BOGRG8zP2iBtqPKlFFZmQG9Wb2ydgR5GaA0k4RosJdg27KicZSCiyGaw==
####################
K8pGIVxi2HMq2HioKvYp4aV+9YJAd3Wjikntza+L/guDeKyCyQfaQuOFL9a18sZVtK0YirU4HmipiwNKirBxCsUtrDSa5X6GivRsBh7ABbon2bQfMpMtVwIDAtG+S/BFLF8sZyFdDB0yukotw14mFeGQV7aX2Fc5/qe/bagFgHI=
####################
Sknq8O8MV8UgTHzMxZFitmMXdRl3XIuN+NTAfvEtrIfv5WXu3UmtTqp7jm+1I3Dt0OjNQmivtdEZ6+Vi8l0Qoka444OeGzl8b1p2l8UU1d6OgghjDrTzosn53g/1Pmfnn9rbDSseDv3sxoN34jHOGm0APqG5IsbMC47pHsPTwatM7UkUsxVRqcLs5fCxhwRuXz4+OKoFI1/I/mDA6Af1uBVU+CHxemPGa6agV5idGU+1IxGe2IhwqMrWlG3VEQemBf1JrGWDNz3hvOzvGkxMlPtmQGPVKnjmwlLPA5kvELpDbCohrSdGDpMuROmeL52too4Vz1juDxnrPyO1XJQJ2lD9XMseTCqsrXcj8/LArqYlJ07yei3/PJamGd8Y07JU1W6ZuN1rKxOAH0rSjsHBEEzu5uVFpbAy5GJ9/qa4d9tmk3bYcP5Y2RKJU0iXPMVW/GyG89cX9sUzm6TD6iTl2YAW58ICB+GoWaqEp4ybekB4WKQmF1QRI0edg+5uih9thk2cLpgVrlSqSpu+cxfFmZogmwTmb6MQyVTEFwFm0hj43+6eypHkyDz13LWqIaV4Gp7giG00lLxAYQl2B7lKATfgEenLCpd1T9+rmH+LkvzcyNXSfIYt3NO0BZ31IJ1DItUvrjVhbqP+TIbClsLYav3bZQW2SLAbirJcQwS/GDi9b9qkhPSvNwbYfpVKnf1o+E3AT71JMhY2P4in85fFnMyA84mL7DYTxYC1P3Bivu5H0nIstqP7Oim/e7ySLT2Y6CtFRI6H6cyTzurJEdHhL2lpG5XSML3nc+RIS7AxRUxwksjAi5xEr32/efmS9acLeyXqUNl4q10mN8Y/wLPHC6ZhC1E5quBzeqJIIFhczauvjhMr7SRpTUiW1c4pBzszailEKR9oAcrhhAXP5mOy5A==
####################
GMh/3DZfjbzFnsPEwxeBhr+SwwJpiPNhzbEZSH2HV7g0uQpwuFyY5TGgSqUsJ6oisBQYzPEQjqLIIiVGuYYdaowr1Esef1Wy9N26aKN5r4AnciG9htqnDcvoxEPoWca1GL91HM6PpjzNYRCcXrK91OKsSatT/wtrElsYCOxooro=
####################
GYW1R1+4cY6mAkx76LjIAR/PJua7lAa+ACQi2IU6oIg6qcLfXdud6hzBrhdr4NURNbTGuMoDYFO92fu8MVPPjoxhPuOTWBkZj39tn+AkqgKTUJ2fq+nlcHN7Ij89CxNZH6j7ZmTalqA68W2hIvBnPKZU5ljwWyrlv1iXdadm5V23BpFH5ikF3eJwHS7c+BHVB8JfETDhCFs2L1rkEzbh3mV29rQ1IN84vytrRqH5MKDUH7g2zVnYGXCpjTZQko2M+fT/J0ymX+bKc9XvKJhCHP1xG+J5x4MjeCdxIdHlEnMzeWjhkro9+51fMUnVVf8WuIquj6RvzyvRbUZPCz4SmIOepf6dh02qZbQGtNRea212ekfaQgYfdNxNt54ChmCnik9Fk3P3ZgjzNQWggql9ExTddV2laEdcs7G/Q3TdE5CngMypuh+43s6wQED058lvos+1cXX0yxNR9toekGu6WrudMcsOPeygIdh3DjF977CvP0xTErMWh19DSue7suQPKGPrqvWm4rTw6oUasUi6RpQNJNx3pUmUqcngoePb8YpVnN9uY5F9aZquMw5Xp5vgmR5/SaekkLty8DfW4tzVGiAUdPI6hM13kj0p6ZLAbGQp3+yU7VtfbTaherqqYYVdaZfJjJlma3D9zPOVCVMGhpiAPL1scf83Fr/DkSYTmw1BG1PPXVj4QqWbnOlhGjDlYNbnr0+o7V8r+9BZnKQRq2M21qpx8z4IFQZ7thC8AVrKnjx17ed5p2xO1C+VH8Uz+GN9PuunVRJZubWskZzXG77ji7+ZoX5JZUAS6rCorJsqFOB5gnR4HeC1HsC0JUa/6O6WAoB7gAX6GeceR1F1HFTpKGyZOcQ4Vnv1jdE7TMKbH9ZXOoEKw6la7zxFn8+UqXJ/x5i0r7iRaWfrxF1ugQ==
####################
tU0ed95H8tWUTCRA9nFdC+EN0E9ynFHNnDp56B6S0mzFP3jgyWpRGdk1ZkLRGX+AEehLz6Rfsj/RNUFnW/7qkk1rbRxMhf3BxpTvsM+ivnOG8Z+1Lr9Mzz+TtcM/YQAVC300/xuwHQLSa8QhjrpCsCi0Ns8UMyeVje74quLLU1Q=
####################
cgsuMh1lLE/Hztz7UiAljrHaEBStN8kI9ovKoPyhaeP+TK1erAqxzK4Jz9qQNSj9h21Hc1YWUvmiAh/SzjW1C9DpIBNfO+pz9VR8GufPvFYEVPdIZjOyCNLT9z4Nr6piAYPHjHNkY1eAJvuZTbENPcVvTRq3GkZU2KJRvjDLWrReByXZDhdTzQ9iVjae5iH0ZIRegyniNnTR7dYKZzLdpKGtHQGY1Ve2QtX5RwzBStfaKFD2eYKIzBbcN97H1O4GoTDNOG67LUp7YIBW/sqWTTtwsmvvb4qxtAsV0iqGetqpNkv/QP9shbdQIVzDAZanjeYSPrY3pl7RzZGy0nAZI1PnhC+JE9P0YPEghBxZRzBm4fOMfbrg2ut0mWW8HozJOuwz32Ot03BmWeR5N8L2cs5Y2k4bjzoFXVP9HMpeXiMjZI/hmQRaTG5vq+FfFrLQWtJkFbpwZys5PsahkfHFIHh8vbnh2i0UdVI3wwPCzkNpwWMyUrjCn/2L5sS8WkkBgodIwoM48K2Ae8XXz5vbvSylwgZNro4Q47mUoS9UJTovozM7kSLpDv+3T67nqK2kXi/TR1w5Dgp59bTXc76RYt/5M6I+0NzxY1TUmC7S0W6oYLzIfA3uswK2isUG6T94XfdlgjUpIACMe1L42PMXCkQs3wjekA7Z6ic5cwrVOT4wgKNhIcUP3fPMzPam7AFewhvr9JreAqGqQkXhTvseXB7/Npu76t5QCTEN+XoDXjnOfpbsiXvsUGPab6mMa9azYT0lHrhSzXCTGVJ2opjLl6GTS/HTVBlFP2Cw0JdfJ4O/HghPfzakKCPb5Ej0PmC+zwTVzXTuLvYESj58FOKNdMoWoZ0UpBXTXCfUi7xWSFYtZryFnyCakXtUTW3mvuNoUPW0kRwBaPjUYyfqI1iT4A==
####################
hp+andm9f6DIj9im+Zsfzq4zwtdb1bU5clgKVF0A2opYDwvkOGWYU6mNHHxgbThUcH6WBYft/fL4z1mqitpf/edBjOboWX7Nmm3sMaWbygMFcYyxtr+8cBOHxfC4Z5Cqfz5h419VO1dRFG3OtF+gH2fd0FUPEFfn6fbFzU0VUUw=
####################
PhFnXM1qy2OLVQqCD9cX/HOdnE2HWOzufkZw4rQn98pzSwdXLpir22Std3Q8ktClibhQhNcmrdDpjh0oFKw1FFNddxTZmzScF5kksR+xS7nB5nmKTXRKoGv87KS6UbBuwP/QcMXjCr5bEbL4YJdr5iwjWUz1mzEZjNKiuF5ZZaCqieQs+8Eig1wSXMrA2NXF3Jr4V4UfdMGRiw8gNiYPf97DqIfAAuVrBIt2DFOLlHPxyq0WrdU7TR5ynUa00eHO7MKXbA9qNJrw3ZKZEfjdNvjwI+hT2DC8+2Zuo6ln6ihoY8Xrrzs184HRlHWtIsGFs2dAdOJeHF+wVYDc7i1GeJmotUkdqlYoxc8XzKlmR27rfBsx1T6rClyCWh5tD9s+mOsfGM1xOORZuuVLfNDIBEY2lULcdIinYELHdPQtw9zMZvMvZj0p4JlYCuf+zJc3uGMFqYDlQ3C/+YdRYhqUEvVYLyRs3HG7Jt8SY+mHHV1K/3goA6jxQOwqXL0gtyAxb8RZOp3bfLPaUQPW3/NyRK6aSjWIu6+jSWsOeuE3oVOffF5MWk7zFzgazbT9tpH9hAEA2CEvc/Gikd4yTrzl5JJiECc04AwAuu4qFEKdjkN8aLHx3VD0sxT6tg55ZkysV6+j6rw1Q6uO6h9E0hGQxkadXOAkIBVBqCARmZwfHQkz0tw97olRHD7h4xO27z462t1I+WbfGsh9pcyYdLzBhRE+TmdiMBjsVTP2QudM9E02eVW/uzdTSqGdQWlQGViqI+mYKaiyMAGHmrdY8xlFgdlqYdDJBuNLnA2Zshq8S8E/M9kRpEU+xWhoFDNz5R5NLx+Y1meKDB/sGjA4x5DgebvidcpyVLQrkahDAyVsPgXlhXf3ZCy2NI/em8nBEltfOJTXkND7Cm/jMjapYPzXoA==
####################
bEkZab/YvpPSzvl7c7zjbL3h+4DuUEHUdGh33YCRmMAptZGpFh4gngALKIxsGgvBcjnF/G4If5GkCZRDbzboFuZ5HM8VIibn1kf/M/unSxxP9gRtFqm94YtnWgyS8HvAO+qPA790/7XLJWIDssYOyV8Pd/PRtmfSjuSoJUFeUcA=
####################
2zydN1pXAnDUPLIN9laP7IG9x+6kj+j8olOp0q3FtLfDM3SYBblXs7JMR63ey4latvaW8BhDpsObQ+sfomz7ysP7H6vWrbp+tLU153nrdvTQlAZ1VTUY3fgH9hdtXaNN1LnAdeTj2RZnYK54wj4XIsmAn40qWhMNFfmhBnlXGXZzw/bdmWo2qIMP/HWkJz16E4Hx5E261Li0DO94aF8iqhYR2Hs4Nf9I21X8pz2BW6hhDSs2t2XMprjrShUAwcLQT8Znsn0YAX940hLdMuyjQNG5qNUFBvhIgsOFHTX+GEz5K59jm09NC88C/t2NRZftGS2kQbDtZTGx8ASgesxN0GG7aZCSl2ghmKYjPpwpFtgH3pAmHt4CKXbJXlga4F8qfglIuINCvH/u2yTnf8x8djsSitTseHNZFRe5acEbIprzcLw2OtXQ3fS82f2izOfLnVyQtmwv/L61ObjtVOXrMYreKRFLYuAuOUEJZksZ1XnaAob8T7jX/xEJI0UmNxcIGWBk48f51GNO4LviSXqEr+zY9/A3hgdPia8ZvszdWOrGmlnhfnTOsQgy6KSPudtveufrWaZVruvEqYEghk20Ms/yhMTMWkCa9c2hOWWmcfjp3Ma9/jFS8Nu2BTqzaS6ahiDQ/Ri/9cPp0OTfbauBzWWbVs0mp6alNMxTK+nZloG5QK8SM0hiIyuVLXoJc/9x/Yg21rnPZcMnQxBX2r3iyyaE95WYBugWoWnMm81uIxJhZLwjUsNkXbVWcPIbJskfmAP6VFtG5w8Fsl3Xavixpx/DvHhoZzd/BYYtTMSwSOkk4z0ZVXEyIPdSp5o9cmZTZReoe+CqPptwowJSjqT8IT7i2ZnzGaPDceN8AO+7nOa1nHbplVaQTSb4VcJXogArYV9VLvvU4imvygdgqemvgQ==
####################
okACH0v6U9wbxPOkvOXRPIY94DlcQIZHrDFktbHS/FOYRdza8cqgLrmbj/IgDlsEq/bSjZ/w7CmzN3TqM49KFWR4KYt4jwbgZJTlTvJih4eWEtWDH/KJ7BtBOjAepXgdX6Ii2ELX/JyIaZktEbG9Ak/VGXwT9GGpg2IRSReJ89k=
####################
8bKqEGRvVCpYvow4OhDS0st4Cvva2LmjTW/CYjymGZQWwy2iiM2rmQgndlAIboKpibqMBwOvT3E1GsyJrFLn+h6752hqPltZViSoGUJERLqenz2uNrXlI5C4FwGvLH898zjE0IodUiZXBhdxWV2rfbf+dqAKwR67liLvUfCDsbhW9UR0yqp29CHZF3EBc/pgKllyfMCCEe8wwbaJaPnAgwBgkaCJdta/WoSWjPSdpZKDH3z47TNIUdqTU1EYC4YEvtIkvKtwBFYHWcOkJtTKBnNn25VMqKfRLc2x16Zz3f4njaXVJVAP027qbpuQRAqG0WRkfXiKSZ+/K7aw/cWLMF/AKP4ILNtAmCYUsbYoF3PHuxJqmOaM0eFpkN8xidbOemotKBEQaLPUry2lniBvtxWG3GbK3TuCM/Cx632jvFmyLqSw25pqSz96HHOVSCSSFBJOqQ2TcslrZBa+vxaDVIkG59TyzmEYx9XIL/fNaaLl53J+EM7pDRj84lRCcYk2hCO1FpasOtS5vHM6IMNOWbMVCztcXUoWcH2pM7Vp70AOMqb/957dpzdr+QZBBa4HlH4tLXJ8p6kkXbBoYObM7YV1unX27jJ18TJy4NJRQCouwUQLAXrDbExOHwHll9TJOMx6bHHo2xjvKy9jkbYltbDY+QBHi3oDNdBHOq7V2hypD7AYk9R9ewJJexULChyaHTkYherng4kmvg48tq+rdssNgFoq43TT1KPM0MtmiBuqAXRnNz0bCu9Vie3348bMtGT910OUZHgcb+znXhQWggZwK0kywOuNz1v+TvSUK8PEVjkGQ2XLCPuGBOfcQ+HgWAtlt63CGWcDE67o7XATzbveJv1dcrFRhSIOG1lTI5E3De5c01qkBLQ4qL+q7za8OAS3PpCArxbs7HxMNdSu/g==
####################
gQpQivE1yC+wj6yeZZzbNu0oFXh+zSudXC7vEkkQWtbBmWoeqgIXbk2YqHk6k4k7AQU3uh4fPpm/+pRBSYV60Vojni9Pg9mGUenK468vAo+TIYnILw+hNpiyRLMdKlBNibSUUFZ0pnsiwpf1lnHUoevvKQ2yAxFF8kh4klc0084=
####################
R5uepl6Q2I0jHPIndYrvPJA2NZh7ec2kV0Un9I+hg4PnKdn/wbC9/o3Y0WuXZ5GRClw76ECHrRWT/mW1rmkq814jr/BF4lyysBd5Jf/bZvXOjku5DIjyC5C/a+UPqHwHZN17MgOgfBGKA3ZrknmQG9anZy1PP5bvSioZpnUmf3LxQgNvsOjbHXo85oa6XZbpktfz2G0UnC9ARYMqj5quGtfPvB7Y3Nu7wQqH6ryQymw47VkxOK1lYYI1nGjZTy0aYDDQfRYCOx2g+zOac9o4ylQl805LoytfnWUq3Fe3XALayzQujd4PaXxUA4aWh67sXGBcYPhRHK4YnnMujmcpdfFsDPGJkwdS+VTCYyahtPN1CKVkl9o0V0aYR8Qf4tYOgBNW015vOrYXb0fKob1X72lJ8l4c5X1L32VQpwej1i2qjYesP97sKyP3LwV6+ER46Bg4Qgq3bS62/h1mEc0Ub8/+zISUG5xUxfgNOls6yHdf/juYPiLPb8HZJ0ehJRMgrycy1qVm6/re0gR1UN1iFiiOE9ADkgVL0raPIFx0tFow/Jn5h2vZL10Q5pB/Ef7kHzFjosgvGasHRDt+hDdW/IE0glqvhnmLg9aXhoTt5MfrSAWH8Mi4TEWYZdJ9u6j7cKcayzt2dbXskJf7BUuXXM3defBIXiMRwetIYrxRd7V53ymyuMpfQkCPzdEoEghteKy1rLG8RPgeFsEyR4vTUNYqyAgIGp4kzMO8z4UJ0y/7G68D/9zrxbscE78ZOv6cwBEt3p7g1rKJazpEUGQHQEw9FCjVKxKOOhYVHlgUm/XIwjbbzaqi+3S/7kMzwYy4hYbUXZRzwHf/btpdfQOIqKMFjWpdz2gkflT4JH/Rca3qjVh+qQxu+0mv3yrU4YqX8JMHgRYukeM2Q7Bmx5QP3w==
####################
Hw53NSn/oOmAHV2xkfsOPFFafMaSzxQjnSVj8PBolQ70ym5hCL2a3443G7v4RUIs+jDNK6ZKj/Go71P/MGJDccz6oy1/NIrkeeJF+Vo3wCDrnyqyBJdLGIsr8m6OqA53G2Du7Ny+79R2GLSFbYeukhFFcM7kqLIg+k1TfPADAaM=
####################
nCfkIG1i8ll12voiYOD08klMCPRK9f7YMkjC60m7wVwF/c85CoIHb6kzMfiRIcMfp2pfwrvYM/u8RsE+71tsG7OzYCVM4t9t7oguTkKfOXrGKQYaCV5poL7htQ4BnYKTcptafP+xp+6HoDaAIOtsGQbyA8TsNm4XmhCMyEjgX0R6Ly3pDpmuvsRDtkUule7tiC/LdVWu7ml4m+JcOlFxntDS5k0SZY+r3SpIi4yPdpEQYjTA2HMcbNBAdAgZVSwBwFPEvQnwRlWhTOoMqjq8KkF5H/jf2tnN+DK7fxaplxcTAaGYLuAv44ShVum6KUa12PjnnsvVWVTyJAubhsdxSrdxa4snYfjBGxTakFBtJJtNJ+cyrA4h4mEboRT7AjZW4itXDrrgZc7sYCcrkRV9sD3X+PCVUZ5tDePtwGPeI7EMhFGCUsbWPSBakpGpn5TleKZl/VBwx2T3NNx2edH4VKEIdnbQhEG06PbY5kyoiFqgBHYuGYaygQAt5V7NiIbmJmt6sR7qyYrtEqvUJzrRudTfR2u5SfL10WIKS2EPGTDb1IVQ4pFwgRHbfYBknMDOXnlL6wQi2I47ZkzwZ4c3fH29BmfOkdDYqcbKE/EMUBAAePTcpjUBzmAotXJLQmReQPrVMA2URig5mSAa7wP3y3liHyZU56K/yhyrFsgh8bv39SidmQCeCwII+7aUCUsC7lagyWnKRYZSDuDDFSItdsKP0exi2eE8Wt8WCWoVSr4il/NlzS8o/5w6Zt62RTmw1JEWFR6CFOkTXLFRoWLP788ZJTFqOHecijLX3OpeCfNW6bzsrn3JroHg1/4H6gjmLR9lMXv1R3uqmJHirUXb0SoWkw4qR7Wp180n3zlcmsQUlEzhXcGoVyhJmiCitYrNc8ZZGuXQ5urdbzgceQ124A==
####################
BojXRWw+0sNgZEx7EURgFLmJ9haSIC0ImFalIs23qtTGOZXSXCUeJIyiGfY3MrEgcYuXEtRp8pXfIqHBii5IoYT7O9ueh52KUEjURy8MAzwi1bhGcXbmpjorB1c03vl7jCsm/a4IdSp7UhbGG7R/PPRC/7J7JowVpf1UEy3PKMI=
####################
gkZu6/ZM1w1S1MKguDcXPIhqYrtdlQZg4i/hgf7BB1CWvey4EMeierIXgrHGTvqLnijU/1JCAaj1CmHG9VUdD+fXRM+pE3WOXOnNLpS84LB+LAsmEW8ElZ/Mk4kIHNODtcbvJkA52g+IDBa/zsLM1LqUNNk1m5I9nc381LSRayfcELsK9XJvu4N7MwvZiHwyb4gWG8hvgQ2PxKAgrjjHj/TjN5NZanaNuFqlf9J2CWM0BfAkqyxjHDrtK8KfjYbRThVP6j5VZEZBkjeTQEmITj5mRwCsSsSjj2x3rbi8mut4UwHjnLmwOoxGBF/q5DWVDc82E9v1JlQKf0nmwgHnz8EoXDmhwxdSQCpZXrjU9MQBbolKLCF5F/cQGmt7gX4K/MKWyBufEw4I4gfKS+bRtAn9dWKWdrqtdrw1LWb3YRTyAe8r4Ow9isRJu/EzAEZ91wakVi3lm7HZvLshmReCclpx0gPSdgcawIInbL2LLrrnanz1HDv+FBpWxIyCHJB6mWkF09Z72uQ3IgVXsctDoNa1Hzj67a3nUJeASAebDUB+GJwG8U06qJ/7rkIP3uhPrCMYbzFAHkGYxGvJrJ85NJDznV+WpThXE2fNinN+W45IS0/zsPY9A1Jz2aqvs+8Hdl0EkXnIOU7e7sl1baGjTSX8i1xFUC1Bxd0zyVq9YjczMrGnyv5eziH9JwXD+Rtatc6VEldLh7Fldx5BUg9xZvsMfLiRLkEKjRoYQm5fyHmFxJT+7Ay1N+LE3UY6krkTeuI6z62XHfCUxGA2JlLGNB8Zub+EK+4FyaAUHm7uqIzIxX0lLS9MqzWQROn6zUTzswOxAfT7Dx0v1g58Yf1NLzVOOfusiGK2jzd2xBRC17G+KEcAquiZ6qXs9B1osmWTUWyarmEa5uGyR1sw1B3cWA==
####################
zKU/qo/vP9YqQJ2E9AbxhvRH/PNvFo7sPQmaFxCwBnSZGlNPhPS1Km/xFT298sziS7xXITDyWhik7MGbG5c/uT4ei5Rr9MJeSkk5dtLMejvnQWL8Nx7V+Z0vTgjPolTRC55tr2y0F++uhcgd6iLEz5H2NEJOVs3SKHe7vKBwHTw=
####################
VCYolJ0k6zXoZffiBX0ptNP/w5/pDECbObQakQvQKupbbeVsS8G8ZZut4bMmIQblab+IQ+rpE00bYZ3TaLWGWZ3+pItPhaMPXMDPoyhcQrrE6hYkdk+ZSmADWJLC1jWkPBUzToe3uw0RXxN0mipfCGyXKZgx6nBAz0vMa7/bNKuhMDPUTRzkqBCx3vuc+kKB8bwy7sNRz4Xps8F+f1R8VKwPg7brcR89cuuVOTkHJ4gcCbgBJSB5YpncBMMu6jRKmUa+ZCBQbRTBuZ6wQqChiH/w7XHG5XN0VdSZYbLRhdtAybGdEPg/rAiP2AVmTgPx/h4CIzfo+GpMb7AdtTcM1qnrLRN2e9QGgv/W0VVfCz3C2XQ7hUcY5S1bfxd5KFKH3wSQkS+vVpUKRtIFyzODkkPlu2V0jC6jHhu5A3G15icJF/4Ou5GumYgn/MrMfj6ShBrr4bvJ/ML5KIGwRJAkoH0oc91PwL6iX10mNNevUx9MIqJZ7+nS4Z9IUiiv/nYMIlJ0Kve8eUd9HhkoR5h7xWxFWSUPw4HNuULF/vR63HfU7fzHnYTEDfsPn3lD6yR2A/Svh2X7J8ifYz6yO8QRQAcJIdChJFUYP6Ya/9+A8ZIofBA5wsmYWb0eBziCXXHgJnkIUHppjB8rGGqD9AzXQ3/6ot9GHSaOwWU5rJlcVj4yHSTurrMRWpfc+i5s/dFBtE5Rh+Fk68uRkufE+i8ZA01Z5We4LlaCeIfjblimDLhf0FoZ31vO9zq1gvvYm0cGKzg/9AbFLbtThYp/HyGrqlfHr0g6dj2LQV8+3wpwYA8y8Wzy3H3KO+iDCxtSI6IJ0VlTmPzTW93ofZ9IGAIxvopH03jqQSzSuovfYB7NiSU5jWjRjg5yUUHDajlHbdWCdJtpR4MyF9JfFch/EY7+Tg==
####################
gfsIRvKGodjGZTFAwHAuhpph9sfGZCKqUqrTUBaDt8naIJ6L2bdiLsPT6RDji5uZR0xypjY9JX8MCd7SYskJyCXqd2w+TrfB2TsOpxwCqJ1vqyBf0mC5PZGZgIGSlvWqqkmLLa5JaB8rascIo6d3x9G4rdF+uS68gVo45LjdGtI=
####################
prLTHnm9bW+MHw4SbRXxeXab3l0cpIr5fRS9VPR90hDJDLPoID4zPN35865i8dKms2+sAvbK3o0ogB38qfNL56/pVgQuq1vVy+LecPLxr1jr4npQlR8aB7tghOVeFxQSO+q1Ny+eavXxSbWSuHJGeiOGfjRChRFvvXEgsoJ5/J5C7wcsJh00pv7TCNQ71kmvVN+77TwHWVEj3Pe93lZ9tFAaooR+cObUcuvnZRg8G+8OGOcQ8EnM3H9BbSbhLIBzVJM+BslRUTd9Itp68HQ6JlCXaYb2jtojG3ptt+CgDW4NI87esdmVNoY95DsEPNuXgfcZzAR4inKuwB+/fp0LAdmAXd/OBBU/XAnEjcf/VOKhTSGqcwowLlW046Xbe3YLRegIkjiyE587mPp7o97RMRQMDzkdnGbmE6SCzbEvs1Mms01FeTx+vqyobpdHx++2PnRE9djVusS2qSEzno75ezKjlO1tNFs5wHxikc6h0g6TlOeCKeEFN3zvux0pGwdFrtVi1FoF5nuyiek9UpNxrKkVmarcUxUEd2GdY+DT1/5zBKfItMtg5VJ3T7m6jF1vTjJVxdQj3EWJmTt/DoDaFZ5N2HEnRvH2VC9JX9J6q5BV5yXhlSPgJf5F5dgIkIZJ2LaP7yi0eL7YVL06YngxYsjyZXF9AMhfz078YeyvAFSL3zGNXQaDEnHG2UmmtaW5THPPCjc1B5Yz1tGb5C4uxuWgpbZupPQaNPeADTLmYcnluUHLfkwUiCnEYHyJ955pdppPhBuEyXkQuPg3coMMiA4woPrtk3cD/Ro++uczG0uPCJkKIWGYY/L7aW0ufvmouUJJuWCRUDg9sRxwBzacnMHtcQMxhWehkLs2MxoCfJkIiEYe3zjLT0TBaNUMcqJ/2JKV7EOEPHzYUV8xQZA+WA==
####################
lYkjoEz1IfueJ5HQmNO3XH8s6JD5kTvOGsNVxcJiFK+mOggPfopTUNuPzG7WvbeTN3SYtrbbenIZVontIcMx5Uia9z2ACiDHbJTGu/5lUQ2LiLdxcR+m5kWWf8SFHl6Xx7V6xCA08UDjHnkGsGlm7JA0lIVbLcwjzPHCXOxfjcg=
####################
xJw9ga+eiHjwx3cEO7VP8cXZD3JnriLHZp41hVTsek+tZEK/YJC6l/ka7y6BR0dUmSi0KykxyK7JvxVpHKUeRWNAIGpGzkpSbcSnh94dQ7KtnD7/eyWJU6gLYL1jcrpbjwtAM5TmyDFyM97rC95bMCOjwnbRWvjJqm/XJZC9R1OqoxuS2D3M8zD1NgjjfuGWdPxIew4J2Eu5aDypWiVia63G9/yjdJDNRv2rrJj+p/3B3za1gLAzk18zVMNfkXMevcQWGXypWPpEajvS/sa1Prn0+hksCfHfbJkHlEya+mVAjgcfD8uQvBs6WZOskRH6gz84iqZ/he0tOZgpr5ddvl5zIDZQ86FPVxgByQfdVMcZgu4ct3GSWrP9BoEjltLnsorWUzfBsDoeTR0+ENLrYSIcpJgwiJEABG5zcFyPNVsUFC2G6bxWKMU6q0ey8KJOaS90l6CiuqLuXAXDcWhln1TO69Fwd0m/u0Xt57Hj5Avihduf3aC30vvMhSMV9X25BLvhkVuzS8w+PzmWMPTvzG5FzRMZdV4Xnj1MTErOEOiuK8jdFYA9RP/m9WRJR+IKTbpE9SQTIOM0PeosD8eZuu1cdoShrj/VoRd1FJVHCiQjHf8xAEefQ6n1tqiW7xjPIbBvOdAB+fadzRW7VqnDrxWjv5gYyo+n89GeFX7bqZvVd9TmOPJ4yQmYSbgTjMMvJDgT2q06mHZJ0f16Z5BkwkYuCpt9rjsUbWuxv5aspStlqoYXdL5HkwOsBz0iOzZ4DgfrIa0QIv9722ji8iw0JYzq7v5Q9MjaT7dXw6e8mmXND2eAFk/0BXb7+Zf0SPyFZt3ed/I/Sg078BkzRLUjE19gqzwXqaJdxNaTVaCp65SkZ2tORNGKBFOh0sybWIbbLY+xF59RjEke/jSZZmPQfQ==
####################
IesqfqvWE29uup/YhPBLRRWVcM25ulOT9A87LNz2rd8FpLCIp73tXMnhZPzz69zRjF0dVWTa+0NLkoWa0LsR1nZBzOWvwAaiEgyUTg+8KGQ57aACPQVk0mYT/+rUc9o3LpnpJiNenn7H2LDZmNT6YLmayZGPdanUGOa3mhT5T/U=
####################
exHPNZBz6wd4IEDH5qRo23Gk/pg7jwO7X0CRdQHZV/4PESKLGLws1g7vI8Lykip/7B6iUP5Z5/U41jaM8cbwDPtb/az33GyjQRtqhnGmN3M9FynxO4vc4XSyF1YqtQKTyaWLW3SVDZ5byMT+SUGscMmXiIoHb/Ttj3EyhlqZSoxaq43+GsVSyUScuI7KWz3atCi2Uyjzaw2/5RHhTuow0D/bBkdGr8nsuNCEqSKYQlCdol+mzIbf194+sCk8+eh12QLgZ3FNBQNxLKA+U5dXMC/yoP8/5feCsPMj/TZrqDqbEgc3KrPM92lx+jPkau1lmJryCkaehzhuovKYXj/yZbYCgpKU3/DJ+m/23Ihv1mEdjgnin2NXD1saW/ABJeC+N4p9+K2b3P9h+D93eN/6avhT2I2mVTVJscyc21WH2Eg9g27XacWdfrLvA+Ztk/A+vnKJYtZdPycmUmfJrGdWQqasgkcD1L2P4N5BhoMZBPS3MH6G4EowG6dqqI9rKfYMB4/rX2aUhfjhZ0wUxmYV8FSXB4xNjOFpMe1/RTPPKR9/Qru5OtiVmbSziU8uuLkrDwwZkt5jcpG41oAsruInFjptsUfcuCwOWNW1RA3jJp0vKT6a3DaJsS1rJM0y71hWU7v/Wsm8RbXUY34GA5i6Nbdk5uv0SNtJmSAu7kbtB/YM8qSgGn23TJzHY4Fr/PzYsA30c0Cr4RG09H1eqpCd0bukDTpc5wH1QvqYLHKULmJT8Kb8JFVzXubs4t8kxrI0WUerNv3HKDwcIjeghvqH+h+c2GaoP59NDiLEHRnvvnbDr6yM5FdTh6UN7njYmngAq3ELJ5E+XiBYlUCChfsSVv+fMyXT1zTxkiEgQatjxvots9nZfKhdn4UL/SavH6wqeC52GU1kiQmlTuwGLBHiiQ==
####################
0goOvL8x4Xy1L3EjZyzn2MQLE8jb6+z+3MNjuEMcioTktafY1++gwskKJ0R1wcAYV6J4U1ANBIgc8dX/WfFmtJdsZnJYihAjOs72LCiPbifKl/pucMVyED5x847Sdpied9H4Ci1O2ruHSk0Eh7AvID9+bN8sQ20yg9+PjMl8n9I=
####################
Zvd23CqIZ6nP1rVGxTivb1sWp2sIjdEBMsaeshRuNxSWklL3YO/ZTihb+vteJ/PvxEslUilrdNoFLTa4AjDw/rK4zpEmakD12cQH8q8yxJlapclpqjTILfrEhYQ3N0TxEqrYqCQhjHK89rb6YCzeTUVOKJ+SFNvIC1QkYrDKPyQKa8aJslLDIZwz6oj3Qz5UScsnyQIzmsxgO6jiF1jrEF14w2tm9iGssYWvv7BstNGVWwj5EAdj7lksecTdVXD+FRIVZIPsM/TMVMcQGpWW92Kv3pzcLX2RieK65EjiXRJVDnVJR8PfUVD/T6HC/+Lc43vYGc7dqprHDGPWhdqWZXCykQw3EPz8rQtMtxdwPx6o6ijT/Nuif5pi8HDtwYjnvHNd1Sf/u/vhB1RQ8a3U5zXVOUj8ymwC1aZ5kOeXtqqK7q4zYCffL1F4AUUeCc0CmTg4bIQU2ORlyi3/NXzOFXolkglNBtgjxAoiiH6+9iTirgCN+PkZqOn36pxjmejgb9LAu+svUV0VrLZfHY0aDnq3gumC9tyO83oNFNLAXHOxIR1uOB22pQbpbc5lY2thcN/rRHA68MaNpWQS5RLRCkOUmhJjKY4AI5dikwI+qdYdbK8GTW4xZDbtRibjAvaeH520VlEw+DLx3Mhia/HOFd8rYFxvGfQzwqFDfh4HG4TYD4uWDYU2sJuwSqL/nOrq03GbvAwR1Q48d/EIYSC6hvv+ZYKtubH91BtArsJOJotDz0uBeBwU+IXWMyyxd/4+pPCi4g4HIVCMXr3CKBxaOPDrqkT994MvdFeEyxl/xp5BH2ySBtsGSEYLKMyRo/2rIoU5Nmp3f4V+2qoQT74hp/r5Ps0jIYFP2atfUTgu5n4eXi2QDNybbQIv7vHa2K5k2Du/tR9iw7yH4KVE61f0wQ==
####################
BCTOrdWZjEyuIAMs/KxFwDls9W2VWSPF+RQWwEJpn/aMTe/MvcjvMiGyoMCeQsql19TSTCirrprrfFqwYdzplJFugnkmvQtvfS/jPUhrLn81xiaQxE5EPwS8BXqLUO/3Pa9a+plO0gcwXXclpFAf3c/kx7EEjrow9NylwybMZoY=
####################
adbcWj72cRFCh9bGyJo6QjO2FssozavhSHfy7zHh8wHkwWEuFoWI3BB6t25cA/P0pUU21ETbmeAuXY6JRPaDtQHevQmsjKFSF8ACyATPja56eK78dM26/h58CSIhOPzBe0FuOUgDzJc8pg6dErSXqRa96owICLkCdb8rML1q4IcTif6Jx40qZZL85zwxXs8Dn4+1QD+HCdqOGF7mOFEKFFCOW8tJYBQOT19L/+kuc0Q3Diykz24X1xO44wYK387DrAs9SBkSDGnv6OMqjZ30zOfI/EGqAPgk3uc7NJ6/6ze6NNeZPTgT6KNCRwar8pSmOH0a4ocP2rMC899Dl28rGbym5+QExrrdq9lVk1320E2V5h2XydZ3/amBxj4DlopEcXGgH6y95YWIKJH5ZDq3IXBlD63BpoIJzWP6HriXqr3GMP2eK4tktcE3Yo3w+tIWAhPDLt/R7WXtGpyWADbVzXVZr4eeI0BYaf39YxYwIF4PYfUeep3pi2HtK91OM6zbGOm1QqWl+jGYigjkdJdQw4eDXQI/KNJPCd1SN0NHEekOYVJDDs+kJ9+0/OmVrlkJKEl+A2V3QguMZ0d6sS912izXj5z6Lc9e8L5+xjTV/AGvElFvA21bgZKe7dyuMMSyMBI4gSDxbpKbP4fbZlLyqVsXBmp2BAZYGIOdeQOeLaXjMmSTP0jAGXn3wW+rsv9gOIkFaeE56t8dscaBFkDJuaGYb0SBEhIBQAA0W3MkhEe3Y44V1Bsw4yW7aAb2wHSuHhFUwb3tA+5M/mUkENBBTBIxbY74PXOfYGeMi9TVjxoLhObmU0TOVwIQy6Tmqxm0tpD7nceiRwUDhK4XSvSSAODgS187tYoQnt/Vs3AW2VlDGZVfqpnwDWqava6+QhpZnje1J57X9yqkn2gs9iFX8Q==
####################
iAMr9wDmBGRN1drwBikGVEzvpQjtNzcubHhR2vzTA8x3x73IoFdTcmHo4qV+3NrGacDTppssCiFQZE/bqHplltA/RpIjFU19mwBLJpVJI+izqod0RYLVBz5lVURr2oOsyilT79fY4Xr+DgdPs0JiApMtMi9i21rRlEf9OJU5v7g=
####################
s46nEHLZB11NSBJFeycD2WfoxckGVWKwXyVUTIUK+bEN8jBtFQSWNY8ag2zIMjDikq/JOT/+6X7dooOohJemRo8ajReOAcnJBTnb51gpTH92ECUsJvNcCIQJlFTX8pr0SxUOt5t/KtngdKRhSDu6r0H0ajPXmaFAGqoG66Lf4hw+yU1p928iZPg1LbTDD78fsIQBjDnMlJGTxeuROXBcFpy2pUkU2MeE0fK+gwt5Gq+h3keqw95I2R12WIuECTziTPzN5/jI3I0UKX0xprHJ7YKwdyWzBARj3jNn9BMh+j+HGm/gcwBD/Lvi3kMnnOn/lNKdMg2tPKY2uOheUW//cltoBvzRITLIIyKmrKhREyKnNk19aDvPA6yMz78knr+golGDvPhzskaK4F3JObG1vE/y+l10uYkJx/UMH4OQMGBBbeDzC6WhIiwxpjMzC0I1241RAJ4IjdBLoPn0DmQ2cy1Ke9APhCWQeU3t3YuhLGLJqdfdgWOvNXXlSRhEhGLdT4UPCzmcCVQYvm+DzKK3PGF6g7oFXpErAq5g6FxsiaxRRnxfc1z1ZCs3RlNakSZcg8J+i7txmEMAx1ROX/iV8p2mqiDtqt4rfYJhY2gfOot3z9NbaKNMd4bw3pAKCrinfNdNIys90s3WtkUOShcxEdeZCJdjliCkAldJmKjMMsI05VqmkMI867zEQb1f9dl3YhPIStKH0s18puSXnnbqQ/tf9znTPmg28hI9FgQutlrWwpAoXcJXnGo5wG5LUpZ+8pcdb/f+2vWXU28tKMerts0gWONG0XHmdJJMwH4iTXfK6W2Od9ufy29rmc8RaHBmFSwrylGAvq336gigbLlatY4/AIZMN836cpMRraY5k18VrEB4os18UwF4ZxOId1xnSx5I3uWYwK3YM7T/Lxc6uw==
