####################
t9SUqgvGfGnYLFDjCjCQEQdNte103nfIB2fZejI5Tnpd1CNuZGUsCXJ+ydRjuOqQo1aXHHYYWZeAWwGRWE9XHsBH/WN/Uq8ShI7SsnE1niba+m4C2WzKPZ7o+kf6X/sxFd5JjOK7J9UwPfFCABpQVtpP2gK50FftyLh0WZ4QU4o=
####################
Gle7woXvh9BMju6JCidwH+KXV4Hce3xQ6FhBT1lfbPS35qhC6BP6FT/WmXYJpaZdg7jTGOtT/5kK05b3iLhUY7PWksKnRS3LWw6TmN09jxbqTZUM3BrdWKdJBxoyoxOncviN2Mb7XXCUs8yHbRvvLaKfMPKWbfcZSEj14SurgtAQgp6deZxNFLMmfW7o9YHHMp1MvqKv2dxrenGDq9FnuiItSQR4rrgseZoHIu5SDZQGh/CR1a/aZNZ8MsKyhAe5dPHo4BaXq7L6sietQpIn7XHe2uPhmncg5ZF5HoYV6nOCSk7JUbFlQUGr0w8NFNMEhKCgUM07Bk5HinIVIRuAHCp8c0arnkzqnEbiI+MywNpmIah8sj4KHpjGau4EVvDyVB0YGvemHLwrqj9mqX1txPibSB9FfnqT9RiIDb/ZOWC+MD+p6nLwZynXots1rY5Bl7LYiBkO4SwlAVZCwbq/DhgICFkNfab0+n5x2JUhn1q6jHaLGTllFQ0xe58PeXKziSPOrBHzvdBYfxzX1I+Tu8dj5PD7TnFwhmPdJgAkLD5TgjyEIVMFMp6r9/DC43uBN2mVsLcLJgfc1QRnXgNW69Jd7iS8+w5/mPyxmlDroyuLN1rBFcAwQ20kWept0WbpwnL4/4e/E9Hy6RTyGEqA93jA9qSnnCg68ZBzsSfrMjGoEzEyYoxC/D/P3yFozi6ID3L2Afkyra3Cv+UyZ4yfKTCnKy7tQOjhqIdeByW2/phmiRgsVYxBuv+w7GvoxpqUIK3uZvXacusuZZs/hzbXUh5AJxL8BG48Qb4tUtaxNOBTI5AehoPjRCyR/NdAqe/iy+395NSFswdQY1yKNL2JcJQu0VdimcJFJ9jd0QAbKJHEePLlC2fQ7JjPz97SPtJJ06zALlFh/tXdkxoKnScY2Q==
####################
G28SiPuQab7ZMiyerKvMw280apels9J1VBdYOHvqsPgz2oazOETskfchodj9YYMmrlt7aAF0XtV5QUoM5pYHja9SDUl8621qgK26SeGuXH8SLmme/wXh5Ghkx0SBbpPR3Kl4Uw8LP4WMCyDfWX96PKcfQRtGtSRIixaaytbB+t0=
####################
bzMiXoB9HzlhZwFTrvLnEa5Cnq5uuIPSzHgq3shkC3s5/IJY+74uXWmsmaRnGVIZjXR1Wa/a1MluhWhy7xo25PuToWb5g/FL0Xn1dHaHO0SOYy6G6jHSKXr6o39q1Z6h9B5ZYtQoLR18SzOwTKEC2fPXzT14R6WcybFpT1k1soKttddPaIYfio8PK9GX3Ou6X1m9PyzeN4K9maEdLxqZjp85aabY3NWljpj6CXhZnrZxOlGWyRbb0oQdWdULriSg4Nkr+OmjpG3iYnTk1skf7roCajj+e3caf2uHHioulkYUiWrJ9BS/t2mtYRk2e4RAyW8Ru3XSxUHECB+YpCrECPfxlm+ph67CWnObivh+a5CjkZNfehMG2q3nCnxDSFGwQbz3FB/kirXgoXc0BLHK0K5T6lnKmuKaAc1Ok+cytK8Wzt2FQW3f1EJLKTmc2PvnRpsQT4cndO/jG/mBVcF3VAi7xwCyqKPhRU9Vxpsju0g/4yvooxOOwVZJb2eCsdwFSOwsttG2Zhu/+7cTHU6sz0m99mcW/F1NDxs5CO1McOdWLs7YskazbN0yY7x0lVVmw+MXpFU3aGO4U0mmuL3r4WhiVs9lrqXatyitUju457/JHx2OJ1ENCqAWaIC1OTiUvEteWy0B1dzApYWq3uplyglqGlTI/GD0YpMLkzzMEGw0M66LajtqhddXL2LV6EUpn7Tcto81N4Xz3dStwVJM4K1JKkGF2E+g2R0Dp1JikD+gM1VAPQKTSds8ysHr4TB7L3PP0NTOjk7SXt38V/Gxv77w8MTjE/tybMJjdhmrJrpSYyL409Zl0Hqy+0isUsH7S3hOHAhzhx6oLBipzC2GxwcSml6SRC2ako+wDdz/7htuSZsONfem59FEUJ56kzUivDtrwrL1JBdLfsLG43/4NQ==
####################
S6N6tCTDXQcMryndZdJA2UkIoYmTEamB4ocOyGfPw/1iVWXH/gecQADjZZZe04HOZBJPnhNkheuDo7cvf1F2XzTTTFSkREZgvwMTb5F0HkG30QG9KSFHwJiUYwHZO1Km8VL23Zt69uh/iMDaVnM+kuei2/iLZvN7Av6JXui849o=
####################
uukl2102ELVT3hNpSKR02iNp4rwvUNss7OXRiTELWOqUKtka68Axu2AHbJmDpVEAI03e/Be5SYNTsKI1tH3n25IGzRd+gkOzJXBf6wZI7HpVUEw29OOCXryjACSVS6e3BacnvpuZj6uFJaA+2srGnF6WuL5ufuaAIguZhAzQ5WjdgU3TK9TIvZ6VaXAX7ZFM0WPJeq3ayG+0qmc/+aQtC3Au0fNrSV9Th37xWDZDhLnKQQAh4P3vMkaleWGOmL2puP3z4FpTQtnHFwwJTAs0G/9vRVzF1ahJGMVkLcVWfTxHjFJVGQNfrNG1Bb4EHIPhMSYYUL1EwR0yf71CKXYQQb80AXiwvjUoIQwWnO0LIQEUKDssBrJIN5+QLxdAp5cW8yBaHklGrg715eAl/PnGTczSul3KQfGjP4pwqs0x6mQwGGeXtwAizV+XHyjLU3ZUrqpF7QeGAiGcuBmvIxgkUW3ATEeO8n2DbPscRSCf6suPdDZgqWslid4wRMX3HyZHV0SCHYJWzuxyp/ZHCLE0slxYzW1Xz/wjJSgY+VhUCyWDUBo6IW+j5d8BrJ+eyY26JRXJ4jE2irTfNWoOE9IkmzX+cT2yFLux498kxx0co74YxYqsW7jucOnQy1jzydoNkUNJ6G2Fm2OBHztF0xO61dtWD/0qPBheP8ZmnVX32SUY5Z2+Hwg2mvkribPrgq4WKnmqQYt+xwkgolYqdbQDhDZBdfsYeUV8fJr5nQhPQyOJuIiVaXXViGMq9bfoP9eyxGNJupZymLh9cdyUKtBvnULLXeyJPXSp/+h62NkX7+rUPWylWi0XK4/KLZKr3S6jp28qGYVZDq5H0+uZyGVhFmhXlliUDsEDo4nFgvzVpZ+Yr1HP346Jb6NYjOkX0TqiFlGtGoR+dkrWx1S7UFr6cQ==
####################
ynmbV4amyQ0Z+FgMgRazUYIPcLHBoWQIJYU95HsJAVg90L/bMtMmWksO707ZxvcvPpujL81ijosBE089Er52NszxtBujhWuBQRKxmVhsrTj81jfFawgopbg5lV4Xnk0Mi7c8Rm6iFrQDXWF8k7y5Yt+WE3Mr8wOEyGZxZmND3wo=
####################
WERv1gnxFos4i5YsKR0p6g5EJa2vh4dWA9ggu2p3QMOozgaT5HvPEhXvft7hb6/l3f9aVoSRgJVhGzLPVmUckSGapaPAl4R9QgrA27tBTj26dTfUrdmyHMBMpSNGCId/oeqlj2/BO6QJzzcqCtQTRDchtql6wwuwnVn+WuAIFb640ka8ICN7Fgdzxg3pQI13rz4RdQPZ8H9l6r8dAUqTKrHvjVxn3oAaMzFVhNZLrwjooqx0++rb0xYqwFZJ7zoks7we3CoNuKYn1pAr7it3YEaeNgFVWXjhMG03yFwrlXSN5w31kpPszLjSqZct/0QNiGLc4VN23xoFGEAUHE4ZAVHXzXBJfCfVCt5fboP9ZSVxwLXryH+borqAz6gQubCny4sE1x9XSoNdxdMYYXpNK8rguKe+0cfSsb5BxZRcarcKEFO/l8s9vngxcH+hN1TV1eQj95tqmyCQYYYZPYOO+lnzG4ZS9BDRViA2g1rNdAPO00c8c+qhtxZ+IZvmO4ZDcjk6JfFwrp/iyzFMwDtt79NWDEaRlLqIr0IrTF9oc7YFynoV7yY/2YrGXtcbuTQ7VoNlv+C94Xa27Vw23IuRsJrwl/nSECGLTxeCPfBr5IauyYxZk5YZ3RIQe4TuZHhT+0uQ6o6PLfxCmk9SYkJwPZ1LBHJr+ZMtkmWAlSG+ntPbQAtFMf2VzJ8/9vg8CA2TsBN9DxIayO5XETV4XicBdGlafITHmHNp7MdvO4jDFtli0VWwzkCgDSn8OGNq1fm3GhLG3nzgOMV2xNIdraE0nAvsMh6FwW+ShuEk709nvX+2bUxnjhf49ZappqM4LpQzR1WWr+eZtmxAK5V5bhhI1sWTMojYMbUMhljQeFfpqYf1HHgdGSvZSYxynczftqehh4Vrdzgn9EwHh15YnPg5cA==
####################
FZTqey7mXwVlfwdFQ1OCoJOIaJsq9YehOmdWLqQ+80i4fb/ne7IpaFFrMIkerXC/gWR/zhi7eFm+rLCn72Yp+QFkCzsHlXEQ53NzSusTu43DkzSZs/Wpz+DA70XJHcSJ3C4DLxXCn+rGEmpqFh9iX61rrwhMttAxW5i8ZZIXWNU=
####################
YRaWkkH7qNWBvDPTshyizgBp8V1FU35MVxRqC2mb94BWUZI+WP92PTalz7JPVFDuk8/sphvjp6tBpllcF5tjaGuzWysQKZN4iHCYDLEVTOU3iT9u/HOMFHcuh0IRiItP384ep5dV4Y/SVaknak4SdAKzOlCEczJQzEfXedXtLiP/yCwSv9LQ0X/zOK3agyHJ3TqJ7mn8ksBpT+YtZtC3TiPPnAkz1djZTdXuIHbsGXUrlLCVlopXtByrao1VRnVxB0LrMDT35MswPD7+PCsNjrrYbETHZwUaJpRmzmv5ESAYR+Ko7wfFyVo3Q8b6WzluNm95zIPczbkqx5tU5BMewkVY+tDWkezKYi69vsfjK605VbtXeLq+3Fa/JGDtagpklFPALKdVGsWbjNkEyX2IOZPk9LqTp21FeBUq/CowD75JKOqBxY6jMoqCDtKz9kJ8gtB9KsELK+7xk5wrq+B0DqOYMS2sRs8sg6zzeyY/H1X00AyUkUX/YK+hUUNkIIQI2hcPsuAgrVIC1HlWaOYWR3r8dDn++ayG4jFgLQAEKKp8EctXKs9MDG07r82NpfuZkFyN02k+EXWumCJhONM99ZgOUIdEgpOODRB2uFdJWAHDGO3rPx/fGf5Sq4u3ZCN4283DC7EV8LoiWuqL95XOGeVI3j8+X5HBL9QpyibTrWpZaEBozs+00lF9x47u6PSmccEhPwXAdPBH8vM0QVgH1tTgxgtFYXQKz04aYArer8lkCVDI1kiUAvbb85d2HxFnq5YH6x+0d1IEw6SWaV4PHvaLF72o8T5casmJu9hK72Zs2BqEG5M0SmDQOS8h/lYaEfitDuuJPvCDwjvlDF55Pdy/61Uy0+WbKUeqjywV9enfo2Qsz5JEKJQF2hfQld+KkQoeePs3s+7rULiiWrKp4w==
####################
Vcs9AGAykQ9kplQNO4fcWo5IGSpXVUXO56xrDPqimI50RmqgURVP99J1fG2mGEBohyrRQZGshaPpcRc/IcxkaTLvBlVTifaKZZOgmSo84JqGM+ksnVpvWrJ1DcXm3R7l3rVtM8YH3EpRIvzkX2NfvpTg/DFeNKfJCCGP4c1E2Dk=
####################
uS/2M5Agv6klMBhrUhbLjlr7sI6LLjKprXpNJGJ67v6Um1BDC1mt87bXJdvEVwfTCYelQg7MrRsnA2LuM7gpq2fQ82sWG0GA+gam/ufIBg7Bh0ZBFqr/L2NAMoOvvgfLoKNYabEY+/Ij5l23hsTvncoYb1uNv9WRRyy/MJ0FXqSwlW0zF5s5oJ65JV5CM5dj7FBcWBmPux6TgaZ9heZzzzJoz6vXlLAxMBXIEvoh+5o4sO6q/9JcoGZUVZEOdngFDNZlnTnjbD7rb6ieEdBMQSwuUB9pcCusIjMUBRdANB3+g94iOWpWf+3LQPg1NJpYi0zrAYISQ+PkaWChMoUwsQvVBCT3gpQGKoVhV8roC3h0QzB0rxxm3Lt12CyViS8H3Z/T0kOY/SLjjxfRve0ZwfPCgEGsfdl/kxbQ/heBOf923K8H9c9G/pl8WxEn/InDtRcz83gmmapmKIyQhSp8f92Kfcw9jAng28dfhG+ADSSq/rWTzWfgTmF0ao8IKEPiDZl6w0sYlp7aYkqj1jxXbLgQFOpJyvBOoqO9bDLHPi+EaHiW1MoPfPe4ksyvdzWGlstqvXaejhsM5NXxqoFbIDStBwhDveKKXbSipSY7EQwa5k5NtcJ7uZDSjXzqkbR6L6ItbuQSKj5TGOCr+Rj6IxiNtc+47CO6LQLakOFCtqCLMznjcI5pHkQAPQedoi1orzgX9f4EEjjmehQVKL9Mf+EcUyI8k6/9D6wmxtAp5dt3aWekUVfsCzbpJqDqSOqAogZW8unXDs7Qbf+lb5xq7WAFSR3Wu56+bILncAyTleBDR+A64N98upvRllIEYMolK0TuA/M/uHoQdD68ZBE1tos1CX5czcq3YukA5+mgSwP2SH5rlZtNGI6vg0lgfsHFFjH2RzJFnoOGkESfbIzXZQ==
