####################
xcG7ZpBRWDPiU736cH7BVlUxqYLKYbTSN5n4P5d3h6Aslo7K/y7lXGWZxbOyLNSKptGlT0UmA8dQG3HYcAf4sfIIcqu5ydhRr2jSn6hGEf0Ul0kBdspYED+7wi9BV8Z1zEOMDZG42mZf/zFlQBskpTG3OnwRlBIkjOslhFB3y58=
####################
Ipzmkpswq1+Y7bdVfv4AWCc1yy2NKkIaG/7au+Ttbu0Pe5MV9kk+KpD+2KIxCCIFNMCvBXjVK2yXsdR9Q9mucKA5vXzwvTRw/O/koYtdra9W9ZTT0MOUKti8VVpugJSJ8wxTx9W90Fs8+pzcqyYLrPPlkNY2asv2HgO9NSlylo1UVj9ZxkI2dQiDihJHi8MNZjOwqeqqVxa5KgxNa0f1T+h61wUPYl/2JT7tminlToV9N908bsYWAOZEeqIQKRYkBg6tz622PyhFck7zm0+S6q8kD2ix0UI98jwfNnH+brfC90sHa4K50hhA/ZftZSxBNiXknrvfFx/jZeqtr+8CbPbHpxdoHQEHjUTQeswVk7J7SU8Xk1tgqRc/26rfytKTsifoB7Iyf3CSUtfhj0mrB6HQMJqMtnHtYVcwLAoQE7U5wvrKEK0ECsMb1BNdkYi1xdxA2A7dtHJsUPbL2KXwvZi7BSvA73a6sCHvTit4zvOCSnDGN17HhGeFg6FckUInmicOKNDgLyogP2SMKKqiQLOrKd0k7Zl7eKde0lLBOunGVAZkcKrwXoF4JZdBtFFFA5XlkqWc5hHW+L0z5uVF5GtHiLHwP3hKUOZcFEVwOik9gnJrHhmPmCjH9mHef7M8tcH/nDE056h+bjt7+ESkVqSrnWranyVbN1C/imSCe8ALsKzAWpNBkMklU1JIrYU4OVDEaWnUQdHTWyJBXK2ddFfiBmnk7S6Jbefjywi+WNYWzYIpg9kNfwpOktANLj4wSeAGsrsJa7e+TU3mzDRcRs52PbeMrFuvU39MN/QSUVTvsst9kyUXiHrozLCwNRJtbj3P3RvVUb/Fbj9YlXZPatK8Z/szaBr+Op3P4BA9y2TQavi8ir21Y0L8WjTHgeBioGxDBp3ZTNu8ofSf0fxQZQ==
####################
oJXF4hdrPI9Ig7oAK64OLxWwaZJBPjTv6+zQwcn2o5mTEQn0sOlMo6EaiJb9vl/Z5Ig4EfWJY7jmqgRGH9mIZadHjJdaQs8HI/GcYekb38doyYMQmDWi/6v3OGJZlEpzdQ0vCDdF8nDpqFfZQUYWhhWYwG3SXmz+eclRQ5NvyNE=
####################
6KpVzzl3x21Cek6n+BTG3l7qJuutW1WJgYObGPQuXea0pz9Glxl8amS1rsenu0xFsNuL2JGFHPcPlNiLi7onyLa1mzH+dvNPP4mYE+HTOZ3gj/+llIUAEOma3wp/JjUDlehC9CIFUQnr5GgXlKgkb65thTjQ/HCFZJ0u2wqt3itpCab6X86EhgfWurKVd/Wp4Ti6zup0urMThXyggi2F940iXC2Z+1ii/t7o9eLXbsqAJNdppUDQfCIuj3Ap4tkyu4Ki7Gi/zNT3p0moEc0Gbf2mLsTqBFSH3JKeIpOkGP80PjPnu7egG+JkZ4BZgeRdUofUk/iU585kWVyt1oeKyeDLltK7ZC1zgu3uIT+9M3v0oomNpHu+fh8AvfidABOSwmDoCKb5EMhtpWS7dG2lrrpqchvooXB6ku79cRlFSgRp1E+bEVaQLh9wvZFJL06AmEiJBePR05HXnndU8eWJtp1SMl6s5n2d108U633Sph4iCFVS/7ktba2udrdSc4+FsXBsQMy8+HSnA4DoF9VTZ+sIK/z2aCgkqS+ieYMOr4OOlEKk6smdKELXjGfEYHq/Fh10cNoPFmfljqnZmepPnBqxkM0JKYp8J7lo6ge1ikJUxqIXOwyy6LU9y4vlwOE77A7KcGUb/RLpCE214Cr3HGEg29N7XibJ5//DIJ6Axva75VKrVp9Qs1p2pJI341SAlfwaEkLbb4g16m22WNbWcN51rHGYda/zLVhfyiigraENXYztH47kuHfdrin9C1jTdbNwB0EJ0wJQmESg8NbxpsDI3NpNlCNUQzm4X3/Oap8FvYf8LAabzVJ8JL956y5Ylzx7awdIw/rT9GBL0/4WFG+xksfSQ0y/PutdGYhJMivm1aFtqFZYMSNDxGbB6C/ey1eXXyPgRnK7PCEaV8MNSw==
####################
RgBszSlPpw5acm/jfuGzJT6PpIEpBW3Par3pLSpn17OH4ZcvtwezE/mU+uXLtJ+uL3NwTqWGfIbaabeJn39vg99OROAo3Lp067XWkDQAVicbG0AIC4BGX/LlaPO4BhVHqacqw3OuXqKPVPKAtJe1CJzsHQ0GOfF/pGFRlOs8XnE=
####################
1PWb895c5ykIcUYN1zMtzHZXElGegvF+aDB2QwC+m1NR+jbfcGiOu5CItE8DuqtljVVqAtnkstl4tP5KBNcz0toJtbKV1QGZ7DCUr4/N5D+yty7GvbjeHlfVLI6cTCgY4wqhXy26Lse3zg17ScKNYUGEB7ks+Xqrjkh47fFnqjD7P9GK0AHx8ftP7QPwB0y+BVQzKphhVkNlBrZ4aCCHXBgtBf9QirkAXibt934Z4x9itMNQ2XZkw+wOQZDnHgeq1anYHRL8U0i04kO5WdLuRW7uRWzAotUd/FoYAt4+Ii8NuJAaQ8l1VsOtRD1rUCAcba0+OHKeLTg3LjwiWGepWXbfswFTVRNhwgaLDhfpNSkln75Z0PUXx1L4fB4UNCuLn6PsuJ5OmflXOE5FPq5Bc1oFNaE4SbusBhDUHlsd4EYlEVJgqJcNas6wRk9KSxBse83A9NK3khLrJ+7rzt/5MW3qY3ZKia0NZjO3XZC9fWkVIMnL7/QMHHB842uLrIH2Sla9cAsypK4KhMZV3tGc8T1E9TGN+qyKHIZklo3HjEairdFc188JS//ILFi+3aBKu3FHDYaKDgxmnf3Jslu/EVAsxzSjcYI0XWS9FAbIQNTTUcG5ZgNKRP2osFqC3afchFLpZ/uPjtaqtc/HGORRI+d541o4sVSfDGIFVP4izOemV8aJ3wmKpyJ7DE8kGfe9/4SdUwRFrSkasvYvC1NdFOSHHrmpcyR25CFqmaoy1hUXVsyjvWZ4QQ0S9uF3+22LeYXPLVBo7gwJxAVcvSkak0eYecBMb+v5kS/A3XxOq8Y5GOqaBSaRNFtny14XMGEEHBg7HlIpJLsIRsu6zHRcTc87OXGccVCz7xMQ3lsk1utPfl8DbUgQUibVckL0HveoE0AxWI4ZerVwkVl2oN03CQ==
####################
p5SfVPoFJB8kqy4ioll1SXfylPfyicwLUV3h+26+6RqZ9juCtnBSopEeZ8J6Su0ijkrNpygcmalIZ0ai67WNgJTx7kWj0rmF0N9UqgmhjbYh7HxT9FLSlg2HREPrR/HyRVU/nRxH/OViYaxff7f8CBgppZeWsk5VPgDeg/kXJKs=
####################
cvLNrJjmAK5VeyQeO/hL2TIa+u4bk4hbzgLBmsW5xUfQeNKaTfZjAUF1/tOR094hcQab+G10GlCfaYtyLmWfTh9V1VhX9qtWnZrxFMKkJWLpDQHAa+yEsuIAyIKHQhxRjyeBJBP0DlLQjiXILUafuFyV8DVe+4s67t6bJXWexVOIT5Dre/Wjd3vDA7MJ2ODl6debWovCQM9Z7NvXRrr/q+BFVlKDIfD8o4yy4n2/gDDrfTF11uiF9PUA8PcW/QEcZO4LAP4Tj8h3FLhdMeXuRi4DHeDasjVluxqAxOvCeYJgCpI2MI9dkwcLkVHjL4Mwxhlby9ZESqCiOrq7EsdUUO3KWHZhkD4VhXL9u8NzO+7KVauMoWq9srkHVsdoYOkRVQg0Px0AUoFtAkTOuWskb9ocKZBfPvGcUf1j4G5XZTk4DIk83hCGAcoUg9NaHeyl5DN9TVD+FkCliyX+sicHTiAJ7FjaKbLbtaXeU3anaZSUpCTvfXoIQ1qixj4yrtnO08g/lOF383Pd/IdSQ0GMqJr8lGbTYHOIllmbTSWy61Anj9WN4jQ2ImaKIrmKexN4WSvQAyin1dnikJqQWmf/wVEupL3ihoiuYlOiGC7fOARbifisPOmvnY0/OtOIjsfikjktVdAJe9cMYYtL7+y2aOV21e9NRLLeQFrT17ZzmfUK8BuWzaU6NOIYQZ1T2t/xDjNXG+oVsAkocaCL1EpCVieoCDKqag3e9PrD1qew05Scmlx4yLyQrQ8DTduc8f+78f59TfXHosVOdt3T2bg+jYwl1UpHKGUxC0owNDamXkO8lmPxwtbq+2UOItmHC2ARxjEtWsK2bGp046DE3Kb+AjAd3+hHrbiI40/HkiYdXVybW1gIvsMkb/+gisnd54cbWXmwAxoVcbyVVRPhRaWMqQ==
####################
LirldUv9NDrtIrpj48Hau8PMZqye1ISm7gtlwC421sigj+sfNlWIj2yzeSXzQa1vc6KK3QTSSgbx775nFLveeOgqR2W2mCCoBzHqrRyfg1yFwcL0oVmygrGEpqjab/C2EkEfQmB5VzmeM8OEGSJTskLnUZh+SC65K8JtvZ67t00=
####################
MqqBe+nvD6Z4gjFgQBpGaReSAVEvt8dxqvqEU1T6+xesSSQyQOSF2SxjMyhD2JGrsBc+h1FQKuKmHYtTgCWEQA2gEGqnHUxFFi5T8Yov4ZRsUyAT6EF+W2LseaAMXZWAMQXF/lKvM9hJ3I7xwyaaadD5T9czBamg0Ezn+JBhwtAJr5BGLYvSnuli6rWjNqcu0P7dqkMPHGn4kO0WrKI6V8e+2gQ4t7u2HZthpzpPLnqlf+EvsYzJcdu3FPZDZp98QIMwZ5ChfKF7H5jdQnU2A4H93AaScMbHjx63+ydcInYc20GIYaDU7nTLUuhnlgxeCgg2+l697izCWVKdPs3u3bEDuojDf7AJefTafwepCanHgjhT6eruTwurXrINZdxIZ3fx1Y4XYt/g2wne6O980UV4S9/9/1TlzMrGq9Tsf2STgbPEuqjRngu/6r6W3l6uma2xfUL1j1aLjLS4b0PvayIFakQvaqDPB5nU3qFllbvis+h+rD5i7uzHioO6mhqmPnqBZmNqOX6KT/h47qrqLpmgjQq6qLj9fGWkEBtFO6jtiTlnmes7ICGKSC6X9P6AO/SCKEYu5wSFpOoygyf4QTITQ6PfaIjRIpAgWytWugOhcSjkVFu6V9SwzphfB8cYXaxWljyiP08hEE0mGlLEfBYT+qUKhPhJmNs0aedRNX3RSFX4zU2No1ivm6gi1esaby3EZuJBsriTpG1Jdv9z7v77Yf9P0JuNPzYx8QBFZqtZ0To02+ROJ/NNYZlDaNy0uhFclA5nvrSURAQ/8QeYvEUf0b8olZlm3ZtToXtSDQjMfBzHCrHNwWURmWLcpv2n5mNXTw65sTIGX5/b9D1wnnqjp3eWsWbJmdXG65+EC3lGti2zdFsjCYAxmoL1b+3dMFJeWZuZ7k+EQC0FkEzhGA==
####################
Mnsx15FN1fpbfM5bcqklAQR8sboClDbd5U0OU415AgXXdl2rW9GzB6+I7wekNpzXhdCikrZH68rE2rXNshS/a390KwEiixRIag5sWAViRx9v8QMFPzSfGY4NEc1OV9pKyQ9tTsUz9SYqWbnYvDO7B1NcJRHy6TC/LvKA7OeOKls=
####################
K9buFB2j8+k4Us02YlfiugNzrrtAci9tgWMpKRnaBQW2PigJLXCuksxkE1OEGLFvivERO+mDrwp8e38RdBja2X4Km32NiofbRBUcOeawAprTaQ4CIvYsorwfFPRhi7NwrrfxqCIvCTD5r9EYBDE32keQfkIdAYM9GSp7StUQg4qXAPpSgfWbiL0eTA2f4MSBiAt644odRyta6P2l3d5EoCeG+sSdqQyMAuJKFgvoA0pMzfl/12IM90mBVzuzBqWLCXTB8EfUCtbui6uAQDcuB7kXqxa/fCb1OYQ8GwywbDj0oOMHAQRBzkfPjbTmeEtb07bGVJMrdcRBDDe8afKeGENC+F3uYx5QzbpM8J0E1MUOSeGTvnSFy4fnJ5bHWyuop9sU4gRAgxP8DJkwoZWHeGFzCrckYwXCHWcAukZGynQMb3Nq4XO8H/HaSYzF3HivB3nMvVsroSiFMU2d9QIyxvcLYuww22uC5pRCaRi1sicn5J42Q8mdMC6xdZ3XHrbdtbqAAlXbVmHMjCtHcW8hmkSgHKBWF+EHybNsr2xohttgHwRrpvkuB5TLbFKaVed2cfcOJygylCAslf8RzSb1lVXgX0LrOJosHy4WjSoZs7KbQdCWAhjNBYYeZKeBiBAQO6wkUWrmsvcXKMfR8EduBy0cclM1v++5C2efH3w8cPn3kbSVSndRox3vhrap/t04OOh/2YAcmsOf7Pf4rjNUj/IF4nxIXiPaiGZfmnwhmQNCufY99rlPhDgctlKI4FU9r78UVwcoJf+IOW0dkzQuh7pQVOUOn/YwCT2Ir6MoMgMQottRr5xSVPBrY1Z7PTSBP0gZKpSbXxyymqh17wYesjn/29aI/NzXJg6cpHFde6LSb7gcb0n+hmghEccz5HC8Env8+5Aj4jnRC3mMmbyDZg==
####################
CDF/Y7wk2Zy1smyvN5QRGzmGOpOoazHvk9eV5irlHRfLtCxOOhiP+XGSif+KCgiS+iFDjlMg8Nd1N6LFsPTt+lVxnpuxbjYsqbcdWyzSDVNKfadxlGOmxOjiyygNzVPWLtB0LBK0LR2EDykrNYN7pNowVvvvvRc/XGJqgBa+b5I=
####################
YRFy92gXTHmWUhdNnlrzLx0AP7clPfrSUxt3hpWKM8xi5v3M4UNt/IHdI4GRqBHX13Nc84UR9jxeUzvYlXmNoQDz/mj/32cKJ78VRvC2sXHXkalzKsIKpibCKqnjpKkMxknHp/n5e9i6tp/Vc9xiTAL5h1qziuhKfQauP1ePmgaFvYAllfA354M/Kyc8q0vBR4785FBfMuceXb5wfSRDS4rf0oWj6inM4pLtYvqjBlQ9XH1QD8AU4zVf9Zg+pnL2oSDWOw00kz2f7IiMBcG+1FAD7FHlSH/gevLwkmfxZ/mj2fHXD8a1mqdDhYj4LvnyLBpjLejuGp4bc29x3Yr4atT2p+CwHKrHoV1p2JGoy62zCxtKnEXdzsgWzTgH0DwiHXuwip810rQ3FAYCFswKdTLhaQhnTwyUoI+FBvA4+kmSLj9xiJOebdaCesq+Sd/KGqavoW/K8lsDGjTyiPJs27CATvxxZMcDXEk+YfIu43rCCQ3+CI2qyMWb53xduc7hGgKm54xZPd1ixxopNtzCkr/FT6C2k78ZHFj8NhuUU/p9z+jjj0I58luZfF0ZES6p8zO5fiEWQFhCMpmG106WBx4KMp3i2c/HxrkBLUcyrqx5S5yFQUScQS94EyNcLyRobYX2AlP0pb51F1k0goQ82h+3mlfXgWbYX4M7dVJQFrgWHsB7l3fNW3l2l9Ng72ZUfWC6DLz2ExOsJBIXS9FGQPFIPcUE8i1WbdQCTSdo8rhnqV4z3KBkCW5VwGs4Mm6Z6zJg6owzloErvDRREZJAPPVF+Kr3DS/F7oIKnHGTCfIPUgKfMh4S4mXj1cmZyGzz6Pr6IwBAdi6EXlRHKbvvAzY1vq3Aq8U/CpcrL/L/kGN+531rHWjVRoc3lZ5YB9BMiC3eoSyG993w5XUkcKKxPw==
####################
OdS9ny9eTmQp9U6YiNUSCrE/cdGLDOxugRLX32HvfFGnge1oFge4bH3UMN/oT/6/xt112Xnd1wBeTJkJIOOWFSVJ/kY+RWGVufxakNu+83UCpcmlPGL6XIWpLmWBntDpdaXsT6JYIWSxyEMRIs+nIgbF2dWsEUocCPB0nkgZuFc=
####################
XYkr+3h53Pat7hSX3/CJedRYnmqBTudOQ8G3Si94CUJfLMYlSut3Get8c6K2N3UmoHl/pfoDoE/OV8wNqqWm7xOx2gTzwxKWi8WCEmdJ5EAjZutlaPKTT1a3L/8JMluD69iwPR5TdmZZO5wrGn9pENP0szJQpT32b6aYoBJWBRXkPNlcZuPYoVEPTmbLpwlYIDdn0I55EI5PtGwijqbSszizngeUwZwhTITWa0VVXNwweHyB+QnYHPi8XQQJ4wQWlIBqQkuZa2j4/27VLDdaOZDAQULZpPUB1DGQP++iSer2+fcNYeXe7GNZxXxJkjKcRS9kKJzl5TTGD/WoOf6Pb+R3SjBbf1vn28tdZEnBUtMZHHMjTRTf3Gg5iag3I6pICt85WZW2q5p9ICyNwXiYDd1c8x4Ezm3y/lPuXB9gV0TTTXQFq82yoC0a42DkoV43Rn8XFCsNpnFP4fSYx0K38NEbLpd6KjF0T/ocjdzDUEOGlMMwosWkrHTzId4sT+m+J0XW4fYFKOrBhK5f8HYRoho5YFEG8nBOKM8JvjoDN8celq78uAedVZNyl5lLkzzym1Bp9WoOY6I9F2Mh3iu6UzjMDLnjWH2fBMmrZEhRF1Kws55JdEFOG24RdkxOa0IMlyDWxSGhr+KXDEz6AOzdatIlq/nyeYMPasmzZy2n1JvSN8TZoFzO1DVzsmilLu2gARGHS88dYuvioZj5v9zB/RMo1qJFTUN3MtTB/g/qn/hrmWuHmsh63x4vCNtU9bIg3aF1CyuIYf3JY3eB45TrdYyZQEpxFQNnw6rX7xGH0m8cQAZOOVjdltJT0KJhQfc3iyDOvGzcT9jNyZaaVoggpfNkTaLQaCOsL4tkhKwMhfUHZJfY6K8rLR8uGxKDaTgJaGH/LpZ4iVV6YgSIFFI1xA==
####################
nIsDB0eWqd0UEzrj17rTiNHB5c/bRr+jNpm6bndv+87NG2qGaojRXIxF2+wZvaIQRRywCLmhOXbQfGoHBP2CPP6L7Md1rUX4RJLeGWxyj2WB/zY359cnsCX+8chwTFCxQlZz6zYFQBS1N2KQlkOWW22WpOP7vXvr4iHTH2fkE3A=
####################
gLBMkH7TJB2vvLpJQlWN5aolmDDgBA2jfYC5EeiZKIqZ05zyRvcjw8vT20VLQmHAoI3CV+iC2Q60A5cP38chnwFSQlltyav06al1/61tskfLyPFf0AEOn7ocZIQNI5xRdy8HuKqdnNclURktzcX9bx/KMbrZaNyoslQTaFbVuLY5LOf1OFKlCWOAyazZPX2EQMvWRrbyTMeLi/7Ba89LEeaVoYfe9SmcsV0YasvEjkz8O4/9nB7Myr/g8t00L/KYQL6cMx629SZRwenHiVYYUZepdkVZxqCxlspAafA2OfS67mo6eD2sukkXb2CQmBDOJLTO3cTA7ssVxGw3oYf3MWsSK6+W7oKDbBEovAmxmr8hYUvxIw9IO1i+GBbCJRCw+rTYSm5iso9dTJ3hprs2Yu/AYf6MBlsDrNq7XLOWmvvCL3y6vZMHr/AceIDEcD/Pp/N6D05RcefEziO0hzsxIqOdMWhUyYWircg+/6xBzF/tdot6YWdu7v003Ihh9VF6vesofMSJ/7J6T12FsHB57pudVmPxL5HrAVDliRxwKJ0uvDqpNWdzYp72u/uUsKZ7v6vGc4Pi6OnAEionc1kLTC+i2qWfTWtl4ShuYDzptcunn5xyW2RTebakJFM82T8B7gZHPHdwlcj3Ei2SAy/+yy63d0jlTEsm5DD8y0lPSeF9xqYLOcNzhLxEyoUaA7us9nZtjnbzvARtfYji2mIicJXAr5ed1xOjsIdCOTVgLLfBC9RfNB3nWnWPI4jpiVa5ZOLp3GdCNlpJB55696w9e2FNF7sKmeQw7SDPfcdxGr8IULJeptXTF2ddVOKeD4BJKs5jRMa7L7Tfvl2O6LeYdu1H/B4gZiM62p26mVxKrFIMm3VM6mA1YkXXat/wC5x5sQuqfDQENZbL0SFyLUabVA==
####################
B4RxbLK1+PVGBdc24EHRh1aJ4gx0E790Egpk43Nnw+LzuixjoZwp2F3Zm+Rr9qcJi9dYSF0JTK/IrvSyFFyJNvUx/ud4k31CDfrMzWEuOHWuCzUuG+1BK5TcA1nOML6KHzk14Qd2pCTzM14K641s5QWgPwW/lUvryIe9q85Sr2k=
####################
hwJWTzDbTkAKbcUzAKfTA5NlkRY2jbTGqHVW6GjI2xe2KrKStgoXt0UMftPlA7wuz9ruoKfd9s83YPmpIr31yWgHA9r9TWIjxMCceAGZ1R99W6EoxLRfX+yEX6Yf2ah4RIfYoRQ02zpk21rvrnP9XYYZsY9a7OKR16qXZuLX8S9+F20HV3q+Ln7oQHswyHbhmvkZHoRXEtyTJ3/e7knJM26ec4rYOClh5cv6Mkv4Ux0vOxhgR+815SFcUETfjCQfzVEGEIpy7Eo5GzjK160NO3DXFl79ff4NWbFqFO+YtBdACpQAkvcG3t6c1UdayNdk47tS9HWyndnMG2rpaUUY8x+3f0PXkQ53DeB/+wumdaX/VqvYAXsvOVtUnk2pIHqG57QBTl124VEu4dU1ks6Z1u75bgyImZedRo7GuzbHfKeO347VlAjzrk8/cMv9gCk4QmJ3qIU1E2V3nf2FFQNq6EFqEl8iVGsgEQi076XnfvM0utB+1ferg7k2pZCUxHP4gFvIz/8KGfcOikN2d2utIc5g5RuRoizY5D7U0AxIu18dsyFYwMz6/CiLQ3q85m04nvKu+Wgpys+FLCvrLRa0qHT0p3vRYz5vuJ3ObILrRYVbVzTnVKGjnLQRxL0NIOnLdKio6xdFzGaih2lxNWbFK69/apuuJXfXb49I8GCceXCWnlwoJHRHELbUvsej6YAjZBC0jHkYvqcO5P7C7CQLQp6IneX7HUv752xdssS0piHpoGbLjIryES7o1D4Y2C4DQVJRcuBl8uSwVaBD8+3OyJjf1OoClWANJZ5T3Y9QNArJVh2G7ZtsUtnUJ6zZTWGvklS+qSqImCaw7q3EEnLSEdQ16QrWY51ovH0aX4ve5I4flxi3yrLjpADMu6qbCknzwh4+/xu5rlWHNozLXWsbtQ==
####################
E4Y7K+yx50QLapd9WEqhR3RRQSM/XF9N60s2Qk/KhNanUR8mKXmsjaIiL/jeXNx1yypyWJWN/jnAfmchzwmIbVPkA3QMz+iqnj16wBdwx6RPARmDnlFIkNWEdCkB7MI/B1vyHZ5u2c6rHnVBwkoMIqvGiTSBKRd9zTHjXK1UUtY=
####################
GjBLzNuYy9s60vDbf0VKOS2l4X7FPKaZW1c2bXGdpV/aRjF0cRGPDnOuct2R26XCzpCOVVusPwZPjUVatWcGQXynoXvJa3j8Z20wS53fXLePehbNJSPV34CESywZqN4xZaDgnFKymuUN9IaRfBhzgEDT8BdTBU6C7S3Uf2BUsqmOBojrBMxrfv+koL1smllAE0mqMK1LdtlpRzos0509GQyocweMu2p46Kxreaq5cBKbDM4DgLPtvp0wSFhlaguj/t8uZlG2v2sPHlQqNxkd2qe76oOLgoylQKx2367vlFvpNSByYvYJieqBB3LcEVGR6qJ8/Xnl36aGwwEZVSlelz6kQJLl4z7LCFvPM56GCMVL4nxlH+0c8fd4KcMbM0DdOx1NbdMuFpBeB6fByPmECcH9KGsRG39YvODy2zMizIxiHAgmY9+FXwGHOA9DeZKhF7kPfkina6vHLFhmPS24gmcDn9dkER07c9YN7HM56IYKoMod/WZMAoKtGQv18Kq0Gx/JeZCL92GZBgQ5x6QqYKgOuzXZ8syYM0ypTpvxzojwscfZDsCO8sgvwTI0U40RHkQpp3jFXqoRHafWuruJHHibJcwihsnmtCgRVfWBH7A/j6VJlGOqR6tyunQbGirUSb1C6yIpEQ6wasHj0ixYklz12GbPUXsaKkD4JYSMXQPPPVJjuN0Mcis0Vaj3hVJLN8DaN7SDLpGNSmsoVXYT0982w/OWRYcNWBWdA+TIP0FywE0bGL51eHtAnKTYnBE5P4kkAVBv5qyHULJnl9s8tFtmFJ3mnu/j6v7LY+sz/sNWHclcXRUantBZsHXusPo6iOAN0jxPxDzmHGjOB7yO3yVEgpseYOSs3cvmf4LmcgnajqXMBDBXl03osPB3ICWdvUtaOGMKlFNNRJi29+lC7g==
####################
cDUMKUONlIg+XjF9OiA9uEMjG4cp6vek6oGuq028nDnMKnNPNj1FGY+NBium6NtGZ5k8n5QkvB9MJTLZVk9/x63+Maqw0q70vcn62jvA8t5UWrWDa8guu5xoWbJHjE3LgLdX4CF6JXnOHUqDt8rT9OoCorNwKbThjknC2Apmllg=
####################
v5TRiriMblNoz5SQeTxx9QARII9NF/yGwIMEnCpTkPUdh7RtW5y20A/sN+E6Hcau31btYb9ykMUKQp5yEq+OOHWQwMmNlAAtP08urzlR4EYq22hlSSjdC3R4b5p7O1sAf6sLuy1MpuXFi5F1PJ7X7bmK52lEpNTjVsI/I4tGpOaI1463L+MacumNufi0RGK+hvkvnNLugnmo6mdKhDmEhCntrOZtskAeUwuvDF+QUkb4sm1CW5rwWG+ekbEnNCGp7LLzFWo8EgEQhKDceWJZRj72b5WWh113QpJDtbCCzwk0NQC7C4tTpPTpF11dndfYJanNrZXK1QxsxMeQbZyk+8vSiP79EehoU5peKiUBBP+gViJuxxiYjhoUyknIgLOssZX0LfPJfLbLg3LInU3fFPp3fTBoP0+ijkOWctT9pBZnOqLKqvx1dJX2Bs6WXOiV4ROej0nPEzWGASAeWyMdkTNFLf1wqaJm6s+tVcpnJr8n/5XAIvuHe02AkC7Lf9QGtyBLTNOqd3YXHkDgj6zBFLJH7sYnoFYy+KsV42JxB1iNALwU5ijHtBNdf/n6kt9cVt1iLcVxmOmJDYS4E9ls+CdhW44BYRuc7llYqUSiLhjPD0Z13DfVXUJasuISxlEsgBM7phBBaXnApnEqqHYlCyvZetn/TyLCDLAoP3rZgoSMv/2eA7HZXw0VIz0xRBiPjDIT/hHS4yarKFdmaOB95hOB7ecaDRXWGLAdYi6gvntSf92LYPTKH6HVm23FZjl2YwAH0brfWLWSK1220W0DAKsY/r25rktVdW5Ov5emFjv+cPF03klni9U5q1LU3Df7pHxLjF3/YzSAf7JxMpJJWNWH4Zl4oJLaE1AUMt1CPstiVlTLw2IWkW4dGc1R9sWAcK7Bv7Y4plUuzeTbN3VTdw==
####################
oIrQYg1Aw05EqEPuEOxSCyLaDDJWfCqOtTlYgDvnq1fPESVpg6fw4LlYn8IyDXGgxE+5DbbyiFj9/7avU7brexrwaUNTYZP7uuBvA8UshfqlhjFADwfq5RJwIhu6y8QxA77zNNuQ0mDqEgdl5zmcga5Cr+EMauFSySVhOl2ggUI=
####################
DRqaAL5G19BfClA1ZxoBR7x/fGB9f0axlpXa3II/BKIfGWQndUzkhJmW7E7ghq5VJx6EizJ79mTTmC5dvXeeIU5JKWz0ajqM/h1Y7uQF/e5cFS4Roz3uTQDFYo4YPCOpXm77N1w7jWMo6JyebErC9TUiCK7rFyLprXcwKlFtXPVNkmpdz3Nr3gHYxN4RrMlLCE81NRY0Ji9PJeB60C3iSrsn4sA21A0SmXnerqatPywMTd2hxzaGqO2t+8PDQxSunhfgT+mcumxMTlMGxoMcTelBO6JL8wUThMDZJl0ps0ngCq+8JXfkBW8vRBTnSuOAfwkQiCCHYm88p7DIPcLVPDpTRB9tk3iiR+rv8LdprNbq3opWogYMrJORPEK8ExbjeJE+k4RX4CsE1er5JhWPS/OY8krAp34jJoASG0LBlZOrYlNkN7FCpdzhk6HWAdwvmZKbteAKnd+LksAfur1v84/8ikHshjCp//C2tS/X26dFWWr+uOooZYszHqLit21XiOzfwzj1yZkcx3NXQv9PhZT6Tl3D39T8gUcXQUuXfkWU8nbFP4cE+I8mVUy4V0YpycFxA7ENAAjI1DD0tRuxIcNjXUSLa4YiOPohEQ3WBv9VmAvcbVboFY+YsXslqOcySiEnHvN8K9Y0+WP2+3MgdGSb+5x7ha4bb1lP7pX739jqVo3350iKtrX0yINZwaT8gsMhgB4ci+IZba84LUXpT0qmwuBaAYnTZ3WQO7ze64y62uuGKEmCCPazrcdtwfyQjEfsuZIg50cHsVNBsPTesYEh4aqOGbWC2LO+9wmhiWOA+F+do82DQi9W5gXXe1FMJXxsO/xYqNXFMfWc00GzcMo0J71ExNgHeAi8RmZmeLDzMysWMMVFmbMjqxi0mHwdYzloXZEfdctjWasv/zcctA==
####################
xCFEJmPfwW3i2zsKcd+rkvwUBfp8bCs765zuL1/iyrXAD+OlVSWU8Wg/N61RJnTIV9bPsCGgGBNasi6FPHCc+xPZZEgKNmgsANrjlxvyoFjnlyNExTSJALWezfaLViS8P7FCe7unMp2+yJSmGUZNYHonPbkk8Tap8JcHeOv5/t0=
####################
XBORrKcE4oAXuI4iGLp2ofnZgcvLb8S40ob/8ISxUUrFTCkkWgYxvqEc4xkzKUal3gdXV0CkjKhYBhStqP4NBYW6h8c4MmQiAqUG31P/SWkDildcZ752jRQ1uO0TQT7MXR7gQdtdqDi69P8h/qgs+oF9UvkIPxSV+2wQiXuQiO5j+Y+MTkQd4uzCQmgWCxyQnNifoPI6M0eU8cJQOeUr9zQ4v0W6baDwnHDkXgWoH///HI3akKl9Rz3jZDOnOrJ20J2iycR2RiVt5imQFmtUi2ARnhNOQQi3D423K81uQ2z3+eghL+vR61StfbwFrW2a49vXcc8FVCLghuGTxN5ALheaMjzu7F66iWnnFmRQhALPbGoWnlBy6sxKK9XxVQ3G9abhDeh0oEtIkusvM85ShNa9iokZ9YsYwlUVdmzck9G1D8LfZxzZKr1KeOrO9vDyTFk0xgvDfoqWVoLRsq3erInX3TVXWeGIqZd5hISE0LNuJGc0pe1omCweZQhdNosjjtOWw1PMGLWrMtj6QP+e/0xoZMqO8RlgOmfV9hY40nXvUvbWvbXZsEGXHeGB/1oCh2lbDwH7trPtAv+X5ObJp6kwnDdo/umBrjwcPe+9+sS5s61JKma8FqA8IdOCxEYeXKZr2Z1vxgg8wm4NkNfwUfZEnttwZDIo4iqya7zG7c4KEiCmxZtPr2KLtpLDERALmkPm9/atQJ4m+TyBjYvLWAs+Sx1/3DAqGeHKUOgSp2IpqAWd/iDMh5lNqzO3y0slaVIZD+cOMaH9AU3Xxj5jGJj3IBAnmC6u5jnZZIFmcJb5U2XfVTtFgGqo2tr3f+ad0NuP8P8H1NTJu165V+WF+Ej0gl06zp5n0OzypI/+PdCqSQs98rwjqKpvNFqFEn9U8qVJiL0Q/iYZqa1HjbmXQQ==
####################
wX903WqsHuAUqludV6+ibl7xwWFWciF2yD1UDpor9QTr8+iQPylEB/lItIudSsxYUrdNl9HIaN+0cWjpEIWtpAEAD0rRsU5Tno6Ai+V9Alh3WzlCC0Jhx9TeXtktHWtbGuJ29kCywGweVB2Mo1ypCls+jMtHxFqOzCiJoFKKPqs=
####################
mwVQmkkLSFgxPGRDnGkWsfiDhGkELueBwYX79kovjJ8gR4OGF9yeelUha8dCpG4R1yw2NkkvGtMR12Pt9yK1FOFHvqHr44Ti4N6a8MQC/3gy6G9i6CUPyAWK4Dbyf3mzQbYE1WivgevqGy8RIQIUK2j7aTM8ZruOTdxR6BZ++XF96o8hJkvrKBpNr0NVyPF8dxvblmmjx04gO+Sb4j6CKM9eIqD5beyXa9nWP1T7MCn7HXL/sncW5x0UT4YG/G1td79ieZqGZJBlo8bN0lwH3vMxRRcni0QhFgeBtw+bVH6DEXVXCftQue7rPdvNc0u20U5QEWedPrXixSkHgn77PH8vMxQemgPiChkpScq1qphJ69gZgCIkIcMl4Avofm81CJ76HLWxUIKDU7rEpLqWOl6rflwo6YCHEws3ZiZxGRCpXcovFndAclqfFXMk0DX5l/K6BoJmVifYthN7pgVppeUlNTXoCas9bGY9nIAJBv0D4qTQONGUth1qeEG8lP9fQykN1MPMCuyomJ8+N9SMMF7klrmDv6UQrfqDG2xwdsqJ05GLC4JZx2OenXoOKix4aAQvvsRJht9mggdWn9Ai8R858jFkknqRsavLUu8YTd06EMpCe6CYL4xFILYV3+4gfbcvl6DNUISY6srZLjZi7sBAh/b/Xojp5y/Dmt2KcLzWJAFoVrL8k7F4QTKz/8NW/M5a5xeP5iD/RcOTM6SfO4B4TfoJnBkgntNUWYcKD70tEZ4yKEfaTVaMtQsuWdtRW8dCFnLJQ5lNfZHVjoAIowx3BuzV0zFeiCUYnmYyyAiN8NuhGiOCqPYfhZmEdphlt+DsqX+bRQBo+zP5bfmDyd9/qLjKKU+MQjjRf0CQV6QUoB0Gi2DhgOQaxXN6AHGyHmc9jQdF9V0teE6OtTat6g==
####################
SYQj987k3Zpug662mzoaGMD+9R5NVhVvjov6kNQ2+ulXO/Ih9Cq8Es2f+NDpueAYYhOMPPDzf/kPmcdXbXPOFOdTlJ2Y09fbIGw4GlZ0lN9v406kyv04DOkulGd1o9O4gl3lvbnqV7F3RCNr8p8wsPdK+qUx4ZKe0j1WzMVIZrg=
####################
AZRHIhPdX2yDNFTr9kMxgU1/4AMwAMOWhO1rHR4K5He3w0cZb1AFhbu3oMbhLTsSZdjQL9bJ5WfFNJE6HJKeOU3zsZPCkB3V3XAbtczgrNL20QTGAoeAqMrkcGapooHlvpHFnlyhSbunQrkWQpLm1E0vd3NLViKH5kHDBLo1hWlUVrT51JD5p0yQaZnqMnfvQ34xFrhm7JY78jswzJdtyuvbbsdeTNTGzcJOPr+oWKRAGlOMebJCxQHhHd/IA305INZVPJqoMVaspFTucXHbFlHFjdns8UzveO4siphXAdLjrxZoKYX3hp9uMfg1emMibjFkSxGuO00kL0Ea75n7xM+kjLnQxQy6RTz5/+yO0ztxnjo2HgcwV/lN22fmRLH3Qj8n+tp2KtAvbZVXp6TZd9pES0TqORq1+Lm4zWwqHSVYDOV00NLMAB1tGOpbKE0ndSs7VckqRewRsEgqnlMyGIEy9G0BYWUq1h04JS/sBuCKqx+W5F0NPkjnLOCYxnnAmEkzpAsRNcdVg0IulNNK4GmZXATMDP6h1qUjEJeCnn9ewlp2seStvfAvry3Jm5r+ZHZ0RiWarOeUQF9Jm+Pc+RJq8niEMHKfWnWtGkpdFDzY5c/JJVm3NxIg8JNUPsWWpipfniOmIkZ1IxoCYA8vq5/2PUqNiZIFJIYgDdthTetrYnJQLeeSFjuKr880hjWqam0L+1Aaq7Gz+vws7KYVQjjN4zPrFbwZb16F/0ws7PiIitdctlTxkpODLpyldRc65y1hXT1jbn/5H3Wl9MCTjgJzcEddvzNPR6n4Ju3Xh0QVMFhcJPQFdkH7bKWI4TxSJtaBmarXCVVVAoa5Vo13MT381BTm36+7FPjaU4FqFo7tUo1NxtfY1GpuqfCyCtoKIUJx8FzWkRnhxVIOz2Nydg==
####################
e04tR7S0Q2aDHVsmjb8lnn1XAQ5ftvYCDnf31KPqGS69AphAkJUjb8VM329CV0lCTv4uQ5cxpccxfzbCOhhbEyGZ4hmgwiMLrLNGasyTkFXbfO2+RC5Wh8MluwzSHh65HbHl8sCItOxwi4zo7xvxmqnJ7TWBaVYTSk5Rp0kpOgM=
####################
L/ycZDzo6dcabvQlPtslLKnWkWq0k+ufWh+hMokF3LGNhVgZygizfe2Xias3A9Ei39mLl7FQVFpvjDolYUYoxHw7q1cDJTuu1RDk5Pv3dcDUqROn1Lq1h2ZvpviM/Uc7mU+95e4ENCOxDg96Ex1/saFCWToPxURoDH6MvW5UaDED1yw5d5Jkic37b7l7mI51S48t1Fudxmi3pt31NNsGqGmvvd8+D6+BjNrvtzLLB8OFdAoKrrkM2IPo97nsXX+WPGKD9XA7c7XaoPnySzfxg1gE1xwkBqMBPeSEjh+wCMQKSAcrfAXLEF04sQaVhcUHDT7P3T633DdBh5GNMft1/YQ8VWCY/3gXCZsg/k6Y2DGWcm8msxmlFLUGkJZO/fvEsUwqL9YadcxCh8gTAdRtVMQjpWMrH+geHhl+dhhD3l4pUwz15wqyReC5XlA7LZS8iJlVVIr90IMoIs6BWnvyonVF+ccz4tU/eJZU3TmBNIAQKoT8FhObmmtBxYolGiP9ej8MiRb6pkaUnb8fiE96/21plyyWcTD7Wt7cbhWM2F9evC+3fb/RY7h0tHhmXpSTEyWfoZn6C0Mg2ByrMv2GvQCwi6mmIqNk8JwzjJbvSQktu8ezASHfztCPWaGdCl7v09i/oIKHu1vQVbpihJwgpo73a70a6jq7Fzfgmz/iKwhsXFQs4OQmEno+dyoTpa+6zZ2MDnR0Gv0zd6WUSccUULG3ubJPfcuo8Yq7HS9uzT2eJadz7ijYhiDgVDIOV6X52CQIjMLLTpyPum0vDZ+/KwEk8y6l4l3VZltdFtAoa4SU9axvqQdaRQNrE8qjSLViCvczxWns/0nCKwki7JL1SySIX8SJcMeKDYPyMs4tDdyLXWVA9bwnta5Yg9yYAJw/rbeD6KJgMu7ai7f1AAQIJA==
####################
nD/oNw+SF75E3jTWul826dFcPJVACgFnYyI9I01BSf098WcmeEPss7YWPaIPg8g7xbAGs/3IRemYE70xXmestJIawXijz72UrYCI1goXDrJRdKujDg0jlf2YMy5386VMtsFnECVd8i8ieM0vZz4lu30QWHFbHOxfj1XJQ13LEBs=
####################
Gwgl95yXxrvCqozB4UpuDZybqfbHudDHM8qEzOqtP+3T7lQrQolo2v7VF3JfNOOD0jsGHrS+n4c1SgXLT3ofwNT+hg8Hx5DzU/In0g5yzHPDaGMlmrICV1V9oUWxfv3CElFZvMJmY+bj0mk4ySFfuP1Qkjm5lUdW2Q0RfoboE0A6xDPoVCgDZDaAojoLHwiZpJUY/EuIm3xlhbpdy9Kf8k8F4y5qtXTROIsudv7hf/zPeuEbs4KU2Axv/UPz6xHx9ThmJricz2TBXj/6WJmTX8Ch5gYI0G4YqxVtvZrxUxvlQlXjKVBN0ue8EHEsjrCp6jXN456kV4ubTL3lP7ILcZgYcfj5dYgKswiIu19nVwlgTEwOLX5h+lsetrLXEh33+u0Al27h/O+3zia/NHqvYBKJ1vSoUbnI4bIOlEKQJzPpPlpKvrfznSZx2C0t4n0f/a1Ru9oBOllU2SUacoP9kz9LHg3Jn+hskAd87/w/0RPRsO466xUXmEUkPTv0t+KmxZ6dH3/fNLWQxekL22ukkDn7pTDweQz8cvcCsj1wQFv1u7EUpFyFtE+lEwklg9S50tH6AonqDGUui0vpN4RLKwuFBNNcrP4+Xfp4L1bCFYBCvGEBNPIL2iI3ZSJWKiKjIroEEi1zO/H8YKNtsVaTnTLr3OazQgf+F4068jMEI6gV4XOWu8XFYY7II+MDPy5hhmzwBUgCQGIAmxLKWIdrSlb5y9NqNO2mh2YxlN1iH0Dul0KS0ahv268zN5NlzH4AxYqQ6TuodDbrEaAdF0zEol9H6R9RDiQ4vEpIk1eAxFzi1g17xJ0dBLYeWP/cUYT/w+vg4IG+V6C0McfE4qgLEi3YVqriQ2SAXHW5/Vmhb6Nt8RzkwKapCsjr77WTQD2Jbl1fNRk/KgM4j0pxsQoD4g==
####################
Fb1Fj+j6HJcuoQFK+bWU8BIRa9lqVWoT1/APyVzDJqvQ4rPI5cpjtc8tukDxvxYJAW74VR2wUa1otgMOp2PK9ONld6dK2B8vX1cQWHJtF/kebSsyWOCYBrQVYTukcITDIvZffOExQv+S1r+mzdGqDo95s+LPgLHY+lNdoW6sqSg=
####################
F+puBBWdPMvn58cYW3zikg7/7AWdwIN1AHEdV4M1Vq6aHlU+zFBNOvjAfML99Op3y33qLNq11zXMtczgz1Pah+04krNsvCHS+88nBGl1XKOAt7an7cy690auVJ66chk7n4tLmnIlbaHup1nLMVUOHQ+WhCuNOpYuuOY88Ci1ECNCXNrdCrW9kN4EfBAiBD+dll/thyOfF3Sj4k/XLs3vtcrg6c5IZWVBhiS49tO40+lxJep9hOcI2KQg488Zsqx7DHeuMQAGaZbm4VOuDBm4CiorArmOOA6mHUCBlet/1FF/gBmLphGswldkSfA2kl9/Iyl2IyEo5hCzoX9g6AtL/E6P9VtV+5w/8zfyDn/WZT85Ly+Z5yqhzHy839qd911aMDEsJMi2MJmPqOSl6c2C+HzmWJLhTOoqvDALoAVRP8Dpvr0JixidVwjYh/BO8GLJg3cHGakAGFrAftMtAK4ZGVmJk/1tZT7p8UGPBnNWl0qs410N3jfeHo78HE8w6KMXXq+tyep6vCF7IQAtIj6qbqIYP5BWPvoP0gw+KZU8TYBw0AIpyCaKsgzgjpSHmXmtzN89EEloFb9TIfhESHhTdvXtL0jFpmWddERUvKswzUpvSwf5NNuQYi1+iY75cwYNL4boq74+/A/nP+k4pqV9l6Vldupi0w+Ri/n7eHMlEdu62xxHbhpORuEI3gbSinwSwEqaMXFk+BgZj99IV6CPWZhYLunmpgJeIfW+FH+lVSeAheI2DlE0lYq7tkcTYP1U8x0UtExiZWIqqyJXRAt9yzELNxcvVexTTdL62yMRJ0/1k73K3yF2e3C3xySCeUXfAVvFwlvPyk+uJO25Zs1UTkEAD5xipWcacD1ETy2xihA2rg/y2xqLgrEFteHfzAQw+uskZc8iaRvcXK4G88DWrw==
