####################
0esaJSgAYJab6eFiwnNNog64Qa1+0PJYpY514NUEINko7rnfeXqy0KhrCAnBLI1BunI3z47JlHlFs+PMyP4mJguIkzNGaFha6AquRKzEdwKYOjSkcBpY9SraXGe3EECG4TOK46q4K9efhrxKWTiLNvIDWbi8PkddCz8BluUlejc=
####################
zWuxS4S1A1kr4nrNGnUwf0zKVO3sZimxRomP1pkngE1vJdn0FOd2AZkH/lYGRqYd7E0PQJw4fUIhnDmwJjov+xsMxFlCCnaP4ebtfEfwf3Byv3ZGVCGXLRoV0IzU5hqv2+UIQPRlY85kCmfs2LnG2uMHePsu52NbkHCywPjJ2+RaaMZF567GNWh9ZTbmYNtw0e6D50HXjjG0lSpzuKEymUJ3y96b4v80Fm3a1AdV/4RJEoOn/dQi3A0a7Q+jBv76ekptyPspf+/QEOOhT2eIM7Kn8Lx2vY95FnXAjXCU5VNH9hunpXx5E1X+LTYVMW99YSjElD00ylQR939CW3MMP9FUns5WRMmP9UuAYAbXUMIikqubtYk4agXhi3Z+stjG5T2mnO/n3chUmRWpXGivBCksMqDFFYXtuS1n8HKjlrFmIQkdXzT6COTFEI4MuTIP1vUjA+mHetcdMfgqn5vlkuaTnctQGL7KSHJ/6WiD61pS4TZyIEipiv+ZjSwjZxr8ct/iecYp8HyPFx1DNhVh2bI0eWcTtRThH6KumkUPgjUIbe+p3vyLzQ+ujzHInDFSMq9kiHw/RF+2NC7yZXfn8CQCuZZGvZEyLp7kvAvpt84pkzL4AnoOa7Hq22j/PVf7niuHLi1fUVIW49+oFjxlVKlx9x6DJqDxZv7GSMpuGXDFz49H3AYyiya250WBcF8c9o6bqdsc3czBe+ZmqULeIejnuaBCUgNBlcVSTdgOqsE=
####################
z/0vz5wy9/bIXqXOGy07wNAZcQHbS6Qk3fwwir0T3Aa//wm+xxmZ1qGy7MwqbNpZd+dTDeLcqaV+dvTwjBwDdSjjS5Zsljx/Z4GqhLRS3djvEJnCde1TM1KSexyG+8gSUw6/3BVn89/APoQ2KiHZdNO9Kvokcj5ixY0nNP89W8Q=
####################
87A32eYueZZWPJL28crorjep8bpIyZxxFDRNKyHbPunzzTUEF6TVJ1eaMHSKvjWcfKVKIdt8fKlGDES8oQwsk0NTNk6TXyopMlNzHiIpTxC5yZ/DrR8U77E8lQ2k7Ur+VhIQv7IHhaQ/tO2kXEY1FnnK9CJjAwgkn+Hd3QRaqE38k4MhbiqlHdE+GkaosbCPZBDUJk2FfYClUkKI0bzzhoaDM78ESjD1rHtmMbQ15GJoh3XOIgBh4IfmbKKdXIGeF1mTz+dKN2kTNZFU1b0P5Ks/LSV3WiCNP8/z59ydrChgOx4EEjqJy2QY8E11OZZpStCUm9MPrPNNfXg2QOaf9N4YlIf4Dvay93oiagtTDvs7WleKZo2wlFZwE6z7Qcl0WsdTe5obijo8obuzT4JPYo/TsQkuV3a99KcL2oZPyszvagkMMtJg+DpIwTky/DMjFNI5IxlcgtmIDO8XgmNoQVe7J6zegm2cit3S3LTeaOtPSsnZZhwe5adTuwMtlzLs4CT4etmB76vfKs9g9QfUjC6bvVbQ2R9QUcjUUmEId3IEzLswEbxfSL18NqIeY0qtbwLCRc+k24Tvw3gdNHNXkiadzWDTidxFFprFBVhzoRKTEfnZTxEzg5C7GXlXivhmD910dx66x37neINanAntrq1f5aFZkNJIA9TMDJvtOOe7MO/jlbAS1HCgWqwZCQNaB2C9DwhAL2s030svGJYXFa1r2cR3798EVesk+zJDcJk=
####################
iu4iuHPFhENNFu/zMJ8ulbGfNSBDfq94ZBnKsfg4DSRqbDs1A59GMD6Vr+sblCkF4K4RDVyDG3y7JKeBAJlKJynpmMiVvNQrQ8hjJXIA/URPKUQKOFPNhjRYFMXGfkaFcjljFkSd5m9aRefE/so0UBI9YaP9GR3rupt6yzpRwDY=
####################
9U5mybv6ucVZU8ZOdTCkfKldMhYDCy0nh5JULMlceItzl/8K+phw1/Eyy0dc0qe4ObkiuuDW466DlmJ7Ftj42Kp/ARdDPLJ8xfn01X4x7d7dU6hEUEh86XrY/JgxNYbPfvDP0syhR96HSaEvQCNChDiRf4QDPLUXHkShnm5TRNK/bWqhsu0TkyqHqigI/KG90RgmS6QvYMV47LvqLEbwYJ13kIEeFLajiY0p/08E9iv/YssELcQHeSkfNRarZMeM2kGmFNRX3vSH7+jfKrWLQwSXCzxaei4D3tLL3c4FBra+j8ZXzP37buoRAOpv+gqsZKSa8SjwrF7Jqpn6jIRjyfVqfYK5HmEux0uAfcT2Igirq/yVZIsFIUIJEfEFhvVvVe+4JL045m2m6xAneO2wTpZlZfc1plGTBHWVi765yT685gtgnp6nxuf/RZg1vTuCZpfIBXiJ80bdOA6l3GfHb+203JPmIaPfLC43Bt2jRPR7gCxlO2TVcSD7ZEX6aSDMkm735slhBWQSalP8gzwzgMFEfW8MbHHFErLshfpIc1YLkeHIeo+xROGYanF8uDYMz1hBDhX8yHY09oUC7z78dd6ta9m82f22c1qdb8jY3kMdF+vJIYakVh2HWD5f2O0EK8usubjace3cvQkkOMCDfPex2z5Vemju/yl+4nrFHZBMYEDdmnqs0yAvHb4XPdDWqywlqAl7WSDqa9dzC7Ti0fDN0b3UHnh5UALMZ7wOgn8=
####################
TDtpWTZhPBCizuWcU7bDz1l4cDxwG3uRg6Zpw6IRNogmgs56QQiED1ijr7TgfvzGwCS6Pn9DodyQUPw614hidDTdqOIjFJJwcLoldozUr8XwFydnl4ELTJ8GuSMkNEd3E+iehHGKWuQklHaAhfvnWS5XqbqtvqOjjsAn9XxMSwM=
####################
NbCxo+WRGkfpWQ7KhxFnEKNsXkixemx6czoCrlY+Mz/jzG1WO2mNSFFyqxVLuHfMrk802Dl/2lFS2rC/vaO9EHstTz/e/ayrdNHoh05NQVFDNm8A9KpC+KlO2NlXVoTwWFU49Fue1C9lsi6lAROum7r2+X12q/sxq2LAdYdxSgoeZqput04mMM5iw41Ey9BDn3/Ysb33Ac6LpzhCwkEfqr95/F1oh4Ududpxm/RNuyCkMTIM3m9AigVxCaVhAKL2SdMaykD8srBUx3zTF9Ayu8nDffnulxqkdZ4vfx5HYbjskWQCr1p3nRYkJb5iqxLp1u3aq9Bw9skh/P1HPjEKmCr8YnFqveTaUr9kxQW2bPcQ5+KPYNLAyGtaaatK8vnbZJJN+JZrUJxcpm2y4qvTjq/x4QuCXutzmdH8coU6CykF4kbiQlnwbzzWVw8CnszjKRPzXzM8NC/qv2fGMkFPTao13M2795KVPz0SJv9t5BE5uEaAuMP/GgY6QI7+YPfhg7jrm4xYX0YtPDEUUYGXT4LzUcDie+3mmEIapNWny/a82PNP07qyegQYjicS78+EBkrUXjyCvjExgL7j8YZHtw/a0jzDAfxcvbaVz57r0Q5LMaWt/vp7F8suGGZ+sDMdO6BH63ur7XB6v4TLYe3PvTTEUpVGqupvO6w/mYx+r3s808mAeJwS7ceEVzDvrauuTTmHiYoAd3VK2253GQrEdvZuH6DTQ4sgM8t4687aavE=
####################
W1CwqK9j6sMcwLBX8c0c20WvA3f/GYrhn1NnjxfLBS6I0GtjvzB+c/RNB5pGNQ4cplX8JzkHqLJf7rHzSv6vWJ+8ms18bj1i6Fr6cflqAJvdbnrp6kgxjDLBROmBXBnAepVzCBgI6oIomM7sKqa+afZsy18Lc9smw+J/B8cMXAU=
####################
OmqEo8jDw1EofGUEjF6CsZJ0PmL4bp2nlje7G0rxb6MuZljJQnQs1F3oxPUV6rAtO3ilKxKsGDvcDKa5q3xUt2ze/1hLiZ6oQC4dzQigoNEd2INQFoX5lUCikTvphGn4BgM8ffmQDOi43y13xz3ea6+qQ0EIOLInzCpz6IWKKuzz86R+g9PXENaCB7vNx29fzxhoZdgz4YZYBWRmIHMa/sdlXVegiudYjcg1q8Gc9O4mw0HpvgGRGp0GDNAU2glOQ9PhepwMELWivzRma5+2bb5iRVLPrv1gjngGpK1Yy4p65pnAPt/Jw4oxsH4G/DlnJvVhq6vKhDy0iXUVK8cUpBOhMp/K4k9RtxTe+XQijU9XDymQjC9dQ3i7NSzHiukrYN7teAt6nJb/6Ucuqc9N/Yt5nLC9C2MZaGXU08F5WCq91KHDlykmBXHSfv9vjawBTN+zJ+8IG3WWN+i8sDr6i6xqdSzzj6mtDsxw+KFm/8y6JoT7evUyp+9PznLvlNNp9+/7wlyIt93V9nFW5pcf9Ng/7TOUzv+6MJwvqwAKOMBwphdKJHKQuYzITwByC4QpF1w3wnPFvz6v6SITFU5RMxfbxb5p0An3jUqxHTVblRDZB47vs9RoVHZ6bxuhWq+FfbXUcXWi4KeF8ZPNMCPqBk9x04byRNx9jgZzCDVW6+YY0S39ndYtUTEtF0Rf1lCRwFErjApRZQXt2UqQbqsEaA5a4T4MwPp4vRYUDyFIqtw=
####################
V9MJX6O0vZi2cGHrpy2FBBMrjnk6oFbtLTnFMvP01Na8MGGrhTYb7ZnXNM4/4FJ6jAzPlUKODWJz5CU2C56o8GKhTyOeyqnK3tWIempThoEAOC5BIXKuU565DJ+bEMQKwyKTkxz7/OGrkX0u+73CtgsMChDKHOpjw2byZNC3dbw=
####################
jKjP/MRfNFUko0nWy8k+ng7RxuRJa/naN7MZUcUfzg5GKyWe3MOgY3qQI39r+YNU3i7zmeXuE44TIXtJ+uQaLq4psJwIZ2KDQ5JGYTdiNGpJCcqPZdAoOYwRhLqsXnZhKD7GSEUm+3hR7CaZhUqybwt/GYQbSg8p+UYOKl7koBsYTL89xfERP0jYrzjzessX2Pj85/X8KVLP4SBPfEac0b+IEo6IJhlKQUFk9CjrzhmDjab/vyWOZs9udqZHigk6oNi+COh8tysH1YdlfJCcLeTcOubRCrbskCqHu8Cmk6gcsQndrjfJMSU4h/M8QRBkDG0/v2FwH5xJyZEe7WMhJedGOEjOuPIzBvJi82GhVj2EXalCq2/zGq/jOl1IWFV2MGjzjDLQn9NzjvEVPJwTASSze0hmjKWyBNsmXCxKNHIe6/6zGDFPCLSvd9awNolOaOjOVlJSC8GKk3y6kQzsLUY6hnhRtbvVAhJPN1I3dGoVZmU+UA/3ZsQJmt4om9rJlaa5BUgAgE98lsz51owvHju5ZjN5Pxsp4XK5rUNWZnq+ayPZboqtjsi4kS7FocRnpJjVyhsXaZi5l2ers0gi0XSTkO5NgsYq9FB8OQZskRm24RMCdJ05to4h6uiDZ2EBceFh3LVyx7B4k+Mb4TUdMSHqTw5MIBbVGrFTNFtxeTKDtKCNpevm2obtORqh+43MseCEYo/VBLFfCw9/ymw+ihFHZwNtTe93IR3fnvJxeD8=
####################
dTYsV35Hd8+ioHsispZnmmeyywRql4b8wIBOwPZrz1i3mSGOFYpZ5aJQ8d0ltf4EvOKruaJ4aPfRc0DAlJ6q/0ukMpEFdDiXcJnFsWoZYfVmswh9Foy8Tn+F44orhSCHy7YQuPEvLHd0Q6ZZ/vB6E5VsUT6niKvfHgWkqgu+YO8=
####################
Wlxen0tRHbYxHJTmoOAEtCe1PNyuo7wQbOKkoqOIMxBWr2bgpLBiq+n8tN1TQOmYrdgyNhEgMq6I3WmdhOAgHse/lCN86uouVKZde0cTRbkNnRoqwlb1EEz5ocOjoFOJn/pt7UTtpktT+zUdEc8akr/CMgZ4E4KCFuYOJVVmtW2jDItz5JMH0FZw0t8eUShRmehgwyw5eDRIlGEDYiAoDUPla3GTO1hTQfw8XuWzGwOkHAayr8Cyvy0OmGU7gB42iKyUHwrUCkjjSL/hfAKEDEcApMpU3AOylHO1pqiW0+oabDH1+lJhWRV3SwQAXD1FaX5oKmuDOkLOQL9SdLYa7xygq++vR9ZcV95n4aAwTFgNwhVZuHu/VQg96dQa72gwXAPxf3IqKwckZFUrGS2alnBM6GYzN1ARbeZBl/wvZ9b7+q/8tYYIyGtE34OI90DOph9dtaRN8uMH8zHPpt2ml4Gna5n5SXJ0aw4eCAsHrF4PhJ2CeeOcybOQP5IvQh3+gfhi4VTbc9vV423mhaOzZGY5IuALKJxORg+LO7lQViIjSzTdAQMULWf2E6QR3e/9NJw+KXPKMyFSzymd3/alC1m/3kFK96tyfaLBeVIBgaNKShOo5CMD76IUyvFhQKVHYpEEkGAaq8ZzFektvUuOQPWNoAw+t0nKNb2uH1zKNz1bpJ48X6+/e2u64kMP9N3ZJVrORXue0mwyOF4EaFV4eBc81I8GnyfIEoDb+m6Qez8=
####################
iI8iTmtZsju3LPBj8gV32FEGtgrFT35T8w2XyQBLO4WNnFPLdve1uEA9lxU6joFN2NEdW+f75Oo+HV43QR/AHtiCnTNdxAefsLJt4YoRRzGBvMRCl83xzuxtd4JypHOZdBr1VrVOXg6NCJNnKyXTZPPE/26n4dETCjcx88jwgS8=
####################
SXmQflfqtxmp5sl9sVuwBypMaaqjZYlAgBGF0r3eXP5vXLhKGBacIuG/mvzbxLHxqWcldbfg+bZTQuKPD+xwd8eZUXwAjTlRweDV8Domoy4Yvt39xPiydn9FtlnR1iCS9qB8blaV2uEh+AzbAybpBAY4AHwCXm+kvuuvpsLP3om2MoyC64JcHiI33r2o5vqt8OFcBSFzupou1o5As19IV7mvHuQR8zHfPr1scJrOUKVqN6DVhZyr0r2SfaxdAeCT4nH9h3mkSC3uVNZAOQeKW8aEo+daWlB/ubdGRzNh0Xj+hrwWOoIkEQdIv//EcgDD3N0ktNwOXfDFQ0/9Ag5SHIUaKp0b4RLM5ElawAj4sWEeKHeQkLI7VSAyf3Pjd+i3CjK+XN6kSwhA7FIJaR3CRTm9AV0SneX8n6+CW/2g+ZpZQNYFCrCt1d/CoFBfl60P7U0e4l/eg7mb8/1ih9HRIOk5Pk9kCu/KEs9ob1tkG0fBJbFUCl2uCQMdLgsIitWV2kJVYtpomRFBq+syQQosOkyQqooVoH1H48VxRZjtUWFNVBUc7DBdh2TCiNt2xJovlFGJyZ5xi92uTURqendSY6NWyLAd7cErTbzQTyvz6h1bjH6uKa5gbdzoezAQDSKtscaU80uqPmi0CemcI62nq44L0eov1q9T/X4LK0ZAyGK1C52Mx9vv/slDE3kD7tarAF099G+uPDagKWIEMU/VpWtoMqUwa0vYUovz0fm3cBs=
####################
gzGD2qXAiVFUiODQFqDKWmLyAg1gikWU4G67xTlR+SgXlz+aqXvFksfZP+Yv2Z6CAnUwN6Lj4UMaWNsWQSoYs4e626LhKdBNlSOtqNcCKWHVX/2H9AGDaZ6KzToVMg+zIUZiXqA7Ahvvsn0dtocvyGBecGCVRzT06lndsFfv6MQ=
####################
G42U4fGfdQ4+/akGwHqKimd9JmHnL+Vu2Wh+xdNDku2lB+ikE4AxQTSF/PuEgJhuckiOeApGHAztiE39XiQs5GrZ0AyobRxDiBcUgcBkSub/G3t3VJ3QL3bjeoNXNSSB1UCVcdvnwrzUUhbgD2rwcl2pDua5vHu7Py0x+fMG3jx8gpCtJ2tZcob4p2DdivhxIivc7OQun4vspHXzb2iUHf/cpcE9k9tj5UVKCSvXVbBUq2QxS+6P9KDepsC4plWFp97kyvfnErYhvVAgTmztHjhY7u8QAl1PWbGv5hTMoK4P1Fktr+0ONueLzQCtEaPz0A3FKuWwEjezYY6XlVKn+tglUEfnoDVf8EU5TNSHRxGNTSy+58kNd6wjjWqeK0kaPEci0JnBVbkrHjbvWu8E/yTiMAKxI5uSaA84Z75lDF2jqUrf/5/XY7PMDKByvr6QYczUKWwFVyNmMxPJzPTKgyzCWjMmWG84L63621sTfdQjFqlHW6+WJ/440xQom3Wd3SVpwwGhgc7OfD17LTb9qkVH7RWxkMpz0OrogrEB8gAlmxUpz6TldJmU9DKVAuJKoX6aIophVJxOdIe7c0AQ6r6E9Mp4A12CUHwSbHwu+ufyTIucSYW9lQV5DGg/YZvswSf/uJ2KvOhaJXcAZYArTUbnK7npfDU3hueqCyXzYNDUmsNmY+AmkaxHnXqtwkHEwUqMszQIB7W0p2B7hmYj/Wma/ao5Kh26qwZqGKRJnNI=
####################
cRgoh4Dp3gDNTdnE4Xk/qTNGbVmKydD+7bjfepCfEifclhwLXAdef70ranD8P4UGktdD2x5L+sJ0kzvRBD8C7VhXVpndiT8sBJkqwIyJemPRAK8Gr5QRX2vWF9sGBFbZcXxljF0vW8uU4RbGrF9y6P3KqRb026zjrfHgcfOpDwU=
####################
CAdfXEY/2d9Pa29r6Jz3Iw5m9u1sVO/7hii1W1Mp4wbnMCtmLVO7jDmWt2A6pce2CZ+L4LDhkP17DPGCd6Eks4b15SgDJHif5n/w5y3b003hYJIi6Imnk/DESuit1HmsK4fgcMsY2Htoh26gbYGAOVPNrdGcnkahUrMzlsYQOEo6l9X8lRIrrshfsciGMpzyrEz8fvi5shgLgYNJDAZ8jJoXSPd2kBxuZRfZYvQly8OdKchpojxUIfWlz+50SHvGFGKz6knNLloKKXrYaaaPMn48TIGdCJPSTEK2jDlT23aIsNDOwIYpqi5uIuxrtZWu2GunZBrLCN4rdTOqT3zesD0FleS90WpGu6RszNnyhDxCt1bG62pnUZyF3Xl9I8IYg6atjdJ9SnL4KBPzjKI/V56TpxCAAg3Z7bi0T5dOdTRl3hBY4iGrpwRcZG9v9uZ+XEFyULwRsqBhFffBNY919Ku0UdKtAxUV8En6Of8KCFXbRH+URNQ0yVu7E7bCXhSoVAfUD+edoBVYfGkkEvWxAVQhOjPaKsyjPEaT5On1zSV7Js6lKUagqc6/hcwkWbOC16dCj4e4b093V33BsTnoMUK6tj5mGxooif5iu1T9oRIqmUvcN1Go517iciZNvz0JojQGaaNVqsKh7juqCg7x10Vi3z57+YezDBr7EQJcrjcQbvEvUbftV0KDrphm20Kgw/9olD7jsRw46C8EiVC17XEDnGJF02MGlGwMidD5fLs=
CAdfXEY/2d9Pa29r6Jz3Iw5m9u1sVO/7hii1W1Mp4wazk7zeJ8hH7Hn+fPlqTkQtRZbw1BasmcHSrJPz2SyJx6/xfVFisMcH2WmvNYw2CNmBDoMXJMZbZNXyePam/Q+G1CltpTudrwxjeF45o6fFAV6dSzR3/+Qwn21RKRIeWYQkUbQKPcXjqak7UdJSE9ljFb+zRU+Fj6iFsM63C7kHOFNxINFl6ZTywbUtWFXe9jPGHYY7peFNx7Je0alF4KKPiFQxNWsDfN3eaw/sSTvX6hzr+8+fVKvdM+50zm3KuHur8+ZH3dPSCPsfz9C3d9pfjhlHqen2h71jCYb5Gb3YFlCPqCt9681kfahqnPNLa9jXdOqQB4tnNVijoAqbH/6bWkW0CnSPWFM54MG5vQjEpvNPBR/l7dq94qSP/56wi5216TXScUvzAOFPw4UI+hY9PTDp68XuFDaEnPQ7tPKda/EiPYeG9t/d7txXgYjCbZL0cmbuaa9etQAWXi49e629t37BVJmnpolYHTMcCdStb22zzqE0U9B8iUY0MbAPnEY2dVkPBboJGtUhhh7fI7BvERr18xi7Kw0qRl/a9tbevGHsDu4VpdfMFOKIZG2AN+k14oYvOGm5/Ly0m2we+l4t0mrLakdLO3OtXcm9Ygz7VHNhZ3lbSC0VgbC//ml4TsQ6QC0/MsLSoqzM3Mjk/pyhw35Lw+14mJ+gYf1oMq4iuToFuBEeLRAjHsA53KOPecQ=
####################
Li04D4PZpUuPEK1z96Q2E9KDfu7zCJhfhP/7ab+mOkRHuk/iy2kIgEaB0okTUYgLcsAevpl2s1CevM/Rgb/o1eBTpwdoSooIWSy3/LSRTjjLtVlb8qrtk6OhQCGvQx7fPTJjPz6Jn1U1yTdxDzztt/RoUfS84JgKoZsIbYoppjE=
####################
0xqp70hU9eJ4Ozxsfj75u6jn+qVxPbOgJ8AldGPgVkVz2Hv3td2jDwN2t+l9jV7pXAW2BM0wMudHTr3hwQg1g/gTzpLKDW3zCX4jVqbsYeSrlNNC2gsR69uNDpjt+JJDmsh/vbIoQhRrfGVM5HyUgFM4Bgp8ePNbFLfK9yyIRiifc38TSbTqMdk2ygEHuJVwqLPT39lCP1xymhU1pAy4Ur8eMiD+J+fnmKZb604scR9B5KIdtIela6Lo80eaYEyv9P/QYfz0lxSdADQL/QdQ7aB76v58GOxJnw/XibNsuDpbDbRoAB4rNSuh8xVcYzbhTNMdGDirT60h1wVDtM0D017kpPET4Pd/6/S/l7xUHYzp57Y+Aiac+JKyjXzsqiD/fJShAirGCiI/+tWtUpnOttWKmpHkADnk0/vpz0yHtJkyV0rd3Eq18rBS37SbzbBDzAGbPA7w58zxqBh8hixGHNtDj0YeghvKRPPVVtQiQV0lMr550gn+5Vzl8geGpDYROuEyobf6QhNz78lxO39D0m1a49Naz22O1jLo5ttnWOR4MP5dSA+doSy5Ccjkz9aNaxBo9NLZ6DiHf0jLxpqp0JysWTaxSRGbZDL9xJndgc+++5336tuOylQiyZe943V9CD6eMcFlP4qPmF/laazwWlVbdlkHUSxX31dtL386xnhSMArAfJqnrIDjMJZQREyiPzFdP5BVSFMYo59+GTrd/5SKnC+pRvtrGGiavMfZa88=
####################
qkfJEHkwFsPDLW8JHNdfdYl0tZMzzoD3gF3qhaHnTk9OsmVOuiCa+cpJJgT7L7wW7a5yCsPGURX5A7maef/6hjLofxC28tBCDa0e/DaZYXYtOs9yt7WAYMlTFwXQ4IidroaHksqtSgf981tv8W/eFOeO/+5QwSow6p8uDeLgwKQ=
####################
13KuO9580mjenOA4zk9qLNN+sYBN+5ja2/QC7OapaM5uYryF9VD+DDUKm7f04Dq84tJz8Qwy3/beMho5Mc9ZKBOMqqh7ud2f2RJ1LkOl3bJ0BjTxt1MUgONhXqfYGw0ZakssfrvoedBrwUmgeK+FKKZ4zX3PU3nZEMA0tNz2YDUDCmBh2OvcfpE6KyZSAlB3J713c2373NFDlTZw7npKDPsnaSjMG3d8tZJ0aPxVfGW7sFEFr0AwOI0sAPK8zH+QA/hN5QzthYQ7pJ8L+CP9N4c9zx1NYglIhjUJi4WmPift4CXwwQOBjbcnCPq7T4heY2335sWdNr3qrbqHqAo4QclXQ9omivrgspMtg2Fzn01zW9zTW3p6tyqzDGC+wnta0OqT85vOk8HGn4+lhyrMMB/+SjIMURLvjM7M4XGhxCeG4jFh35/yWeWu3yCM70dzZKy8SUDIaulYVnUY9uQwNuLlM/flvxxngclnNQB8WM0xq3W9sUWwuiZ4AVMvwOzIHqeXlDcEeLsHJNDpFdj+Gs36r9O61yPGdpjbLvtNa04Ps2lUMXQByoUMcZ7SYKCEBSfX8cqyTTHf65T37kbHa2Uq9HBEp1WCRBbpW8a6NswXw5jeeNyel2yzdrgwfEFxK4DBU/3/UL2LIrYq+5vuhlZIrY0uPvksVw0dJhuEfPSe0ZjNlNsZHWH/MFnxdPl37uVdXOku3y361k1eMG4t4kAteSL4B6ryiUR9gG9wyxc=
####################
BqGHAgd/iQ8gvW6cP5GX67UvBw0iM9qpBLDSJlAZSVkBa8a/Jtz88vrYhYA8cA/PRsqZS3vr3ozn1PXUMdK35maRZXIxsWIg6fN52u3ocb1gKid0DC+T+J1a/cI62XYZTZnc95RO3lhFzncoACRSHH2meSZkn7UWclKcY8SOVW0=
####################
fnjAzrCL4Nk7mMO+DV6UyGAXKIbk+z1kr964Y+oZd6r2O5pIasQggyH3TN8ns1fhLU22WbimNVKNIRXu43uxRU59qdALM2FGrDOdVkxl5Wg/lKFvjsG3kFjszTV8Eb2wDRWhucaagqZAFSAWuPGU2jFRgtWgZNbjTvdRXaYdA0bu7xeFAIMAMpywzYhutVodRzN/+dmggRz/W0zIs0oTRLR/LPvG9bpRgB+fREmEyWyeNsgQGP7xPTeK6TBdTefEb75oQny7xpybjorOzUD7azZIAntIqOlVRyoWHRF4UjPtxN7RxD9rJsC3AqzSLGCL5yO7mtmdroex3dBaM5vw2Yr7xncB9zOG9lqLM8zEO7z/XArPNXHRq8s37OlM0v3vGun6GYSk01IKbZpE8mEtww4nRjAiM4vQ35Y2Dd5C6M00t6DSzCtMgxsjqr7DcReVL4uEW0YmTg4YLHZH3zU2wHdzPF8FKxPELCioSQplaSMRgbC8e8TJM+IbYn5pWKjLnuR1JtM6j6AMLKDgP+WPbCUyySGtXXefn8b0He+JyA8RK3PvJPcBLsB6lLrpqIoye7QTqZ3k/Gv+TEDsvqqlh3GDX/6k6VrEPAgq3PbVWjFK+S1m1WS4Dp7KhKEnqZLD3hxwXi/PgRckA0J4UKxTzPVhhDv2zj8rpSHEWB8RRI85uZIl5hJMNpQ5nDnop9tOr6kByKePAPJpHPIrhd2bJaUGzlz/inRu/rnbAxc0XR0=
####################
TPY8s1pQZKAZ6XIACW0c18OlWaHliasfbRv02mwqaHFQ0aCwsulQcPEJxM+aqe4ug43v7SiuNH5S5C4AvJw64YGK/3WpkhlfXeIjqy/eugxmc0sW4hwgocg6tyGaZylFiaadAZuPJ29+QsZHQu6uozY0qd0H9xA/mPau5ZaQoh8=
####################
qZ7srsbR805v2xZugHofAfEDXXB6qCiKVHYbAquvB+Yr2JpepjLlrOpkzBPFzwQSdpKgZVHW6W5SVjdFVoLJgv7PqSFU6rWUREOmR4NlMKNkmukjfVgZol7d7U5mDTs2OHCliB38jxP0+/iSCDSelAxoS0UVX71gN8zGUrGp7V46aeOFWAOeY3wSAK3Lkkzb9pg0lf93A4iTFNfTeBWCY9wfO12JY6+Q1w0kX+Rvz1qEfpMz8pZOiszUGLDEN5ohvHtv595q64CJ+MUQB+HlKzVMfts21yfEbTULDnWAADhbsYIC3uoiCQgwCuElR0sLeVnswxX5QwCuEt91alqP5WHYTkA0XMSmhSqRO+5rPIEds0QVralDr/x8CQRMIJOGrRWjKHuNzOc39H5K2lgiJfEwLHWcVksO+BI90U4vFxdHGwkt03UPjGm23ur3fzwupvcJqnIiJGIIcbUWvAmFHRu52stQnYTxQJmaUNriKUs50gcN5BSmoIEMlwgpiExMZF6EUqD1S9OqQGUMISTlV07Ebva/Pqn1NmF+PlpOfLBSA9gZ/XI8DZvs/YQtPKRFSrbfKDXgYZ08Hyc83pRvtPTTEb8PLLDRT19gFrkaD2iu2++hkHcKr05fEtEFMKB+e/fN76e/Tohps1kVtRrDxuzQ3u66aWNBwLn/za9YWMHsPfX8hPg/fYqAruX3aN2L5kUmmjHajXPVuX9vfmEjh4/WaH1Yr1Qo3caTJydqAoI=
####################
fq7gOMgZlsGJvtuHdQbwIpGS9AiDPXgnn8kPhAIE5th72cYU3XW9vpxx6IxaHSjfzpA8mTVochj4y/t04P5ckOL6dIVhoVgx0ZkH8CzXWumFn/xY1/jkMzJ0XH2S77ZmHFPzwB67dsOGpPRsEMNdeXJSIvOH14sKWrhFYWD0R6w=
####################
pXOG3SRdVcBrOXNwDTL34TcYlvPY3/wUzACbmUNdQh4XicAgax2cgEikvHxFOdJsQ2em8OjX1A5g5Me05CyhwS1GBATWWcXCjcgGxj/RLZyFT7YiEtwUWeHtmvyiOmciePQ31dcMYkR1NQKmxpp+ORRRHkBXHBczCVmlJBNZXurMq6uzsP8IlPTCrQPGDJHWHjLiWXZwkvCXXCL6Y4Irsb0vSHdfvZbP5EEJhSodW7HhNbYoY9lh/7vfCGIuH6GjKYj9ymdYIdBAiYo5rZ0shqe2nkVhQGlvLild1MBipxWlkPf8YUfJJ+HxjzYU4poxre5ungqqtNkR/0Mtvy7j06icZVRD3PoUYml0mJtIhSzh6TQjHokOz+9DdF5mUnLt2yLeOs9uucIDZiYLIqhggE9Bw4doN1w/TPvF+nkx7gxDDW+VUegX/C3qcm0aGsrMwAnbcp7KJO7vBYLekIzImFMcA0FV1CnofhkXhBWMq84uF7noJCtvx8oFcS918pLXP8cNogs09iCVv8ZYQw4tj6YJdJ3ivqb856nheH4GtZJafizmTxU2Z1AF6OYKxgpWO8IJNcna7lQdgf9tnc3EAt7lEGFuER1JoQdpo8Zshwo+NjMH2MGEEMqgrK8xhatL3QZoejcfKeGR77gXJwmm30hl7NLeA5sj34qk108wV3/Tf9Fni1QDS0ADE7JIS9rqa2ScDKcBSPUGvTQ4XLAGC8WkfxIFGYHik0KKoOduXoo=
####################
LzARHt4XWptgOANMNBuAnVkGCcyYnYjZw8+qnxR3umK1dmHRh7R6llDLCLJavmWZtT0Ph3iN3r2qTlxv9h9i1vFEOYS99Yg0ibH4uxM3glD0XGshAGCQX104WTAj/ciQBbMfhQGCHHKyFGuk+rxgvB3Tokg/d0hnoAZqIWaAPPI=
####################
FeLh4PMRJIQ3MtcTLCdbw8+v1ujO7grHrMCBfUDYxy34pLyPfEQ9gIlzbybzBMttUd5MzxvZ/EygdnHgNmk97hW17tf41kGb2mLlrgPXoIltzlVJbwcIGl+InFltpOQqVbgA4eX8Wpu57FGY+2q9IPssyT9T3pmYZ2lBJZcKD4toXPYropQg5kj3KCcQaosV8bnWbUYFcw0LuVd4xkfafz8XF7jhVxZO6ZePB1cLn7Eh06YZq1MqsU3D1MKwCBTDrudCBV5E1jf90i2Lc25sa823Qn/G1EBk2OH6VgdvAVB7t5uEimHl+jI6fRRdK4jr+mHBGb+23yy/2zmI1OJvqZWMmj6EXNrpo8bXMYIxzJW97l7VjBcg/kf3XzKc3JO0TFX4Rf0JZH5wkwRlME2z9kF/yPk3fBXfTTyKVMVuZsyZVGnnE+W0f07damll/FuyEMkWl2znAz+Xea8JCK3e4ocuBalgdBoPo/LoroOcOgGXU5ikoSBloAPu9wAYEbjd7T1zQ+Nd38KrDePKWMpfaN1O10ZpMQQWsNq8qLq6Ppol8lJohdgq3GpeMHuNMwI9L7IOYsZetDnlGsmJW4DPx8GDBdHkVpnrvvDExeTJk8crr/3mbumAAH1ipKoo5kvVbqCD043W897WtAOCNCgagMyXyP2D18Z6aM4sY+2O4Av85j/sYOWmEkISHNAkJoLaL6eONcH3ZsKheecVIRdNTdQm+mpKuo2a9A4Td1QSlYE=
####################
T3RFCRluLCkEqXhUM6OjVWPLmLJSxhqwV7dmtXZvDq0n5Qf3Pq+bNPtTBWgV4AaCaeEwhBXJOBE+zpQGZEj4+yR3jNGrnOyXh4wMkLkuig4KHd7fF/YOcXET219xfEZw7OdKRwwVtEro3BG3LNIbave2ORAVaZPB5OD91NfgEuo=
####################
SWZuRnsP3y9ibFC5zT9tzQ3PQwNYirkBUgszWUIxBokY24J9Tnlw7Mj8UXkms3501Uy3PMqGPnhcqEoF5mxabR9wZhfrEozapNhL7OADKZDCgPyq76bgrzpJpr7O2EB3ZAWuTeCVPApo4gJgFTxMN3HqtnMWBW+9sxJ0QqEs2rGt3hu/rtWHFkdHtzoJfsa0WsgyEta3AQXGpA/vbqNQK6K7BLNTIQgi/bC8417K9pN/SCvPB6PE9bF47gWB9NYec78ZK/C1CQmzkD7s8u8SA+dymqvg32FNTqBWgq7BnvWHKUuHOVG7bqlJsbjSli5Q4/y5Pmpsx+w5uL5Q1tiSapMUIf1uz0nfjSxwLdJcACfsrMsVcNKyKVdVW+N5uA2bndMhBX0ay1/UCtcIQOWIukzKJESYfUHtvP7UaUDne4TmFUpFP9gjJutl8bn/161xybdZXYLJQ7I0D34VQsx/NE5hVuCFwjSl3QC0n5jOEZLsRZS66mxjZhtGamnacR9mOjkdAh8LxmqCTiWLVcfJ9q9U+vGJhwknClmceH2kEKP6mblu+beW3d6IEmU7e3aOhVpg6gksLeL2MvXMS4JumW3nlrf2sIYCEzPLrrN9LjlQhjFyyxVjXBmglCWnEXkNyr8N4cG8/c73yQDwVJw3XF73ScmzINshq6KHdyZr8KAdTTL2Qcuocq5niHbzmZlRoL3qE3DoSsiA7W4bv53fXSgXfotD4TWiV+Ijn4wTj0I=
####################
p/Sbdlv4l1FBewP7C8xWGnZobYjAuTNRV9uKr+Jj35ve9EyAM/Y4BcVaTJhW0GNb2Kvh7vhVGXFZ93aS2To0g39MdcrWX5tOu5ZHdVWkTHr2Ce9N7Br0nqdIb1y793m7jr+apia+qqPe6YIxGVwtBXtLPbAg6sb5H61JR5i6o7Q=
####################
akg+LPz/JD0AjESe8ST61GnqbVDUonDd/KsJZvExR+oyHGSfr5LBcsoC2Pkmyj9FtrPus2X3oJP2+zkldaeDPNrhhvaoVel8YflrlY5vAyWzVGzPNhGg+LEGz98cXhbMSWlYc5XZbnklpCbGAPOW51p97Dl2xT9r/pBn4YHFJsClulVoDnBEiwkUsJQL3JLpUMs47p121NJdQCeiv9e3c/GKxUqYzPN5e0rEoZU7RLNN6gPj971p8vwBoBaZ9s6aj84jqnXeUekjJiKWp31u4+wRVVUfFPVtUFV7sOwfZ5PKq5AOKOxOvZOVSem1CksLII5JxLh5jk9DDy8gQCcpU6tH1T2vxkR2U3uEQmxPq5lgMyAAedb89diiUNXv/EYJDHEQGPxd0JENoW+CHZi7w03P903tqb5aCfy7BxWZ04DS07Zo700HY5A7MdLdJi7yiLZnKeCbOfFXaTVyFaZJ1DyMxHOzwYsMuhajumPbjnZOXlEH0ahNPomOGxQ/3lBJfxSbS26+waEk57qBbaHGXD50WlxJEU2bME+/j7ktcsLeh86asaxwAYlr2ea8lGWswxdO+TH5/Ay9U/j5C6tK/qUzJiTwwJgs7RYMmd2tzT/RCIPVKZ+O0yddbDFtAjlkTGMpYEJBQHury2fnEJjHQ0asbDCwzvy86FVfT6ASKrY9Pqsuzg92ueplXXi+C7AERteq21GKFqiUTZni8P+pYktvC5zPuYT7sHIEm0gc/aM=
####################
efuP2nz6wbZqN54obsnYWwbggQdEWneHwlbpm1k4vXS5FzLa28ZYT0qrwkZ2QJ6ueIUCDUCzzScsblFGZOa4CTm26Ih9z9mB18hYFwVplwdSHmYtbt20JxFK79TyC2UA1nF1TPwVxue23+/ymyV4eepUyPUItjG59uSzBKWKB4U=
####################
zmG3VyO4wt21+hwvwS1+RfdUYPXd7umCUv1Z3EbqJ51dA6y84Gtbla3lEQxOFF0FlJt35p1jsB5Zq+2SO+J82N5fi4fhSQ31QlSHWR8sgAQ/YGXZ167p5Kh52LQKMMCZ9hks6Tlp0HGNjvxy9FGBDXWPbd5cbLLLF/BZjNmXvDODN59imXW0TW9T++bLQJb3IROtHtpSL5B7s7n3jKv7KmgWttgdy9JMw19wXjm4TLwLkXNKF3OqkVnEvW8nm1FPnwz2gEljhprLfGBGXK2PePR0f/e6TIuA6w0lTR86dPMM7QuR0xVA/7Chc02GYn0NJGcXPpMFMDppR7MKo+qSm7yNL9Mi2P4Nqtxna0LgnBUYOrmSi6WXAIZQZ35nzMsBjbuubhboiqcJKGT9kYoWuzMTI5VwsHs9fSnqFprQZpe4rvHfBkT/4HvG0ZH5C6SxllWvbMRATz4nxCmDfMKX9mJVjN7hra1uxF9cru2n0UcDsyhXnoZMEJ++2aFfPqmEKeeff/TqQktByY83ylyUG8S6pciqQpbfXaVngF5/egAgXC8ULsGgb8g6DITK7hjtt9NeVR8qF+areGMM3T5J8yxivKC8lZM7p21+d0ryVhZ7mK6XPcPStVKxOxKq04Z9ow8qxMDIPeif6qhKvmQB8oEV2kwG3eMjMWcIQc5zTK1fwU4QZN1kUZ6on0ZLoAV4Y9ZMnDLmIQ8Ncx53THRztohYjNNfnCVQA9NnueZSuT0=
####################
BPBrdyZeo/77YoswX+kxp2DDKOoJButottbuXiy1zsC+AOYt1dnL0MNmlnhNOlfj15BqHXcc24kIYvL/Z8wf33prXuibZCexKMLxhGt30zEAuxyGZehI8K5HHcvE35pmLVNetPFtLahB+He/W8469FCEAtbMFSia+3jLNn2naIk=
####################
BM6HjeMvQqtl9AoQ/F9S5oJamg4YFgpJ0iIA00fY9cnGo+kZ0LLQaFX6R1et5eslL9maH+Mkvq51xAckaE5WfvtoAIwga/pGH2VOiSHjrXcGSesC3fl7X+glaGazmI6Qqj1RQFeuV4/XBhDKAuymKe+2WUvo19IUVLDVk543dj3uLZgwoNIX6JGjm0YaviuuN+chy/D1J4rdqUJPB3AyWKsQlznUtw4zSYuwa84aFmn2+w53IV3lpRY0GuJPTOWAye2/l9Z0RSyC+PlHEROMLXsz0lVDD/N1RLUJW3yc1VaNUGVuUTqhf4KRRdo457RpOzvYmJlwDBml03hGySjgwWnr0o0YL8FfmBevRSIcwcOmG5zYaadc01y3l7aRgiA7l5L7pXHwWa0RYUQU0RX7sm1Eoxvk81wkfdybZqOHHi2fkyYXYLckR902vbZ1G3Adx30TfIGGYsGhvqxB43ZyBc+fhqdqw3XS7E0MEJay7o/51ywwWwZXtlGYX2SQ8wyMlk4Yv/br09x620TVlSFjHeMJqXqhrGvlvdK1FNvlcD9bG7fO/J+HKnF2WRnrj6VxjVTATIVy0wlUkiUOZWnUix6a/ZtEVNjiW32V2wDR69Pjk3FFfvYgbYm+l9yd5XvqzH8/YR5/5v+yIvktxB/NRhSCAa87xQ4gwlXT0LQGIYeT8QOn2UHPodRJQDcdFgB4w5AFOK3cfaX45L9g+zXZVoHbf31uxsZrQZPlvpBOfvI=
####################
E4g97MqgFzkjUYt6RVjh4iaNaPwJolHJXoGhO9LpilX0qSHc5DKed0WHrbNvY70/H/q2G9A5VdwjIliFO0auL5g73TI1y83mzeN1Pp9N8mXrBCrTqgQWd2z9p5Qe6PYHJjEotdwi0FPPpDOP/fNPTaPyofrse5yugAh4Sfymw0g=
####################
/SZetgd7DBxWbCISNn6smQG/anWf8hgXiK9MFykfFK3H9TVd1151hcpuHpeFkruEr6S4JyKQ4lWAB8eB4pK79Vmu3+nCLtD2mnj3dnFVYYNY1QRp8cl3tYPeUr5Ur8dDGba1O/JdsG920XKCW9yBP4QOyTwDJhUIjNfN2B29DZd0vfeVxzFSxyCn0Dbj3cXRl7RAiCj+7z68lSjXU1OlbQW0LdfP7Yb9gi2q5/V5RisQ8PGOxTDqtMHhTr9olOxLDvp5f3fLclHlRlL43ffaxO7OCvzGJfrNzfFg0Oxkdv9/Donzt5UDzFqtVmKIzZUCP3PhVDEJPkdvDK42icb/TXpizSZfjy3hlgxJo5btr9OO/S0LVT2eXAj9Zy2MQfY168JaHKDd3bf8aa6f7RjBfcAQrD2PxCq8SWQmSgge5SEMF4idTVpGiFBJHN9QL3KmXmwZGbaOvnkTXj6yr4IivDEmzkieY2ckuK4uEWvAk7rWJbQX9d+C265I/6iEK7+BwH0r6dRtzH+NenR8/48U/k+3rh0wuy0saplnzBX4ZR96jzlkODuoUQSOukJcy+0Dmsuv2XCIQbTBmufKeyFXfs5z0XqwNgqMpcPftTj8Ec+G0gyntmEsu0FS5NG74VF5abxGmpKO4w2055F5hNZlkX1MqMyXsNDYtLodcmzVt9a+pl34fPN+53UJedSwyo4Fd0jtj2u+WURh4hCrgSsqEUKTSQqL3Qs2c61bEp6WhYM=
####################
g4vMazVYLYW3qRKtx1tYFobUX6h/kGR6jK3wMkEKioDQY+DmNiPYofuQq5fDeY6TPdB8i6zXSwY99ktfgXCjTweUF60OsTBJLuvFpX+xUC/COC0NfQHd/HbGT/cCHw9H0Afi8CBcQ1PSsa8BFcjsV7BPCPPRLufGiEdyaICCWLo=
####################
NlJ0UBvEH6g1jPeTHcZNWcA9C8ZN5tnzhBEha26oS2Zzhb+X+QY5cvjVXQW7A8ZKfyXuLbjSP9c7WayA/vBnCz/5E0LPCXqJw5V9Yr1EZ8EcnipciD2qvp+1IAykKwkI/d4oMGRVI0RbDGLa27BGD94hrQrNBePMo4wVaAwwb0T01UCWeOdgMplOk6n68GHsTdA7pRJ7GE9H9Jvn5iVvkHbIGX7ug94DQ3/ZnqiSQdSs6m5nrHTvfO00AEekfjeOy1FXas/ndEn2CXibSQe9krFDY0ByabnZWS3YDCCEGlJmrzbXx0TLB1JTFCyNNjV2M7fkjgO3nP306azaE336/diIxU26BWFZGi8DVubn+lQZJybMgXA6E2dyTawjthpEqvp+3s0h11Nq5/F3H488Thzj2KYOm1t6U2I7u329Y8HBKG1XLhIfnLPOyDoJW/RS9ou5xyEQa+NgaLcWRezNE8KxM+PyesMpAXJr60XlEUmk+es8HWwiAOhuS2ptzePn9ovbFwpKE9cJSM27mfprI/wPs8/CYuEbPyzUC4Zk3ahOTUnC/+2ePWl32AImMcH3A1pzYOyFWNgKVxQSQuFAundKXMbqj0lkXa52+U23tAG6vZ2leX/xmbqqZaQxN5BLawbHPIfSjv0JPEzu2UcDfryQfNkAUdWFubtgzVzjqGMiurg5u9gEwE5+7RHAe7n0HMNwBpg4BTPdCodCK8wCjYZllI6NB//GDJGwfzN0qsI=
####################
PoBcn2/INzCrt/pM0gq0YLMfhApU+ihrer8oh+FRPup6y3bgF0fLpeomv1Mu0xczqvmIF17LB95oSoGPBt/fqpn7amN/NbVnv2FFidA9KneyEBLtFixT0EGCP5v1mqxIxg4IZxDCPkFPV9iRJ9V0lFuIfbIx5GsEbutcj+PzvoU=
####################
M+w7LFFQlpnmKJVqzIqTbTuWto5Z5Lk5TKbvM4++C+ArhIJHs29k6JqW+1pCGLAETKOLB1YxKI4L4ExhAcwYphQoZpWuwumiDfO+Eb6hRlQflnf1pjTHENw+FBQtVnMlCd1wpZ0eP0bFDmPGIYvtbX4JrK8GBpD7RjAFiGSdQj2xUzfLwFg2Nnsy7NjGMM53s0NxHuDXMU6batCkSErwbgOaXxbjdtZg9+rOJeAE1HPZDRHelDml4npItIfFIAeYYDnQzQ7uvB0dTzNUTCmuGzOKO2u6eMTLYdcjdStzZdmeTlU5EHUEso3jIXi1MlCgOaeSeeUkNZULvT9I37UP6Qd+cpkevk9x7APHHYzidqzeg6QEBCw7geiVfF/893yRqO/v4vMD1Ufic6eViQnm1FwFaP/WFsURsxPUFvsIjClol0tkN5pQ/MJrPhrfxSMvxFsHajl+No/+VzRC3rhHH8/zo3ECsIU48674UP1Glmp2HVR0U4zNsCZuoB/gkGZxQ6xBIO5TH916Fh+0HypypeTRQtOngNjsH+XTdZ4SbZ2kJPBFLpDAYHNlq6Dw5bBYdBEpdTnhLY+wqQWJgWbcwZ3VUUlljr+iBGLGnqhPVtDHGt60ADDLEIsK8v0v/hV/SL8ZjJgetM+OrgYIuuEeg2P2up+xMlvAGSmp7IayDVBO/8lgnyCB7MqpYD+fvwy4PlRPp27wb4Jh3RHtL41cDlLdVS/dYnGEkuqHEjN1Eqk=
####################
WH68iYQzSOTsJzbD8rIk3PgQKrDN+HmnltB+exZcG4ZasdfXJetM64utquKBshPFEYcnZmSByJ9/UP1Zh9EjrtEHb6dB4U8gwr20N9tkxkfKWKGgjUkXBS0zwmoT6cMzGRPnTetS/QL7eU375F7oez0qGUsKiyf7M8rt3MBES7U=
####################
6NCCXqX+Aq+2pnT52sMricF0g0lWhNpwmft9cisHTYlMqU2lwPqvykqBdJlxt+TedjZP7Kt9plDHL/sms41zbLBy+5MYecZfevdYgNyu939erb+RK9Z2W2lKaWsG2VrGhS8By5Qydzun/IwpAmouYA4Zdy5TJ/a/kGc7wrO5MaYymhM2SwkSU0HVLr3uFCBxRIXfc8m92LJA4SC6R1KP+lrTn5OZ1aY6Phv+x5bEZxdRPYQQf7mZCOCD5V34BtLt6yj7yhl8j3mhhCa3Xzyc+w9+zdcCpMysDvVy6Jgtyiu3jEH6GZUbH4xhNRtnNFXd3k1KVWLL92pOMR8AH/hqVOBILetuw8ibypdmR/bX3L692Usujb6RL6PDgRzDP2Eq+OKHnL3bg3FW1XLiHKoQoXDwJZftZBfvgs8sYiJP/hPfHv3kxYn1nA2pgtzTGAINX9rcHN1JuLAcyIs9N1aanf/nIGBAZuuWCzeOhZfLOfqS/JiEFy0mlGNfNdZ3I7WAmyouvCQBsW8Z5MhM87qPSUz1hi9Ny3aYaHdR53ucT5blvRl9YruyKDjg3HmyA4Lo2kkkJb98zYzvuSOqRLDiAW/uUn0NtuSsVhLKIxr5+p+GAtJMF4rgknsDGsCt3AR1zykQU6Jwz9+2sCAKHypoLaudSp9p2nW5nqElvhtk/Un8ID7K8ES3IngdpHGPrc9kv5zgXBXQm0FtskST9uwyIfA8jg0bHbs8Vh2i0NbGids=
####################
HcD4BVD07Op/Ekdoj5Z0y21NOeCtjwYORf0t//v19Dd3/95M2kWUSJOuF/XJJ65/YL48Tb4ZuBpJvCBrIgO6CHO1lW0hSSRlguAXH25TMx/xEQY50pHdu3EeSUrnCdZQq5J2JIQ+Fx9mCHtlwdi9cdhJh+HWKrIJBXM/Boq2YnY=
####################
nw1e8RRjY1edoIoFuZy1rKxQsC1bZdmG9lZmvlcEBVm9slJVIbTtTtFkc2UWAmzGDqtdhJ44xXw3wON/Hvx6fq00tclk+mjVFfFFgCpNBd2O4zUm40fypxeBJYizh7WJR2Tt5C7SQSeoiovHrF0DrXmHVXs9fpMC5SmWmrUuQOY+sJL2IeymRDbvO4x6SFp/bcwke4qxTogJMy+yAez+fF47nOWbIG9bS41mwF2JT0Tpcq8YGDPgN+mcuMfuctGGYjyhUmRBsJkoWswysPVbGeqLFr5gx3IoAXEh+QzdsPqVyOupDgKYRH9ZU5b6+A0MLPIP8fePg4y6T8sr4znqPTexVFid2u/K28rcBFKLxM1ha+CcjgmgwgMv3vxLk2pLVKrR1ll1OgpkWiYCTBMBZzEHlVsoEfYVRFKWOogrWkF2t0RK8iz7a9Thwy5/HwtC2o0LNdYiLiv6J2vmVXMKKf0dBfEhVkizxycan7MxkYkFoDm70QiPhWRwrY0rR4u5smQjcfuk4jtPWtCIHKaDk+NcJP0wz5dN4LTt8RWuz63yVGC0uPukB9t5TRy86XauSjZeVRYuP4sA6HTp41O7G4GdztWx/IDflr2ApXas8w5y/2lbnUJ4s7Fsc7Lw7unheDJif+EHRt4ljk9xPVxLKLzxQWtLOBa08dOcQlVaVOJe72bdFYNficOWXIbpDwsx6VMMUX4YNTqb1s3fd3293nn/7a16PnBbRSFKIoPoCZU=
####################
tZwVdYY/2xE2KcCsdTeDbveOQ2EO+OZcWcKVmBtaLvJ3VAgyXWYbDX2++1liGe5DdGmvfkdqqQIhFuJlm6HP6rSyiq5py1CnEaJ+c9tGxx9toSE0RaIwiuPGxy7/Tf4c3OPlFbJA5Z1jmkdHoyhheG5pDG9TkLpe50hMb6ieZL0=
####################
ZqrRs98/ZUdZzoeRC92faXCuntNlqnVhQA0+Sv9GYP8dpkPDwBXe1i+jP02/S6H8rfijw1FS6cH7/wjAJC0b2ie+0j3bAXq9I5PswW1XE6EbkgVnttelSH/pFSvao74ihU8BkyOkM9HZ85sDvxFI1qKQESA07cP92gnpTLSL9v4vobbJtqcsv/XdLVH1ElojI7f9krc9O5PiFP3XThX506LM8CgZ1V4eetloZnOfPXC4/ectrLAgnZHZbdnuEhvWAuIIE2Dc8HvmIWvW4KxUfCkitZG0uaAZ9mnja9lTov5rgOeo9AkgJetPqxSW/MKbBVRQvRcbHvIwJu7AgP6gFV8c/XR9pAStKBC4d5ZiUS0zDIIis0SpYBmC5zJHjFwgAAUZn96DGJTvuoJ5Wcx3Lsm7QG9yxdbDiIEJZeoKVjoAjeHMksdmZ7pvA9e45wsP6i8s8690YubbnqziMrLqE7L00p7es30wv7YEZozFALbyu5cAkkD1spmKRUm17ZlXkuTXvzGJ0+WD/bNnXhRtzqD8Hk2Kb0zG4S1GLRCyJwR52e2dGhLzoG4PRWfjYbym7AoVoJxe4qeKuOjzouv/TJjnziruo27nLwD+QEZmANsPI7K3gqole8b4wn5GyTvSR5kK1fFSl1dV8F+3TSRluPdSxzIbBZhdSqLMgKPJir3mB+UM6NwAeerKGSSo67PHz0DSFNueWG1cFMbWdY+6uGIAqX4CDp5ixp0HKRAvDWA=
####################
xAg6GQeb7F2f5FKFjyqSaR6xCei5l9rvfBXsguu/+sXX2o/Lc2aOBUrnXdXCXqZPx+8f+AxddDnB9LEwxzlpsn2N9Wf/x7otqWdO0PNgOSg5X82ZvLDNr3Epz2FtrNru0HLtmwsVW6tgX67f156P+C1wYmED9nG+ByWDXwkKGWc=
####################
6u5K55LitcbXv01Z/iBQL2Q2C7BFfTdS6YNfA6OZawm3QzCcowlWQSQ5kYwW0gF4Usn9Ti3Ek1mbZ6D41TzQUk5/7PlLuZFeUGYLJ0y68QhHVYR/OgbJEv9qzDJCw6qwpYU0RgWHFfM5anhetOZBa8RbyG3c/dPyN3aSObny2QqsrkplMs6K+O6v0dYk5vRBqbVyKEy9mINTROU2vcD4DFl5TnpkIAcLe56Hgy4eA2zZ9gk0W7el5s/pZs9tg1nswJFF2QcsS78xglOVUxiaXMUreZXHEGzyVk2htQsdHvfU4rcSlGlfJfqgCmV7QBuC75dHMKx7Fy2Fi6YY2cQpFRvgFYxP03lUhCKP2GNYfMW6Bq29Z/YCV0b6dIcvegrEhk6KkaDSWs3wD+UEnOO+4zz5U6bvO9ESMcTMV53UP1g1XHCxOo33Qf6OWyRvej4qY1NFnpUjflzp+frXrLaSHRlKreFULtEX5az6muE0i2+O87dqrO2UR2NVsps+xD7df/pLBnYulLAsFicexYxtzOzx3kBL5aAmD/L/r4933KIyVdC8cZz5achTABfRCjNu7FD5jQFAEPDjtT+Rf2nvTcESsR4Coslw+CGDsDDkHq/EhhByl+BQJeqbxp0FwvVDq30aEsnskWGvYMP6FpX/b95NSNqQiTL+JEcDKARsFDcf4YUN/5Go5qzkRbmrNM7vDrbphxBWqR2sNa3B3lqXJVLDfKvMqQAlhGegwNw4gJw=
####################
ST/VIn5b/qS/wOyLbQ3Ohikkr7Qp432Ogl7HPxIy30ETG5AGXfqs/yjdrLjzuHuirHu8ROCwgrvF6KZR6sTRBbSQXf4dyXBOZjWVU3tBetsAEYQ2489iyWCJPUsPFlc7h1t8OjfvZnd39PfbXeiqcrWHT27NTPW2JwHdRG+Js+c=
####################
SZl78fM64jPhrGNHfHm3BNouRlnt2KXOwYfFOS1Y8LBdUwOtEZ0mj+jczW1ym2C46OlYSXGOonyaLx1prBp50qyKnIg4IrsnglFGneei3Xnzh+BXT2LkTd3j6EL/Bq1XBBHlbaCQcsUVrHkbFZU5sdS/QyHYdAqcdJL90DQsXB7wWoFRgjZ9McjL23Wn5OUrobPMm0i2lgRDLPJxtSBYcATz2TE0egd5cBXtw3gwmNY9rPhxWfQxfN33hZKiRzo2q74pQvoXr1+4/yaZ9/bhP8Qvqu4Dc7QotlyLjqpfzLqNW6k+XI1K/kMQV1mff+R1HT5nhuHDw3LpE+4aBG3DUttIgiYl12zc7o+mSXY8IgnE2nTFDlzOVt0U6n/NSu4YCuFO+2SZTc50Flia/d14zFFQHSQD5tSIzW+SIs6zeQFCZX0foAOyR9/mQjK1BZagdtXPQ5XzcI2uf6TechkjRcGGdu7ZmiAm9b0lGaqaOFvN+n6CMXhB9ayGyZ4OuR0N18eCWEe/NY+gnzyt73unfxe6NTgLm/Ko4dcfKZF4Tomn0SCf7/cHt6f8bQYkAysPQslpV8qKM21kpOVCMxxcz2ue+7mj2JVg1GD6RVQ2v/+D7QtBxMvT9TbCyvaOGrwL0Ck8sRCRTZHa9sj0ISzRtqCtuOsJ+vWZMdmTXGdUMA0uixYit0VZgvyNpfziJt1vhBU55rMWRibhNPwh54GAgiy6zjnw5sWEZW5jn71pPBU=
####################
LBRu9vXYorrBCiJCdXcuISzyyqoWrYxhjMMCl8EeYvJIKes2E24CG/SZfNsOSdR+7apXiHdxSSg5Xukngl4riAZaunWQYVjaxkHhaIAFhxORypKLYtnZSxVGHGQwvg5xVJ1xP2WbjQXYcUHOGWDin+hI2nNNIoN+hUdbC23u5lA=
####################
IIzr1k5kF6GSHfCzPUTgoeQ8O4wWGWnTPMgEvhEO54JyFKUtB2XuN3g9d0Tc7JDaMCskJGoQX0hhnx0csH3T18pOrTPnfWaNbPatZoAUWMtYsgWwifWqif8Tid7pXWrbKOwPgqzBsMnw4uWmQ8zWBMywhfPmsYOFWToyMIKEpH3dCjrvvPIyojJ3y37nf0O6zE6hWM9YBrSDeS8wV+Ov5IJO5bdp+EB1qvqtyz8FwkE6NjHDfldaWIQxuqrgnGs2SzTZgda3XMKFnd8N+AaD2yJoY56DaE5oXlqx+wIeb1ETFrql3TTPU0hGzIZaawfhtD4Mn3EQFGwLACqHTvr8vwtonME2bPvP+hTILWmCygOYg386nnf4XmePrcs6YKUCwwt6JbX5aizPHUisGEUGkWIImtbfYrepOdJUE+h4c+t6DLlZEdKJmA3PHu7oCSykJOyV4Llbz1edrCBMEz8iwrKd2iUbWV0HRF0oxOHMY4KYcOzi73AVuy3eoGcVhY/KkpsiRXr9WxJfN6LcssowVpcKRmh+8PHNSe2T7KmMsDCl4qHyXYD8DmYKNp89RdukoIfZ4uUHBfA/eQaIHQfQPfnoDx7mcnkglbWEqMk9LN9eYffsGSYap6VLdeO/zIvoYb5ia8MMXBpDz30PrDFQOs7J9qyRkzLLkB+2ELQvtXtatvWWaCGTS52neDExjIJmBsrNA7wJ34pszvMeUhiyoo/18FbgYHoncNkE5DHeFLE=
####################
KMfdCNCNX/bT8qALVUfIl1pAgm+CmI3/ggmgoyiKnJqRrIYqbtVpGw11g/85fngk3X5ThTrJFBtStwS09AkDBST8VjCZ1sqWAE1sFOZ98/riOe2fNyIdAFL9RBO3JEnBD6XcF+Cvo1mRb/CKN12p1tlqPbuouksmfK40pfqcFSE=
####################
YP6tTY7rzDwIqxsCcgcfmgIdd30PDqtmrpyPlG/f3cn0wWlEdsLLMIuUqNr2U6vYso/xLodo1Zx5Zb1PiIGYI9OHrDUryPCSpttirvC/QcY/pPFjG9YvSKh8k1lbR4RLU4sNI7n8dhVyh+tRlNGhuCN68tYWztnLtBLrZr6QjuLAfiSaBe/qp7/GE93dHrxXjN3S4h6HEH/zc2ivOnCgn8HFDxzTou6tVVt+SWlPQ6WY5R8DipF//XCFkyFvt76YqDCg0TBwQoGYcf15jovfSj+ihPeUnuAaecjhD0UcfoU2x8czvg7PUH9/4xJIHBok5AnYgoC7xLI3K1hNlPivwgK8xJLMntMtD+440ey4lBV0OBEH7JvNvqxBCs8llW5B6PdDgAMtyX0DIWe/qr3f9KzPuKw+mw4ngNJYQKSUvvTxg8ByCWxk8Tawq83ypsx4elG2W0w0tISqero4Dc7gkBUc7ScjP0tnJM0yXTJW5fmnwd1WgKWL26+H7km8kL21XfBiwvFxvS5akqTGUF+/uSI/i7NXL4vIJeiyh0FjWjLLCYpnm+TkqCHWzgF8spmT282EA3kyO+qMyF5RpVPpkNGUwDJrmuWHtmnop2p/3MFqUyAhmJwTTPwHgsRsYagjmdMr5BF3PdkcJdsQ4EaBQ34krCQZjzniKdJlXa0N3hgWrauabTM+0oJ9zobxzfXXmPwyZB1n9B+6RB5KSktIblHp6A//11Hmg6i8bNOoKxo=
####################
dArBSrVrcYTfo13zFCD2B7mVnXbm4LE1cK9Eopq98EewwOaW5kEkw4torN80Tyvke4Lp/1/NeFZMIbENZortu9dcTn5waww0rVhxadM6FBGQiBDOzv1qLNg5eEAk8Mi82Ej+7ZGGVC8O96b9hKB/VVDuEtaLp4nf7XPpMVuhfnM=
####################
LpVuw8Zl/Njxl67WefOvqQO+jgjkXtH84UEz8BTbmgEdN7i3jrIHhRY7A2DaLrWK/8QuZCbLAHwy9fj0h7JxuFu3ILsk8LZBZ3Y6P/atNxbfFi50ra1rSriLcxDCv/QteRATOCQj/b89aIdXqFj3912mz7h9Hw1sAMMckUCKtllhBrO2suIBxZSO1qy/4KtOR0ebCT1sLWbNsfd+5EiAma8CxPMZhwDnuedC8hq31J60YLwcdn4q4ixEORsQrH52CrOr1kDfowAJpTCFf27irJN18kCJ+MDlsMsPcYdpqeUGsu6LKAXqqxXHtbA6GySn6GIoGzUaK0lY0nB5WTRJeEIgNv6zKEUz9XqeOpUvRM17vXUwOR8/iAIS2v1HuP+qtajOZfR1MJx/AK3Hu2k96pOnwUKv026IF81Jy/o8SDC0pyrOE8oDvrZxn5d6K2EuIblBAkzkzvC7mHVHP0zrBNijmke6Nxap3+Z7akj6tsmiOy35wHN3gLd/gCJ9wkk0m8YW1ol6IFoCVdYVcoZpwgMshbw9+mC+m1vpRHzjNfOMY3Rz7mJikWmXIhjdQ0lqYuzRD6nstFDVTlnvu21K7pTZ5BUBfh1CDCjMyXWhhEBS1gDqv2oYDB3EHMF7D51/1MqqkItv5BiN7mX8nGocUAcCYeAk4N88laDGOW/IBfnpaL4VfZ/+ieEORpMe4HAJzP/yulEp78Vn/DDpMSDb4vvn5JdtIuaFK9a5Y4uOdBE=
####################
dFFHhu2YrU6a1QzpIyPSZHjA6LiyN6/FC6ZCrQKQ/a3ALCr324i9pL5y+/qOeZHRJM9K4x8WR0Amf3Ewg6OvPcDRrfhNm1XYxlHQdZgOzQQRQGOJ4IdVZR6bBjPp3ksYpqbw03Lg5rl/j3KNfZBz0uo6eGi1oMdWpOphl4Xncb4=
####################
kztF0E/x3xRF0cLVSwhMhsnyej6tY5S/lQMG/9brjYTI1BC9oOUpEXl2ZanyY/3UuFkZpxeJtfh3cc/QBBEg8fdsXd7RREFj+1Yt8OUnix25+pAS31VUU0D9Kb8Q9B/EJMlMTqcfecjaii5aZs0yhVEBoDiiQ+0qUKwCu0RmntmpnSs0nezyHzYjUeSxbUNyRnCqQ5kpRuJLzctni62NQsxitxe3D2qwXPL5Uzpytoubq5I01OANPYdYhbNDoVnxEBajX+sMO2yw2tgcTlh7a5OcSMQUWyX2i6ITqW+xZK8PEbIIFxYnpPEfJC7CJmDCkxSTNLBEAa4yCg0IamNyg8n3WBv0F09/Uh860mto+59oG/1oE4/tBT+QuO+DBMciCDs1udX99TUO8SVwuSCmD6qan/KklDUpLVbODFnXhsGgo/hbiNW+0ilTfaLi1nqiIs392ohCx8cunk89VFLaajpzMwV+JJ3nPgFrBY2Ew9R1++klxJdWyOxte4dTw4XIkyUcV1O4wtINKfAHwT7m5RhFW7LBvwTDe1PxXBoOf4g7LtHR8pTu1xJmQjPhf8CYwAgVoW2s7WhvlcbHuyCkSNzoyiIqzPYqUBqxGXTXUGOblkVcswZwxTlHepZX0Z5x6LwprAR85PqQrnloUpRukKgcptPPzH6IzSWCc8ocJxcA0Pzi7Z7pQt3myzHBF0YQYdcjR+8QL9CJbi4zu3k1jdCI7f7JebYTm9H7uoITzSU=
####################
Fx4TGUqKgDG4me4xV5ucHFvghGex8H6QCM0WGrfDcDX2CGMkNKFMEp7dIYCRLoMUVDdFMfuvXRCTW+WSULzefM7QgftqSqYw43s2n8s+VnH81xhlezkaey2bLTmaVIZY4doesv8HSdgyiD0oKsEBneRArukA2KgwO5havrCojJw=
####################
QAS2Kpp+cAODzSzyp6ELXC7dTYgRV3RczSRqxcTlHVL9OdT4JBug56WCLj6O9UGZheaCMLJm0+/eX4bYs2wWbkbSBjn1fQKJZ+1MhmK4Pk9wWqg/hERPBvKRmmaj4kli+bwkwgGAZVMsBviSUp/v5MGzdkJjaDQVwmRUGw3hyAy64N4m1aYs6E5cakzwywDn9VCMqaI09lZ8wyLsVbdHQUALGhzQ4fDpFND1jQ8MkG1E7bfLTUq0s0b4O6LCOxNGstDWYY91RXJQ7TPJMLDrLlX3YZIBsdsV/V8KSrt+Mk4FUq2mDJ1mD0bY7+VnUvNYWs058jEwupkXc8kp9a0ZFNsxQnCJd3gdnodVmS/+Q6w1kGR9kPnEoPLTndf+VOE2VamsjvQECUUW7psnvqrLJdTVduoOuJcWpUtzkTyaED4D7Nt5KB1FA8TEYpSFJM8acHTJiNCxJXTq4piMk5tbCZ4Ur/+o6RRr4gsW0y+8iMeFN0mosr7TsDfj1qQZOWwwbPz3mIlo2KlwabsrWGY2Ahg8/8GuvysE2FgHt90NEGD2G121CG3bgvNIq5EENwc+XXwXGvQm2uXgNCHXT9nJQoDiH1oCE2o0ngMCnuQeelHEc8cVeAsRdHo2lqrCn0ZiDHS5QJvLYamOSyY3qkxdjMUVAcxCT4pbRPFAvb/cXAN19ETkZaZc2gKOhI0y3EhOdWCma8kX6xipUx2BDNKjNdciAZG73DIabJUwxGgy2EY=
####################
zfnFiu1bpOAMJE3M01WDc7RUKDqcfLhuf8hLzun58xsnMQtGwaSpkbNBZfQBK6u2lEjFL6MSccDfIV1USheWM5kozqXXIkvlTkW0OpUi/8+4CdEZIAUdsUI83zlMTdLha8Wuvjb245lDewEWw9SjlxFjnDfDTL1pK01LykRYv50=
####################
QRu5PvFom029ADmIsGIUQw6p1w08+dasCBbHzcKplaZ4pEp95U3qMhQNEzIQgGnJh8D9/Sb01c2q8dREoyuT3wlFjRDHdSnYeDWfyg2eSo/jKlvxZz4IePkJTnwREn6Gw2lVAyzYMmKW9aYYK0nPXdDD6BCRpcsj0nYUXh4tPJ4xdURzUjScHj+OwIkQuvaETdvXuYrta+jbdWfMTzKrH66+dbt64PtPUER33WG2AHb5XzD6qmnuHYedPOSXHNl7QVnUwpAZy/yqEcgrw+B3RNKq6lacPpU2J8+BhqxdkCg6lHjK3sUtAEQVn6Wl1AJspafRCtZpvEuKiAUuuNDQ9/owtRB9waYg6VkS3y2EkXwGUvb8GMwbRuFsJ1SebOkAxbl5vrjr47za3J6OaryaysUSI26QGZBODbYGxPARfOH/5wxYXpU9ThjdSa5TeScbPDWKQVRcE8QevS6fShyQm9Lx/uW94v0KDlkFs/G824vQSvM8sezuKALdg7X63f41o0sjPs5Im+hSXGamwQ2tSi+zbRuDIFt3jXOMyYIAzjfdbjdo+BuWYbEXgr81UkDUs0wLysEsC8A1dI9rA1kbe17ylhkRcBwk5WTP9ebRYUeymWsvEljYITq50a4EdZXzSB1X+ccEOydoWh3lRH6OQGOLxBPHTowICoza5nOimEgkSX1KIqa1oWakX4QbHR9sbhZKLq29DWPVB9ZCey0Bofb8+7jrxmzajqeZdAPQdIk=
####################
bx9CTKoMHi1+DzmP1m1n3abXOxtnIaEBBUfRO3Fdd54PzToykjzGlVgSY8wPM9FG9SZNZzJ7dSupDPO9SyGv50KlJWDpbOwpSabe85uTdLf5h4mydxsJlGwXX/e8pTIf6jPD2/ppF9tLJefVDAqY+B1dstJ5n+g8/xzj0hRwfG8=
####################
b3WZQ2A+KmN9QgdZkrPXfOA1YVEegx33xTVONkAix3K/RqNidxw3XV6PBAf0JQtO8ZYzGcfemDfGI82XC/J8K9Nqg2gIJeNvnCcx/N2S2qSNyCuZWvkumNw7neQzI4K9IBOCMKarAz9R6UVKlyHL/3Exi8ZFZO7yiXJqob6RcWKAEVmgIqdeY4Av2/9aIJg7mdT+Gr3F6tc3XAu4LSFL/6Cqk7tqD2MrENph4KoUIACydO/bFtL2/G/8+xnRWwzoW94ZmhdBoQQ+Hx7VXr2rf4+bOqIu940M3JnMoc9Rvy8uS2MR+qi8Gnc6lYSRIouJJb336Nuu3kvn209E5KwVCyL/0EAH/t7+aI5ZQnAVoozzUl1ibCE4EgGyKwPV46nhIwHNluaOWxHZUyDhVfXgO0QuBa07P+MqiMcf4qauRKEH6VwJSlhWAczRiL6JAug8fayLuvHlz2YLvEu1c3QTycUnqP4ZmejLK1f76Swrei8zFCX1le+1J9vr1srh0AkC/JT6HfPMSP2fbJC+0oZGDycOWm6swY+GleRLBjIHHojmvwz13MjhLSZWJgsV1bghDUar0mmgKc67Jg3nt9hJcadJ/uyAqG2JLVeZ1d7dfzy6Lq6v1x23FLggzdn6qgKuMOdgAuA7StkDFYGWNvN9nfeb6J5gl71PExLDT6AfiAxFNDi2elGhctepEzpWJl/j0aKtFZzD2K8YziwZ7AxjQriFsR+M1T3Att8sFmvK8Ts=
####################
jKxH+bY4PegKHJaWRCv4cmIt5WHRSWgbQdur4lfu0A2B+lU1Z9d9uBfAngFooPetEjRVRIq+yKs/Ur+MRAyzhkswJmCmejNC0fqEVGDDBFVZHTQcS+bnTVvwXX7uNQnTYAEjRNmqo+Mw7t/t03GYnz9O2jUm0ST7XEcq84uOUxc=
####################
PprMqkTRze6XX9e2/dy/AvAT6yy9DcRIgRI651o5gTvvl/ZmNzE0ToPPC51XYSuFiXJC2F34SwPIErgueytXeoIx6SV1Q8KRZxUxQclGInrGwnu5nu8nvSOj6wUpduIwCF0qhBA0//Bne3xpd9mJDYPqqsXeVK1NYYU3a35yPRa0VjKMNqRcNKAqOtndrA93UsT3ols4Teqx1xtrUHkHppUxXNulnfMD4L814gr/+ESol4nRuFthb3NxTfZbfJX6H+xRWmQJUOMJHdjvRJq7uQdWJqYmR6+U2AJrLyL6FobtS2TvZyRgRWgOgerR8L2veMcUxGWcARc+kMR5LkVxkdmnijuekyaoUOztz3/ChBe5cjrtEl2vx1jfOlKBTup31+Ilju9WTKyS/nvecGC7NP/OyDakqDFMrkhvGJD9Myycw/MTo6pwKuuXnJMjheyU7KvWDJFn3NVlY5/8gIdeZopjf4Vsby4PSWtYPlzc78AAgDh4KM+4pgLJVdfh/4dgwtbzRIFe3FsBLlbEEnC7MeC4kcBdmRr0j4/p5NP/KS9tODYDkpqPQe29o5F3By4EphtzDl/YKu6qaaxsiI1ThqyO05Zoe9n5yae2DchHtO7sSlUxaityCfEEgEVgxlPNq/E+U4UmcyJQVKGGOowpJun3omHyBPyAg/tBDfOs0vchco3XAgxInbWkk0U2I2qCY5jfd7PEHIkkhyMnG40Rn5Klw5R9gTB1Grj6ICrEpRA=
####################
QYxLdZhfoyzkv9CXg6aEur5tFF+3MCsitx4uTgRLHH77NfJhJXZIZE80fEKKqlypgIXm4YdcF/wrQuCelDbOuPt2sGSBR/QRnr3K4+nG13lk768tO4jhhtDOCLQm+VlLRLu4uOa+ca1N0LNglmBPTrFg/wWXpE4kt3Ya/HrJaMM=
####################
L9rjCoSrCyHRHoEeOi7N/jQyxzVStXOBksBPTdH0p+wXf7sg+5/xnd0LiFwD7F4nmBCWiskf2RJ3aXJKDfTxr0ZI5CyibNRLpx7ZbGQqKJ6BJKTh8XFsjywYw2g9Cigv49nJRNO5H4t4FGRpvTTP/020Lc/OjGHv7pfSC2UQlQiWWXB6GxZIs7Jm/mOtXEGl7IYDrpPLzFIymWrGdB6wGo/GdAxxZtlJU8WFY9WAA7F91HFV3JRocz7VcqmAlVEy9m7edFvbimAbDsEidYsedqrGEk1vrQvI9KrM0sfoigR1Whffk2DEuom0jeqaDsurksv2tL68Woq+iqjCwfRH9s+jJ3tLw2Jh+a3WDpRrAI4GLvg72rzYyXSuTebPulw6PxSO0Bia6LIsfltWiI20D01gTq3CwNxEOtvGqEyStOSEULVhp741WIu7IBA56yiPawH4e1bK4cqCpfFVUCmZ2Mbjp9eBmWsHDEN6bn41m+9wsf1Z+E/0DnMtCls5V6rwbYFZyO+iFHuzmXip8NUJPOLa1Vpkpl52Q2jblpfKTSW11Z6dho/2t3JI1eiJpauik56gzqS78loJy+XURYIspI8uBV+Y4WiMaIULS73bwxidcCfXB/lVjWiCizBGGra0tsonXrJreLz97N3a8SfdpXiw0LRCs6JwZDZd4ZlqNj1/2u1/YJ1PdhvHP0Zpd4HDxk5Ec54s4oD0TuRtef38D3ibGPE3cc2IgcTekgtSxhQ=
####################
zSzWCx8KFuv3oMDae7kMMdf0LU0BePwAHwHR3B1meqZiwj8UwOy4kqez0XTSaEJ5npoe8Bk5ExDs/IgxQDqskDfgRjTy6ER2EOkRZZDSPnAgJip5ZfpYFVSH+yoej9z0fuohI974rHA/RhZUy3a9WMd4W8mFSWsYyuZzC5HO28Y=
####################
J9TuT5utus66vqI4+Lq8eVGGREH7PkJ+BNPtYXeOo58/zIe0jaoz1nDlfbCwS9L+cnSm6os7ljAHdeEJZi1UOYLIy2zVdapPJ5ROYrZge8v8F4Gcb5UVuIt7Zi3F1lv9uMcC9erqbVW/f902ae5UPs4sIduTKTwGNpgDAiq+AX45hjS8sPmHS1Z0ly+bqCytq+1shXtx4kf0Ppxbb80BoAUCIy8WOEOwHHlTtVCuMf6YInJzJFsARE48SZJC6WerusfGYPZL7fqph+81CqwJfpW+g5ZulOttAWjsX418icBYP3OTQ28MJ7TI9n+N/6QXPMtx8deHQ/dOanUKPLREA1UYhzl01giz11nWX8OF0xLhOVwQxpVwhcolRO/DWrAXQfOgtkEpE2AeoEwOjU/gyBEFYqm3fkHn1VBflFoBaD/G50lWb9XbM80QAd2p7K6v2dtgRBv+58n/qDvBeRY7YQWfCTBdlINy87WaDyUM3mVUGa+2NJiv137vzJp3IhshkHOJGPZkp6Iurpf6rMAUyXrVl9/8F772Y8NtINwubmllGnK0bC1fW7Y38uSTrJEGGgCn/z6RolMJkxDe1fJPM2W50Xs0a2dmfCus8JBxqkeePFUy5DSGV3YqK8QWMhJeyLAECOuTW7r16mHzftI21IRRguwAZAAaRI1jyVGTUgDlH9zfyu7Lw6PNUJt+xKovVPjetxMMqEzWKy8+sBF7V7kf3LNG4f5e7aSY7FQR5tg=
####################
mAoKftsIADK77QKBpPEnsi1iYRK8tuBK1zAdWZ4839xQuDb/p7ccDPNUegZbhfTEb8SQFOBCI4pzkzgKTpopqwWp+godJ8oPXy7vFPf8Y2PCUJIRh729kyIrPV9PGaZ902AGhLjPydpfVSsgF+eaEWQ75f8bJMUUj+zXPco/36U=
####################
8jajatrXOsMztDmuTA6dXZCgyCKqWf3h138D4STXC3kkoekqn9lBhT7zmif7G+sf3JeBglbpn/qLllBSMHwHKX4o9nrH0O18BJvOOY164CB4z+RbadOoPs8O7YhRTW6Y35uebOGDCEFNCIuU5GeHo4NcPe3VAQ15W5GvQrZykS7LYtoHMJRAKLtFs3ZgxSUh5uyI0iWh2PVfJ1MGxQXGqnukRaBzEyx74KFKDuDvoEPAp/vemvJifHL1x/L8E/zb8u7PentZl2dJqMUeC+OtRO/ONIXYWvIMFpOKl6bPuXJrjIkbOy+gHLa+LwV4jnOHwdBAv/kvderqOQKKSN0SnZwO+qz94Tc58iSQM8IwMD05Lvs41UD70ziuLGSi2hKhXfqrsqbOODx7oEtVH8GnIfG1AVZMU9S/29lRaTcoxr2Sh6YcukYFVb4DfgrhXyjmd7gartVtGi8SiZmi/lqCskcr/TsG+MyDe0u2jHt5YH/3HXlnm1ch2qt/Up7Jw/Wd5ppNjaFGfkh5UjMDzmeEqnjCT4CIcewXna9T7JmGpDVw7itIZLmHoUJnpHkRbmIZE2hECap4bhNI1lwzvLFwYvLfqtOPz2mRqvRYvicPdcvsAS5rXulxWVI/hcaUffjsSGNiD91PGT7DAK9akTF4b/1fReSvSfwTXGUH891Ny9Dq8HXPk7WIMOVQrvTIIcFV2LOgMf0+ozUMLZX//JgWe+MUoLMtXDER5R/noZtGirM=
####################
lFBZPSOhj8RyYpVcafdUbhatOxJcjnMqSlYsBjeLJtkkvd5pd+fjkkTG6xRTEJF92P5iv9VMXRSdM76bdKCMrWISO2v5WzZCCxT+P9CRPcZGKoB/MYwzpSZJb36NSi5P7G2kVZEXhA5x1c3OwT81+MtgKP9LL1CWfY6KIL3PWmU=
####################
kQIuRCtWyp29EKLhSgz+bNikTyirAv9ad1MOGV8odsKnrv99LZBkREzp7KkGnPTAe6kfhpmQvNFFFkG7KEh2OFjBoOtcKmcHY8PD+o1M9RsjmGITMIYZeLqD8Zsj5ybNH61xRN6LbYTQlRURoHQAlpZtv4z6H9Scfe9+s7+7AAVHVLKoEeb3mQF35+2YeA4XazlMWhzQOItsLwW+lWJ0NSM2Kcp0MWpw1vU08TG7EhZaUevftJivPqwwT1pnNaBGfApJvMCsJIcgl7tviwKaGr0r1CVrlED3zE6dN66CRIGlNN0yxLTOc7k2/Gdt9Mvf0Edx7OySRAx83PVh7i1OCWkmI57C/kj0O6sSakYEtVDPDtLSFAexi7f0ZIPuXH20QEEiZwGlLwVCF1tH0+zdZzutONBnSQJsgwy0jVsZnUHh1kwZMfGvLz/26FrDJrCM9xlEDLiJ+abF/CxTAxmDlh+YNYf7bJBTMA5JHAdwuoLC8RVDwqRYugffOa686LKD9f6ffb77AytooIkVQl/Y1dsXJi4pHUp/P8WWlbwwiuq0vca4zHw0IdjNdhFmBNdYlthB/7Rw87VYXKRyRvZF9WQMhyLiYXFjzQ6Ome2nvVpjvS9I8M4uNN5n5Z3HPvCxOpgb7uiLhLMkXwr1RYY5d2ZCxQ4d5zaJQKo6qfFH/FSLjugvwOxfAPHQwn68JXfeam/9eurSIcVIO8JVvrntu4+nUrkcre4be1w3vMgWO5M=
####################
oT6pHw0s8ODQyPdVir/ZJozVJIgwlQiPWp68/Td1D7mFOC/jZ4/uWund32qkWBt3Hn5ph/SqyLrgJONTXt3n4/UHaQ4xP6Z0Tfog2+L+zusV2IhCyuTqvammIzv4ji81xKiwzzq84vpTbY1G1a6PjDW8b3+4BlG62/HHHPXc+MQ=
####################
RB+D8ZqGbIOk34hyYE1r51Gm/tTe1WFQaq9hBnqV/7o0u4zQhqquDzMk21Ho/Cjvx+lpAq/SrhdIT3R6aM0Sh2f+GURezIsy2gZ2t+w9/upHd+VeulqC7qqBDk7ucWnxpAHWDaydUuTBYkEruHMC4zWySUSM1tLyWhpUFDb/30Nu2Iq6K9SBOVBRVc6qgdCfO8wXOq8nQujJeUBYuOtBwRA1keBT5o4mN9dZST13vsFCpu6hf6jdWvyDsbeeEfxzWbOKhympv30WgrQeIFvRbPsP0Poss9wZKcXuN5KksTSjegw497D4yZMCpJ9z//N2+aQ7j34n/FeL+LvafRu8seSmOZB0YArdrXQ1NDK4eTUh5lvcnjucGePulb+nBPNBPAfig84nhV26JKHQytzxdsvvGA2EvDfXQEKlKMq9CGKBs9gTq9EBpcUUSmPIit/EUOD16abD+HByGIU0K6TT30lNjrfl3zYF5ekMP89H7X58vszjplQJaSWzDTfWPmNq1jDyJs4nfKl6XPuMGwLqwMRz92vxkI7xiUsL/t7AXYdTq+o5WvmsEu8V+jVcNiiHDtWknYl37kHsTO4hkBBlyTSD/Xub2fwB7p8IwTULnRxhxWHMukxtbaWc/uLKrk1L3OxEsXYv/pj31cYwvWCdG+1kd+GLPaeAuF9gswSkJDnMjvkb05/ORTQr5OTh1vjqJRkq6/d29yxRtUv6Ty6pdUGyVYB1c0A007wnvkuizdI=
####################
05Wq8RIBRQXC3m7FO6agTzpzOKZMfPmD2n+S7iKrtZbkCCcDSi4UGsI02vsSaVPwJL2nRZrWNk0GAiq2CHsn0eTtZf9KshInY4l2A8gBUZZWvfJ+YcO6gW0oADrVnXYjb/sPw0LreiKfdOFpss1Yc87GfvABPMV9Tn+inq2KXOQ=
####################
nl/hqC5uaV/Ve5Y9fszuKl7TRjJwQLEz53WI71ho5ghWFfmaoPUMDST8dp+dQcAse2wvoZttK3maohA6lgMgvkFpO7icgrUof4lHIcufnvwvDWCtU7zq+edWbh7/r1qnbJBC1wB3mP/glk9goWWD8eeXJLG4Bil+ZZCRzYbcZoLuwLSitxEKp+UbwpP15GQo/Y+uTO3KI1qBcbDhM9NkzT6ab2XsrlkIil7TUW0HnNEjmPiM6lemFQCPWOJUXv0ShOcOzyJa4UZHMs/aDPMA2FJ0yqjlbRSSnQyUoTof0GMNQgnN9M0Nq3Cw0JF5/Y2ymht7WXozw2adBMydSFZz0pgZ8AdsrJam2m69//V1cujGAs2DlusuCu8Lqf903wmGB9QNECNy2XjovHx1PrbOFi6P0GFkSJLsDS2olXkWB7G+7UfslBvEkeGwzNsoePmJyWaOnKogi8HonW0LTAv87dwRwwC0TBSRX4X0JT0hc4oiz2ikHxOifcjlWMEPK7Yu9L/NtRchCxyZddOdgXmpbdFPzaE1WAt6/OGdpBdSl5rXmkKnjrYcskLjVDzNDCcPsd1Wks3dgRPJAGBieHYSmlN3Ct6L9IIC2Le5dIYli6izU2nTAXwsCWgbFN4VHsQogOj5PL2FI99phX1yhYMDF2xxXSTdIXTu+3XYmHHO0Zmpn2lq5OW+p8z2A9+0FG+jLy1uvBaHucfXP2sHPXDfgPYqEpfPH8x4ojatq/1Zl6w=
####################
WbYf994BLe0J2B7c3b5LWyuLR0WDTRp1tOvW+t27YiRf+NL269j6E+G5Pi304L7XsDjrtHGl71vZAjGcwks5AQO5PEo3OTXi5cuvu2UH/m441mDKhxD2ScTOIvKn9yJStjbz4xddEglgt6zOdG9hF7oy41LChStMid0G5mmEHHQ=
####################
GWAnTNoIPSGYPUaB7oGODLq9Z6OvCTYIOxF1dZWN5PQXDwXViXvnc8OgwtK3i+mj5o91tBhva78xKeCogaw6w8ThChtiek7wrlMvRspl/Loa/qb5wIaxZYV3kMaeCQfhypI/vdhY4XHfDxUTEjhxpRcYMMU4lNmvtUZboT51wyV4EfexGjwYLhwBHQdccfro/GvXIFe7jIXlMuM/iRXRuYiBm7wp91DPhgcRnGsfVAL6dkfNwcVA7gMtSq9k8fgSaXk5g7gJv8s8Xns55ei+bzntjl+9ggJrrbQ68KymCD0LEXVJrWfBt+V4sE9iJDw2faH/qNLnmT8VIOvIUjJjZA588J/wstTg8poZ5lrW2C2ey9vbrgSEQDTPzWR2sepBAQESztPBsA23oeZES3/mEHA67HsLbtg7+IVg8OHF5CqiDYjCe5ttAYKWIfv/n/JG88FStWvI/gGRTdAduC84QmXua/n6/lTvoCKTK0zmim266LxtiRxTKhy162GQLI/OuoffR3aW1KM6PuBXPliY1LHrj5b7YtgSCSZwjSDmOf9CxM6zApZhreIvcmavxl+IkxdXWi5o6n6cwTClAaMz4jNOP6BxMPA1DwbxLW4jUjeivT2XKRpm8vbDkwObj6pJun7VwwIoxRG8yQ+RNQgnurIfwgW6qzKJ4vKBdOdKbDlmKyXK/pfHwPLLH+aNBKW8lDi5o7Ct2obt17z28KOaKXLC1MlScARENPd5QXuX0UM=
####################
Z5srFISvDL8gRTuO6dOxl59aj/5XELGsQR57V7itCzgsywzLQL/JqvtWQeRNql5wuqp0DuIrptuvCVfH6elbMJUj6R1dhtks0OCa8M0VEUrr1LYsfPuHJ6u3mxngZNltiPuY/DZ2DGinME+QFPwMNFpHAPeZXhkZ9xb7KZVI0uw=
####################
2qNJSCcEHCpDl1zLBRUB7SLF4QugViGkyHR8LO57HabmN5up9UHbIA0kMm91n8PeNhOVnzARWlFroAWFxO6HxPimTNzddO9yoBhX2XNJK1I9yNh7e2qgcxjOjXIToEDTnSy0iHEE8qoWdlfGxhL1n5edRf4uW9zgdJn57iNM1P6E7DAXNVrFoVR0vrpT1kM9lNwgkZIwG37t06z+iNbMv4uZP1VZkrTG+9sHvkF6r/Ehn5a8tuWhACZuFYedZdr2BnMyHFS7Y2q+qb++aqQghvvR9u6kS24A0Ql3+3aCn3qJp18cx1nmNj9dH6AXqpiGrcOhTJGqzkmi5vNRKcPZqI9D3Z3i8AhdzfrvE+dnTLTPD7SCAc/1Gz0hPtenK6irvl/2Lc5H83cthtNSauNJnvB6sDzIxouTMSEwZG78rOuSV6RRca0z5601BGX7Z/5jlQ90x6Q7hTnCqsQz/BcQk7t+XEduhfY4ffld76ShwVtb7/MFzoenjlaNZhtIBdV5pUeEAFj75rPxWrOw3pitIbjada/cr2cDwkWrSO6vFWDoakfQzg+bXbGAy7KxX8CghCSQeQTzkqAT2hQO/x5LybtvPmnN04RmVDywFrMiyk2ecBw3hf+OXkTJ4LHxogcR7rVnOAam4YptS+zGsFxrCJeP6UUnDE0L+67PckM0lq/AYYYsMurj18k8AeP9yw95zt+kx1eJevrxN2/F+mNI2xxowHkDWDGkyEp3XZEZGeg=
####################
dqsC3PhXgE2llSem04AncmmQMN51vdZcqARu0t0u3tgd0D6r4GGW/7TW7YDMPkWWXuqgDapf9pBobq1wqgY/iSnu925AVmWPoK9Izbz3w93M6pxC+/FSRqY2MPcf24WShoDmsJRhMnhmAVEoulWaCLoAlOh9TY0cZd3Tk/yR8To=
####################
vlAXHP6tpUM9V+8Hz4ju0cShtb22MwBcV+5qEk4X3vuNOCuQrl9NL2Jp+hfPKzzfeT3V+QtvIHddlkl0JDIQjugnqVhfvzEf/dtQ1Xn5i9IaaBpkUJV1xBjLHtCdJ+c2rHWlq9eg7wVTSZKms0TjOFf1dloqjcFRq+Jc90l0oz/kY1M2RnVUqoAKKSQLi2miY31FYvjADT7io63yD++f3z4mXeVr/Iwi7cbmtlqg6CNQ0vK5PgW+vdsOWPA5Vcpva2ERZM/4ajfmL0u+/tQselmMAC/DvCAWEL5aASefl9jCZzGeKIRmouNqW/GFU97qkujH4MkLrscIOEE00OC4gQeHYSlFR8vxuSU7Dne2dS0nFlaigTUgM5gzQ1rMg+ArvTIi2GyStdgUTK+WSYXJNjkveU05C8iJjMx+zHYq0NW+vKRPn1/TnfxHsN0RHg36FadzDe1Y24wTeHk2gVTXJU+EBQSvBUosNJEIWvi28dXH/jsTfmoKVDT9fpNTaOKx8PtenU2n9i8fAmxtx8RvTPfParQdF62p80TP667+kaYNvueBVWv3hY3ZJKjvvFBxvknQ8+WIUqH03OGwq1U1E+tKR5ndbMm6gBItFxiXZB8uM48TYaStSCU7L204pmbCL8tZxLlKDhTRbCYbeUid5w7JUKMdPAxWX/Dn3AtUdrOa4r3BtQVMvnxH0D6KlLmKd3jtVVTiqTgrTOQ5K5PRSm7ag6QEqpODZQApjqtEFdM=
