####################
olq7laMu8EnrWfsxbBvhG87f0/RTdzPqf1fD0gaH6d8SDlJ2fqjAkfxgrQkhlrnKKFw+O3ipm16d83XsLoRW9uzk7bO4srCM7wZ50bLzdgQfddHsANvZ03ewctp4Qmy2ys01QgHs1MEMYxIxDc4K6Kh6Ar7GBC3G9Jcm+3oFagA=
####################
enDpqtuu+t7vKuDlgSqFJZk5CH6KtEqyghmcdEz6iOgMR3WlTFVJHE/HalTPDWULBlg+EnfOf+AEnrEHFxuoSq0mFtZ6RRj6EPX2rOAib3Um2+Q1z3mjSu9PY0V+JiznTTqDJi3RbN8FKyz+fv/wKWHSm9Lob1ZGKSR0Q5iAtQhVDQ0v2PYRH6zZadlf9PrHYH1IaRolElGSHoWZsgmKeyMXlQiEAMx2+uelxmw+1b7Rt6jFtzfa8B4oxdhjvbY1mbT0qYkO67c4DUfT+U78GUxKuqu3/nUKJIaecKv3NJPtRTEHeeKbZ+GS2qMyP6Ylattcf7yUY5iu+6uTCXWLcSohN/l+yv2SWwnHzoDOl8lrWl3aGXRb8asW7DZmb9Xzo2C+ZJtRKR3JdLRO9SXqZ7hql5cBXRev/vciwKo8Okl8ELdLXxeoX4K0bqacmzbwVQbiRecin9weW+nhUOGQ3D2oGE/k+RnkPwR+Ywy/F757qty6prCY45cLZChfwBvnuFGUBh94K3O7mHoj4VNde/04PQweLSzGl1g0jqfklZXO1M0Bm5916V/PbtmnXUAauPWrLNDe2A3qrP3gR62zo2MGX6Uz5Rvo3pObdxshzF+pLf53bQuCeKD3sIY5yePI0aHzse+Hu35Av4qTMhW8Ullegq6R0B7+KPSulYUPBmySTAwBQLgBp9PnoXw9oLm58CrvkZTJ7H5blAN4S0DqS1OhuwRmt4kHD9P1IHaqefdKSIX3pzaV5TS8ust4KQNY4As/EAmxUOKSYao2RtdLQW9dX5qt1iSe/U5G5DBPpp0Jka1aNWiPvou7oUsEPlsh+cZ9TP0Ouo9zyPCAkcwwORR7eiZ9q/0O5k5bv4mcwVzUf7FE/AaLc2C16p/CPQ94SSQ/FtO7yFGe1fK8hjXJ6Q==
####################
rCyauOGa5mV66XscGeQ+18a98asg2HCvMwzhEA04nrIZUeEvgy/XoRtfU/Q/ezbbgycJn78v1Gj+wfv0yrQINfACUYmaHts+zAsjX+ud60xdPeoXff0IiIj06PpJmHhl8TB0z2hXt/OSjtn5j8vNmPo9ss2M4JpiWVRFwcHX2k4=
####################
TmeQGD6uGJLBmHnVdZzdMQXY7JnpBHcUS+aC5DlTUVgqaY1BslqnCPne0jq9w62y63muBBMiNmURNVjrrpb6dQCe5jUCWkOjmbeuBWdWoQsaz3iLxNzKz2Or1Gwd3T6QQ+8ieenX9N+JaFuHhe2U134wmZNX9PYq64t2yfX8QesGafViWvBsFoGC0U+dfCauRxtWBSQ8Ltzg2SzPb814yPz8daKW1DmkosXNXj5A9RNFIaJNEcPdeHsFj7GWEFCrEi30Gy5Tv7mi6Lf8nAnohAAg9ZK5SGCqF6LMwuLRfToJqkZaccI9pDbye9Dm6oDcXwFZyrQTDaUK3e1WruwGH10pGrky/Z7d6Rcva2WCohyr3r1h/hyJglkUebBIIiAcNTlTCk5bJNhByPOR4H6U2Fv1rjvrISBYCTgTivolJmhioAW8uwKDGfXm2Pevii2mwgzcyAIcKXri3cATMQQRbqrGxIn0Fna6DN6u7+XAU+OBYKxJOpoF4wwkxkIEDRSltKTXJZwsQzcwHYLEjWquTinBymlkYTcdB4Ut1txR4A/IpdygVy0NII7nl0dYKCei75j6fGMgOuR/9UooI4kDeXH3Ijz4eYiYkVy307yU2SQmxdljNV72uYQ09gfQVPmCOHEm19trHsOdpLSben6CUjEnIQpc5BUn6dFRlLDOecZ6CXAyx95R4PqeGMWv65SklWniInCJ9G2XPfWyMgbgDk7N5W1V0ao/rXyQoocPA9FBRNWEuRzyQ2CJlaWdTJaKsPllQUvBZzhlbe8ZskhpXMLa60YfBcc7qHwVzOuEumxZVaOH3ni1ch7KbsIwyD3JaRFXNyijpAOoQ0lSNorEJva8MESCwIPPSISbGaQxAzZ136gXYiTcrmFflTzPPWUiHWbsiOapEnOFF2/TiN7e0g==
TmeQGD6uGJLBmHnVdZzdMQXY7JnpBHcUS+aC5DlTUVg64nUdphFRjxAxuvZwBnwW3AviUkhuXJnIPtlEk0K9IRMuggp9+04CdutzttZFPVEOJgVbhFM4imy8cvv7EzWKkd7vZbi096qnHiQL5tKHcL0qvqSbyoIJGiFOuGIvxXRO9abMczp0WuIxsqkO99hq9nRFNPw1Up0ZpMbADz0PZyU9L4co6AaUC6fwOOe1eIuhf8c0lKtET5KiWkKlc/vulZOVeAR9VPNfyPONAmJkM5I4lC4zbyhxH/3cEe/SOS6EYwfr9/bZnQk4xABCwF2sDyHa3NRRFLNSsSHDPmSdvCZeDCreUilM4NS/tpd4BeuPX59v7N07qFmYe+oz84Eqq2wGcI3W+vKoOMNOt8B0OC5XDY6SNPHobBValyOvXRn73k/GyoDGnWQ/LjwoHUwW96GnDFryuS/TpRX6BmqIHUlPU+7+9qVC8rU0P9eETkxbQmjq/6ou8hB5kcqBbmJYlXsCyC5Kc6rVu05oRhc7Hv8Bligv4NJRpBGmGGaS58Q7u9OXGXFWQ60V1lEv4shXPIvGUvFDrsVU0t+7VcTN98w+c3LlmnztTquBDPIxklFlZuhBDYcb0qN37vn044xsRxfl+oV/OTklpaDky4uoD3jqVuYOPxFJSjyJwsTijTzc5xhE+abYZKe8aJQJh5q4g4Sl7wXMOYCI+rU+tpSvoT95QlhF8fkPeWLPtgUnE9YJp80WvZU2BCvA6y+bwPSoSLbZp9yA2eXSe8cwDZBbBwPM1Qmw3FKB1td0deNJmrDR1yGkN/A2Bxpb5GR5OAB30T1bUpS3iQruVeOqRs/ZQQFEkiODXtonouNV9ahHbDWOY2O6sW3JVHir+QtNz/aRWGBwMq3ckmlwGbQCKZoNwQ==
####################
W3ZVEJ7clgpCoxx7P+RR2348MDOZTpYbrX/gT7KySV6bAC1MOfq+mB2DPooZsPQBL+jYJ6uKlyoBOc33fJI7zs3OgeZuzOTKKPCvrxxwQVx5AR6GDj1jRmEc/QUBVu9d4/f4yqAL4Lh4hZIKXqHwBmphBqMx06e8i/TPQLndrUo=
####################
u9mAgkWLUVmtR+/v+0X+SzvI9vBWsG7vW7P/GmR2LnOKgsVtN4DG3ipnFV3dD5g318yTkF9j/HknQYTZOwn/0n76wBZ17OeXfEG7/33WGDr9svc04vSYaksTZUIG1ZzxlYKDzq8cuL/fQ5ty7Kc+thx05BmIDeL9QZ49JooS53i7cA0J32RH4r2gJ6vQyk5vueT+7aRaYcJ7FeMODZ0C9/hiAed4hS9HZ4/e088kukBw7Sms3a92rGKrRvdTWoOK+hORWd4qnZe5XX/OoWdIaes6+r4Oj5s5Bkss6VQ7kZoq4INizXH4XoFGDTqbNpcmGedC69xVsGbCVx/nlgE5cw8xmCCYFuqMAvVQkhDRBkd4IvceRZ00DvzNMuNhFSYiWkNWf2sRVPc8sBAuXWMrlx5p5G3NKUk6EUl0wGQ+fDQX17inI36396JRVaoCSb21OnaXc3pY9/yFxRtx5IdUN+KK4WdyZVy244UI+JeoS4TecmSu1jeOlkD8Cife1mBEWP/0F2CqLpXN2XGGAtUSQllTuaplrsUvEgflogyCrkKAIhyuaMkvKXZb/bLqYktUB7GhNcwR314ha2XQHXmvI7g5I0NMkfZ75TGf/850OneTLWJUvKgph2Q/6829wdfqy2Cd2AauMGr1g/Ye5FgAza1Ze+xshkvJ71pZ5T5vQ//USfCceh276FC7FVD5iiRvE9hHRHAh5u5xSVZrM1VYqCGBDClsap9Nnx8jBPqnCXk4yPJqg7MmdK662yLI6pPYrXSG5T/ZD0X0g5swC722YXSsQjtGZByxl+cQRs+c4y04+f/7j/ldB5KUNlvYve4oQVXlAxjDqpImEk9O0asBuvgD0hBRnbNEy3pI0AZlo/9ooTrMXukXTwlf69th1xZfR1jtp3L6fCtdVl+88M/gZQ==
u9mAgkWLUVmtR+/v+0X+SzvI9vBWsG7vW7P/GmR2LnOKgsVtN4DG3ipnFV3dD5g318yTkF9j/HknQYTZOwn/0n76wBZ17OeXfEG7/33WGDr9svc04vSYaksTZUIG1ZzxlYKDzq8cuL/fQ5ty7Kc+thx05BmIDeL9QZ49JooS53i7cA0J32RH4r2gJ6vQyk5vueT+7aRaYcJ7FeMODZ0C9/hiAed4hS9HZ4/e088kukBw7Sms3a92rGKrRvdTWoOK+hORWd4qnZe5XX/OoWdIaes6+r4Oj5s5Bkss6VQ7kZoq4INizXH4XoFGDTqbNpcmGedC69xVsGbCVx/nlgE5cw8xmCCYFuqMAvVQkhDRBkd4IvceRZ00DvzNMuNhFSYiWkNWf2sRVPc8sBAuXWMrlx5p5G3NKUk6EUl0wGQ+fDQX17inI36396JRVaoCSb21OnaXc3pY9/yFxRtx5IdUN+KK4WdyZVy244UI+JeoS4TecmSu1jeOlkD8Cife1mBEWP/0F2CqLpXN2XGGAtUSQllTuaplrsUvEgflogyCrkKAIhyuaMkvKXZb/bLqYktUB7GhNcwR314ha2XQHXmvI7g5I0NMkfZ75TGf/850OneTLWJUvKgph2Q/6829wdfqy2Cd2AauMGr1g/Ye5FgAza1Ze+xshkvJ71pZ5T5vQ//USfCceh276FC7FVD5iiRvE9hHRHAh5u5xSVZrM1VYqCGBDClsap9Nnx8jBPqnCXk4yPJqg7MmdK662yLI6pPYrXSG5T/ZD0X0g5swC722YXSsQjtGZByxl+cQRs+c4y04+f/7j/ldB5KUNlvYve4oQVXlAxjDqpImEk9O0asBuvgD0hBRnbNEy3pI0AZlo/9ooTrMXukXTwlf69th1xZfR1jtp3L6fCtdVl+88M/gZQ==
####################
kCddNGmqvVjg1uRAhZ46X5mvYDW7ac7mkARzuUIqjHN88cezdTL5fxGLHBlQ9aW7dR6AKyOTOAxSW+3EbiFAjs82IervCEGLhKeBn6ErEmHAcxvecHry9sIRNhL4fApK7OQZq1z3pRVtqnre5Atr8dLG8P95rFXopVOsYqjlXlQ=
####################
07/ZPcAcvcXbgBgZUUjjwMjM5pt/mSHg7qM5W3NAisN/keU9ohOG+yTPKqp76rugfvwh8wzuDRDtXN8HnaI3maFn/ZfRkXhgHmumBNiI6O5GjWDSESdLyQHXGWLclG7GZqFwGBti6BjvvN0LKs0h9UOK721LgHqI5lVvJhvpr4R+s6QhL0goypW/yc8WIMCseeiCN6HumMixsoLFXqytSLFA8YVdhoG4j1BURq0WMtV7P07p0Gc6MFL/mN8rEItpBy0dqzJYjG1QZiociBq0BdYMN2slZ6fP9gH4LbY+KXC/jN8PhG6F0jFBkR0eAw5nfuImNSdbTfLx+xV1QRwCE3a5JdnR3g11ritP7hwViXSuPnSzrjqKqwn/bmFJGHymsVB+vEjMT0dmQfGYU/0a3yDpyLFj57GsLVNYmrQalurmJpqhw1+cWSeQTlgdkNomR2iBfBL2kx5X1fHhmq6o4bbmeN5NDAESToO0++pol+qtzsZurOQnDJOZQS7I2WMeq64er9+mG41LnapJ5XS0qQ8jkmf4zRi7erdZXdR+PaGsVRO95jhS2UGi+e9pQNQ7Pi+YcE21XrvClbGjBcuVdtB/BGrXLSIz24Od1KHNriqxyhvGKVefJNPUUEECTpnfIgTDw8fnFTeKPektIAU8qbolF8mED4cUKQZ662f327lmFGn8ZXsNqTdCQCCPux/F2Sgu7dKXbb4Psv0+44x6TxdOyHLF87o/lKuEMfJOI5Q6ndXi7S/xFsS7hTFeg6BfNC19b2r8+4aeF1og3qU8/4w62BN4HavG2rDR+rGtf2m/51V4JLdkjJAghqXhBvykeyC6vsLNSiGj2sMgM4FB9mqt7oOKwEJC+Y6isSiXMKTu6nTzU4k6ESMFakjbPo/byOGBbx2i7v1pMhcMVW3iwA==
####################
nST33jJpnWzEvMi0HZmrxKFXG4q6LX1+swDjgV7gTP1oihLyb+N7MgFZa5WFUFy1/Bg9M+nOelsLpWZx4soIUb2t2R9nl7L7TE3SYtdNzYGiOflx6c0lcRR+2xbPDAedIqi0YbOePUb392sr2SAbMppqwgzpwO5PAMRSIuT93oo=
####################
adNmOHNh3bejiE6zsYl64XjEbvBVKj75Isp80Rl7Sa5K0FJqKfeu2OF/ZW64WxaDgu8rwSgCOR9XaKJyGq5J9B10xZQapB6Xc4PdB16mvcSJ05F24Idiv8rkRdrt85h/jx09hNqB/EojH52dofV+bnqG5Oyr48q8U5nuO2yuVOtXjJ9lN7bBePQrKfIt7TeHcYIlrW0913qsVg6us1buoniBHPlY3Fz5iC6tL8WhDs9DmZ+YuwM/xOPNMkw9r0rVNCKL91I3rgUnUbKKiE4ERKjUqqZ5H9GGPf8yoWl2uZ0PVPLqVSB9i2a3i1InVGLUvoeJ9qWdr5/XgNw/C+j+vWOcUfSwFe9ZfDV1xgUPwBpYtGrnSmhOTPwZvxQEh6bD/Nw27+Kxk2vk4SfntjmZrT7H+4LEX4r0hg0dhw6Q9WhQ8ooa4XgMHmtZVe2RqqRsLVI+3/+1bAI4/Qs/7nziUVwfjYr/sXenaI1J5IYCvLSJ114NpWfoQw9C1px9mAVEHibEYmcK6LsQuMp4KTu5+H1iNmQDZbOBv0LmdUwrYWT+9gA8jj2gj05NaICmMasb5ocL64xb3EM0xjWZO7i3vwxqPxgmteMKXENXO+NQ+KNnZ4lOm+7sLWlLM70ibPqn6PjK3/PasGCn6qlFbzuWBJ8oRWGC204wMtsFNVOtteDtXYoTnMTG9/XLeRtlWwGdQozqjJiCO0n2Gtn1WkdWD/rUKl9lM4u8NaIJVX5HYBvz8XM6/hw4Dg/a1rjdsBL0kDfnrm3TO8DdWXjSzrPPaDyDRP5Fyh6iZjW3oTfuN39C+9JXp+DIxjvlkhIk8ChiIsXBfv6Waxm3dXrGt6dXMNXL5QDIKdavcuy7JuFUgq24kauF1UU37IANGHaPI6+sDepMSleynO9OW0AhuAXCXg==
####################
YFJFyqvxQF8kFhTE1IyAOMNNcF3CMNov1hfblr1m84AXibXkrcd8Om9xueJMGGwgch4H03bpGqraTUPxPWuUcgImjDmHAGnRmZ3WuEaCt4fn0y7CK/CVBdI9OYZ17mL71yMt3BVVI01fYRqEBm3sZUnHoNSqnb092Zje6tIAxQk=
####################
3PjmLBp3n9u6n2pAWjLJD+8YUM7dnb4AfvranuvHsUBXlbJaM1f3cIAM3YAObhy/0YZ/eBYZJPiwFfrMLJvW3WRjET3u40VwPaOT1B2ErExCvIuA84zSOr4M4EFf8m7xRhgbEfZS8ZR3emYoOyL2bnKygaLivFNbAmfZyzBSRoju5DH7lrrOdSmrMKK196CspqNS3mhRUOyg1BELcv2P08QvGztrweWhsumgqEPOw3zPeNE7LyaRhOkxwChphQXpSneC1PkNJJDTTj+XoLR1EB2SN8wJe+7GEsaqUlXOTmiZW2RkGSeuR+CuBAfM3mYygjjsvatdVMFxvc/+yO1xL4kp2S9i2JgDBUwWHIH6atnGSAe9VzSt7AvB/7kxXtXJkRcNVxPM1CQTEQcebDt5CUe59/zhVWvZyWrK4TuEeqjSf9fnC4IwSt5TUFrXQV/rGLeaE7CON/OIRU4ipz1zczHkFB9fgmwmHTF1iA1ajHrzgAtzrcFXvJ8ZVlNKXgMUz7THLB2WLh8kCTE/wYAjUER1FaGpTqA+OT5l5QH1YGbiyeUAY9Xvay9Q142H8sL4iUbUosX8b7qfmaj6zZwTa0DtnF9UoHm08QGu42WM+CMIEPUX5klGuilHAMZjz8PkIx3nkEKh/F8SV1ma44M2BmdyFseuAMIf/1brBZPp7srgTTtQyqcJ8nWHNpb7CTysYtJnp8tf9YeuqRsUI3vcaxwY0LKUw/DnLWcUfurFeb2JSso48tkidUjlRqQwt1yZRVxWtn9YLWNirKyUPTDqD8h2MmgkDao2E8iOqnsJv3IhGb+5+2bYpClFLeXAJBD2P2Bkj4KKCD8/eZScAg4UAxWbwKsSYJJYRyK/prusLOt0A7qJO7N8LF1WF+2MGV3sd8bRajr+XhBWoyyz+iK2hA==
####################
plQfjatJgo2VnTd2uZ6bg5PnhGQjWYRlk4/t/GuWFy39whWMektWdqQCAN9X4YHeU+y05/B7dgejNi9XwztDq6zwT2TuO0GMOaF6xNlv744TxWzyHBlELGxE0UnsvW42D5+UjH0BQ+rU3MA5NRajjV4g+TqdxkBYm5niePIMXJg=
####################
Ox4Wzq/zg1Y+g2qv0FjK1n6dtJV4pgxnilLUt6pTXWTSaTGipRpb0jVzTjiYPn/5TVIwV6WKlc/SACasK9cDPGf0w6APoY3KNcBovAW/uCqQDbLd71qE998tou1m5THHEWqwIN5wtN7ANBREdYxIxQ9gglxrCyDlOYMozO8sSglLz8AkuxCEe/M+1vKOw397MZWOrD480HP6wUlQ0TtibUlAmGSCPvLR6UwIMpFTCH38aM3PrkMuYei83tSurTxtrZ8BnC4Z51qq1xXc4ceobuqdN/4Ad6a75BTSNcERWMeogpbbWCukTbl9N4xxbXSq4C6IHxD/ciUddpoi9BI4JoKOtBEF56nt+a5wE9j386yIdn0UyHb9xBSZngZWoTCUMLTfWI9fGf9wqp2w5Zd8ygX9V5VQuzbjjhebO2dWEiTQUMQnkCp+lP5jvcyKLxYbMVnvjKmHWy/iaylzTJ8NVIChjiTK3g6KlN34zG8GHDqwNPYQG7zsjIxDwzncsAjk7un0M/iEUI2bt/7wqPdh7LzAVgPaVAwovEe8Yzpdab9HcFWJp3HGHMZoXlQuiW21FZXZbOSZWo8NzRG2jN7bhhq9jHHM9GGw+c5c2bHqOk+HFGRBn0f53bd9JHovCyJgmTSeE2oQxQ0EVLC8pq6rTBJyPR7QL2I/d2SUXBQO7NPbNUz81KkDvKgKS7UUuH0Mlg1yK9v+B20iQfOq647tvW0n+zjU94HIQxsaXi2b5tFxmUo42FHFy8IdpjlfEJC5BUDmRp5icINKIiZpuc6dF2UiQ8jU1H6DC1dSuZpHxaQvKLcMiWkRpYkuBKq5NfKmhZH0dkbrHCJXdQKy/0ofixPXKAPrZ0J1FAwxA7C5IveSqeSO0Eqb1f8RTCaIFVuLLta9gdChwIc/r61IJD+xMQ==
####################
scKXPxPd/exWOcX5bxrcF18hQ7sKs5iBlijD5RgamMPz5Ny0av6rexMvWBPsnMHyEqPE5RF4mYOAWEYxEsmjxSCPdr0msyfV0IGvpOf85JHwyfSTu+6A5irERr0u+a3NB/0bioDSawpx4F/O1MBJwNfg6Vc15HnpBtl+Y9ABI7s=
####################
X3Zq/l+qHnUINjAcVK1GiJRBu76HNpzX+q19XN5H90b98V5pQCsZKiN76W9QBAusMFAFwbmkn2y6f8MCJtP3kNai90OJ4P/LMrvTQ+rDO5scigQSuWidsXYbNTuUTppyIK4QwL9wCgZmHHpwBmrjLJ/5iu1D/y5cvAPDThlsz2u4hxLp9kx0DmHHqtsb1CeEnyCHEpWj6nq+l0O2R/rQfS2sCafeoRkGWHY3CBW1/4q4FJ7KhUSih7FAmnTLwb34REJ8ORXPSYA5951k2wwbhOA1p8jtzTa/Q/wZ4ASVua8CE2izG4PcrIv80A7VX1J9Aj4Wug0kBTCyD26WD/KqaTdcQvhk27Dkyve7/VW7YmhTtE1xTryWFxnn+6jj9sVwpOpnef5fat8FFs406i+1dmE0n6DhJqfJtJ7pPsJ4mZqIMhvKLHyhqyAJ32NF2ZTrt5IFdFfvbOjEpZfUb/Qycrp8aAvnhuzhivMdwpVd6z8bnt8eLW/VZ4mlqt99Lt2ryLQSXjLc+t/aH+qeAsowsE4cg49zon3632T2zAN9gqfgCkP3ACd8H26+d9+WDz8QoPc2KXKlE1wbSkaDJzf7cHCrX1qcDF00luYCCc0k82rliknmr8W5diWqRL8cJxZxKDLfPpx5xNCJ4bSPamQvI42dltteHHIybOtccVleUTyhe1JMzw31T7MyNExFN1H5nQQiCluhEAr9A+ehrJu45KM8p+namQ8K/zX09hRB6KNmA4XAhwdkAG0v3hSXzJ/+xum7h5Qf47gTZ8/PINhHnMU/xXR3shNi0VTAFBde+qkMRVBxwXH82NJ/MZV+dv096eaCGz5nZ6/uqX/WImmKs/6im3j2nniSUbAMTsUjygq1otoYZbksaNIO9oZGeXJ53TmrPyGupeyQ8zTETOkLZA==
####################
UijVYpNapcItryZE6dsgPA6cEldAjZbjSdRBqaC7mb8KZ0Ly31XBICD5N7iKaY0jzeSuDhxXWvhDXvVyaaUltgHoYsfnSiCGLLA7QXVbgCLR3wdbXmC/Uf4fqxjUwXdP8MqHZkjGGJ+E0/xqeJpwJZ8f56Di9Ry7K1SWDGdVCoY=
####################
IPHi9vINlwyoK46wQ/bZfDaQbnhXO7j8FcWm4aHFyL0+dEdEMdW/Oih1DlJAUT+r147ed5j8eKzVZ0334pt8TBfoVWjrtjMHgCjwiE7FEqtEaDV7b3eoc16tc7lcqNqtvJxLgny7jQU8Y5CB1V752yyxzOTrbYELq4dMxYD0gkHmVTnyGYAXl2w3jYUL7MUfMcHBwaSippWDPAZVTGRr8Q5HahcJYaOKs3WpB8DMtufJNe9uThys9TCs0APlXOXB63TXopbMg7tcpYlZfrD+kpTofSJOkipKZYFWXFjYx9HMnn6/YYwv+JBMajpl3zK+PPc6jw2ufM0eS3Cg8i0rXPJsz/pjl3K6G/bgQ5lxH2+7RZzCmo1UW+Vp24z/A3QP3cdNgzQxegwfE7E3GhvosY3pimJB48MpDOFj+rU1A4KWHh7nwPTqcMPYzE4CdlZVzmaXE90F1IZq8type3c0qXpL5Myktt+FrMIbh6fAS1yt7tV9nUwXerNdZeuxyNgTSdoE7VoBPDvNiSyJvZ+sSkpZrvPlwiBLJq/2U8CKFxGSQ9n3XUkLG+TsP4KoKhfS4/d7GF8CRTyVhHaPR/aU0RdSQb432F1AeK+Qj5Soo+McELfcOs8ZrONH8GrMq7pmA0tMFB/vFLgywtT8OEm2DoWQDNtshxGiLQd72oawf4EciS/xE/Pk1L9x5SPFFulb3p8dh6oSJwhGVVQErXaynmHIm5fXe78RXs4tLHP8jwt+4YCwQBkcZbBK8pIoJchMoFCjBV5qRxwHCdVqly3vOuXnHzcc3FKgkiPO7F+VP4nOdYwnyc8B/GgZYvTjdPWNEZNqHKOhlZVzy8I/vBrAjSkUCH6lZjs8zDWEGK2d7xFG4CNQ0REnk5J0LnFteKPIZzGQKVs/3n8Vy2eo5Yma1g==
####################
rKXl/TNZM4iWrgbcNaU2rQrK/yBblJfvdvYWsPzBS+XTI42eSjo8UtNYqOGQRFrg+XjIotwIU7ktXKK9LSPCFcMsCfiqP7gxGRhA+OMyzkrF6hiprRnKtpdeOArrzc8Q1okXGb9jrvSFqoqs+TdYKAl/104e2+ZOfsQ0+IlOlFM=
####################
aGOcHPzkOLshoZga1CAM+dBdMh4gyH8zgYJd9g45XqOj918s5AL/UxIphZ9D9gN+CFKFBkKbVcsPwLJCTqCG4ltJ/9WWAPENCZS6cUmonN9oaDHS0scNfKRS8+tUgRUkdntzyRxCfAkowEnfdS6Oja61s4vsOLcSHcxc2xpNp2g1lQnnJ+VkMbKTDHfHVGxyQjuRnFKQZ/vyW20zf9AC+/IoD8xhE3uu2jr49Pi0Oj/K7N6X8X+8fxGIEKm1svRHyhvDvOWVYSyvvhvY3zX1Hi19biIP01AA4O807p/O6oLUylRADdBcBOyUmYBBZa7xh+mWYaapN+jVjlHgyQMtr+NPAMC1+5Rp9brhKCwHptdPvh3A8Pm0E0oJTUJAUBYmEp8vADQwP9DV7AsXXDcxwBWsM+fXoQT9RzvbqghyJMlqlI0SahWtD32L1lTa6MEAWCLZgzCuimm/zCe0YiIa4vol7dYRasxiruMEvdRr2pdyAtcSHqMYKlhLOfuMGu8+tMV17p0JV0S3CWb3FpxlzB/t6mmZAhITo+NwW8HMPn/sC4SAbbrIVN+JjiherAX5ZyGEw8yiMgjlgMwjb9Ks500d/2QMfX3CEmP/no4DDlPNX18Qnl06bak5ZdKpzLrVmWgh+LGLV7Hi+3pNQ/CXMWiEId0WtHComU+R2MB+c0m4t+SLV8cfgo99nG833d9xmP8Vjix1URmZGnfZ/xC2YGlwrkL/424yxgJpvwiST1Q1ax/YYetWwzyouDBpEIuxx0C+Uv5OkSUjH1n5pWMkgWVQvJSKk4z+dlBYfpKPD/7BXAUTIcV3iSgtplEpSLkYbDndTStw/SFXtc2Wo6L9QWxYnAfzm9XbNR9vYCmH1ugJT6LSIhAJqM3ogr4nfRgrNm/X8RYCQbF4QAjkqhXhHg==
####################
EFQAiueBnkCA7jUceNiLVIn9IB6Y/XS+PDZqL8VvJVH4W+DEAcVs2g4TlqVvzqT2qxPk8jQVyMrFtUg+g17HlhsxCveeq3IWsTbi6vm/ujLSi99989ur0rIeyD4due32+8/NLwkbf5y0vMLQeO0mjVXrpFrs/hR4hcKKVzBF+7M=
####################
GxU3k3rql/CBsqqneiCnCjQb+VrL4ECKoX5Ko/68dWMEwGO7Jsm3+UM1N/qgO60InWlFjHfzn5n7J37V0CPPoKJvo85+eQr2lkGeH/Byhex2ItRdbDMXcV3xLiFS+5WbtDg7Gvo5EJhSKG6vInLiEbIz4V8w4RBO3Ej2u7He5LujvddMGDhmo03efIys3fUVmxa1c/wEK0hZsVVfcLfgcm2C9i0kKlNSoUQI2svRtlBiJHlDi4sBO3ZZAYn9aX5jgHHtNHK6bY9haphhm/+oKgRwA29aIVud/29S5VSjLYT4rCo1ycSgPX5cOm7KUOI0EEAGGda4LKGVipVK/NkhEo4yXCzuXtV3RTcdRBjscoI5Tg1/KgVwmulEy8WWkdKcj3Gc4msQu+Zbw6vnDiXsCBIH5xz4Y0htAHqLiEvqsmz73plIDJo1hcD3BIXYJB0Kqq5oJzJMXG84UV2Mh5XfUeNxUxvWnp5LpStVUjoEoploqeHN9uQYJJq9Iqy+2MmPet4ubiSZcn6+r4CHbnhuazYYxkm543XcWQP5w+bFOac+aHQ2OvBcgGDpFPPl1C5qxiZUg9nYvj1XCssEtk1sN/bwww36yOr8axLCBKSBsa/rPAC7t5Ss+rgULBeZfHsYcH6QegLrAaOyPPSaG45k2Tyug161Vd2foCHxZSLoFgJz7IQRSkKl8/vszzFoK3Q9dEH81UQMvoS7S8b7mRiTizjtoBXqsyj6421fP1EL5ayuYA+p2/iToJw8rK6VavFNrdDuCVXLGsF0EIECz1ZaqbBcmIicE52xUvHEyJoDUgIszQPUxIRda/xCR0gxNbX5djCOOGep4cZQXKo/9xP6MpmTyRLxFu64BhOvKQqBfwPN/LzK7+PoWfws+0OWSJ97dmA2eOORceH56mYXEfh0Lw==
####################
wmuJ9Kg9GR5PI1VgD80T0nqi4Qel9ul3sKrWAF0hInO5mhBSyZoFXbJ3U4aaOj2Ie8CAzmUf+/CQV4wtlk1VEhYJ4mxGb1E96TA1yBEcJFTKoi8Sic0jWwzrI2DPEl7L2e/nUWmx49kn8uxuOnn2pvFElLheIMCZ8troVcUYfNs=
####################
ncfCHSXJ/0A1T+A6hiYZvQ09LkaQfVdITMDCGELv+Sjl6aqRtsVn9HO/fnf4LAdCgxCvHRtWkfhI/0f6QqRWuqVeHThOlfNqQtVdT476pnqFN0AJJcCsxtr2Hi7iIoRKfoZ9pG8YE3ORZxxageLcHi3MoGM8BUA+RDfm5NgKgCwp4KTl3Kap/dItgOmMiuHJSV74aw2glpz2LsAgaPFf7TuJfxtAISVma4OHyGIqk14bruXBf3jO0O+N+BGiivhLgaKS2/qQImsfBZtT7RWqCFEIoMIN9okLntZja7g8zj+wGE2blAdv3pe8daVfPJRL7gpPeOd276AoNEbb8utijp7V4NBdDwrrBtzw2wH2u9mjVuavF9Z1dPdcmfmzaJCDZH55n1ZGPuRZG66yoj/jcQuOXtCpem1NV8fcZ/wcVksaImPxMfu9zkLinlu1McIQ+9x1Qtbx+l99Qt6wLKKhgv5AjjxJx+JrYC3H6UkV3lYpokwbS98ivo+Kufr2AuCRx8S1it9s5KVhep45+sjVAr7Js8eoaxvcvTdizctrZHhkI9DYGjs0ZpxjisDal3UJb6KHMrWujSTJCeC2oZJt/iXsO/t1gXVhynyQaj3xF0V/JNQfLRi4sZNNBSa53ZlePOjPEZNo1IqxxB5HVqrLdtAkJJ25hF+rNxvQIIt5R0zWK0Av4+MZRQaPTzHgUX9ReSooqkGvk9Aq2DAK968mUsMCa3gf1bq9nP/zivFZheY2MFve8jg55WTBVV5MoyVVUa7N+lrM5g3yanQqbkNZOaJY09ntl1sIwxbCaiHHrw/tXTcOrpkKb+A8KckI+dS4a5jJuyv6mIl/J8tB2MTAv8oQ+JQfya2gxSXWLz+K1OnDLfFqkwTm0wfAGIgHvlfmOH8QAiuHKMsZ8mra1yHLKw==
####################
ouWbCdY291eJeMxiiG3RFVdZJyVpPI2+o5D6LBl7XH6kOS4LuWb+yuBUBpt2qYXK8rUEQx/G0RCYeXB1cwLVMo/RoDDGdm/1Cbx//5ASqx1M7MgJtWjIVbx6CkOI6kaz2OCj74s97z6Qc0ToCup8huWqWkWSfF3HB2rs78HcsjI=
####################
daJqB89kt6XpSPLYPSVqRc9SzDqs3IV0X3IIn4KRs3/JJQ7DfjsM6zfs15QXFAtdI23XwVnGCYO1jTQ/jrdfAgfd+oXee6lcUmc+wVHduOu9jVlhbTNaqgigX/xRaW+UAeadS1bQWl9yyQpCLFDAge/yLut3wxYZyTwpViJtsxyZRBvJQHaOr4PpJX2K7Zk/C4QtYeaVFydEC7Pu033r4VmKN9ujFPcibmF7DZ5rC173jBPaoM4bQ6jVEziiFUXSXbY9Ztwe25cp+F5g3mFzSgZ1Y4Q/TRVC/P74rBl9kEd9jC8BvHFPhb4p2jty7jcpsCYaKyEZzv0o2UeMGqSE+sR7Z7Hw0I6a38V7ZiZ8FqbCdIh1H7bGXtKIxyaj4IUDLD6Jpxbos+pheB+vGZ+z+I1Q/jzggNTAbMn5+FS0UGM01FolNQaXKM/Ibv2VYfUgKAkCfjNxr+/sRx2d0S8gMpbGhc2RVFdQ8c0La/lz9hxnvWtYHDcApmVEziZ1cvmG9TMIiEs57cNKc4PyzQzLCAPJovrRTIvopKrjsZV89AQJ/9JDu4Zo5AlrzZF1YSVAaVaqRBwO0dGVCOSr79o/D08c6yby4K3gWgt6qewhXZ7T9O06fs0hb4krl56vSFm43OKQdJzi52Eg0R8nD29n/gHVUPdZfzdRnf+Jur3aGxspbj2eGxNPGWy9a7H/nG+JyXIGMJytJuzggll0kuZgIuqis7dJwGdwQrKw9RRZsgBxwfacgG8Qy93bXDugtq78Kg8l18bwozdF7i/z7j72K8jBx3G6eCtfiO3oUL8Rv4aipx2fjEvwLXIKDyfIMURNf2bBxdNJlAxSHVwlZXHB26Dp2pIDZVzd6OWjDcAc7D46zBgIGKtObDX7F8UiYhQGE9aedtV/PwUuvcgBt696qQ==
####################
L5r4eXQZz8koz+9wzIWc5oOdkoHleLJX2vIFBaAgpFleUAWY36BmC+2WM7Z8QKNNptCyyVWKZ2Mz7nyP361uiF4xMWglyTeZUAar9uI4evRLQmWdJqWmbdDqCuewyvRQF1EVPzdCkkqw35wn1hr6r+FPihjSDRhCa9Jq3X43oDE=
####################
sd1RLK1sw/MJ1PhF2gozFO4DtZ6GcpKF3CFiQ7MJq02asbT7jXhcVrWW79lc1z5QqH5biyttOWZGTxiGs6aNDQ9lFSnJe+dbHmg8hi8HOyv73ODImyAlfjiyISKq1BLXvGXC+4H58YAKOsAIEMgkTKzNuH5dJfT3p029IsI7+F9xpo5hg22XZr9n4PpndQBBn5T4HuTB9ZW/x5c8EyZ/WDSPjPket7zxcix9UeMxc4ptiv/TsVDfNGDMRFT6XQPglIGsAo+aIfH8GbsEdnX9/Zf3w87Uv8rYq8c9ihJ/q/yaHRo8Uh9ggMJYv5gwgIHvigqc/3a5P9TCoF2hNFn1WbGEk0RsjZGTqc+gWjZc1cOatjO56SWOUIuSEUl50FW19GcNYbCWsrX+v1NR6Ec3GpXU+6OAEGtAGRhBYwCeXZZLLmWdW5HiCuVPcMYKYfV/2lIr4yigM2UGwzIG6rH4rQB4MukwNEm3r+SYFl2LUKyz7rzouFUhxiL6ib9d23mOesefZnbREaydg0YHLoNwFYAkM1ImiUTCxMvVim7CwJV0aNzaKPG+Vv3vuqc+p0/6B/ARRq4c7UERbSxI+k9w5uJDxkAblEfAFd6v1N+aNsnL/Ekfu6z+qnYasjzVkd3Xadei33lNcylMhRSTafNkBWvuHX2BE5oJNd/NWMCAzb5OQa7xrwLlTc2d/93Ds6W1lnv7BQPrwNwUPUnopxTvO3sfsqNvUSg98roZMw26Jz4VYL/nNw8MImAUUUHyM0nPVeTlHjUOnPVEhL66NDSGMsaY62DMIbVx2D/9ekpiAsZIE2Pwua3tHMUPWW/998dMoG44JFEo+imW1puq40c0ToeaQR/XT1UCFmX3b/O28bC8sAhWiS2ldvhgR/bKyZO5WNzhVqLxeYqXf364YuIKGQ==
####################
d/MmmzEUDkPd9gBxhD/It+msrTXNma28H6R6w7tonq+Nir3cynjIJGdb9l7XQ36ALnPhYDbd7p4yz4w9Lckrzsvf6pqxwTefar6pF8ewfPfj4jxIZuzRCcVP4AB0SU3f2wV2QFelLwlKbLfenotoH1djLh3Ti/Mb3bhIf6oUQqk=
####################
sKE9dbWc9lIxvwQwcdriW5ysxLuX8C/bhzvOzrGhfhCwsyn5UdKQCLpKoPdJ+9eVo+A4PbKvBsSFXN85uDfUO5QCs7N77/QqPSOV2C/J8Bz+9LyWVWE2rek+YEce3nXyacHe/2A928lu3IAxMSixCGuDc2IZfzLCVWhd71K6rzEr/eDttbKs4djWaMv4wppEYTZUMZlFtx8JNwXLkBA4jk964EBLn6LgprTLx0xvpWT0qzOjfwkWQyufkFcHN80lIBQZ3mPRwJcA1DajJR57a2vYqpkQwviN12fFTDiIGw436+4YU87OYOJfINAo/8fyJEDG1cove8TwHtlEWi/YtAt8D3octidJaSnH3maGgUVsU2Uv3xamUN1sVzVwamYnlwQy9+jDw00KP7qpttGkwzWoKKzdVQ1PmND2zmmqOzQMwyQp1qN5wUL0xb+6R2Mrhcx9NO+HbU7bzgFAOoYKpoPRDnq1ExueCdDpsT4+DO/KRb1wgceP83GMeSDs9jjjQ9w4Htoa6VaBJiob8guwT6Zxm7juE+4jRReH6920JoewE6eIYvrjwC7Dg/zrz1D847AI820xMgS0ID3kBLLGwwUvFFuzD1lfFU6q6qVFFxiE1M+9+6Y4wLlsxXF3PygreJ6HKvWS5nubBbaaRXMaYzOIwOB1sWO1Z8elOIOf0T/hRJ3e/cXR2Lw55698euv1VJLmpQYYaH0TPxJREoAkhUjCUkRRaGpSNVa5O6qhjO/0kqYBjTG1R7ICyi8PvvGSfp6cgEX0oREKKVXdhdkT/I7fRl/M862nP7GgBHAv+C817KKnpppZBmHpihjYQfqoRnWGYsLsZl7e0m0+7hEzdU4VH56KQsHhlLQC6/elAV54ecaqu89OX2ZelBTVb4Yb8zDCEPiw45JsYmlp5XX9jg==
####################
C5DhdwlQcwEk/gUZbTEhvzifsKcXZd79C5GfKec5ORZt6FTuo9E/CCEQwKQU7492xyI0tomHn1aBVTn1nBW9jaBmfojZW59LRc7ceTCSYAtp4iCgNuVbgWagYaTsLxZLJbA5UvhRkw83NkTi6iNodndVPmc5Mv3OxqK4TZOqwCk=
####################
/RqAttRaC2NCceSFiVnckHpGyCF5Nj4iqmFRSsdhJcVI4OZbl7xLqTcZCkP9UUWHLcvnoce7pFTKrdiHBOoW50m62w7I2oDNVO6VNlaQbXRO3fp8N9aXYnoGE+W7CFscqpzvk83vGzGPK28z9wg6MD9n1DRCHt/xxZo7UwQzpFsuGVpOgGPZijYVcuWCW/tzv5+obJr/A3wABNvqqEQPVak9RwoYt/k1XlPpr60Ke5sWj2+61E0pUBUpAhQ7sZxcUhoyEzBRaQE6AdklOOjmeeGKzI0aAGPmhTBz7b5NCa8xlOyDvp05Mm1s5AdckVsC+bsZFjbIcdXIN3+81RetZkbL93AhhgmYU0gGrtsAy/PClMTiDo5l535ad6m5YZCU9pnv1QeYNaGfnsml7m1KVBtATDCAHCtH5ACQgURP4BkdTR0NFOz0yURdEqIAkJ1yE1jIvZmqCf7k2/6q8APQiJa2cbKWg5GOS6j72t+OUyCWNpdCnEeEB4GHNgSWjJyQ3VC/EQOz6eJyXSFZX7KNlfzQvvA/4cGMXUBa1GTJh7dWdvXtvrHOkyq4btlP+g5vsTnogAw6/yYICgAnb9NDvqcgz+t2WAaPDVS3iNO1HhxjKeSc8eOlWzhqruTZkzOxsPdjkcjSLv9aAG9vHZ5Gnk8rrj9SfMS+lMbUwBbv2wbYP91ZUSQ4/pUahk2u2yr//0PLYXqw0i9IrIKzKv4Tg7/g4LiKiFPX7YApsKY8hTpxFQXizYOGt41DVKmmF0b2o9CyIWGEiOk6gROi9XePo2enfTHEORLZA5o6ZBrP5HzjIHE/LFjdJ0QnuZ1O6zUEjignWwHMJxmfFpPwK0pfkFrndk7UoSsaQozRuJ6OjIAH4YFALbLWmF15lnHFRPSz68oHrKwV21hoEi4+Uy40iw==
####################
YGbsPvLKzE/jlZMQcbp06F7Fo3CJimx94wsYooZt+uGUBFvHuAKMq7UY9YAHE8ib53MToLkjJJlAextx1odOhs5dVBbFk5/hRQagj2ptqaVuYFg+b9sAOzyCz07OhK3qf5yfPvIktk3qT2x3YkuYX5dsFd7p820Igq4Cafgmlec=
####################
UrksF7YNUSUqWL92uK2NseVva0g51cTL9ZLXkvzToMmE9xH697sZDtlikHzmbSqk4whZ6GoZTL7GmKZ0Ckq9csS7O3bK3hqP+77VOfYCs/GjnOcME2PCfNdo59iEeU5K3hVUOwWeYOArdICCNSlmdVqK5KOeKdeR7o61HlrgtgBJpX8xtiwnDUZEryiGicxGjuWZaB5+pxatarxO+PeEN/qlQc/992QfedHL9hO0fEkQHzcyLKMcFgNf3VXJXVbkUCFF+e3JEtt8Gn4zgeR8nhrcmCzj1hAw6cPRC56fnlEvrhHqPTsM3FtGHlf3eyUbuFZhRek1CrYHoZ3ldawscUBJArP7SwlHm54iNsa2THt/hHWr14qsIukSGMvcBeW6rx5uaOYqUPnhA5vWL+QcmQK003kR12U5N6gp5SnIvNmgmyNCdwI/pDWVtCJ0g2kQbyX/ZIyo49CdL1LFN8SJWn0nYxVZYa7uYsYfECIw2xp//sfG2tqd0t1gachHDQyYtmbdjwMvf60VFzA9BaoPeCX6Nc+CDe6qLGrPsB7ZPRyBs1OlmYkaYvP3MtyVwcmDg/aMuYy3Ou8RtSJBc+wYnTL/Ni5fgDwClwS2FkJxqSQCKTEKQk3Xl9vfYAfcsG4BCIQCC6qRe0cNuVI0iqwl1XlSfeVN+xhXnStHzpLjg7uU70SDw5ZVucgtGJILNQGocp7F9CgqcKRqaqYBEU6PoaBBv1gAR+UlVKzq5+sEPQUMHApNpeUxuDU6W2HkbF4Za/R5KROCgx/YDQlDG24jsmhRvfJWBSiWoNWMU9IVhtKTDElhkT4I8MuU2evRAYTFd9NnI8mz8wHk5XVR8NJ9upxQQ2wyThGiV5HJnTA/mp+T40xEnzjAnq6QXGaVJspUMlROiqfA/RESsT2U+PhzOw==
####################
jhuhXZkCBTZuRm3+72lv9GJlRnhvcj9xO/z21q+cfgI+ev2MjpaPo80cD5tWDrgeB192W0hcjvheJhqONduvSUL0qnopkEhRPlk4G7S+Ki+6mzv4DJBAix7sB8NiNlQ6gj8miqsbT4mN1h6b8WsYQbb77QzyA4wzDVe2DLWMxAU=
####################
G+gtCre5W2YuzSyW7YRhYS0EIMqiRi/suhqUy47q43g1LjMriYoJr9CaKeyaw3gLM2VboWyElVXRCRu296Sk3wRLXwgOdCEIIUnkSxzcBg6L6wpELgqQuxZiCuitstnltcBB2EoF6clkQEe9CleH12arjBZacYMG/2VH4fqanDWg3TxCe4Thp64DiNtVshB2DiguFnHtH/jWHmVd9qJU/BmyXUJoJX3O5UIxL6FAHTf2HvAMu0d/yAVu3orP9D6y0IIAR/HQX/a7YFXqr9qreHc90RnAc4vXeiOIIxy5w9Xsx0oQU2rzJ7WtD2uIcqCnUzxYHvA1HJIRC2+m+8zYV2rGCZvzTK4F/ZT6kWLlehzKv+ybe6SeL/FXcaoco2hrcvDrjA+lEm0sPohOjiLV0+rxgnQFje6JGtNCOWXK8b5GX3Hm8FN0PR6TM+zyy5LOlLjqabNzGOqoAw8XztYxdGVwe2mOBBCscDbUXZiD2aH6Ys1qX4kP90nSGuo7FDAYR8TpC5X7hqgfn5owCiqgWAz4LmQv6NPiNaQtUAZnJKUjMfRWYXHYlgnisxsQi9c8tk5hS2x/Vn6jYHxXe85IJLnZIEWPgpyiNFlrYLLJK/FlrTwQZMohfmWXa56PUzsrNqgqknY4dPlJ9MTkMhxAt11BG2LN0tHunwEIcezE43m2T1oVxbFIG7aH/ZLF8fBOrGb/lvk7pq82CD1+B9xL+1wQDS+FDVuw/Ha4q7Rz6iQPqfVHKiDY/JcoPrckxYbj7UcM+aMoUFSFTG6brZof6E+81coec5EWlH/vRYiCYHa5/R1rZAh8+IoS7xdENUZqZGh3k/mQIvi4WmOnzIe57ldejziWb4YaQT9yS/ji9pFkvg94ELv/7pIsC4FU72rSyUb7iIaBasgnG212jU/dcg==
####################
Guv4YBhogIx5ifN2/dTAbbVOV/MCAPfZNlAks0DD+SLRySbrkP8d2kCWNwXDMpA3Bublp4TbsXJfnG5hzWaIytyvYYrJH8txty6bdKiwUw8sIILSBaAGhvFith2PaL6qJePz127rYWNzglF1vLP9oiubZRgNZjwohxw1Mj2Lfx8=
####################
b+/EqsUPHJJJVE0U4KMt0iIQa/UxVE3lMDFWr6f+5Lgsl+LWz9vU0eJ+S4Qu/wF7dlgKrhn8PcvI5xe2H9EGgJ+y0l80GGmW3NwMtRdQHtGh5PqGTxTSpZa6i3m0lhoVoVlrp7xR7kyAZJm/IZr6FqVonlZedZRL75nRHGT2ytat/pd6gx42znWK95mOmJxEAabgNWJ+3qdPCajXM4VGXt1lkWKfV0fflAoTN7b449LiMYRWU2JOaf/JD7mrKMvm77tEr+Ql2zgn4TzY0pow0UQdj4XZU3s4/FYkybbnO760VzmSGHOHrsjScsvV2JAOyFAhjkxzWrLh5BChm4uVQl4/kKfjdCmLQPNOYwMjbGZ69SwLmz2RuAFF5396pJn9ehHBm0FK4Ka7Fxd0GkRKNRn3QSQ5PK8mBepA94/ZOZw1o/CNINoUaU/AJblJ7LYC86xn3k2ss+XQIATe1cG3a7Tg8oaYArTYEovgCHwUfRnNGAj0qdGcaxes8XCEx0KzwXVioY5bHIzNATjrZOeVod27JOIHsAmJKdzykber/T68pIcwkiFjIoznpNUBj+8r2WGDh9Q1PgBYZ1q87FXqb6wDXIkl/akHkBOEUYom2fl33ve3W+7zXmwuTf/Ton2QfOmvPAv8fCM2PTj9CmritPv5JkGtJZFprdDj1DjoTxrwH1TiXj9UvhCMBtGsP0y2hAoYLdiRXm0uC2hqsphGurv42TOLxBA3ize903j8zSGlChlUgLJfHnOCTGWqQsnkhIHxV7ZEfyfSjUm3qf9XTnFNIt3XhSBoWnmjXRLwr9bS7+nJEreJwymNzbAYRa+T8/VkI0bzcAI6oPfTf2nvQs1a6TZO8mc5QjVWxQmm16TvMNE39YqnC3Y0pZFWGJrhHaCzFRzncPE5frFi3K7iUg==
####################
y3G/60cPclMZi1xlk4Od9qC89eupLt4PsZPf1tni97Ss+V9Dem5BzQ69BQUQqRPUSGHcQJ7cxKg5HhF49SvrVD78eBPnXwujVxoo2H24tlsIXsesEvFi/G0cFfNPRb/9X73nMHff431kg8rGLNBJKBVZwgT5tGGTCB9fmHQ4Xso=
####################
OhH7ewI15ZZojEQn+QWyzSlGP9gqJhDFjRUNfT0Jxpq3kN44RnZMs4YEkwSeDSv/Qa9evvNo8sfQnrpP7RpSbpT93IWz0JdMjz4PO4wUK/bITYZvInT75PM/KER37onORUIL2q32HVUIbhWp7N74Ie5dpye3GUY2Xs+EyxLSK1jneN9Abn8q+31gC24uh7bdxttjDK4VxWhYfYp4j7gBWlAtuJh1koK+dkTHPi7Rtlp1UcHRNDK/NEysvWXufGqCAg8TYAHGeXF5jAufsLY/bx3PKhXvXhreR2CoXoDw00UbqMm2JU5j3b4W9GgRiLeaRTesMZLyzzL9AIpYx/ILVT27SwjzjXznWpGE7SvU7beug8BSFeGXbflfY7q4OanrDfSCpE1fM/I+VxR1pFg+IekVZOWDufGHaAR4oueKKacedcVP73jdYf6K+oa/u+GCAMvXETrxDsg7PlRKzIUWX5UbUwGZq0b88jU+VrrcvHw6tJUTExbb6taWArF7ttQ+AKG4GoH5Z8PS3WE8EaA71/Zrm5yw1bZfd+cQT8dMJEfvPehOg3OePoixi33Zr22YiAwCUP4eNg2E1rlPnqEwgdn6xo8hdXDYLgFvux+1om9atK7sjQE56ka/wEitM8+M5ZPY4X0znnwdttuQvOqyurdY4SqtFAXv/ImR7BqlkRx/oRfX60juIijJVF28Lc5KWDD9nWD6pfvpzKvXrkdudgcb5Cu5ikutPct7ZVkyOhKLvBClG+ANAI7Y1HFsOzAaG7vps/Ofl5DeG0mqvrq8pFRkaI4soxk1X7E7VABafwXKr93JK8YCCQVlp+4Tebg/CruFS/fyWJPZfBFsHnZQiCX4Kr1SjpBCLf7KCMs4LI2mmJuWVaZ9x2xdRSWfO4aOIetmAoytOOrtPpnXES+58g==
####################
e53+UOweZXZluJv+brBU+Cr20zITU6YX5ufBKkgHiq7zSC9uopKAyXs4WpK568KmXCkpYVb/jdf7EvO/khVj2/G5kWYbJcCrtDqcbDtY9la43FXIF0QU/CjopTOxcCuhnB8Clezv79HQ/ndJOpx+38pv1K0i5hZkz98nxQ1T9/0=
####################
Hd96avjRvUlVeC+c1iFGGw5J59TjcXxai1MJH118bDCcxeootJrXKiS65Tt4M0U0INioNzvRFBosmMvLxW6LSZmI6/f7eW84M8LI9Q3P5btLRynmfrGaaXKYBf5bxiTGopSjkDSywR5fX3z99qF2vBHb9F8rgCIL0hOB0D2axd8+xj/5cJr2LpAEJjBZU6b4v4aH79xkuToHBqHExw4JsDJPj4WwSYGU0RLbovXJiPyZCG1KQno7MS0XvwpNw6aENQgSDrBiWIfknvedsn+JA5PkZQaCvlfE/YB4nD23mVBb9P5070pj1eqRIIKVHqkiouvIpSNmTFkbslthdQTDtpKHn0+e8GE+2NcwBU6Vafm1u1iytZZ3jcfuKqiil4gIRTjJiY7l2GHGuhsJ+1XA2EEL5P6NEQvt7/szR3DvvdDTcf1wKkXQeYAa00urxoqjipLAGeRvne0gyWjngTXEPSFZntAEyvSBeA/Ssiuv1JgggX70g/r1jQcSKh1SsC/G1EQMhDUrOyobK0YQICWZC8CQyKuSvnqv2fTY2hipclSSIsfyDqwNJ6WTG8EN2RwdZ4N33szieILZyZFN3obsWKHdSQOmaviQYHsIM9x6RTgHmvDYPaNc6t1ZieQLh0orcARWfRvKdPu4ZXjlFfX6ltWSvuqix1lomSNayiHnj/b2vfXFtxEVI0hkHCDbx0SXEa89RKLq4TAsoBE2eiPr0BTMcHBDCX/Y5x7EBCylkguOsjHfLPQTNzCSlxO4iBHo9QQOlJgozgA3B6aZFefKZEcFXtYAa0Xd85zcER4KNufVl1/rStoIBOZ5pPKKzQpCNsfUmu3rr98GAV1vzy2OIAK/gkS+bGcmy3lyktcai5VwwHmO8Y4CGVCmsOcuhacjos40W/ncnHDvIXdiEkkfnQ==
####################
VPv3cegLbwfYhNXfIOvmE+ack6Z0DGdxDHo81SIiSXjGyffB9xUKudXu827SiFAa2BlwBueYrPjejpkL6dos27641asORMcOcDYLpcS2r2cOsdV7XA4zqU9VJfetxhhVgZ7P742CKMO6W1HIqEtDjd19s/wKnUry0FJ/zdJ2fHU=
####################
EdqEvImCDRTQ2wi8TKOGUbYriK5+DILjxVz+LVYfNZXwVMTpVrJln4etX/Ss88aIw/iJUBjGSeF35mmjWtFw8Ez+WnMczCOyq67yUjLZVZkRFLLQbYhyr3wc5BdKBqxIziL+qhw5KQbMxUsFWmvVjWUcSgHtQ51jFyQ2s/8+8mSKHTA6ELj/1kkPEYzskeM3Ij9zyUUOTX57Ske6Y4Q0sSCKoNaf3t0J8asz/bEk2pWsjo9AA3ANw9VfCvAyTXKrn7mur7EfW/pG73OwqjDFmKeNvEs4aCXV5QBlmMdkraf+xlcaySaT3XJjMM+NHJSyotBLw3cYdRenvt91lRO38zcmZzb+1vT0HVu3kp3QQvVsjUcQT2OGlWG/gDmT2JwNxNt/5SsBW+dNJaA6xh6Y8oeAj3M4LjXGucsvGV4jeT/G1CM2Ix3ppEtPWufVH6XmS2XgEl0w7YnF2JmyrMb4sGnVdFXiNbdcynFd2y6ZWfMlkwB8wJ5INxTW61dm6R2lGvHlfs0XRz016d2zPGrIIX9BX4lTeNgF77k0lW6hRSeVKLxLYJCj85Wao8NYRoCHFEYEYh1YHxmkR7N8XWrIAXui592g6QXKRgj7ZC2MlnW2xNVwfclocIkBL5T7XeUGA8Z/O1ASA20V8I0EuyJUxcswHh7xqB4QBMqZrgiUgYzMYqg5+X91EjKe1q/0crYUc+VnfbRkOlTxisE1JMuiOv/sZyx4EVWYXWMtaaMELm0+WNeLMxS0CWLgjabvzJMqgqrfgGr9cia89nWd3a9svwIfcQJg+cWvUhHD1YyzfCaOqochEV2RPUG+lSqozz8XW+CPOH96bedxGUOiPdOf0E1xJTXHX3m6pLSNWyA/3lFwhqmRA89ajxYulpgsb7MRA8HrXrwptWQOFmsiMn8jFw==
####################
B1LaHUXswEt42/arx2jVMEyGENeb4apnfjQJZSuC9kpYc8y3cOuUiwi8qRvtUyZRvBDBOw2lRI/ELhVO/jOuMhHB6CQ+yjhzgFUggkd8086QvNN8QaWbG7HO8DoV4ahjIK+XkBPqGLq+37CxGIDsZuAxfjHR8puhZWur8ha+q24=
####################
yjr0DJIwJucwk8tDzZOovTE5Moe/9hjzrxWijTtseLz1qGkXkjPWuJjpi8irLjx5UlU1kOMTS6rOBcCJJZ89bz4Utdp2U/Ppuro+0pdmuYXzuTxC2W3Qw9dqWtQfOp5dfiUxVjmZWc8DwmNKtvMx9wMYHla3shWUNSd/r+SeY94/C1I/u4GPb05nGhCFGaKO7FgAbRH1NsavH+IiaLAJJBCy+BRSTSq8dYBHekMD1OIo5x9jWc4mT99/uVGtKdrErOrZ1HI6+5aIPjvkE+kb6DRHB3diHlyen593iXM70sfBR+XQj6jOOG23ua+d1tlaOLOhS2FU5GzlX9JKmoq3YMlpC+GlJiN2ySGG/uUTDeWksM9GFVGVhlTLKw+bPknZBV4rbrlZwedxQeZCYHfaHWFho+9x/P9gORl+/DZX/oMVhqlUO9NKRWbcfAVSQeFXg7gPuBppVjj7kgh2K1StrxjhpWh3fFar6OYbCHeqpAqt4gX2C1AYouI8T5vZkvd0ctsMBt8rN6JcUbp/CfddSdrDb55VgjKxY+Pt+KsTKg+N5Zoy09IPifVcTQ3tT/8JlZG+nIxlwmcZqvTTV6jMKqxH8C0M4TBuAm9LRHu9GBsIC1Vfeyu4sG4sbcAuBpI6IeChHHwcKHZSMkrik1Q/Tszk52i9WvI+Spm+LiKE1wPT9gGgGglLlfdyIqgSu8Cl05CkJh//6/CPqybY3KxZ9/lDTEXH+RJ6tlvmn5MO4D6sN+pILHPaNC/pyWYwbGgjWIPr2ccuuXjGTG+ecwSp5ZlGlm6cYIUO0Tnog8CGXd0ObJ4qCZG6g5sm5elzfygIxycwEepm6aoGtEgA6bp8M6ZDCnDRh+locCI1296SK24kpePIvgWQG/spnWZxGD5xSnsrhAJwCAA6Qm8q+kWT9A==
####################
OhNvTReNfqG6CCOuVFTa6g3EcEvA2sNHqdsHdsGTbnFKwi70O6efU5s/i2dED15ti+6BgwT13lHXM+oNhPyo/jtGpTpDF4JeTpypLOs3M7DYn4KjzrcuV8eyrzSRpRMKeYLgya+wzdwmalmqv+KEmb0tuIy/UHz6GYqMumC3IL8=
####################
GHrt+rrXzOi7ffRqv47nDOveThemSdK9h5f6fkJA4InOyxWNHw5n7LqW6T6w8JG3VYTDVjIAcg+hZwK871A9k2AumxnOkbikK/jqIzPWDRstMJlioAp/uC68A/qy/u6V0AgXFcg5FMjNIFH+zDQHJ84gRcfEIa6ueBYGUmZ7OKT1KYzTLXBsZI7wS2lAfB5bCwN4ycG8NeKdnVpDlRl6aPQAKtQDKwdETCm3S1YDGy1F22fS6IQdVxxWvbe+7KHjdyF3tCmWTSREy4pTASsxwT5zKavB6dyekGXEvkYU8lgKheC02G3sWv3+U5G9xbkmfmYsmDMrGozmilQoVhtwwI/5r/+7sD3PVhICDU+DvsO8R/X9Yt4qPv5oZ0tuJnmCGoVQ82yfLgc7cnMZkoQPXSXuMxbj5IBGIhbXHLc9ZCmU98XuwP5k1jfS4u+4JNZQXAXekc41pZs0lyMhX28nDrQfUa2PlYev81z56sAEhvJvWzwAyoid/D304KKR1mdazQUJLkKQsTe3I/aJaG83+xOUmLPNvOvaFEgaBI8bRkD4OoMDBfbZOqqlQINqn7LQf+YVrf3tesFpTJsJEuDURnxrsjor8Ei1Lewrad9eYHJMXXjOSRh1e1Vlvy+h1zZgs2+sr0SLHMSOxlFRgcV+vSEHu993nP/OsUO4tOri1Io1sZcqhTMoBdx8OFXLSzfDBXrQSbuqgGIFNReY4BWGS2hb+4u6w4zUP0cyqJ9qag9+4mo8AyPsq2ceQLNGu/3Eq212w8IMGS00plevNueXMNkIKRdhmxhXTPiKAXpKS04enY54o5ZkcVC7Ews7GlTw6JsJ1Fcw1LC7ty4QEecCKKzDYd2HWJTu6fm08AQzQ1LOHAvT06P5lze4tGg4jabPBdpXO1WW+8TzC0Z5IM6IBQ==
####################
SkiTiGJFNUNr5sqGICuYDWwxoWbxfKgqp1Z3KZjUGJtcfYHLrrYKkMil2fBp5EitXCCzUQqmZw2Y0DZj/ewaf2pI0V5n82GGsNeAggM8tW4AeRyqbcMp44z83es3wmv4PIL3O3UPz509tE1MdilECpuO4083phk/Te9OhCKF+w4=
####################
NJBVJm+tf59Zu5A/nGHM6dsrQeJLiMG83EdbfZ83VmEsPR8SkSLR0YZHBocMXYKrqgq9hk7ziPdp0MI3OzPKkoKxJdKJV8YAmPvY7jFbeQEHADYoxwIE5q+XURGWMBa2rr1SmN063QMQXkTMuHGacqeFGXrXwQFZHw+76husgWrHm0W3f9mwoMxKaizRTYagz4CsrKTWT8E+qM4RjnoJH7tcujvMQDWmQBVhZG996+UVcDGI488x4I/vun6bnOZz2niI9P0YmXMm/d03CXVJ/oxplp7ZFsRwrX8IRyQ3GfgeCXoq61z49hbdIjeepfNtaBXtEXKctxXf/pO6j9amLFDVBpJ0a886YN4mTLVzPMyZY1rCVzCaCEGj1f1lfKgSnFrAy15HwF11nnUpPiagoHScby6Omj2CRLR5K7iZBfgVsX2ijTUsp36Iu7ctMMrXNafS2oiJBj9OaOMxLBxVssmAOQhlf3Is73MSo8EZDbhRrNwzl+mn+hwXg/Ex7J5nm5yzywBXcjrxHgjMfWM4jSkOv1Xtj7jDZDBN+qH+TPi+/hPa09gopxli0jMn8LWtmfUHuXKDbP+gyQ8clOgNTqYfzMPikeao7zDT93d3Ayaq158DiFlRFnsbbUbTj6Rjind8lRUSVEXpWz1PO4h/aW7LHfkIo69CNkAId0k1JGhTmx3LgifVpEhZACAyqdBScIA4bSF6R4gzeIpFyWVVcSTOTuZL9S+l0f2vJWhTFhEbX7X9UN04SLjgd3XoRGd+s+cprcH96LggOZPWIDGxq2EXPwCQ3FN4mosoxLfSWWdMaXSb5rgUxfhdukvCuYDoCuxMSqN1m9oKAVanF0XKQOXSH3xOjBmULj+CSl7GMJcmAmb+h5Nj7a1roqhNrg634j1pNe08twvHZAUJcjIJsA==
####################
egrjSskw3K9LQZsgA9uPBJJ/Zy1lna8q6ZRCmtvOHVyV2b2zFloJdp/0DVEr0KuVmst5JeSo99kkaJ8W+bwZRS9tT20qrmIDJUhedapIkV7+gjMzzxFUZCvf6DECOeyPkJNhxas7UCzhJmDmBCA1FCVHuZXEM3l9V6Ym85QfTKA=
####################
bH/MJ5iEUR53hI2rAh3dJ8XToVlr20qOQAwvWKwNUsaTzJqhVRySNBR17Zv27GXNpeKMGgS44E547r2z3imK1ATZrIolXnbfRi/yYOcYRgLOrhyfs722aI7cwp889635Z+keBgNPFzUw28MbL75dJ4vP4N09d9EisCpEav7tvuuDmCn+COd9znYXXzYUEEnQi/5eRDN4Bj4gwi2WTVfFDLkmJImJGv1XNFtVCEhbVm3WyHbZMkDkyMK3qOvb6h8QumeLIfL+ZgxBSBFh6BE5e6sQfd+1CO9jmqxi2PvZoI4aI4Gz9o51mnZgDR+usumG9FopkSOiFDvHnpcOlsPsQivL7l89reEIM5koqDb6M4t9Jh3AnlOK5UhRLfi9wS74avuyy2PJM8/bMtJG8Dh+vcZO+SzoEN3ZrtYJHD4WYiEBfOOeQiripXE1G/7tJNL9NK0X0+/KxVisIMiIYjRiWYvJoJNlpTba3qbAIC9ezG6SoHnB+CsB083LggQ6cNIjSoMssEqV1VdBa4qu1tjm0R2xIwa2ov30mBHIvPX6bAzFLwvxmpAw1ugQRNCNM38cZOe/OuvF1KILx6w6GPvuIWxtVf/CyAGZG0YzbC/E7DA+KVD4/TKQb0LHlIO0qLRgoCwvGgbcWDoH+15BX0de23dhbsXl9qpBGwgi4fqBPk7XzSDe3hd5V0lyGqHZxkAVhM+w14qWxD+lk0TgZbslLHIQx4CmkU4deSUG7Swfr82xmYVnsXhtiM5JbSD/toQCVLqFrCVe8UlC/bXkC0Itvtu/80GGoFMp38slRY7NBXTHzS2l7ruHYrOWI1h0g+KRV0dMBw6qz5cfxUndajlqHGLPZEUgDoP+GMY8i40f0mnF304w4nheSvFQGwoPvVzCrzFfSBPug14ggdcpN25COw==
####################
JHHtLOB0VECiC65aodjAarM2n9DXbe5WAUYLUwRpx5QHig6CMesJ8sqwjUlI1BlcBleyN/X+dPqZxqaezb63V+GttFZ+jkl7ME9c3auF6wsDYcoUKzng2b+MGCFMO3bDdHeXhXEpQ056NZY5yf5ySCSb4hZCfEpBwwOATEYQ8JE=
####################
zK96S08HIEiw+Yg38ooo94DopxbXvfzqJpw6Jh3nHBcUzlri6zjSHw3JG96TzOL/yZnrb6xO1Hai8qB4ecA3Cc+pM8AWHqU/LRQf7rfLSPVJ9loyNBeMMuaXjLWR3el3jsRaBldSA6JGn2rylcbRo/PNPr6PvCDI9jFlorQif0hkiuoXsi++hOe39xL5hGDP5Jmt4nSVT0GJp9RTrAp76e+a4li/8uIuNm03IOZmghtnz7w7GhwPHHp+1jZv7Y0x/aMnvcSU1TdonEZ4/8pbJ+57NYIcU2N/Awkuk6Dl02fDWDDlAfypAXkAwECO8U8dWkeY8gXHK04V7GfYCwF91DGca2YfQZbtgF3v32lOd1b73F/jmO4A0aX+YB0fMFm6oBKz491r22JipaF55zM+7i5wEdPn8IA6wS4+ASlELZD7eZe9TkhL96M7SAh6AP5A47UzEE1hblDoORmHRm+tbBKGo8Nc4MQW5Wt1PyFm7vY9GBVWrdufe/S3f5U1mJT3oUReVK50wGPIF3Jos2/KgkALT9YqaD1OhcQLM4b8cMnglXctYBjIADhermw5PGqSWNK8pk+RxeUyMOEHsNMvDDACW4cPg6ViKfoaQ5RJlxxaFaH3570xhnGhNnRT2J7FWQJEE60Rkiq1EZLpfu90bEsqybekSO+mHcl9kZChOamejGZK9IIV6LobO5FFuG4ya3Nqsz3vuiklWCmpzqoUuZY8UsXvUeEFaSFGn6iTseQJqpKMgZndzm7H9T+bvqCIpAFPXJK6YWd7x144KuqjfyomIG3udhAZ+81pIo21DURcWZfPHMEcXop+WqZGqtKLPyIBI/9kLcuYFN8oWfSbFOG1Wlios2vK1S3ePa7E0znf33vA0IdwP8DiZG5SqWBjJ+ciRKm/k81x2Szmz2zCbg==
####################
tEU2qyx4ye6+v/ONppc1Mg3pJT63KJ6HMvhwlNTcUJ7cVZqM2YmXef30/1EYvtJMwZxAdac4W9ItH0WjFdhZ1PaSJfrLVBbdhEH6q8sF6U3DdHtqlrBlWz26sYRt7caBm4obwRIxIotaqz78HOcWsUIqU9eq/cwWJXQA02qkInc=
####################
/3Wa700AI77SaDWx1ffwcvarsbBfMWuhuswE/mRDFuUoVy98VrADhNHiT6WYcqCjJfyIhIy2pjK3L7U3U1x1DzyQ2hrBVxyAzC7GBVqcdlEUWLeI3h8OzqCwdTGb84HzzXFsNSu51rQMIzkyuvR+aIPp924bIbvyeqwcOfLfNmJlU3M6B530qB0749LbQv5tnni1E1M7oBT3tc0Nm4XzNEUClRqF3NQoUOaopdbc+xY+vFidS+w67gycnlJUbpOzdZeB7DjYY/Dz0ulZv71QhdeKMcMXW8PCRJnTQJ1Qkf+UKSQS2r2hpNpemjNEunxy9F2AZmWsb+rHhYXqQc10fCb+M8m4Wx/LJQ3fHV9cNxt+EyelCBYU7Y8xv0B8p2KwJoAcS9lYe8b592hOOMeqiq0DqFTqqYyvM5e6f4YpzSCoBQEbnZl1Mz/mW9rFYR0gmOmB9F3dyekJMWzvsU7bhaLmA6BL5tSpBENgCiRKqOm+WM8K4LdtJhlqt2vmFn5IlHQbKu1vO/mLA3uNcw2ADNfk2jp479EY6V0dwCSJpUygYk3r9Ec4GoGMOuBwitsfozgaiTiD6zcgp3FuoD2SJdVvbyFRWTQXZQlNHPgYm/7ml1Vp+Np7wPGzX55Zm5+D9LVpiiLGV70OKVqvnr8kf3DY5xR5LQ4IUZUJ1PpIHc7AfUd8pDYEb8jtDD80uGzE1TMuJumt/uIauEqcKWAVJdWtWOSZabTCbY4SSXGwouMKdtCX2gA08tgBaGsHyh1Eo5SNWpD4VN5LioLrZ++c0sbh00fYN7pb1EKHxm9Y84gr9+V/zdyLOR5raNURVdILBl0J/3ql5OZiqDUbkU4LYM6ClCpH9J8z7TFOVHcWOrquc2enN+sCdcXqKmrY9uzBNtYZsu414KbQMepuWscA2A==
####################
I2bYXDhbuGWqWNnxAtf8uLuME16OAt2vqMTz8iBg3ENk6eBxzMfWmOmm0iy6CtEIs9LLdvMKrs8otnpmLyMEpzW2njIVR3qeBWnWjwwVCXRKrZfhBVEDzZWjhSfJUJpok4SpFAzOvm679J/zW9ughpo0adcoLygNIFbnHbbS7b4=
####################
YkrjjBqJ4Hg+upegQr9pr1LHzVfBGFKl9hhQaUepSMwW2+CkK4zMLHP7dZFUvANnhFZWiLwT6IUxZ6pg0YerqgiQ2MjwPviLsXHQt0SSdU1Furi/Jl3TDLy5oCYSlRPwb7+iocekQUihFTxhLEqhDZVfWFtz/vMPIP/CNWufEke0wITPni0F7BOSpzbYwdb464v9vPFD1DTqSL916wgBMv5SknxMkZjhKfnvMqWkz9QjZgc9y04xfvY21HmftnvPYqxEM0RF7hje/3yhoZYUN6XhsUluJrhw+rgwsSqyn3o87Viup57+BKjDxO410KGsgSohwUP39lPmLRLoiLZvOSgGqyD0KbLtOZuK1L7CiOWqgu0vQry/oo4HboJ+jFcedFufeKJ83zssnDCXyf5nzXtUhTiOA+i7gv4de7mMkAELID+iDRapTPL5TfbKt6Ys5NngnLX8c5X1YaD3lWuBi8Zd/fzm6pTAtx4Zm1k2JBUuTI95dAgD7ppWYtbdaSpI9HuQ0JGRqt5O4uLZlTP607Z5HeT55Mhx7N4dQHzSrTRXcPSXEtiQJDMcJdc0cOuqDRTjkOTM/YQkGz9j+bYE33IMWohPCdGDM7GOobKj6jjyNFJFZuQyB1DotMiksTqFRK1q/4w3FP1wmW1UN1UomiWi5X+cNBZWT5uD4w4Xfre4cJOSWmGGaDkPxhdBy00lhUpcayT5LCSp2PTvF3xIZPqzfKJFQ/VbNL+I+Pc3rR2Vy1waIzuUMiBiRiQvkAc34SdhPx9mywtrKnLh+lX9LpAppOqhes2G3zfsLpWZRFez6avp/LXtaojDc7AMpKuB5rXY3ZsIRCY5dz4USYjyX4nWr30qWuJ4M/0XAoNuEqPxSI5nULTWxuAdXXOTA5wzJsa5EAImgIulRt+7kL9+tw==
####################
x+7ITQf7aHi37XyZuVlJZ618HY25BSsv9eedxvGqI9sMAgzJE8MaGRot7kuTFyy4xwV8WR2hW2aaGein/xzQEU0qMvB2WDn071BWE3/tqUIlfpdG4ql+sriJm4RRSv1Q7CruJE3uKX+Pk9kswy+lkdemwkIXtPAYdkS4Kj5bGF0=
####################
qgwPMsJgOAsprfkDPUqINpuge2dAuiG/38+QXnODfzHX7CX2PLqL2/U9wfeHfQqb/7NoMLPqZbntbSymcklJ+nFbe5oOOygQyLGTfIjWnzChCQDkMsdMvHO/nzw5WenheZAB7lWOn088gTaSbF3sOKEZxFi/0+3p77xcSmjKorchxtUeiF0/OmvKp83dLr2dpoQHguIMkqY9ka0Wz4PCHnPE+49vM9LiuD5V0MLvXElNpcR6ADjRp41vsjejPZmbZA/AURVACEiuioys1ceaCmakSnki7K27I/fbY7miK5klYTcnJq/+TOJ+kglfhTsSfnBH0OgNcGKLavjmL3+dC6dE+bW2WzLvYqf8UwkuZtmaAxS+vYnRcSdtO19cyuRwQlgpb+2JGIRsn2J0A46/s8glVb2NZzgZTCyfzMedkEUcBEklQF6Ixft3AUCGNUwzixk/5kqMAG5/dNPW7EUZGjaPiShZ1WSlQAfFqL+h4hHTfFZhSjGAqyf0G1FEVfAiSzuxt3eIzR42L8NvfsZxRobhJTNGXgDg5wUbTPC26gBnm/0bFmBOeykE8S7ExDkhn9BmI+Wq+CdVyB6rx2zDyZEDc0TGQya+AI+K4EbUQS7NUbqjO2/23wc/6qJpfWcUb+sf68pv1KHmvN4t4hcH/IskguugTZmLkz1LEgO8Es4nywk492YW4eFA8cPYcULm6oo0xpIXK4CNj+emzS7UBxpyKIsyt5RnU5AyN+28w/30IKw0UXzmgX0+Hr1e4MGSuAQxO2FUuxRvESZxDG77YLaas/Wp06bhX6pQ6XehZS/a9ra5I6RseAVPb5Y3ulJ8+m+yqHm1ZzZSLr2Hn4XbAue4vp6xAzZkTBSnR0YWYjK2oNlbCeopJbwXvRQFixeYs6wjrg9HVMbVWs41NqpReQ==
####################
OjuJzRo8cZNcGdBiOO7xUll57LJ54xItipZIz7rZfUCKmq9CuX9ZU/Yz1kwU4h0foemPmzCUD1nnKj949mglKlbE3Y5jH9UsLz1OLDqSSGyaJOIKBtxmH5eMFYWDdyvY3JSb5+lCxGuSBMvVeRiaZB87OYQefqJkg/69sOhRUUA=
####################
QFJsKHdLwC4IE2+VUd0JhwkW6nLlJ+0Lmit5ROBhPY4nBT90T7uIFsa1RdoxuVtdJMoSnwa36Ll+ZQ164gqH+tW+eEQriVoi85LigdZLcF5yPyuIoaODwZhtuLB+ofbPNSQ9OinVm54jxrxGY+McpJJH/EhY+jpfQ71J03/nAc8xifpbkCypLh47uvaP1J/o0sbk5cWBdtdMeb+ejguDQ1CNccaQC3HLGDpFlwZV4Xbt3SjSljucWMyRwUy6wupcJn43KaYAr/DOOuIV1HXdYN2yvblm5nCkj6KkCt1ImkGGm3dl08p9u3Cp7zGPVA751+Sr7gzwbiRyIf9TwY+AxbkUHx9Ei4/z0zKTDdoRwELf6AJYxP6UejkWdGx2IdRCpluptzc1ot4uPfDXGp5HH3xJbHz+mUfDn5/vbZhmvWhy4OmpoEcs/rTgBjypB5fFWdV1VVBuPku+TgLeKHVirmUKTxsmw8SC0o8LOQMn0FtTmSd+yxJIc12JzOeB8OcV/YVvW1TSuHrnYLNSEEFryWbghwXV5S0+qV/Ie+6bHzaQkyrmRhR67jYwllAEX1ILk70bqbk1Mq6myBRIA8VabNHrA1tKVlDpec8mcbolrtENiNu3AmpNEdSj+Vxr0CWAjdgUwDkf/kI5I/AIa2uy1aFEg7aaZg63zosUqsOB920ZKwdBtvV4KNOtZiNaZjeiew8SxkUCm7UpMGlsyTTWFfHZwPdWeEo7m8vZ4twgjxyxfQWaT39CxDW7lh1NxeETzJQEw+/24ezjWMJXAixm+zRpaD5FTr1z1lKN77p0q3uCpkjxCWN8n+2B+A0GXtpqmQKugvmR5ECdVoi+ct/lWEiJgd1Twe2TZfT+44Ddx5FE7hK4FBBmYlX5KPO4jv4ghs9BD/t++eXc8AVYOo7V+g==
####################
W6xB+r/jVlXFi0/hznJuYuiDaUZ3H78neV+RjwnpfsgnC3SPIQcx6vI7yRih+CLCVzZ/h0QxGmsQhqzu82dWhXxxRKhH7qZ8uwAcZ4eZRMnDcm8B7n1qZUWes5s7ExQvpKEdsfK9clKxvH1xt7qIDPEV9hT0HOpK/RKExuC/AyE=
####################
X0pikZyxhnEg+ZIzCyE1G2ymoYJvuxVLH2Aub2yrfkpzNjKjzYafPo6ngEap7Pb+b2a5BzZonnmJZ+015cEPW6VW+hACM9exHH9H4531taK7P5hZs0Bds9Z+QzBDjuIT0V/ZB3CfyduO8SvaKiRW1VMdwPNO5QqlY4lvBdUm2bHtNiJTNO9dOjawoKUmOhKtdfDo/zPMZLhKFFFa6t4SaiNb7Olo42PuSeFkr8rlIge9od45mbqO2/eV6e53NX2mvWG5YP+Qp7nUAmn7gVYzb78yb9NUt1Y6FgstIvPImLPJaDNm17A9+kb7ZHjMC5bHjmj2TwzGdbz1C8uc3XcVfVlnTjcR7CrEoXP4k/R9vzGZIIWLbhLtOfL6rAc6EZYIS0BtLpE1Dxtww+1z2Hnf0EbdadCgbjloTS2N6zcvYCLNVLXYxxAoJzvf6jYGqKe3Y/+WOVsF4+5jS3y3fGuOB1JiGrmmmN86kh8msXHSxkH1Gop1DK2yvcDTJoXDa3UgEtVElze2rOBYkM96ii6otv7vRbBo+BBkwgvZwrryXHnhI/BD0glRGZkppNHNEKWYIjFXHA6n4iIoCXX1sR+RAxHVie2JUoZnUVZQ9rNwDbm3b5okG/qnBJhXognbzWA/EEuHTv4QPhzkU6yc35AZy9hEXoOX0rQNIKilrsMIXyLvUMAijDo7xloXGqa5uYQIduZmZP5eiYBGsFljoIhDX0ZFAWgcIDlpG3k1rTMzCd9O5IBrBJb7tUdvZfJ+++AIwOOXfQxrNkMC4hl+/n4yEevJtQ7rEgYjI9Z3AUSV7pSh4D3oA+6lhTKUWH2uUzU3suos7MTyk1Xa8lufI9Hm4uep8s/vMpJwQREgy6l/+VnStlJFV70OKbNXl1+TbEEfOVZNHyzVqxJHKNeTmj6+CA==
####################
0PrwNkLNmXUF3nuzVoW34JnYXEMrtP2agv0zJGfqOXFVfLdsopx9mzFCyFBEEnzIf0GTdrwa3je+YpkAPtvEQB42AIVEEf1hPZ9Zc6AExH3yxmAuSai/up/8ERRmkmYJYXwNne0g6se9tXow7tsw4vxyJGow6rVwhU9f7yq98t8=
####################
Y6nhA8j/xlPhyoEcVzwwcG1MkNE9AvJgk7E+dXA97s7yFg1oHHacvY4Fx4slhWuisLD9DMdmI00Ue5Q/UR2ZYIjB+bHWLeoA6HkvKd6xzFFypmbogjunWMQu9dq0TdzFZ4FIpSjZZ4U4Ts+P9t+oAMWG7LYGJKdO3ORdaYk7NdMnehxDyE/CJN1cfdNa3GnWFzV/CvBPB4XB/1NhYem8sp+/uo/eE/dd/PkxCgDTHx8K0KIrjY4t42/YFeu90hXXPkvTIu4vf1Da/shDzC7SqBrI227ja/uBDobghMpwZCeqsG+gBl7idUPhGTTiSqONdrifSDQ8blw6qGkaO91sbo+JrCh8RC8QmEYdrBiwFX4woyXTCdMurwxeiYfRXr8rg7IDUlQdCt/KSvxrJ1HfzUmbS6fdQT+abjvYA4naQzzyzJyspyyEEadbrx768ycmZLLREsOIBUAxTDO9IssyCdngF24voXFZ8phwUpZEqaudsLSbH+RAMXufk3+aJ7wFyBSxMzYhT+IBCzJy8a2aPorLP8oZDYqpD9tm3DONtHRruM3NPs7c3gGx24nztXU8Ub/fF8vY6P17SKRqajVcnPRexC4zYTh8nkFqs6vIlNg2noVkhydePgWPDk9V1zTboOkVhUCQpNpeErgkgFM4pPmbxlU4+vYmsyJ3hAGxUyglnIEIypAUatwxNcBAHqDg+8AtPUKUkOlHSHpU6P/1im46XsvskGcVLQLpKS14LUZcDH8KIf6B/kfqjI9MzGr0fhOccb4zCFoLaZji3Zja0r8dIY4oYcjc6PqtJFiMOH0+4HDjaZAHlm2Bh/FWZHjDYIvG/8AsX6Qty4/QG1veG8Azpxj+0JSPeB+WZZ3Al2MTHvSW3CKOwHovdUZ5HmsbmYy96bbC/NJBmwnCuO69JQ==
####################
PIZ4Rx1bwZqvvfOG4Kv4TLF0MvF/vfOVpBnOC/CjkFLhU9Xew6QkVfnOA5BiVkWQ+0wj450VF0hAh+sZ6eQmC2ee+lPmZn1RzwwWavZHMggXJ/67wsyxlU7iSGuM2C1EjuMF9z/Gkby+P8gpwhDbALYJ+e0k/Rta1qUGiL2W/js=
####################
cFXalpuICON+vfLsJB7d0tjkZFDMbQ00du2wS9nB82eXQVLXKNa4hI+PoLotjrZutfc8Z3KzulcMZ3yPn4gzLIqSwlPuZhEIh48LRgKYqk2UHvEFRqv9nPkJG825LtRXG1MLouSJc9jY6UrEYToGJ7C1k+5WhReE2awHuW+nzWQYogn3kisGjR00OI8zFwOLDBLlOBA115zPmwc1jMS+EXFBuTqEEkvudxk0T25SDlxPf+jKlsf5O9MP29s13Qd5ISvtDmMAauJQa2pNlmM80rZ/jyOjqXmCHp1xGorCDraD0B/T8JChO5Uonp5PhSdWpdH8dTOLpew/nMgBY3lysrt5ogytUgzyptiow4o00MEoD4Zg7Mih5amoODevqO/JEdW6GF+BfNLfIvqfnX8M15Ah78438qL5IYLYa5E7Kxf8E4NCIlooWBh2iN8NpeglNfDFHEdhFmwmNy1kH5LzOXI2gqf5wiQnxrvyv5Hf9d4+nIzQOIa8p26VQlOwjy59GkijxurqeqOj73zZMlotxcZIE/aML9QhjzTM7NBGDdO0MmNF5ClQCh1oLuatrZi71BocaQK3ulGzlICnWoM4uclaK3ZrC58EogZz5EzuysqiqRnOo1C6KW4sOCIyRXZgjBYyDTBYBQxBDx7KGcNWSwh512nOlGoY015pccf6UmT7Ryo0MzZswpfXNaV0HPjmck5ZHCEQ2rXb9CdZkas2mrfVX02o4P2UFw1tkeB2pkIl7CfVz8JEvqCR+Ax6xXbgeU6fRkwsGR64jhJGoDvUerViqLTAfDJpXJ82NCZcfoBCc2/ZJZsFNCqRT2UvBisrdbzCH8HSkpzju+ct4URgP1/lyT869vky6pfCoHC6J6YDnKEQlY30D+xW2Ewvv3hUOZ2wlnJzxJKP1XRxguAcgw==
####################
gyhuiF2fUi3F7bINDaW0hsmL3nIeahCk+JqbFEltQIr8Wd5PhS3JxyE37oKRiR6zJhNbgaXSy+7ny4BSBR8M6FUopfgtP0EK1xlTeKGHJx/v7vcVW0hd8hf/TJWWxn77MegcV09HtVBgmFnpWlDtsiQxU9oipbzosCYjOcU8Yro=
####################
RA2vnHzTIscl6LIHAEk5Sydpv431leLSy+wC1bVAdjEANfEk8rkIQ0mBglCLz5uandL2gIM2e5EFPG5OZvWv29jty5GCGKKi3xHGfLxKaUpULBuXENZIfpKI9y6StwYCb/UcPeldSqU63fJvVpYcoUiveCLI5D6N6yPF5k3UcVrZc6tbqT4aAmh4F9GnBxXxLiq2kcaeN0bKv+71b1oJ0i9CSCERbMWPslGX70d1vk5YWucjtM1zO5PgLeafzi9Ms42MrP1Pk+USV1URlbxWYfwGMti/aZSKiWVcpDmzJhEwLfnk+lYzhDVz9UT/VgfLLbu4iIwxfGGuzQVe5W5pd7c1b8UgrCsNwPYCM+t9AvE2gCNEW3v4gdl4nvLXCzAIlIGPqkynKEGjCyMWjfWIv9Lk4YwDPZTKWTV4ideXsHeJ/U5Ac0LcVs4wGDraolKKXiAYBIuX2FGL1Z8+g30yGguj+gpjbDada6A92zCOsnSupQOSkhenNBLOrJpzztr+ZNv68GNcBKhVzV2LaGN1c/xEFmB94swUmtHBiV4d9IIOhLL3zxMB9Km0h0Di4peeOzHnMtxIWkueGkk7FVXYR1dXY8C9chfWF5rjMRoUGFEbB6Kc9ZigN4Sz9BmvHIAd6TtZyUdsMp63vtY0TajBQQYcWycDkWaYSbOJGFhSZkrCRBYkDMoohwnQX2O9qHM/bBnwUzKVuLMp4hlWPkb9B3H3jIs0kV7yDskWuAWgq++//EEb+Oki/6X0oxXE5k43SfwaPyHVdcIYglcSfgs4XOF2VRv6rB/M9Oj5XkqrP9WVqHOCKUxHqIQ3aghlF9t0N/4zCOyROrFkUF++DUs/zQESiqOtSIlS0J6BByRJiwYjqDkrO5/AvYaw2s+sOXSS7lKBjWtH08n1VEOHV9z4rg==
####################
Xit5cf4vroJB20zv+PiESI3kkQ+eYBloNHe13Lnrv5q7vLKBAQIpG5yHYgQIsCtBnoHNkXjT4Z8cBj0/zZgO6XWpwBrUH8qm8x6jAMkxctKQjHwwvoCb76OMFYGvXgUNmMfZr8YPgMEM8Qf3e7D9YpoiDaactqlSkmlLTU0wuqs=
####################
9vlwyn5kGV0b9RqVxX8cFMF8bMjDhS9mWN9SemjKqN2klUcbL7Tp5IaoG3zlxQWOM7q2QZouBJug2O71B2MiFUlMmidB8iPFSiNwMfKJ5AFJCik0y4dHFmA7Tkrnbhp6s6jTPu0pnAW8xJG5G2X4WsyDaqaj8h1RI6t03xQ04rnfDpKyds0llG+RgwQaonbev1FHkjOpwd4D1syP6YSeqFaf8UOc5GVsNLceOm0ZM8ps6wJ9n++Dc9RhECqaeoaFPmEf7bbvrISB9wqIVt81vldDMM2zrRWGXJbOaxw7dGLEP6Ljy44lbRUaqOl6WSPGS0vMKuyDstfVejt/jYMyv39XHqDnUEgP3jE3PbIXJ9dNaUCuWxaUuu8LIIHZZpBrhrXOQkZZpC7xuJYDpqCD7M9vzmVY9dXX2/PoLdGjHyfWI54YISDbrIBSk5DzN/glc9IySWXw50rQHQhulXu5WXqqXF7aQv66JH4kX7j5Ziw+oMUc/PyRnR3nIMmsQQ4KGi/b7SO2R62mFY27EGF8hl4eaZ8KH14ajXb5gQH5kAzI11OANL/rgtD/XPoDEuIhWVE35SZ6TeIW5sytkrDhe5C7fMqACiznuVtL1S9e9n3nJPeaVwdGxM8x+klIclPib98q1NiUUbJsFdjyq/CXE5k3+8XXxL0caLZJfxuR6swvp6S3Ru9GxaWn7xJOscIH8kw7AzOFrgGuCUo+ZRJ83QBA8y5N2f0C4vFSrfdcKY1BB+DykNcA2zC/UmNn8+wQquhlMEJXMmEbWr6z3ZvBwlUEFsmGffJmp3RkwaB80OkMs2p6yy19XGFyT8TwZeQjRWm2KvCAwbSDhcQ0n51PhU5jZdcJSEOW/ISzEWBN+Y+IYzMgcAQbf0/GrF00AHTqie64GBmPzqPUd7Yr8q0JCQ==
####################
XzRfFKsYuZdKiXvwHMMRsRi7fiMP1A+U9kfdFEh1/sdpYZAeiZ01XeuD3Vg7G2GhcqG0hkgrDR7uklJllIRTr/n3U8jTAAz07NzZqV7tchoIhBVItwIpc6LzYdNjdq4H4Tpq4kDf3QjZs7xxbguAxxcdRU2bA9gcxqQ7Bj9W3MU=
####################
TxhA8y5BW6+mmKWCQp6QuVEpKOysoTQY+bn/VE8+JOMjGWoycp7S271aB+vzYAqVcxClk4BakISc8fClRMVnxxpYZjLh0/9/bxFXNYNhpV9ut3xiDeX24cuGv7zo+P7L8nNo0dcrkC+UmzexunABe/uJID5D20/xmFJuz3UWDD3dPu0MbM7z5/pVQHsDBliSZQ+Dyw4wxDAheZVh3UXq3s/wqxue8ASkzjoFIPPmcPNM/pX0wkvB2Os8fmyLwU/Z89teM35Qngv1xQ+4mlzCc42nUa+q5F/WgIIQVgGV6paFIdVev/I1YeiVLNj17Xs84IHq9FUqQeFUXXN9SOcMPD2L9EdPmLW6XePmM9rpoDzGUtIHrwAm+UI4CIrjPHEx7zP6jm5JBnS+NOnWvT16Yqvyo5JHUoWO/Wolb7npo+g+6HGALiCQQekJdk36G8NHkTKeYigAqDlS/bH5yMDKITWvG52BZ04xSoJg3yu0U8kR9Z6I2U47c6sFTTDV5FKEZSCofKvpcemJCaDnFW8N72tkY+InnAtjveguHxFgoe7W71E+szhXOjjySxeN30qiAnJFtppR7pdjxHnr0MRYPdcyo/SPCllWNIaO1FCjZl79+zXR1Na4rFTfnE/PWs1EhdEBv+95RUGqX5Uea5y0eoOeDKPqwdXQ7Ug59K8JN776sZWRBtB7Y7jQElip2rYXt4hdsclq3iGYJCLI5LMCFkdW+jVuwwrGI4Psu9VZAcPv7mGn08JC+Q8nxtXrtOH9xIycvfJA4T2HVuu0RWHIlnWgav37g8OQs2bBbvOlkW720O4shutsPMFyckYtJJ5d5lOOXJxl2Kvwlhz3Pe+SECmSW35wyliyJE15woA7qCD3bw6tJOkkTNZoRo+LD0AJJpOQdbEeelxRKi4uA1DdQQ==
TxhA8y5BW6+mmKWCQp6QuVEpKOysoTQY+bn/VE8+JOPFC3l8/NLO5HJeMv3Dgo3uo6trnzEr8lbiSWPlOy6gkEYOwSOfFtTCmp4rcrfZwlj+lWNpWr+KHhS2LGFzKoiFbSSc0wlWSNoTp7N4sjYSIo944s8zPDekX7x10f1RaLSulvUXoGTsA5Uc/1ASfDZfTkY3yxRQTnSxI3KX6A99R2LyBGiF8je4i6zFWyFege18LRjdytotK0kZkeqweuhLlCInIN/kAaUcgpTzdw3dWw526dRKJ/Xb+fYkliELTxIGFz4VI6mlTmTK8lHima03f003SjccRPpGhdV4B1dUFhGqglPPUJfWBEuLlM/8Bn020g7LNbXKFhz9YFhGSr4DybP4ztWM7NERZhWPkGaesXnvro5PsN/3P/KGVpQs0jA6qoY3Zr5F0L+GTV5ml4M8/CF5KE9K47wrTqr5s2PgPnS9hSN7qjP0fG/FoXiP/oVAkQhGq7jhoyaO6e1+uljDF13BDocjjDOuoFI52CZVQkX+PKVeP3rL4dCoRbS3YTKGvrgR0knwxz521BsaDKjomtzcVEX5GMqhW6bbWFKgXKrTn5QWvhddnp6Kok09MqlbL+pjtTXZnPJB+DUR8Os/pzZu5y4ktYutcMSaNtmEB/dm87eF+o5jp80JHIOh7TIQ3CUvnz3lVqLUroWfvlp60bFkRc8ygaiIPBKCdjPTYU2hLrqUThiBrqE3to8mEyyQ6ceh2QAgPhpjM/8eZ++ZBta1UBEV2I9l/YSVxf/BoxaFQekcyEoRwPh9eKuS9ZwVsXwj/2SUwm6wvCQFGhJlIam+//CPv3HMvHG6eBO4kcqoVyGZksRS06Gj7KvXy0boXL/plkVQAdmJlV61eg7AGgnQrgE8cdxT8K2Y9h03Rw==
####################
UNS5+2Jf/GsLLySczIWOfz+JQL9q22iNYJWxt8hPGx8jyEE/Pc1q2V7XS+XCGSgb5KQM4d+krbdBug4yD4tjTFX+3E0RwbSoIXSqwa/OjauS6DyUEtes75+eCKwFDDhaKBHBdMZJTw3q+zE0+ghym0Vc7I+T59VvgymwoqGJDnc=
####################
0oJMqUkCKgCJEwIE8XtSvQce/TnSHaMkH+l8XCB0VFs4XMJ0VpzhLyZCkMN0yydsmLiWPgalurmsOiVL1jHsb+HQdGlpOngiNQiGFdEaDm/H/ew9QR5J4yNrwM97yjSxaRy/H5J8ZT/2D7yWjNtS5pAHf4EjrsHgemvNjvvKUzeFNqXg1PSuquWYz31xb56GfuL3wC4kDBs6agdZ0cciBsJzHcwpWnVNsHw0YD04F/ue7V5vjw3ts/OOiBQwnsVLdegCcunOVLT79gG7ZyDey5nKUTps+9I2Igk5XfmnLQbfXHKufnjhc+ngVBX8jBRPXhGuwfZlxJOm500rw2x4Yc7oB3mRvJp0QOdK8EJuSNXWyIjTLWooh+vLwwstuHIOhdt90jk+CtDq1Njye84qFyiLb1iO/6FcLkRgIUA6UGSBYY+gi0nOnAJD/mgKzqtk7ZryFwhhrpKe98tM1sCdd6Ah5RikeiG9JM7U314cYoAdTZ+QBK9lqsXJKuH0dIZXSl54xClUhkCZ0OpCRg4YRWeJ9wnvcPYmnbnRTJ3wFNenxkoy04yd7UNpJYblxJQU8Iwfkwc/lFjplvxKW0BDtfkNsvj6r1iqzPbgdijrXcYSOmr7lfR+NaEyhiscgWiiiQPCm+IVl+lIE39nuvspmF/ws/n4ul228hyq3/99OwOY0GS5vKhS7qVTxMPuInTpB/cSPGKBFpGJi9BocASwCx4VdM1sXVvUDGaOtHvagh6iYgp7miAQXjBisXwkdO2PMHCNeBwmGIY5aJivaAUmncjtDMQRIWHufkq10YwLTKffiEGjF1u/g47FQyIYY8/CgYdqWeLpAuQJ7LhRTut/HN93x5DjSKlTB3q/8Qn+tYFKPg2vzMpjXwL+f0hOvIr8ITjzjeD4faAnPr6hC0MRmg==
####################
t4B+5M1H0W3npYXSoqHMvtJDcOtm/6k4wnL5B3O76fN7ojW8QR80NEBCbXJs9+2Fc1kbsP6Bk7RrZQXldjOKmoarF8EEdR08hx+9IormTanY9Hei/ymmL3MgyaxKIl0aLlKw7gkffuJtT1Oq3kjQhazIrkMDYoa09j8uJ5TvBuE=
####################
KpTrHxvAMo2CM5Fc7k+yG6P8ew93cFf32mqP3P+a/J2W9+XPAPsr5XTPQrN6hS5y5lIusk42nYkcRT7ghJnASNclS/8EKCQIHNXzN92KgXFHRs48NrJed6zELN3nTyFMjSDHZ8f8MNDeBCMCo+kZC3HRb5O0Fp9fWFo9XdCw+Xvpl3I/t/RaUTBbkHlH6JOdWzRVWYXOyIQRDcRh/Z7h42AKIbjGlGykETQOFWpyyYuIptE8UwmjCjlv/8c1tQTFGjNIGGI0LingXK34FWHWOv48gFDxahOl9fcEF8+szes2aVPS7rfcV8m43yNb1RIL34Mnf3Hm/98sK70SwIs7NmiNsTM2L7k6KKLlqwMjfjC6A2Pjliuf2vKHkdomGxkv21tgqe9MKwo/zQB4v41NOo2z7PiwoIHeeVrZ8tCUupM8dlK5gjGqVtsG2T3KObORI6/IceygOeztZup4m4K7oMMkeIe7pL1I9KbGiSjX7ULzuP5a6se4yuP1DzQ8Z+LHMFlfWSqxRsq1eQS3zNudLoTrC2n79mc+ohoUeNu/ba6pw6Kj2CR6CJ5b4WM+7cD2FYWSk7/jW5/MArO4S/+B/xuWWTta9Gi/jClO5XT9aLMDwaBWmF3kMxT4to7cs6r4N2aOt2QVkCCPVdFG7GXYkfNBmqiSYj8oS0tzoF2a5fkkOaD9aWtJS5yboNsXs89hNiM/Tpo7oz73njdBX7YI3MmztYpXl7Rin3/fpsjCnY7c2MnGUuHmX6t1ZHzvwc9W8LkYpib+8Nymqe12z9HX4d0J67jEGLjWGOzB+VOxxViXD+HomgrPdI/fkinZee0PXXhx5FpKy0KD1WUXpDhgOzD/y6m1VhZBZH52X+1DNdoafIVyqn5Vhq/yKdqV4NRkSXAvstLcAi6ZKU4gfJiAVQ==
####################
sHNVi37amEo8jqoGas6Z3lejUQe/xzotBYnpJi74Bxynl7BjyRisvLTBDIwIzH8Twr4OWDCM1CfqqtTuje9LA+fvJmXGGv/e0fxHZPOhykn/k4XWi3U/1pWcFHmxzS86mFxBAo8KD4tnh8B38XqK/PXu3X+IaYJGPi+9cv1b+Sk=
####################
WsM5XUcurwdswU/OSPJMbtu4+8xGb01ZFycKzjbN3ZwvKREqzcSlJ/kYXebPtWJf/o5607k9R0C4T9yuABzHi0P3jDzAnRrSQricaiq4WWetG2ZKR5qaiXb8iUJWPrW/FzjYfmuqeoyXUBbMCVnLavb9NrAnKEi5n87jy/DPid7sjmrQrkDMRsL/Eqr0qqvIUupxFstYBEib4xzE4pbFlG482rG64JPDK2zpfM3EVHy/pCGzRBUUXXQomeNNnlddHZlKc72aveYAc094PQQ+7eKdSsbrl7Si1J3m73Y/qDYhOLNdZ1u7F8nXY7NVj4fc3fmT0zAU8VWGaNvFT+dLaQhjcZjBkHpWyrS7jfCifI6rjA4pWVBZmLL6H85/tXTy4ITg9MlgVKn7mjXcHQfZeCvATecIo6DcFTFBieDDwqs8Z3GV6GfLov4ClmmBVB7JuwX+BwexEnyUYlfL707Si6X1E4cefWjxzzFARTMV+Ujo2+Opidrx9lvy4O2N72b57caryoYMkliDi0qrQb7nkzQND95vDTdN5Lv4fNaffTcpnrFWKFumhOpQBWCP6penxO3h2N95qjaV6HPGOWKbAm69Z8/QchVloTgQiL/xFyqqRskkFUGyh8IGAI7XyXJKII526EnOCWpeilhvEV6j6fvmaygSfw7XOWD3RX0Qs2B6tDzjIcIgjXvB12iX+IlOaYAJC5djLuVBvfP9OqkAuOP/4QUIaXbSaBDeQorErGiHgVwXoSp+55DMUCFMU3B4NMDggjY4S6Uvh0BlrW77tQxauAPdL+d8m2Le6U9iEzpj8clzfdclwv227tQC63BULrHOnnU945/WtZjW6G2n73dcqihXPtXdHa9oZEzcb0YrMm7uRxc7d2uTVzSfu4xMnFA1oxkHg97uC5cOMuC8qA==
####################
Q+54AG3Dxfm6hHDTr769R/BeIyXpDM6GKUIeHF6X/Kqd93VA2IRSryi8pOB1SRDyLET6BV1OMitBED8j1+vPGApTCpEcxsgavXpWXtqzFj3aAZ0d2dxohm3ZoqzFiktV7VHGEk+RR2wY/vlOmFVt7KjCKkHbQb6N0G8hJuWRQ1w=
####################
tYda3qAqywnzd0570Zzc0UKjL2OVN14gYG/HHdOmUBas05Zheu4kANcmMvwUkeqo3Mr7J/BpP845deFYxj2BX7BNmlUW2G1z8rtjJjSjA/AhMDK4K2BtPNtDYTIWLZCtV8z7TnBnVCtdKL0fKfOaLDYvxRV85r8YbEpYK3HYbNMwNpVVfi8c/PUJFWd/5TGrqsIixYjj77KG9sZmKg/Yc2IknJfCTcOajwqIaTIgrQYpIjSHGffCehAH4oYjVyBKM3UgXlGdrGpqyw+squr70NLxKjUaHUMeQk+IEvn47gh/yUL9PHXdQovLjb4SimQcmBwi4g3EfdsbyId87wKprbbOARA8Zte9W6zEDnTrslsLbr2KOcZgwUsgFp6IEDiZdrSucnj5GIUuhjNsX467RoWrV0eWEUDzP2CcQKFEHE63fJirVBilqF1jI1Sf7mPeOS/I0DkTprRlZku/zkoiZGVTsWfXvlfwU/VKRS+nyr82Z47CyLf8+uYL5WTcLA2Qlp+MQxXoG4HKsartyPA6XYugvL4qx62+RqrRPSNyHcysqXHVXJDgzP05fD+LrGuVxhTorKQinibRb4Rr5gLvp8s0ma3VxMRg9wphEMXiJUM/KyBDpFbc8z31fHfXlXPkmISCVpyqVLlDKYEr3CRCkEeMD3xesqCOu1tljZ5A8bxcxw6Ufp6kU1Oh+MP6P/A2JmCSrh9LVs2ILWgagysf1NMyq2XvN6p3QhZWfRHJzoZhpZx0kTueyVArkvBq4/P0x/clHs5pE2lcLjvfT7E0n2ZnuSvB3NgoBvjkdlIFKxqdQOTes0+vxqNzi/iWJ6UVcD1Btt4B5XJ/WQXvqqfxvdKQYpT55XkdOgSx84ppjLWodvIs5OfPc7W/NC6QrcgnWE8XQJwiEKVBxbOqm8OBow==
####################
Kb4VI3i1Wy5bE6ybhcRTJB212iV/M5L/PYw/FQOsn5w8IacVeTFGvgbPHTcD45Zmk7H0BHEZoSN+ytiBDMjkRKDRDbT39MkV9wCXQuYXJ7QbmpmyV0lGHPz23yuZsbRCeQYKpVz+G+wTsPNNrd4ZHJGNyTmjjoY3/yDVl1V5c6A=
####################
DWSraUWKDXsy5tA0BS0x+vzYwPaEvHDBQbJxm8F8Lr+lsQ/F9ENKvQ29RUIndrhqZ1mFbCQ/Wg02FaxQlNxv7NUYYDp20AmKuzsqqn7yMn1hSaR02tE9bEcCWxTaovqU0v5uK/NMsCbRFX/VYRmeqo6UfQ010G4VxGwm3+N5vYmzqnNCiSe8UiQoEAZT4ZL8yn9rBijP1OdlhCWsptuHpXWE8OSOBYkcgsn2SrrrBObsDrYACQp+qg0g94N7mkn0kiyrjHhj8tDSKWJgSN9AzI3LJq9teW+xEAXJNLbioJ8ko8cUtYFPgjdyKkMNarPCITKWAPylIC3Mp2FKJ6NNN42zhj1P0cj2llGj1H7WVTVxUD7KT5rowEkOx6cBT/PeCaMDukLtMNU/sOXGB1WMTm5/k/VRU73NohsOGidVSsuO86I8HW2C3wKTmwYPYaaXja43Z/FLZkoKu2qCAA8TUOSP2xPxXFtevF/dGBltpRqubKYs5nTv8LPVsUBD4HjpZQUMAa1cMprengEyrVxCutfbxSg9Rx6HFrMEFGaDsNNEh15cFdIpvc7vE+gep1/dJCvITgbv2omoB9Gn3ftfFBZY32PNogH8fRvER7C7yAkx+nWfiivqpSuOgobOJo6HY6fB/dzhtvW4mfbsimvWQg9l34mFRo63em83YhD+Z6xgaOF5qN90L9X9zrEmo+102Mh5TNdmwiaM98PL3h8kZiKGDhazJ/MtNxOzylMhk+aERl+1/LRUSolByILO/mp7Hai9IMMhkdegJy5nCA6WHZZXPmJ5BE29i1p6+5g5vhCRoXyLD+83KAgT23CejVAgYhIDkTEUKoQvDi5hwg9l4IHhpbAwqDVfIHh/YaxyNaYdBQ7dEx3v/VpaSZESMh2qUu0U/F59FPAS1anXXJHORQ==
####################
zIjIHnkV2hU/uGvB9HcY1xZ0EYrulk1mspdCDm/GiKg+OAwsc6Yt/TVdrIp49aMGm38KyldgrON7oqt8Jhc53X48t2r1VcdU1mhzS8DYcz8a4RdwHFd5HUx7wsirBTzCz7OJZ6FZzzZ2Q34EXv6/DLZKsy9DD/hPHOlN8URPJVA=
####################
CQQiD+VUC+rpJnJrBhuXXjxCwE0PdOUx/GgIMMHzCe8LIglpcShnWO9gPZNITIXB/TAHGelWNVADWjGix+H9AV87dvV3PhS07xarWdd8SdqCygXcTqAG6BERn9f5MWDOZOrcOCs8VQxGPRtavRV4jLfJVXpFMtLVlitQgqE6OizmDr1coLSUABaYTLirGunV8BqVph20ASFEoQAcFi49JhZjOzRq7qKFwVLK5cQU3gAPZL50DYCCJFhNhNz5whkatobn97PJjEHLwbhuCeYyCjzv5P37u0YMUHzoTQkeWpoVFjrGIOrB2hsyPU+9fHoYTmaXOQ4S7TS0cTnC/C2gwnxpwEZvA7EkAZ+G97757/rg096IC9Y7ZcLC3dCJSLxnJ31u+guCDikCt7DIG8MOuQX8Y/lp0mQgYtdhmTnyIExYTGSrqNTxIXL3AHAQK/erLwMC89YdzbtCXt8jqEb+fhJnNNxgfrPzv6I6ij98Jp6uTJ+fbFQsUD/d5Y9Z6WzIV7JZeXiwyHcaIFaX8XxpGNe9po1a0txpBlxlTfJHCyFcx16+e+DNuLNEd9sq8hY5YHWesln2kQw62RizXDCLtkExawKrQnb0oSQ2MVJNfoI+9NLl+OmyBvCIbd75VFTf68aWvhIvkOw4Rpv7v94co3fp37D7VzQmQeSv2Xmty5P7e/4mO3bLWcYECYGSOp/bDdT3nzAIssu7AAhNo43EXZuxGPoMuEc6hwQIJuc+xQSmG9ORiazCMpxsClZ2AZ5VzIB2dOI1/BsmMgpRlBF3MnS3EXi/E5vyVMR4xtHglYgr6zp7fYN7nciRn2Wu3u6M55IyMl+ZvbyoqRIGcfvcAxCu5jvwMTEGHE4lY78KrTjIQCKXdNil+PAu4EDnKOjONqT8RtvCoBrXaFIJY9ROBQ==
####################
OZ2ODXLmy4eL7XtQBnOUNmYlchbTbuJP7nTWwAfGVtxkP/7WNSt11rMZfgpY3KtC28vjV4Xm6kXpXhrPp8bTENI9jhQQ7RIdJvX/vyXLchqVbOymnwnbsUKM+9HuGA7kdDvrMEufxN23Y2sFCvI2axecsdP68u9wKHsJHxlj3Og=
####################
MdaFCYN3PeVQQJurWA8+QmbdUruCsHwhoW6DNdT6BLmTVusuHEhXffGJsiz5OJ+LHNHm6Hua3CGeHs1MOiICPIh5GAjhAKo7GvHluHx49KND3lSBU8ZJDex873y/DpUckDcMTmX2AlLQDyilOj6ODph5432oP8o3zmpPlgYEKkocRGlC9mwbd1t5MG+/4jF6DDrQpFC+fDwbEGmgMKWTjF3ZKvxlSezHN73kPtN1K0aRq7MUmR9LjhphKyV0YpjqgtVzp8jdDf6Pi8AuoMi8abWhyaPFfeajhH/Dat0vz7rRQsgQZAiHw7QhLLP9+aLLQVYEknO7Aa274P8cBjOThbNn/XdCrjrB1HQaCLNgT45jVi9B7I01/w161bkDITVy/bZ/7fZXYmt1kT73CY42lWU1654+2M6R6q8XZmN9yWzaezpC4iw5Ahs4xmEU6zCtJIuc6hH7sdZNKmPc5LN/hSQ8mSPsGz8Wsn4JNYUs4Fyu4h6vIFgI0Xa6OOuUAeF6ZBSmjPmTZGyp5EWNTYgZ28QDTCM4zpA2uegHR36FSYimpl31VshplQOhdID2byKy7LTIGeoW3/rY7CRb2r63gNG1amL5aZSCUNU+AtC80lGUo1Ezien4MKa//TaKnb5WTT3tx/U0Y2tE1AqWUkw9yAKqMoS58CXV9nVMaxVR2RSU1cwBQNfK/ihBBWqlq7IHdnFvYhOOJ6CWNey4iwFPMTox3lK2O2ubvFClX/3LDBy4hjcjM0uqVkyADgTa7USvno4UB6t9xBlljHn8sCW8JZZtBdpNeY+EOoBHsRLq0ccz1xrFd76pVQqQReX2eE/crXhw+Ex3VQ6vLJF39HKrxQ7qJ0ovypm/0gTCYqlUkU7sv8cAvm8uOazzER8rTQ+lW12NjwVGwKR3eWgJEudNNg==
####################
MtSGYWFPkvtwLIE5oCwcAUoWWOt2tiSZhhfkP4pRVUXX1QsY2L5TrrSzqnu1fp/TW+Kbrj0EkDB5P2ht4wAZGYXDnej6zaCUYfEtpY7Aa5adcrH39Fna45ejdW3m3Q1vpk4P0zUhh/sD4lP5rOFghpage0mFauzoDIucVB5kaP0=
####################
ZKADMvYGgi7pXEGCrSPd2mK4RUX8Q/xhUgLMzyoLjnZ0/pUMC/BhB2c0T55yFOouzVK+ZghFXEPO+fU3LDOditON1iRcWNqsO1gMLVBwJinMRFMipWQJw6bw+UOKLlD6XsrI8NyWO7mIyQyKFBicGUSjobVrlKXB5utz/2gkkLuhM/uabA0/y3gSORVAEnQz0iCLQz14K7WN5j3r+I2WGFE02NspTUvArKswM9Od/Cxc0i5BpsY64bEF5k7gNP4qn3pya78wJ+9jZYKPTkMK5xQiIxETDFDw4cuDcQX0tpJeNJmRDFUkQSIOhbVN5Gk0fmm9ob7fG66cNFKmrrNOz56VvFQ5jgWM2pkxuwrsxzWlUXMGILFpU73whP3QIe4ScE6R5jJly0NUPo1LUJUNi4Te/gOQUhNiqMNOuOXLGnXx9k7a67nfA524R+TLBoHdXFQl7rUXjjdEUG0RHC9t7nS1cEtHj0dT4UU9a1rK6gvX/pZyVPsim7oOcvNDG8nUUfx2u4AidZiow2HBgpP5+q74Ylw+Hzw49C0W3JoDXdudFsXF8hir0HRTCMfR3g4MAmqHVKxZtrTR/wXAhhly/oVl0S3Jy4gmiR7CkVRkludVG9XJefujm0Y3Vhy5uq3n4jJ50R/Y5zJ0w8PI6qa1enMaqivO4KGqxIpI3x1XE0snD4HPtrVBaN+rVCN8mUWKq4gRE3e6gmKi+US+Lq1YZUgo8z07AnZkvU2Nw+iDI4Mc0+2fiviQzq40QKguyHViNQL1sJsnTQhAvJwz+2x4R/i5xgrTXl1xtATczTpBUky6qs3AK6x9xP5tOkP4F7DvFhgqnbFRNbkvA09GYX0Qh4pF1EwZ+yTKsgABD8BqN+TBSVm41YXQJJ9tAXsLovi7C5Mq+avBpW9UNjxikpCBQw==
####################
gckZaQKtV0zoUFRk55ghomA23NhyVs19DLLZiRmM4pQivgn9rC12XKEozL60mOrxPv6EMGSoVbg5t9ZC/YrWIrLgZdmbEbJce0WzJM7gWxsNXa4Vb7Lx+S0kJPImRU8Un3kdQMtHfs/qFMBvM0/z2IX6i1vAk4C93HpZX9hMOaw=
####################
3aUtvHG18iLrG82tgG/2uB09GYFxPk9ltfEyw+rbwb3p+V033TzLk+jd7h4moPu8EU99XB54SDZe/QHQggESw3OeO4ZGWxTL1jUAPtrqOyVcsZF3PZq7oLfl4vehPkJUiHJVvekDq4WeZRPfgu8NAlN+4H0TS5TyWWs6DenLQQQwEL2Vc2WBJaBqThV0EZVvK9dxBGn3NWYlyz+HTW7av+f4UhRxwzd/vw2EcMXKwi3HKLKQv26bU9msft585Qs+BhPqzdo9M9KBG+bXusjW5g0a+/7z4Mhg/bFjCUU6/uXUXGBzzKvu927c3mZoHb9e4p9HXft63ub2zhHliZ8uUyLuUiz9GAgfduqhTjPsz1aMZg/QGEaF9g/usQv9z1LtLiWD5rrnAlxspgKxcp1CPiCkV7TM0xl+gU2TEwaEiLAuw0O+Qt2+57j/YQLv5wa6PngFk6KDZmEvxzYtzuitp9QmcAVU0LjYAEfEBbl5gt2KH9mBkQrSVHsd9FUeo/jtlPyM3n2c4IVBojEUPR5MypveXVapyldpl2ZFL9JXXa2HdUJ4oFwL6lrXUAib/lRfuerAnJEYQNYfahKEFegHQt9ssUAgWDV4ZJWWgfFS5JvOb3853BAWHkYWCVG+ypcS5H/9tEL5xBEUHdNKa+4kallMTUZKmlWU8hPaa6PChFfYXu2th7zC0PJYVx/1kVdFnBVuoqdILpJXIiKh7MHLJIqxBF7ByIZIMkgbjMarqqe0G/xUkWNGDqlcS/dbhk3+zD22YfpPHgl5P2dS6uEFuBOdJLSuIw/d2VoRLlnKwjwHanY0UtKL5hcouEWhSMxBxIe4AsUAK2No0SFctBvmhxD9au2AfS1M5UZ1SjCurg/vqpPQGbZpqbXr9y+/Vdrn69HFD2bUS3bMZ1PKL2yaNQ==
####################
AEYHVuts8URsFKqJmKs8YwURVa7tRh8jD8JqS9f49dy7htNKF33bcYfy0lPli0ZGBiGcc0JeV7cbmniOYZGOfctd/2QQN0D/8/V5bs/HCcwm9xHfzpAlB7LKIQKdtmfGAq80ssCO1UaYZkIvlvSNkRyRrKRSrv60SIQguL/SW0I=
####################
BRinMHoAaa4OlqACQdf+PMKiA1pD23Ozw5CA07dpuo/8DWhkAICd5OtUPOLy1WLT7y8v95AgBomdR1y6cSTMD4fLuUaOrd5sX15sGEVGieaSjKwaynfo5xKYFDyBkYHy22XV6H6FJVipmMfql/EL7yn16Lz8llZLlXy2+9/UG6M0CDPBTGwXanC5OlauL2h5a5Kzm3pSZ6/wZqx0wYAMWvrE1yCscvrwGFmnKihGcQbgEiK9ytyiD4om/OGAfGMu6DBtnul0LD3qXDIdid3BP0KwSsssQQB9Z/RGVq/xSuYBhtfktWOTre6b+n4/P8Zx5e5wUnSjcSaf5Py5c+Y4NC5VycQgVkvaz87250zWvBtqVuB3C6D9Giqj3xz/lozsJjifxmSDiJmveD+pXOMiPxuxc6JczuyvJaAmha1q96suP1giT6icjOWWWmJCcbR/uhTD3AD4LWydM+vrsPLpEOZFR3RL1kAZTbiZKaBDeM6E9DUfXYEfuUiIWmnd52hbW57XXEJ87/2dtT1ZLUaJEh2unFYgBgle/PNw39eYyBaqBnTpyiIKSEcNl8SlW+891gJNInI81w6VD+8bJdnlS+zlbZtix7PTzmov3NLyy2UkI4/WNnPNg+EFXVPTq2QKdlB6MbsPTfaPox2icUfaEXQQ/3vKbWrNepRT5II5Jj2cVaRXxqjzkLzUi77yQzJvMRMJzxJJAd5HP/WOgm4qRxoaYgNZX9e6NxLeGTUF6oIpBXKBnIry/BuZ291X/hxEb3NaY819fQQpxhaOLVRBwmsNnZeStKN6mLvdERXQnR9/hns5QyReXmEynFbFzXU+LYU2iHm9VGge6Z9HAEBOoVIKrUOOKbAV4WBpsQDkLJRZ5ugUSOP4jgq12PgnYfhbGqDCfvRW/8pfYC8gFu4MUQ==
####################
bPl9UurgC+45pKcFUf2g6t6NMpj1I8up7nurRL3K4HthN0/25ejRzmNjT1ots9anvuhZyoivsf5zQcRhloRGtqtsaDBOaLf/Y2U7o+Z0aP1XU0wlmlA9sCeP7ordh2dB8ppWvytPCSumI12VTvL4SVnju2teBR2JlHt7Lx1y1sc=
####################
u+UdN+po5cS66YFXEOMINh92JTZeI9fIiA3InW89xGe/xyBGdJ9/zgTDCOn1yGQowoBMuwF+yV5yBY7A9/wERticR+sojQlA8ZInv+cd69jlkDYKTsyV6EtIAeKDC+nh9AeGWLKiR0xE48yfbCxpysfObUJ2ecE3ORNztRj+xsRYGl4AHBnsMKtRDbcPkWYg0Lj6lWfkDIJnYA8nrKUi1aInG8ELZf4PZrXA8kw23+A5QJEOXrhNrmRFyqW1YUF4gUEOtTwF/4XRL+J6fg02l6ElhNgL1td+9KkFruStnI39bwgDSSGAGYQJfil960naWYeWzDbA3uLqNAYXd1QPChuCao4WKc7os7vO4VLTJUyN9VToZdHemiOMoGe455VYHaf0lszsYcZ0SW5pSxkGvYaZ7oPJptRwwnLoM1oglQowhLUn6bYyKmjppDgiuyBoIHn1LmyXdykkcJ7SNPMbkK4GKwScypvdyEZqsqtQ7qwXraWhZmKDh31a2cpKZnqvpjwIgeU13kXy+93qXqIt+eLgmZcL4onIBs4kZwok5lfiXgZve2QjXPuSNvZcxkv0D7FKDEqhppsSKGDFhVl8HximNrj3rLiE2jhmEQTlmPO+Ed3HSl9vsniZnpHBUPRBs7jbomw7XeL5AV9VpR8y2K7WmDGgdqbpDQtEMSIDYmzBnmHVnJB64RmUGFuOKL61J+KZJKZ8LoEjC4TtIAipWK1DfELJNt3ojVkDqDLLzLsMmXSdqa7YxMVPODT0lYyeUftlMyLbCojF1rNFLUT1zsbuj3ITDQHcz/AM4x7/0UdpCPxU7BB9xJEgbmgan2JVyVk0dtrwZTJAVbT0fkQtHypzdUBZ3+cMlnFagastior4LpcFcL7UPIfijLJlYBhFMA52Pno38Du6nMcKCsWcsQ==
