####################
edRHr+S3JwsnQ1Mt+GTkh8KeRUO7hR2+Xefqqqad3oEHIrNQxgovFYnyU/NBhy9ey4A+6GaIe6w43yT58mzRiTa9AJkmNBh6YC0jkO2nUlU2azhkqOZIIH2UX5uUxMr8zxPKntUmJcLErxnsWmPE7+NEC1ENAaMepkwpbNeCtgA=
####################
oQFzfiW3Ot0JQb+jM8ZpNt3VIu9RDK4RFCUhSn9Ff6tXE3c1OTeAOMocqS71/m+o3lRkNQgUocJ036F0bR7k8pmlKMParTvj+XzlnspB8uNh0ffL7skFoiqVi3BZ/3SruEO0xSp5mh3T3yDGMgjLsMVj4zVadkL6gRofmeVLOfItms2a2tFt20PAqZFuYlQBUAfIy8AgU16uK2eOMZDjy3VAj7HMeMKTuasqQwzPRfFCdRTL4VE+d3KZstPYHclvhPnGv+hPXtjbJG+XWxTPqyr0NI8lqCZ4/1addI560HE5L2EPpuEcYR91VKChHmjYv9lUStxexH/56870HruYeBIOdLmjuBBtz5Joj4LiGIVb4zD7pMDV+So0seWPWaZi234kkTogdHBuyGbuiuBrXl7GF3bcXNJGgvkw+bRVefcOVH2+JFT7qVhC/WLDsNli0tM3EM4fEuLfggpRMYPxIsNrkz1zfgHCQ6WPNY8dMmP4EfGM8AJOU0GDv6CJD5IsH6kdVpUM7HfW7zPXIID8kX5j4LMdnB2ZKRMDFSjy2HA+n/movE7h/V4cEeaam3LdI9RFtdD9OoZdABuDVfboPpOrKOt09UkHBsef9c2nyej+XZCvOZ4tojSDe0WDEjy1JyXQuvHSgzhj1bCP7f0O9m6/YCZES+AeDe768Lyr0aAscYWZtBlUFdsF9lNaGkgreo075+GEOG+HFyYYTmCVgVco8lMHCK/oyMqATwB2Q9WRMOGNvbvSlcGL/1SgO5LM6FOHNWpbMJZD99A1otwY0duRGGp4Z2aJa/qpdfflHUR4RsxqDxSiEPcMeP+Gf9JKStIQoA+SuBjyWYOsgYPQKa6WOADm7VG5khahVr03VLpjEEUDmQmoBVWjim4atM6TMyyaRrB0qV174UUzqiJAIg==
####################
ZzKFmtisMWL69rmcEisz4spD5pcXGV+g0FarYDFAGoOW53/IgyL+9dfFlGMQZKn2LCFkga+cyELQqdN9MgY53i0gcEqAJVCetZazLY6lK4C5HHeX1bFrYqFzK1g8JQFpSD+gy7IrvXQ0DkbwU+OBB33g8jYUoWb1OUPUBbMuh9k=
####################
l7ryot165CVA9vvdPoc+fFzQCFJCI1fzNwvp7u1gVBfx/0GCp2tDpUBxgl023boTE2FmzhAwldFAjTNSs9BiWnBLj/qMpNeIujILTThp+C5hS4zDrAI9kM6cjbIt0u5/ZXkS/VexETqNII4e2o9a8B0amSCopBO7PavNj31Pv+II5nXd0A3WyA27FGJkgg42qOlmO+w954lPJjZd0fAY1WFatGDQdt3Ao2bpyDon0bQbw9+s6m97IXIlBYTqgQhpOzuUsl3u77qN8mkOlWmVXZbrEqL7UEe23iCxgtAPJ2GRtdKPRrHa+DRrwF3e59dztoKiw7OrIwisMN8McjrhfgCgDHPNp7c44r4Olo9cUE6L1sH+LLldNLiZbFZHWr2rtdcJ0wA7PEKwSFjUW3SG8Yyo58kqw45iX9mVF1D2z7oc4R2XbPxOvOuHC0g2paqpydoK1tA2gj5kS0bMrS5GL27Vb9wUn3KZ0TJNlev+7HBxSt2b0fj4ar14fcpaFaBtHOHHITGN+ZHFRssNt7lnJ3bQB1WBbd/WRpD7eSUHfJkCkp+Qvv+oWfBDE4S4kFgHERktChsADZybXifH+aVLUkmTgVoMcAdqdpBmmWCuT9QdjMIVJVdU0LJnrJhYcNQnNjvnedjx39l04qhyD79LUlhXiFYr5SkGQ/nEmuCSQ+ZYDQYDXo1fpqhDDyTR9UlNw5A4u4ODGq+12Y2QUcusc6Gk3ND+GQm4EBLPwNG2NwRkzMTX0Yb5RbC0NU+Mo5si9YiJChOmewU0MaJ55b0EFwaOStaYpTEf3+7VBsX+kkv/Rhi1zHUymBSPqdefMhPxN2zp13uBczC6pQl8ZIJw/8n/5V5rJe9dL/yTFeL9rSCf3LlnqqGy6ZBFu1jsa/Jv37UqKOiQZ9mpgAyNdIYB0g==
####################
CmUElk0m3dz7BuY/PMCYeNtqHDC66qNDHeudVFhAbzLwTEZU+ABVNmgDUNzydKRdI6up377orKAi4BN0w4cD2ai/b1OtzLyGb2uOxxNLFHh4Hc/8ccw+fnMimgEO6ZNVijsnZ6jgVfEOaUDFRMksZr326HHPr1Vm9GKu9jvRAt8=
####################
jFn7x+KGuClNN5li4COIyYFajTv18eb6HxrtdcJC1bEtZFC1SGJt5rYLpTPRR1KunbKCuINDtlM79anvmDrtMec1XTkyfdI6w/X/ZItCaxXMfnhWtkUqz1a8mfG6F5XOAi7eGB2itVkt4PN0QrKrHvR9y3bzkGeEXPiWH7Rndb0iOMa3tbxIqAO8bCmL9PULdF5WZNg7rQNH6djDWzx3IcdVguJ9TvF4zyMSdNkj4C311tyusJkCog6CpA1nVQL3vFvei4ikkzj9rBN0chbNnYR0w/eTe0y3jnD6tFA4ltNLZaxrweLTcCaopGTMaHZqZfdEIJyS9rlLqqLfX78A/hNMQj6vDPo2iGKYCx3moIi1cePDzcb3cG2awggFCp/XEY+05B5M0HeIf57s/2Mdu48oUJQB8g/4e0dOGb98FUWpRHJszerza06JPjcIKz4vRFHrMD+3D1FWZ2B1I1La6U1GzUvvAiQswZ1L6ihFzkcp5WrJ5PJ/Ihkw+QhChkt8JTOuQ+jYTfygFB8ohSrZTqBJQuCTbhu0waOxMqoqGsSenMWT8Uc+20aQwn1T+s42gSAPh8W/IP93Y0eo/x8GTRmYwMDzsa8HeWhrztgUVxk6r07wNcrbxxVPiPTAIUcONfPQhMY54i1Cs8EjLP0o2YTJ3HG+q0t8iwpcmnaFuPUHfKUWNQtiUqN82/GF8bKTB8Uni4Enshg8WDKpgMki8g9QuPxIGhjMq/KUkXCGrxOAIhQdqxJTdT0VbgCfKG2IsaN2LnWkh/Rdbm7oASzcgCgIO5KBShQx4mbkDfJdY0DQ7RIIQmlX9n/EMyvHZ/pyhkfaZ8eWhKWXBBep0o5wv+JstWd7yw6uWhALXgZ8mYQochoW68A1UOcsWUtBkdEHf/LRV9FV3JsMRbmb+Ckl5w==
####################
ellv25cCYaRGRpNi4QXTrpQthzkDtrAFIHNLDi5wJnTr23Jp+bUINTzWe5CIlB229j8mXVdQxzZEK5KyaoTkcHCkeJsoa7kXNQNK83PZzRe/Tny8KL7/aUyMyBYtrpTg0HwLa2T/MT/tztD/FGXhmdQCk5VdHOdDuEjwc33Xwpg=
####################
GHRwSr5XNzqSYDNGp6rBprifCmY9hPvMezhB+ZDd0by8N3wxai37CupRWSt8iuG94KIS7KG853nrBGCxOElbcxp1g0ZBztbX4gAlJB/GAROEGAJbXktI0OTjMH/A+FGWS3LbAidBHUxF5+mTlAxACz5mM/7q27Mj0981A9gdcL6QQbb79XPm4BLKS/ETCR9rCj6cb4lCDXLLxbC2JxnC4i6U5jlxlcDSmghz/9mTlS56I317G7sKx0eCt2R5V4/CXI1ohwTgRmKn40LujHCbQPAJSEh5AnkikHAjOHO6UlfRArnNAs6ApdWbKY36ipaISEHLpa+Ds1ZaBHueEiWXlmJvg/1UQi1gWMLpXZ8usaM51sKYBAig3hWcMUiL7YQEuY9zkTgMfeLEYVUJEtQsB8L7XROOaKpkoxkW8zIUx1h8h7EunwVQo0kAKi8Acn3c8VzR+IfJYTeicbiN/juGd7fW+7cQa0LN0sO5gtzJkNGQvrgGRjMf9HchIWjvSirrryeQ4gRWdhBZXxJRHl+Aq7qt8lPXNkKYs6gC0PpmMsi9A/LA+wKQR3hd2ZIUTykmHeIsaSm4MCPwWeIVtJoKtdIF4wfGVhkZn9OUthJLV7+fbsX8p/c+7fhpjbPkn1c6Wc0xDUG9JuKdsfniFJ5/InTvocrVwHVNin/DniLa7sFwq4sR0+RtfOXOw57fMSizwt0/Za16EXRRuBKD9Du7CwLH0y2s/vAmx/qU+adiQJuP9nCVhPNWQxQYh90qR2Kouxh0um1P2fpgVYUDSmGrAW4Ufm3E+fo0uT0qhxoZfNrX954IGOiXEbqYtyO217ZDGdydEi633TuAY0r6ITxpEquCs4BsWK2GT+xk6meAEIyZIZGqVsDknSe1pcHuIDzfL69omQptByvog7t/zddrtw==
####################
OYGvxMdJ3h6HwaNc8GFIPjdJe3w5LcqtRWrgsrsGln8B//JxpzCJxLZEqV79EA+Jahdwjgks4Ohd8gaMRg6zmebWvzr0v8lptUx5SPrB027+sTHrSbW9tBysyOqliWiTRA0LORqScN1G9C1wesJYj31lCr2y5kCmUHoP5s/i8o8=
####################
NURSB1MMp9YOR76RIOS4d+O+MDMC8NQ5x7mZGhQ2zgBMWCiRuw7zgNzjunt7lFI50M5aiBtM24rdXMw1J1tVRoOoawNqcE4IH13PPlkbHhyEbb+/Osw/fWKs76rYEbPAMirg+hyNmATGuDU7vmE1QLZIF5qUPoGZlVvMWD2XbqW0JWGg7xU0lERhxnFwlFVTX4YtPNuuW61XMg1sARU2ogRZyZ5HzK6kpUhtOyuxhFuCa4HNO25OG+V6PGV2b1SlYRNwtTbyTzERKFqb6azJcRSjJQ5qtpXElbRKHppX73jCrHeE5gNpiMk4klKW7kgIHBbIs8CPzBuQaKEQsX/N3QEXJ3GViu8QEwtmS46e+O3e6eQW7kRQCDI0r9UF2X1WGOfW3qphFjZzVfgs47uKtWh/GAzQSF6/nqJFRjYgjkA+HJcotHs6x7bmKvRL/Nqv3r75aCTowTiur1Qs7aZ3MZm0rLdIaSIbSnGZ83+hdjJMeM8xAtdOoJgR7trqCdGvBfTVDcRagJu1/Fv/yRdooJ5AHrIXa87k8OXqu5XCkNt1txay1F8f8SYEbMQvL8jmPjPOq8Njrmaxq8Qsqnoqfpwea317cZPbWqAFlJobqaXp/YZjGVP7V79c/lCuieV8pRibD5FpuM+1E0uX1hI+lDStslJUunOUPVEkYqtU57y0pM4aFn8MsN5U/rTFu9VVa6E/VTHgi1V5gVSSD/RyonXNKXgKihJ8xfv/uA/E/oMu5ckyp0NRBxrfxM+qtQe+Gg3gsmdura4DCgx164ilAslgMJxJ3L9P06jjIZ/rB9z70yJK07va+S6ZKHFgQIT/TmpN2S2KhkP0eIsDeH51z0ACXCdLb9LNnShrM2UX6HKbI5wlgL68sWavGQq/Bu49QgjJyDmhUsrGIN7rDOapTQ==
####################
n+OnFOANrF54a2KHTrPtPYcekDU7YXWEO+PkSrzPOBfbsNbwiUIyZNq0dTFDdgDWBqnDreAGGy5jmoNAa8qCzghHZI7UQLus5CdUms8caOv65twVahVlxHQRIU2e/lqYDDWJde6jwOC+mPIqECCzgwOux3JDP7NZvvPxgG+aU34=
####################
89+kBCk7K3Jn7X+5HFIo6SYlhy8uCqwBg5a4sIj6SYQV0Gep/y4zz0xAyCBG267oSH5zOmTAlX90w9T8To8Nq4r9T03oEkaY0b7P19ogdHB4f+K0DsoTckoenHmOESy+EUUDsr3h9rSlxHBE/elsGkP2H9FPN7GbCk/RnVZAHg5jhiy1UA1tvq5qmlz4VgjeYsgVb7hunWgay4auJkByMF/FVmwGrgfvzgPZu6nqyOeuJMsQeJGP8nK6gxlhJlrbt7RIBGeFkDqNkGErhZn0x+RElIjTtH++pgWa5AU6Z4hE23Ht+jwfCIM9UABURCpYwBvUjs+rtqOkAtlcWoJu1n8boV/ey4vnT2ga+AwwS06TZB0/E6K4HUUPPnsrQs2L08WNyOhHAqRZSdwHQsgrAXFcYmLYBRCROY0pvuUxSzR4+OoPdXYRn8KaahgEMIiN0lThkwL/IM+tyyIWMBmMGrPjV3Cz5yQl9W3E150kbqDoMu6XkNi3Ucrh4jaV9UW0WzMnz5p4RiHT+PFP2GTehXPHzzDe+5oaX3g84STpFgMALyV/NNUk+vNPi/TrwMKO+xvGJhk1qMN94BzzXQce2ghXUEOZc3/qZ22+b7rj3NbZIl+vSNwYcd2UdziYpsV/H/54RPZEZVO5yNK/z6RmVp5ueOabGkJNSX2RCbsABZOOvsSNaqI+uYPvqay3qmEx2LsRnhhPSvK6NbPKRpH7zwRcdgzNiq/tGB0SlWfLvkaEITP+5q6Qfv+j6ahEus0A7Nby0Wb8H6jGbY+GZSUqb4jRt5lC+BnOFbXcPaiHC6/ZOyEtdGnFbNEbndf20LSAliWO+TUGgvLy5Eo9gpfWvsquoZnY1jNlHRcldBU01P6Bs7e+y0znCMj/s2fPi3X/yxXcKoBSB/mNhRW0VMFkog==
####################
C0bCB32hHkyIUmOpKhut8XPfXABCx6VlBidl4QZi+N2cuEDC+bY+adoM8F2W5rPRMA042+yvaVQBxwunGxsuy2+ybMSVGElqv8ruWg1RwGT0JttJi2mWhJ5NMajUy8Lm8Qd1Rk9DfajtVWXbioBHwAQAf8B6VF9t1kKvOlrwac8=
####################
IdmRVuEQL67uOrDklbVIW8uTBF1wMgFHPdsnj3dYn93V6i3rglSD4ZPzrR8NJEECXxkUdo5mDYHrG79nDmyxvD01FR9UuPsjf8w/+Uv1y2enpX2bwhYLUv8KjhZHogjLDbXGL3YRG5mLPnKkwmT/uvN1lLWyjDwaOwn0R2UkdwID1HnApEub+7ys8ErlKO/K6Gy7FWu32eN1T8m4w3+SQT2ZBZMw+BGKy9hirpuWy04gjX/iRJPmB1D19sMyvfpMKlUEKi5LYqF4hQo291jDBMz0IjTf+XhSryVPQc40PrbodAJJjmjI2hVQBriU173QrXR8eG2wJfxnhGpl3oNodrRjZ6EMkedyLEBdEB3gXf4CTmNljj4apd9le7tjV6RnbTvBF52ugB27cX3LTx/tYPabf5zc1z3vDMONatqXE4HWXiZDEqhdhv1fQ217XNN7/xxlb8t1ysR3xbCBfwO3kYnp6cGnLrPcX85LSo0i+1D162cA6wwpfywop0IUAU5XTo5T3fbdGGc/5Zhhhs7wkT1AhxXenzcVVuuZYQ/ixNScBVgtHPfs2UnDL6dFDNrKQR/qOS2Urn1ojUvd2UYEQvAbpJuDRjuBwwhQxh8d5DZ4lPkGC12pBClSY7IMm8VCtOrdPgdbzZcimPtOp6av8v/KhlYwHUrpwKCfxC8nKmnMW6wTUXfSxPKyJpE5dIGmEa18CH90vNUW04aaOtaaUEBtfHiAkXhWgkYNlNjF3ossohbUbXB/TcS5XsyNi9mu5Heh+BxEAnf/9qsplSAhaXpegN7y7D8AFT2LnlUeEgf2m+9qAFDqLeVTWblDWskWy6msoi0sPUK38376DieYMj7OOI0dBmSP0LnA8EZo799VGTrGZMB6zDpDEl6HTprxNSqgKATRwU8Lxgo7PhGjkQ==
####################
rlZtjRImYmAs5JuZhuMl4C9jltOVzg+2jUztvmLWgtNoRVE89c7Hg3rdxm4U4MSWKHeulwAHmuyrzuIjssfzQEL4XOMTtBnbDgcMSy+qulog5HE9cN+WpGxNJjCKvmtlMa5CJ7RgsZuSTetVFIw5XNOIECv9ze4VWhACHyYkW+g=
####################
pzx5oCKmLlnS3TQHLRBZsVbGp2/f/Y55trHvBdZTYCXQrYzVRd4ABp1dKgk50ENFvOTUawg9t+hUU3bBziVIuuWSQHyfgzVy6iQJdCdXr99p42o63BOt39ThryuP+nigY/lwlwi2iv5P4Hp04SExQ+nbH2jq8N4OsbqT1IkEFNGctLTO+FoV3Yxlzhf3hRFMzHGwJ7ICiCw1A8D4zRJyahWHx6xp+NooCuXQ0oj0sMtxTEWYy9Gr3t3aJaoQ7d+SrnGC5xVfpDX0QNKbL/rYSpnAm6OcEb73R/22TucQOy+OgmE79qc64P1zl6JcZnA0Kv/1AhAaDIt1JM83DaLpxHlX/MC/f9qMJPSVrEIe60//Puv7x6fqxdQPOubCV7N/Np6gId3VDO0ZyEIjcEHYXF9AhxQ3RS78D28ROha8s8nI5SDtQdsscOJANGm4T35X/fwk1kAbaDNJwkot9zpmzFM5ddOeqpGwL0RLfI9J8BCY5ZVztriZg2u3w/oPnz615E2uFhV+MoDM930zDNufX9+BW9fqROKGF5Xd9YNLqi5XgzVEdluym5VoGvjxDF6f9qIPpWoBv7ZHN3JOEDp2tbLLSvRW5OZGurygWqztycvtdzkNov87oJGanSk0WSp0YVtUkQy0s54EtKnaaPsXKMzNT95SOADybLpKW8w/47kIUEe8QHWNMf4UvQaaK2g0gaQfgp14ROcKiHxyy76GErRyMf8uiJr7Th2+cHif30GAygdfXm5gKSp5CWV5kbR+24eyqIEahqdRJRQZYkfFMoKgqRb/77mGm152TygQ64ahJE/ClCkieu6UbiG1H579gpWVyAf0kCDVEe5GJACFSlgVXLtdMlXFHsrQMs/y73BKHrNeje8wOB9gnryN5Of/B2HU3eTVvfQBv3g1hSY3lw==
####################
V5rMuRVgGoQtodtZL+7NIZXh1Gx1V9btC26YVbneZdaN/J90Luko0n0DfzNzn0DGmKqQ0ic2rV/lSZaNVt4IFwSy8ytUvbrr3RxpmgWtE5Ade5Yvk7RockpnlRIVpLZ8Vv2Kne0k1Xv0MW0+v1ceoPwT+ZhD2ETT+vAbXyJyH2M=
####################
xFNevdKxpI70cR3migO9czOYcRsKG1o60Q5gSPY6skIIwJjmYCC8s4fBi8TJG6m6GoS/Sz7WNsEP3654TZPwWg6N+Tb9BPwNuGgsrRmeBm94izE7tiHhpMm8NksCWEslFhDx21t2+x4qFPrhFSluBB0KxTYTdqjyXGbxzc2ppMJcDg3ul50YGSZXzy37dwb9z/GWx/1hK1+YmiUDstCNdIZjRU93TOxa/NGRAxxby7MB8DgFqsJJ4zScbhhXKDrddlV8DHWbUk8KTOJBtJrQhvFp1DJGUdeMwlu+4V9dt8KG7cO+wC1VJ1zE594Nu/RfB2vXjy6mHUpHxegFrntaGENNMLP8Wk+rwEbZF/AOfCgJpBVSOKJOo9smiTS052oSdodnbW6Nvi9cR/0uIn1k7reY+Bm76iv5S7n4UvVOVdrB5kRHAFLb/ZvAn0vYOchJuU2RCyuVIa7/FAluocwRm6KDQn3DSMMuSC0/PX4WN69qGMs7fGBzYBZnyILVb/OjdbHe5rKA+HLo7apsC52kpAkswh/qYQelV/1peu9wdJjPGaRRFmg3Ig0v1MRNI+oQmFHMky/rjR7QROgZhFhx77j6Nurkbneh0b7PbwzKOvJ2DsCVXBToms9giR51t4Zzh0tgqwzvQQNE2DGH63gcUVufDEsBhYG6EPMoXpf3K0rWZYmm1wZq8ESpNuNtoRW6HCIN77UjM5Z3aFi5/zzL+xlZ4U7BK4NcP/PCll7DYtsI6Sw6Aakm76FnkmKEEQBPxmlvuxgwSmjc3TNS7BQ4QHstvOjBr4pF5i+oLPo7Qg+gXbn6Gy3CK9H/bRB5wyFzWZDc6y3Z/plzzpfI6P1OMdYFvrKUSRvBcWIZeg3zR/iVAfU//29z8jmvsELaSwfE40KiwKaJVzT3ptm45c9QHw==
####################
QYxv3bvXa74E1UFN7osHqX9Oz6yykLQJd+rM/YE76S6qSrfa/fKvSKDd+Dg39koo1CXkLGA7xJhooehatFNvTDdaOH6IuqYpaaSZDtpye2Mk6vec/4y+2jDowv+uGFaYwmRncYFfFGAq+JHbrYrIGTgFIGZQv/PWCOM23osYNCE=
####################
i/kjOK2y5l+AGm9eDaAcJVQFORqAPn0DDX89OKGrodPD1DIWN1JMvQh/7vxcwntt/JYiKM4lS2SRXgPFNmPdCGq+fqKIU9cQE8pIQrlts9sL8QAfwbJo4nQqa+UG2ZDriQPUbStPjCl8lJysl11cWRtmjMHUgLd7XR2Q3hGg81xUZqELaZFrvBl/Gzu3Kk9Rd78KP/sWdeQCd3Cm2SDOxY33kw/Z8+9fkOLdXxqxETOZiCY756fKJB+n2ZuW29BF/LyfmRDSmGuiAXaSJhVK5sZvO3qqkq5sBOZGxcFVD0ka6G7f1pLSfals7wAsWfK2cR/YYrmLsjFIdQCPXcOe9aJCOi8EBoPpNVbA6tr6XqZXJ4Kulfdii9iGkPoG6ns3jv8TvClEIbhPpoAlYPQvgO5+ltR2sa4yxOkk1LmwSY+PPj1FQsp+6InJ82YuJTSSZzaYqBEO1U4FTiEqn9ODTXHGbVqqV/gwkwZKR4bQQca4h2lqP5I5e7zXAFAZp7RGln99GHFVjTOzaOiq5+htZFPcit5h4kEjwxGpptmcy3XuNUDe0qzQC2idYXtW16tI9s4BB9WeTKQ1D7cvjWrDh6XJGWPfVMnlSFAqUb8InkiA7aCuUWx1FaMKf1bBogSaDN9CTbjoTTHZ0+i6YjoLy0D9VNyJxUyVFf/vkOPYb29in59lenoQSp9Y+aFT36Wu64eoT0kju39GqapRPgY0Eb+koZ5KAs5vUoXF7Nn0CksSzGs4EEX6MrkgRl/Q/tbMwT5xUY13emZPyIkhGLkbsbmnOzdg94gh7hY8sDRRziAIVW9f+NJiknrzm9P3qFZokxLtm09+1KiirVR+9o3GLujcns3fIpNBYINcuN/cDdkmcrUjaaAHsZnVuVBvRdc+WFwm/KWbTw/KV4vIqGs8rA==
####################
AbB4Ck4UGusCjiNt+0td6AmRSpWjggrTGi7I13DzuCFpJcoxxteJVvPbpcDBKmws9XgZHdwcfiz7jAGPFYEO+8JQQ+GwyhP8vmcvo2gnbNduDjdnrWXQYkprnu5uxMF+zyvUqz6wBsbZinJd3pmB84yELvOcMJvu7ZyYGGSC9Lc=
####################
UQLSThHzaePrrqSLO/DIFLhh6Sv+e+74o5qf79KIQNqi7T9IowYLSDa11OquD5vyXCsdW/XP/dAPFP+hz/nvBhCkU637xYgmRTLR5v/bPqyjJjOrpcr2niamMUUZdH/TJ8RslJPdPqze/pNvRwhlR6EWt54tIpxARF7sikAuOFpx8VD2lfBvNc1njcvICEcv4UlyYXGloIxGfADoIFSMYUqknSMOvd38DueJDdfyWDgUHgrPQHTr2fxc9cYDfogRYwL0+K9u9h2ADe0o0E93XdaH7NP3E3V2fuouS0EGxYH5R8ZWNG0uoCLg3dPYCljyMF8e4tY8ksIFxsy3oJxgISd9/PMh3hkM9PJqk3WpjgFjWd45mGo9REMM3SLGi59jbzf/0zywKjQY3GPOxKjNJO9YORr60GvcYDy3Mrk9t4J6wHWA5nT9s66IqJ2ApMtoUhd7PD2Mt5BHwiPaYroNav9tiLdSoacSOZvz2Qbj3FI3rAduDLpzj3ZYpnUhMSAcsEZKeQvsF3OaMN+yxJ0kDTEVCSBQTivmxEQn8T1piCkG6Sfo0KH3DBfQa4Yw46pD8Rsnp2yMtKuaiBtmHgI67gus+AFSgsf8G3GxGy1vkSNLevhRkFiLPncopYbWKeMQDM+YYjehL3oQ1+AcAZ4+jHC7QVYvNv2q9aeNc7AbZyStnY058ECO4+IQns7D60ayuB37DAqsO9RvSpAA0G/iR5lWorbRKJ6dfVDL7blwSNI0uZ4JnjPWP8wxPYHSnRkZ5Q6162uM/paLto0tn/ghDqpoqaHN8XkWWCggtbgMrjV6j9NMjDsRkz1k5CwiJa6TYAU+rxEpouKBBQC8oaekscFvITZX039R/f5VW1n7Wy9QC23sBdfMmIu9SP4MqM2/3a7FASbkeUtTMdVkRojPGg==
####################
drWNAwXmVN5CwL6ecDOV8a83LyjY8SNFfO5E1Ys0DTP2vogESSpzQgW2j5z1cL2kmqf6VLp6lWXxkPmVTz/h/zcD7/BFB54WsI4UQxmhezn/Yrc7/n6HAh3meoSstCE8X3R8UnRR8MD163n4LTPV7Wh3kodY/IpSIMISD+6u0QQ=
####################
2OSjxejnQ9iImpevmQjnYHZsC0DVLIuVE78DDJ5KZ99r/XMM0XHl1iXDq6D0tDGVUPkxyl5P5Y3tbyf59639/gX9utIIFoAcXjL0jvaGylCNujS/HFLXqNGZRonsWbCTERwja3/eH5yqiOwFNPXCgMjvP/mBznq8xYsjhSrSD8OUHfs23JJJZIn6DsB4YR7eD3NK6Z5cz9dooXfFByVfvnnJ5h7w0SyfNn0A5JnpwSVMA3QPGaOAG+LASH8YJzdplLsxGsUPw8loX38ft2hmm2uUwthUvWuHl+unVAj7RNjHWSpjYRkg3sY5RMTFH2ce6n3VoTJnGHIAxhtXKH9GSaiqDSearEgZY2g/YhLXclreZ7G9AKSWAiYGuVSJtY3+Mnd7igpp3MioOjAQJVYLX7ij/qy05+iX4PWBPifZUApfL3AL+W76OpAf5J/Xd6dW4FGKs5Xa/8DaBpCXcqIFs/8lA/KoOO8agLO+V5wtuQYJ6Fc7i/2IruidpTBcOgCQ/B2KoIxfrXOKGgOl4UsJWCRUjYLqhqd1dGTPMpNgjbJe5qvw66P8qzhtHk1ZIX6vd7Pj+RKjo2RR9amaQxKbDWbHq9s003BA7vcncYrAwP8yjqt5cwPvz2lJiaw7g76tMONBnXwHrljcWscOQtbH5E1zSO0G3IDSsbuOiyg9Z50bbbjq7GGkfRnt37tUfbSieLUOuvwOZKNRwIP+uK3n4WtZ9hjxbGhq6JgtzAH1oEFob0WYIN2/TUtKyUBP8LyrmGbnPatQLQ2OQEoQv85lmSJWk3+Dr8QCIJO2+PRRT0w5JV9QXaofr7tVfXEIP31g9Auw77n81HpoaiHshapwKNhDMGGX0W+qsbk1LjYQfuHxTvY85Chu+4p1voRmwmrRMqzLyftkKf7Dc8B7JwiP1A==
####################
KJvbhfqBq/MID6q/BUMd3mkPQHanLxXSfD0OS9+cmI/0U0Iu04LRqCjstE/DVAVi9zrGkei+tYVDvn/sbYuZPNdtt7U2CeWbCa4UUP8uABpkFEWxCgzSXqcS8sQGY3b/CXao0HX5IDpGd4YRYwkfqurnfc3q5QJvpEXpXPjX0V0=
####################
oYGw9tWQ9+37OEBlgRGFekp14+1BA2mn44oeMXt9EM8lhOMQWcQhZbejvVS5m/cVMHe5+J8+P7XXAR8nviwr7hOdcGKleMS8/eZXAiAxAM3M4i4h2PQ21bfEnSIP8v9IUoi2iBwy9mQJ7mFKZsqer/mP9VvAJeoeSGwefJG0BkjqFUE8Fefh6lhr8jd/8KyXkn2uGD1OSGt9EdEE7EsHQvDYQxF9r2vrLvqQoKIG4AGlUc4bw+8nf6XcGuzzDPt0FyjBDHjtI9RyQwnYp3Si6qJ29GsNpB4IUcc+2rs63nrvj7p/JsPVPmTNcjcP7FQIuG16sO35HpI+SVupM8/It1GMtM0dVCXlDDwHLCqunuQXqj3lM5ayFpYJgiowXQw8VI1VA6PCmmOUGtmIYjBUSReSnFmVStlnv26UAUaTz0Ntzq0mDevfrpPxonC1EwfWfiP6JA6vkoCCqUg16Uud3iNxsTJ6tAOhSgiPm1SChKK6t9LY1hazMS7hnkR2A91aDP1VSpRNO4weQz09sci/oYVumUIaCKUPuzjIS2giH1zcjawIJ7jW5AL12drstngIQIt4zjS4/2x/hiV7Gs+6U4IZ6/UR1LUqQk/hd2uX8dmOTLcznICoxAhmo+Vb2uGLNoeohpwv0xVg3j5V4sMZKEQg52pwJL6gBJdgwYKajNgeKRCNSnYGuMKh5/yyEgoTRaBUnA2LCnk1kN4aNtUVy4SE4QTvYGf7FHJ56BJbIutKWqdE+zknx05Ky4qIWpG3Rn+6chK/O4NuFrCH6f8gr+J0t5/McMa4cpQK9eaiLY7WqUHnqEaMjMpX/ddkP0lqBKlBWqv1fgRtelGhviskMc1XhsXKp2IPHIoQesKJ3VRMVuvp7+bI1sYJSaEdefUxxGmQ3N61xY+pq28FPDzYMQ==
####################
gqjPwFzufa1G2Y2lYS9gQCuaK4KBGVUh2kPMAcM3/PKXeL3xk4C4aASv1S+MjF4+UjCZkyUFiBWUEIbk45vjYNwYgofIRp+ZnWKPFAmbE/fvYEAWicH46OjDYVNUvYDWg/nBbJ/LuC9/34NIMChG0OQ6NRMtLfNwuaF/5c8bUZ4=
####################
Z68b9TmtUGrpzlFvhbqK6V9E+wBzd94Wlv0i3GKma5rDOz+Ui734Dp81D0s3nLzgACFSBwBShZUrQC1gutyf01jHoNwzqoAUBnowqKJerSREZhO+r0jqoFIRxnXgeuHBecz8k2ldOd1ov99QNnWx2B7GjliAfQphxzhxDmiEVvqHyAksiQ2WnVcFLQXqIfXCZpsH9Cn86AO2HEPYqSTXQ5jTPERubp6Wx6Sl9lWvjH96D4ljvUBQ/kZdEvW3lp2J/EH+MbaGaJVMBtxYSerdQzplBVTv2OWNqB5bGh+HMa6W0eiCt5g87ZablfDhkzv/6fi/l9IQ67oJI41Pn8y/KYhSR6qICYDVOhdmXdpR8+7+mqQLonHI+R/GEbaa5m/NzfNB+qqOV3OkzjJlPsO7nE242o12ozpmLZuvOJ6Cnc9XBYDHGsBj0YYHYfa3iwAGNnQHz7/dpenv66fxiEbqxMWCuYoRHJ/fs0a//FvJoRxSIjBXTArPbGT4VYUCwlfXVvWWeTxr06uA5jnOz4EvoIabvzRNQw+CvCwkQ2IYyFQeofO07A1VCYtW9vdhE3b55wq+OcXzG/dGLAs5aMCcRDPG0I1TShdeYeSFNNjWM/NCCumVuiGgtaTl9ldO3jejmgpigAeMC165RPtwDuG6zu1XiQFdAsvRiMlFxk1fOxIULFFgkBljeWbe3oxWZmpVi47Rw3H2KZSVZUI8cs/bISIdf/S+AWmVH4wqpgibRengS7tlzMm6hjLkTN9JK4JkxPl0i9GE4rFTO2+GVESywpu1a1luxmdv1DVNC8KeYC+1QbcXso3bTQ891j7ImKjV05KEMobsEkdwY6ar7YA8J8gejpptjWzuPy+1akarA9bmr27PHVrxvHvNIhkuJ621S6drn/BbsViHAA0qhDCIHw==
####################
wzn25iP9D5hecDWxc1QXJ1JrnwAgKJ/p9nYUIyNXdwf8s7G3m0UNXV952wI0qm4UalF7ciHFBY/fZR6pv1rAKPMsppmCUlsYs0YlAGRExvRTjzkEOETOIpeq2L+alPEDS2kw81mcSqD8ol2TpM5GJgarad2bjglExbjUYwjsCNQ=
####################
nnEMoBatXHsZoXlHwvKo13n3YQJ3DhhMRloLN3INnYa4N6I3mBGdE0IjEvTu0W8taVqWmWsxxfiumFxhtpkgyiAVSiyYgN/X3Fq/oipfsCMVECdECIylM2Y8bWtRKq1kfgtD1IuhjCNwKOBINKBsDGTbYS6rCK4HXrCBan1GVYh6gp5xhIiXK0G75NXJ8f9gP8EElo4ip2Y6zo/4/2qcbMN2d+7QpsxUO7V9aWIXhrdyCK++Pz7isDu/fHmp2l1h+wUYgvLBmkgxUwNKZBYOkp24NLjP+OFBtl1YuxyH5aKWiZx2ysDmi74a0yVHqOhB4EOt6NILLTjJAawmyA9k5gnmCEzLbw+m2ZFvIFnzM6MVgKuFJwuFjO24YabKyBJQ8Xc8SRwGkXcU4q50Dl+eg95hQOLE5hYnsN+EiS10DQrecI1BI/it7vQy7FS+A2leQSicMb6RzbLO+f3DpYueTyv5Je0xnSS+lIgBt/ymyUzytowaHlhlThhaySLGnncx3f5i9ZG0wd1jmJN/CevgaM9ZKz04zJySg3SMLjgbFrZaSMKlTCep6BbAkuECudfa1TvHi+QGSr58MR0eZXJBUh7z9s5MT8/uNB/uYSe5M/+sp9X1MmHFMK10vIzThCCg7Ft2Zm94wsB6gbHpbf+kqMvCs/ASyc8Wq2ohr5DJmlOjDEkOwAtGCTkVJslHKdMoXGN8GtihW1Iu6wsjcV66k6yPYRgV+9Yj4JRmMrNY6s9w6oK+vDYrybBAjHglmxni/UWu8khHIsS15GHBaO1u7QQt9WzZEiauV1dDL8+p+AkiNHDPmOEZ6BEbze4kI8JvRsOjVPhcZCi794kVrzEDIJBolqdSKl3o2DsqoyefZAnTTvsVeeTs1asDR85scOzmTTbujiCuw++oqJ3e2FuzbQ==
####################
ggXX8Rf8aYE7klZDhYsd7JRxMNg3ScG+YADWTAoSKluL+c9zmbjdAzQOI+7cn4onijRonKEMX5+NitmpeEhZ1mOjGuK2M9DYRtiwkDXA44kOpr11G/K02wmjXUr291p0r/88F1NToCY5dSUyV+bpow2BcYrH7yMj089rL45/aHU=
####################
YCnuX6akUaaFWvtESbn0lgSXWaALgdVL8l2f7vhMiAArL4g3DeATFW4rSFYhzndOSqivTohibggzJfHA6bWgWUQsmGpWmid9F5DwvuG+MARR0m2LxAY547G7jT+ef5dYcW9/Ciue86JeXoycvEwX5qOAwxCZXuyJkLDJP6uNFg4gMvFHusc2uEkPNwfUPnNk/YpOJ3wX/SukO794h+WPPUPTwGMWegZajpEFfKQdtCq5aiq1wgKPm+H5EvhNVFpdXvtx8kpjc9KQyTrLep+963E/Ac7K2440FbNHsq+HP+LLWt1YtqXn85DSnNtywxQC9R2g7+L9SPk0tl/E1IzwZnP0L/hDpyngUMueDSqzi/3ntbSma33s9AYxO2jgQ0MgFgygv5xcvFhR1mpykjl7yjSIJPcw5EdaWJW19uEAJcGugW69jqUvWXBKqaurU9Mqf+EU0pc9KrO3/bZE6nF2gie3hmVG0IeEJsaz3jLZC4bbQFtdEaIV+r8U8lkOKQ0HP32TGdZtFtGRhlXt9wCNaV4SqYJAA4c72yfOwpkaqze1/6FN7NpT1Cud9TQzj8p555ubjg80mFKkaUOzh/rC+RMOX3JQ0imVmFrqnKSUodgACOrjiD4o9Whuxt6NapZxKJ8ZuegTrJ0yYN7I/jMofYl6uKWSjV25AcgbDD8FIqwph+lx8GSQFaMRcYf+h3Bx97i9XhFSIGjdRVqJrerheRHfy7T0H32WDgEq7jBb6aUlH32VSYTz93lGv1U35WQ6lF782ALW1rNLbxbVtc9UTTYBoJB5aD8xWqe6S1ZlSyiG/NocUG8pOvWyxHN1WOt2qGsa2zFx9016v3ZjhpoiK6qPoJOdyO2+RLY3Q/EJ10pOxRVno2MXYAjD5Tdq4Hzn19UeGJNJenlbQqWy8wKUDg==
####################
lGt97RQJYbrlHHiTdCgXoZ+QYHjkwM4jPZqE5iLPNfempyYmSXaiRyZgM/yGSuNgD/mHDydv/6Cgfnw1r4E9tR86U1hhcXTwoh/qGUyMRy0IRxgGHgL0piWzpyS8mpgidAnRmrKtzcl6Ls/5h7ovI7Jo+oK0uud0WR7zx/LJLB8=
####################
Qi4NmNc4iS+/+JRqVt/bsysG5JbNJA3Jh5Vnm3Ht2SKiTPo3bcBpNAiP0COHBOWmKa1thOIY8oq7kr9Egfg9pgJjxFaI40JR0uDOcIa4rpMdNTl9FpQt2ItxIljc8RzWtdtYd88sD27g2e/+HN4xg4xupaq/vHesnc6V6DbXWlGR9uafo1ojMSbCG+HZcpBkVZ+eJY9EWGqhChdFoZHjerr70wRQqem9n7WDFjuerwBkzboBwWFLmnRpwIKnPqkgMRYUudUeJeL35Nanp64PH+kmbp9zKd/IUElZKcF/jFwcr7ZXKpPbFOdn39zn95M4cmlXTvuVd9ghP8wEU+8ATannnintmEvs/CLUbkSt1xzEWeeVMXP/oX3OzM0WxN22pnGlYK0eCO9BWCRP049TCw5tbzGvoMtR0YVbtGovFTfcAUH4zW3yOJIlqu2746gjzIJ3aWRyzIrIM/UPx+n4D2gt+KP3W26j+a8/IVtRFW8SevU0N2jB7NdsTQmk77NdlcQ0lKZFWnurrbeg5ih0+l9aY7IABbZ/nbva/hw1tr4lUBcvECIctAKq9l7tP/I8WXyCZd6FSn0oEpdPNfVqyW6uPEjs2+Xn8G2pBFifqpEFxzogsUm8FS4m4+6r4kwJxDvXt9eCBZISC0bd1U5E9abOPmC2fZ9JykZrVPljKvHSK30O0ZWjwQJjBuJeNnn1uHiEIBVJa+LEO8yj5nW8Ep21jU2LPdmBa+iIbpiZxJ7EcbQFx5fmACIz0V4D11b5+STXQ7g36L8kPSFR15ONu0AybJEbYYjtiGwTrVvin37lTQTfHXsHs+4LcflFr8NoebPAyIyQVQi82MwdcEflr5M07PcFmX3fv+5WeOoxKZg810LiTEsRxLWgtGXsBG/G4yXIilESKeJzdhsNDKjxbw==
####################
vBTlviRe9li/x6qYuxT47uV+TUN7iKspdubMUg4PJq201s7ud5Jx//vjhyWfu4ODjUyoFHOEj23lDRtL6d0dG7L5GYL32kqlP9Te7Fe6o5RubXMkasTwj3pr0s5z/2X21+hjsccS8eavynS5jnXV0tRHyhGzbB0uLMgogXEswdI=
####################
ADiV9WRnsiwTBblRqg7ClmQqVauHhcllZyoUQdMV9EGBEwEhAHvLNhztQhX7SJ8k/A2OTtKbQEHVG4CfWAFrlBmpGyDf1bmAikIfztaLukbgCk7vNQjI3RRE071wayvBwpUVDacZ2BfhgIuoJete3OfLLbg0A+Bjq/tx3lpKdh5P7TTdowHQhGf589fxDUvwPB8qJ9pINQxlBr8Mhq+xeUugdQo+3Ir18Gx/enyCSvIwsyCUijxnWK2d2nmTSF5o9vl7jyJTdYO+2XP+zNtOxTi8OcA/tZek/PgGKO5kF6fv8tksQHM1+Pv6OEj/UPt9bqMq6Kk7nm6+fa2/QugPOVuDEErfcJhkGVgefznyvNvMgbeJWKB6vtt0Jj/vVtfKlzr2R17E56tKxZXUctPUKt7ra8G+ptsTfhfB1LDlvfuFKSziodvlzkOczALwXVwWDA+QIXVgdKKuB4QCKMPnF6CqHlSbBIa+jdexDblO4Fs1CxPEBef/g0f9sfexjVDy+JrtVGUKzoVyBQCmj/4WkqAjDns0Vaa+NjNZS4StjhC6Mbi1BvIvqPZdnv9axjmfZeWYZ7wMmpFxeiNikJvvaLolpjWDkoaww9QjcQBcsc+w79CXjBHpNB96wOrhGCRfhje3zMIwFJ3qQBFMhzbQMF1cE0Hul36C4aUk7DItfM0ussfT9uSQqi4uXdZzxDKOkcrw4cIaxDnBZ1wFkVKC5AGNj1A8z7kblVmZxDybGRkYPCAgD6T3XbIZ2TGEjj74iXM+FUqlDyALJCIVDfhr0zxjUMrnOU0K0xZONgzeasECjvef6sY3fs7oY438r+qDxv5vxzdzkzYu+6MQJqy/a1uiCd3XkG/2+rHGG+uIxZOYuZGwaXO6MpsX1DkaQEZqaAz5kWpyqgPqoglsFbWAtA==
####################
PX6RZ4lw3bkQ94/Zu2Vm9aK8XYziz6/nISoGkbZlYMTaqaP+0oqbaD/EJLP4AjiFeYarIxttseUh7+Cqax0D7o6p3LnggtKJWYADVOEe/CXF/njY1iPV/ZIqN33h9R5bNoRgwyk57QvV5xnZBD/Lsq0mlj/8CzrSRaFFj7DjOtU=
####################
bIWeFH7A6jbchkkFou6UUQXzkovk6+pzHN6srmThUWucN540QSeCaWLH1JAPVagsZJ49+M4Us9DpDS/gYfWxk167x4v3iagoog3oTeayQ3Z5ySMX3HANBVuJpICgJSE2pSwGW5yh1WcTMX7Mf9TeWSJ8j6tm5PSHNzi4Dxv8qg4lJLlta448+guhO385Dhy//E+myNxJDUqGzWlpldiD7NUKWJp3oAh3klhVwnbGqgEyzZ8G1nNSaCysmZEEio4d6V8JuI1sJ9tQTRyI5l036dBIGGcPWafmL4urstcEyRFCWw9BmMgdBVthaWGl+s7jaKm1VaCkytLVe0jcZfC3Y3dobEcm3tueVm5BWm1GhdZMnFgHNebsXS8P5VDXILMtQQFfnkjXodDdPzsVtgtXBD+e+uvFNIY1NApbZ0fsBOs9J27l7si1BBH3YyvbcTMD85gSxO8I4tm4ARAp4fNKPNKzrDXmzwTjN/SB4Xa8w4UTU4xJwTu2vBc0n7b5/7FqNvMaJRw6Jbw42W10ZDjj69KiLRi02Ri2HftwwJPwb7r7K4ypsiJOtDhQwMqvf5h/F1FKWjFFtYEnrABlup6L0mT3BrOHPaM1zKI6zCi3FNYtCP3UaHXvRY3DE9FofCFu6WbZgv6ErFVYcR029PZeyLCJ58pXXkjRyLKKFAx+tidxTjAPAKJp8RepvTatvJyxIdSy2K284VqbKpmm72q4ROMK5GwJ2sd3Pp7wL1KvHt9ikvtTIArq5hfPGTvNC/amnFiFWMkWY6k+8/f01KkbK6XfoR48+TafOPwksgSff9c5Z3FKHdfJqcvY/06vFi6X/+Bq/R9Zva4HibL2yVnXG9sB1n/AW4hiTSvnc0DjddSB3yx3nNQgoVAGVGsIbf4ySNaOuLPFSXMLCQYxzEPgsA==
####################
08ttHOZZH0O0k9w6LPmy/b1aH4JJ1qM/wWXwBdhBWpR0HjAJDlC2e9MsKtiVjpT9VYf9A7oZiZaRt05SrVAaySqifDeEWgFDyIkbZZsk9cnoFS1hZVraHcaIDfE4wEFLSOTYXmWkukdSKbXRIRp/VivHXx5bMhE8GrkX0KQR60U=
####################
Ied0UuWeHgC1/VUvFeGDiB+a22PTlq5DIlvdD6dBuefgTwRgZ3t8OqQKYeQTjaSW7Uy7ttXNn5ghv4Tf0lNKgmr0QjSvCh4iH9LUUigEEnep9/w36jXSbGIULYUuypvSf09a+YZQfUC+w9N146sVBBqwraT5VpTAEthqhQ/jq08y6XemCM0ng64qtAgX86GDjGjogXT9TPTXce9AAyIxNC69BNDRAcXathkcX33hd4UsLif3xg7CvDK6Ymyy19mT3Rs+yOFTju+KPNSZQ95E535jMlThEQ1/pI0O/ZS44A+v3z37RxAI/NzVx5cP/ULOw8VRplAfxhrvPVzr0eM05qq5i8BD/pPiJBYEjUeJc6gI67VMVEVUOfZDnGnpscjKOEhuHPeTUs6Azzu3hsMaHcAxLY0d/5WF6i+cw/po3ZF/RJI8oOSUytUUSUsFCMK7fhGihqpBClm6zTOXgF5D766Y3iUMBqlKa66LZAP6N17Wa0+UurrYfSACDqTDO7+rBaZKJnkLfrLCiZdIM/h7e7m1HpS9vUqOD06dB6+/13NT5jt4fsIyLcdIi8WGF8alfLmnkqg1x4MKdLnfOk3kR51dGcRLKUCTEGvSo44EPUFxhAbaxDkf5Uj1YaCtJf9871fp+POFJoVyz94M0jdQJYJPgNMz5NFlIpU2SXhUYN6HoyfClGYAyeTtfRbm7l0LojspJC5/IiRvVbfgoHvxAdgRIxvCwWsFxAmqWTdClsGEgGq3t6Rs69xhRlfOmuIFnIwucsbm2ompl5890buE2DLu7lYwkkoiv1GQeMTgikHV9efNr+iUXdt1cM5mkqLnaEl+1xQYBNpx3c66Jp6f3QZ/TFQqw4L6i7nZtsDZyPCYLUbTjuORLvZqfw/38bgyTwjZ5aXwRR/GVf6oQjf5mg==
####################
YfylekJ8j+zDNifqpJ6qKAVTF5pjt5Rbyq330DjKVSRbCmj+uwUlAN5eKJiIijfCZvHvrpu6MVm/WVv+hro5kNj/diBlkA7jH/KBTnqE/58dcVOpOQ6W0Ud0xqGaclps8fE/qTEm1Y/w7CnZyT1CTklD1en5zplhMFA/gXk8Ph8=
####################
buMDfDSRnHgzSUIU4dQhoyjrUjlBSYclafIViZke/67LXMIB9dEi/d7wrWBAxXnSj9Q8dJROhvj/fUEfZMPwm69+NMoqMWt4TJqts7eV64Jy1yM1CRNd3GLeBDD4og5CRku6QkVOZsqp5u80UFYO5+zsjF3JfXHmSyt9RToxjWcy6/83/L4IOXfRRZ+7v6IdHWxgzhILuN0upekcltVGMbCvRu7ydZpCrlcNy5z0nXdnLWNO1QVN32RRqloYffk8Q227wxEkxpVdMIgB8uEbc8KmuqG4jmq1MNjae89D+sZHaNidyi349Qj/LBW0kbOo2XoP3/KTIAadO0/tdZRuicUMUjAoSf2BAKunI1JkVxN2FUCM1d5PREj5t985NhkOFrXB+Qqsyo2Wo6vvTOat6O0UVY/M4xWI+y8PNdBL10xHpr5HkS4Vqd0hrTbXK42w20XXVZuVaDMNP52WnSCrn+absBUSWFvRUorrUYjWf8nm2OI/aeNqg20mkThox9K1k3GDopgrfXRMNT+lG1ZSQEXFAYEvPjoWp7VKhhXBgd1/pPiwebHdDGOHst9Q1HQHxTJ/2hi+wFzpKjR7T0dPne7OKkliim/BZ9+ACVzXzCseH4dyJjQUPS4ZydkNHy15Tet2jX2bpVTmPJUIiIV/a+UtIEa/iG01+dpqqeN6z0UU08gW/6L5U9wAurtBp4sKLEoalCae6RW9wjY5xrM/ZGrQoaUpbYN2qCmjQyA69kv2JvbiGoHBeM5xH0aUdbBImxmleszeJ6Hk1X8Jpd5kmVGWG2rSiShVIAhOQl74t6cXz3hjyITze7etVQnqIstQUGIVhVObpEdGwmFQMj6DiSw/kWca/NcHITeCeG4lGq81EIEVeHPU2jVsvK9y9nlCVkU4Pg+RQel3r/19Xgeriw==
####################
wQ5uL6qdXSNAwoaN7jXfdt+hVYdT3NAzPd1qJz5E40uMBsSvSGIM30WFzKIf4BkoYnIT9ZoEtVmLvWADnM74JVBXBZhCI1UHkfgftY68or0/XeZwGWSn70hb+aKfKXpA491/UIIA7HLSCX8DxH4i4KomeKc6zmiXLbrobzz+32E=
####################
ye6Bwo3JBbCbGpmt/oWkqDRQ3R7NJgGVyzSMEBlIKl0Op5PHdyYXpWl9LTq7n0+MtJWTU3PDlMJkgukJaOHJ8PNiquxSHvO6NFhbwFUd+sLVc4HsuuZgw4yeFG/JgPAqI/58vNk60BvCshOqJKh75mt+yQA1gK1NIhriEbJLxCeazVg7d8F+oFVFD/UeSe8evbzw3Rg12irNPHrzNwthz6WkVkzDTVvmcMQuboZghhZugciVx09VRCdBL0T9m2ANTQ3ZBzTBmDe7eq/IMgmnWtlC+G8XIwHbzoOQgp1825etuBryxLK90tZ3eg8eNHWp7DiBe8bFeaGLxfYo0A8MSjpMDTQkIUY4M/jUvulbIPbeNOw4rNMJK0UKJD72TNaxmwj7rEJ9UQVkreZWAvbv48TaV+eF4FWjRPUuJe2kBie0WM9HygV/oTtj1TqAgtL1A4QlBfF9EKgrtx9/9Z2Re9JQfZeW6/9VqmgSNBTMb7zOsK+RsG1H2wlPw87NQ0UQlCZW+bQ2MkSmW1AC01ISZtmiCEoiuL4uJFPkxn5G3CA1fS0OCK8l6y7iJc4q4LTHLTnAvoNhw/r14SiwUJ0ryxEbIDHuNEj2V84/9KngUYW7Lrx4r7kTXjsAm0op7kaRflzTo9kiCGZ9T8IeF2gFgwNqwO9J9lNI5T5zoG0j4QDfe2Ggtj8irzAxj8E9m5IMYtakoypOxncj5bDgfWkP6zY+0nSAAYoFrfMCsrEuVfKXeHN2bbj1YQe5bLedAB0e6NZQKIMLZSomIRCvT6CJWzpLpJmA6v1XhI6XqstagIVJXQ8huKZa93wtLlFNM68UXAX3Xg5zGaqktPoVciuJvHSAWIM3PqE5J2J4Ng8oYm6GP+cPudIEc6htDBhx2zrjYt+/9O2DsqvzlJoWDH/vWg==
####################
nd7P2udFO7132kzrYvLv01ddiMvFcoIjCMdHlHnNUzvYx3IVAncRij4vpxDsHa2Ta61h1k6eKkaIkQWODDjqWDkMFDSXg3cDN1LvIDdgkl05SPXRIOU1lgkN/qlAj1lg5gR3UizjshyMa+wWrQSAW3wNBBJNUyDCwiyijOmMB9Y=
####################
A80krDcYTSQHsdGgjhJssx8N8OOW4IWWLLVM40N6UEYSp1Y73ei+fcqeLI6JVJM4ujKGPiu1myotZnd2tXxhPbPKBLPAwgLPduIb16AqTkUi+uPqHkP+AjMDSax+HZzz1hj27ZaCCE80jpuYAtjHryv0QCDPR/y6kmOnww7itXT7J4f9hdGU+7/fUkeW1oD0+p50L59n6cnQ60Y/VScqQtOcdzQ5eYiYHjPcYFW7SqzETicwOlB09ziNMHsUv4vK5tdjqssgkrMlhdCnGN1GRfKvoa7tvnt+xugD0yOkfO+6JDoecUJZDoiyRoI7cMTNJLws3elciiFQ+5r7FvDzp5Dl57NbFc393vRueMmmZ3IHW+SdYPKJ5fjSjwPxfhkbgNg7AdIZV6gVqGrDsL8u3tsGJajGo4SE8hu+61bXGib8A2PxIvzaSUzwNR8BaKGDqJye9vpGTBUMy4bGkhfQwPaVIKW/jcjAyVVl006TKZdR+PC4CI5avlEouWsSoiog3/JDcHWSkgfOCLII8jzIpm607pwzQPiGtSmdcsUeWGzKeCf8K7IUnD0LgWe7/19rUur2cnAsp5DMemkysffscsQMJkFf+GHs6fMf7KP4VVJYIgdulmmWQJ7o6lZzKxR2QxFD/F1hN8O5zQWJrOKF/xehDFwY3j1ttXzwaz1r8nEJVvmFI5edca+8S3QT4CWtaUAS30pT7vrmVWk+Ei62jrMaw5oTzKQbmo9bFD+i1wrrqUG7L/FA9Pqp9a6LYQZW+QtQ5RLHL7wyMPqypbNzpY3TjanAmI7T0z/gC3IgFe7UcIQYjtHVN+Km6ms8TzA1QcQ9TgFGNkz23zqspVxmKKeiNn7zt7LEAndsA2LEO/3Ll3nkN/zoeOkXaaZJhE3BXUI9+p+msFm8Z/nhNU9e4g==
####################
e9q2gIr39Ge9qektcptNXpHRUEhyFQrltnB18KVDVLTgHTkUPzIgMyAxgbe6ABUuAd7rEmAnXVELITyBensVDiplKWDkrAwUo/SLjnDtI41PFn5erAT4dAYU/oThhcnU0om5AkeTrd5nejJgrjIrHJfOeAtCHIgk5zZM2FDxCxA=
####################
0rw3T/H4NPajoXGsLJ0UER8zCbBc3hhaefXixF52u8uO8keIWYoXzzLZo8Urgoi14nVgvgYtUbd+xN6UZgg1THNa9+zSKXqVT2hP3xX0ANBwhLQE4dCnSurvxeIoQ12n5amu1aiIM0oRXXtyP+mJAgw9QFxt7+xPPcU6Jc8zzPqBTj+ajelCLkSfSnGRj1k2OWPZgqIEn3lTZ9v8fJ0ShITXD0wi1YyH/gyQyNwHqv7PEd/9uNAPSi72VLvonrj+xJltepnLIM3G/pJB7hNJXciMEM8GN1G/HrQ2qtQrSEyjEt5TYBxGdH+OJgsYpaqd3Hzx6SenXZ1xeihAS87TjdY1w7w1EaSyGI1E7UWcrSdRWgeQKDgNGXa2hBeeqjjVy2ElJ1jcMKlBEYHx3gtNNtH/7QMomYFBPTdeFAw3lj3ICwjUhZ3uyB7kIqDKjapplO8LCiDzg+XmuYgT1Y6+LoBO7RcQ59gphxeiugzIhsQKziybwk4GRpxGyDOMfTrqgErPYFF76jgWbeen/E/3ZZDlArIwyS7C78903zaOS2N1B0QgloBdt+QfYnKycsr3lm8nQGEQHR2s96LZky7bM9YrDiKUoWZDaT7waiDcwfGohOSLePFfZWWdo/GCpNYvXApbeysSWpSwmO5JUTpYzHYjcnEfZnvH2U52esvxaVzGloeAajhBTtlh+71EkqIlb4Y3PxuWZ/vC16KozINGKvTANKXYZCYWcrQS+EZ9269uwJY40CbPAEuPadwkar3mj4leIU2db5PVmqhedZFfmvgMv7V+wSLd/39q3Fg1nJQCnmKsDSrVHHUuYSoADrBtMDMhYmSWRqELdDEjDLaBHowbBDqULikXveQlCfGVdkh+9NdJf1vstFHs/+YvIHGTt582e+OA6UsidqchHnJ75w==
####################
U3PNGWKUqE70l2OsGY6Nh2m1FtTg+lNlfauoSdfBKulciAcrI4BXMgOxAlH83laXVz3PElgbCxT5kS3JjK0gsUPAwlXPQDqwVxoKUHLKDKN/ze4n+9Q6x7WZUTUE0E2b7VDOk5O386I7NBPr3VSeCfLTxotiq8nQSLceQNDYgIg=
####################
0RtoI1PHbyYHhszgCRABXucRLysPQAR6e6bjjFfo/1Qw4JQZfx4gahzI8arUsaVVbnBBhVTC8OcPO6jgsrt/kq0YP8WHxvWv5YwphgaYZheoN0Y4dv7gKC0H2lnNIozlZAvFR4pQLWamKp6dNlWLV23Cd8pcYaTBUT6P9yKDAP6kb3eXMwTIpr8w8UlUmZJsDkDn/6elbx43pL5Ug6B+Wf74U3KIrK85G6/HFXhwC2BoKhsgp8gcRcnJJ0z30RX1VUqbYGBjWDMAa7sWtFLcQhxoPVOoAZm4KQpEzACA1QdoE2TgXwzarvEljkWRgXvGQKnOlJV/QgcDLXdb37JLMy2p/Bcew6342icBA/1K5SEYVMgfA8mAMPTx9ZyXu6EVZgE4RoFVWEBpdJaISZJabsySLm9UXbNNV/Ocw1aeEGJKqeGxGb3AENSGzv6z1RsqKlVpR1Da8+jVlEoNH/NqriqKd4V4z9EJHyK7Wwf+UfTMwfblY6mmv7Xh8wdNZp1/lWcPNI24MW69Urs+fr0FFBRWYfe/2I1FyR3LBQvDF0W2RZk/W5jeV+SVLwXWn3XaLIuyLGamFcuaRokx8lpn1Wwpid+Ft7xTn4p+EaIMt1oyvZUlkQTXBMvIsbGSh0RXVwFoaUIu61Hq+R+RLd93rggcPDuQq3m1ngpUmvEpSWpsh59QTGiVPZm/BXKro71H0VyRIoEyzGZNqijJvjnLNgTH8jsWiLzR4a2VV9W/MPPq+IqnEJn1zbnaqXit+omeIRhKIaZJtu+R0fBsXkOQcNY67SqneS04KNe5q6876x79HVmABjgTNLdn+tkW1Dr+ptDmhYoejeyzcDb99Dgbh8JJJxrQCOMsH+TAWd6mYfJrk85CIJCFG1MPLpiG3E9IZRVc29KHqHDSFp/reduPuQ==
####################
k5FRSgo/zCK4+T3zhOudG47mP2XGWdhMKWGiywYnKbccovxgXYiGYA4GKZ59Uabrgwn+cetJfNN0g4BKJb3wSdagxhrONh2gIAA7pf689GNEBdsYfLk3Bj6JD3LLiJyhUgHo2lDEvQOz+HSD39m7nNshFHBTPH6RYV+rKBYFEXg=
####################
y7aRX70O1Vmtdj1fkiLVhAwJnv/NXhVK46ZwcTCei/D9XX22CCM3Hi3aBW+A8MVLyBZmzMXLe3TxDBEIbcAmZ4ot83p+k/cHH19gPUogaqcnuNAXP9G/ZMNneFfUqIkcE75Pi9Wic4veDTLmLkyEuWkoveN7i0ZWcpP57KmaMzBUmCYWln2uqGd+ImYZCjPs0vjTmgjD6TUWn+e5IUmwVJTLVAd6h/gY5/s1/M2pMFCTKmArl4JIjmgyUXb9+TNrusFVysjBb4avu9xEt3UObSzA/FxiOZox3nEqP+X1Sg+AL3ZOIZzOTfn5JLa+X+g4+/RQ283bxJKGbg2aODSAUJZcSR3LqZ9viDgrdfhAaUdRtn8mXAMjbvgL1cGjylXSvlU828FESMjcuZxF6zRgpK/86x68XUFDtaWIu+P/+ESao9KRNiCWRbJVPs2uMlvTNj/eHV6qeHD2U3lD2XCfICoMjCvNrBU1/BBN8hKhKT+B1917fb+InkPVYcGe3Fh784fvnLbekkVfM/OMLz/GD8cdJj3GUqBP6CMGxuj5HWyXX9IvXvE4zqj9Jlt2LDkHlh6q1H3s7zJJf3sJTcy9RivC3LLCFUnlluLG4RkcBLLOHI8SSfAQ+ZFA7B5jlKIgVcscTftltXRDFV/h85smcyFOCIEi95t+bT2hAwL4wbREne4FvCAUX9fFOZN8HAsVAE8guRRrvlw6iGGZxWICHfeiTMIqwePbk14sjNBV+6Z0c/wSVe5jxnDol+XO1bNZ4ZWr8l8/gixlZSbByk7lwpBqDHNKJQaTy9NcLzU2GDpcpaSOJWDlQ+7nXyleo9MB6v/zJIZNoPEF2XqkD+32tKjZRhfCQQGCGsjKLllbcJxbfjKCtrLphQ9O8ZUlXs7rVvCNg8sJW9wshikQyW+TFQ==
####################
dIm1f8hLr4L+VYSa3Bq9JPjCKNBqs7BEMzQ/+JvJYSMKsFIJCZ1HRUBgUp1XPh4893U2tfswFJZ3f4TgiZy3XKVE55tE/eMxkIFYY5CJ2EBX08Qjt5P9NE7yiKneNdr66MG9070Ng/FhTc7y9SEeB4W+7jszNiefS4NZCFCsFU0=
####################
SAwGuAZaLaMuKUp4CiLSu0O373sV+F+5Vfhflx6Z3L6u/fzPfdzbfZ6117fQI3rWBzJujOaxwD7Bb3FexEnuhDfOZQASsqaKRypV6X8r54oKo/QG2FhbC4H7x5Zclev3gwEwIyfj5p0px9BHCFOFeP+7zSVPYJa+oY3ayONw2mSRkzEMM7/zfg7bfqvgTc2G22AimmV/wIKQH0YHNzJCIr4WOOgYK8Pv76KuasdVXZmwqp2Yba/N7dj4hW9dd9RkO25PG39VHvl3lS057/X5qedIQ2j8vcEcsUGBvr964Kl1+dQ/0k+4Io11Di0Ow6hu3fD1DqWhnp1wv9QSOEN44IjwfEVeTmo5M4pkFB+2GLW0k2AO6YZ8AMhQdeg8xkYOU4E0Sid6cfMsioWbWpfk3MIBv5H6zthnCBHh43qlUDbeqFhQ0W8JWjDRA2C4vuGayLEGYpPPIPjRZjDTzKPFdbaN8JhDoH835Z1SadHe07mr/nx3SNBZ2F19/wNTOR/ZBQLh+DfMv1IpIT2eftbj6p7kZIAo3VfoIIUbiCVz4n7kGQ/KS5sOepKG9w6GwoMI4YzRRCR6G3Ns2Pe2HIY2Dritnpc44XsLxpHcomYq5xdpusX6GkDUBc/luVYa0lm3wBIuiNN/JuOrZoCiBANqJA1WWju2Gpkq96PBWtOrWefr5sHb54bmDyV+7zLOIzn6GluNDIEjke2NODIY6+Fdlj5k9MYE5ZUq15X9y1jQgJUVviB69I7BxnUzK6W/OHJwh6RWOF6E3PKG8e5OCKRQg+MDkrLkOZ5kzWgUn01ueU6BX+DNvKVPqxqDCDSz2mNUPyYwo0FgS4trLHlQPF42weMsq5mZQbjF9ieetPPlOJaGX56YbiS0cPbAR6NHi9aIhwn6nbiJY0cuYyPVWbB5dg==
####################
aHy/P59axjTxMFjFLOLW0fqkLAw4avF9b/ROBJDdz/g8GHDGhm42yClluEO93eWzsGHxsp4ZsY2lwJE7SS3Dk7wS2dBn0m+oRyQkpSzRnJ1KVlihRjzkgVfEqNBoy/HfdL/xDyUuoejFBmYOnZUIEZhfjj8h8zymjcBOBXWWES4=
####################
uKYooQAtWXdoA4IDvQXX0IcwfxfuHXY38ctw1tT7+65ja9qpKl9z9Lta/u0qtJY488wE6RispfAPMNYkkWr8x42B4MEUaUPf19VCmZ5cgD3lvxD/z/Xu/dS/aoTFPsXKJ/wuqXSq9OodvQek/WJnZrtBXoakY+XX3IcxpkF+vJuETPJzPAdYca8/EAVNbKjkfbQl8g63SyNM4h9KRU/DE7IdRYRAQ6n9hFMfGNviq7/UZCI86EQsH1Q8VAOA1afAXJqL+IUQ1ndHqA6TAtv6GwBI6P4QsR38sWog8y+mvcrvOaYe9PGdOqAtT2WTW3QBgXaE0uYIt7KJbb9mNMulMhGj/rvixE6Xv0Q3L/ATbmxqLuKQs9t7+dW+m79Yn2z4IKtvVatugWe5pyMkOwKfCo9Nv2mjaVBU+M/z4GKJPWXXqamIdRBWlebqGWf6E8vZLUqd5ePRjUNrxQR8KiPy873pFzNSnoTMI6XrxXW9Yt5JobMqbANHo/HjN+ByE6Cq7GMyrJ5qhUra8XmR33LwN8/6dqckVvoGsHhtQoA95+cL8PdYk1Ip5zGzVMu0dToAyI3CVdjf6OLy0G2OhoaDs21Ql23UhDDyh1v3e1wzT/LVZD2Bl5wc+Sy6Xauob+i9u3bDwTR0+VtTAvmx5k84UcxCrebX70+tl+J2HHzDV0k4J5EZMGEtMnHkhPVV3PpPGdvRtaV/57AIEBPZ4RAN8ydAC+pp6MQQ5wK7Zd+AbyIJ/RqXr8T8ZBtyHGj3U8JKk4jTMm56jTd8OmuVVUa2bIyOq2SZd09KRjY0V3qhgCUZ7Z/LqAQGSyMtNCXRGlDOtCrZZmFWEDkvKrQAxrz2XDkrvae8PniqXckPAJRaNVU0zS6oyyuM6qcabtfhS9GZ62eQIsnL1xCCMLp+2wcZKg==
####################
c8boRot/52P1IdniREM5Ob0mgoN6BmMeXMjHGQNs2VjYawzQl97lFXRRVKX6WyVZxyIiCpgp244ZkYw9jIcgpLbJSmO1Ci+ITxL6h4T8GLj8/Mbp3bFityZfMIC+zW6cH0h23Grgu202rQ2gGPlnCH+NKRQIpV2P8dpkddhcL0U=
####################
PKKu1UDivAzBxJwcqOTMh0gSo3TmJgl9lgSdCYQ+IJCi2K5w0Zw139oPxekIPCEmLH23yGPKMhwh/wmCHtOzJJvF/VkIdDr8qXPXWnfWn5zkjzRJDG3nipsX++unG1M54xa2A2tK3O2h4a3KYQlJrvR7DHIUfhDELgh7IeGUrXZ1PPH5okDlC6kHHs1WX3QJxwG7SU3GlinuIEWqIsi3JJe32V76Chs/cJXs6ftAu169MTS2sk6q/rt9dg/LPt/SKd3QuguhGCSfEBzANiHmDZn3LnjVsaaO5X6NQQL0EofLPfpYYK3Z9gjy2m9/tXHqf1FlqGk+U6njsahKbPazPAwymRacPHfc8A5R4LCTyIZAfayj5ep3AL/gpRCtuOSmrg5uLdO6+fcqgGNwMKVOD/TABEDVNAxq3oAnO7BeJhDf9X11et/4CZUR6VdStIfTKoO9J8hhZw2CvxuEN8mwLe2+bZuw/KBp/L+D6yav5FT3uFM3AI6jHc38KaKQ9QpZSc1IRISXPRaf4qhBcC5PXiJ2pVx60dxJP7k+lykQoe2HOWRZFk7Om8TH8XfZP7n8q/Fdm6vir22CT0tLTsiaU6SWZeTP2y5fNe4tw2DYsiPhNnpmx7MkQcup7itXmmOyR08MVf0k0dln7hkj2cEUjGD0y6rW2qBWmhbD2n7MV0y3N0O6uqhjhCVG0ATbj7R6c4Ct+6V2PY9N45djnGWNp0/Mjanks4B+abvtbeliPVuaq3LeNyeROlu4LdbFyoBVxtnvkURdVozLUhqkva6kcVVPPZEpn+V8LxhmzgwNr8cWB8Q2/spKCBdBAGEzslu5CRhA3Ch1l3oze7QnQq/OafCarTe+34MmbO8q2pH8nExr4ZXJNIexaG77P8cnb7ihw4wr+p/451y50okv4dk/aQ==
####################
pfSa0c1pkp7XKKscsx2UV7POjxbNnjc1gx1fNcI1+jBLZ1gV2ga4fMM82Gg/G8VALsGp5UXd6dUlYFcEMcCLKtFzLzG0Mf6dJzErbPoxqZ+BkYy9gLM83hwIGTkZLPZgdfgSPDGfLqnwhFAUl4N3bw1TehvkhTOZLcviYOtk3xY=
####################
7jzvsAj8d/svxNZPt+vlOQV9dEP2Pu4iX+maQeDAvc3npxBfV0aXspFfrf+ZYOdFXHKhnMszr8ryMeDmNO+T6yZ0FDFF2vWdwzKodwitAzi3URSGyVQadSUmo7vtYb8plK5/zqhBgBYDVPCuRf1iNjbsHKEL/ibB9enIfWLm7PNIrXYyewf4KqmDjhz3aYrNZZKDjSmwvNBXx6/qC5TPqkJ7nb8WBu9C2li1/A4Fv8ajUr67h0fNWO6ThB2965frmuz94gD8cc70oLl0/thpq1hzRfm04mzQSe+YedEPPS375toOV9cgsaKXYmC9lnhNXWD2nKzBgtsWD+whJYlc8v46R8Ya3+pm/9Z6VVcQwKDPqDIVbkmbjxL7tYLZTDlz2g3TpKEenV66tbLofMatqoSusOWbg5T9H/0KNescu0OsNNaaJzLv23A6Qtp6l6Gj9TUhtj04a/jrtwADUD54xS1ZKjh0QR7AYsaBJ97LQUDzJ9TAJh3VTIiHi1U1XRaSyOBr6YCPwiPionVY/9CUc1leAUGQa6WvqBczqI+Ems7hzNW1PdzQns66GTQ5jv5jwVYDrhcXLp0cnvFS3r9nyyfNMdBHhahsXs3gRAdkSvzqIHxXekivOfal6AI5gwx/RXwzmg9t+oX3B+3gOgPqiMfWq3E23sYsKEDFE7BuKAz/tzV/KweiActXzVmTmot8YDG+egoI0LgzbLC9l/Y28wPuqiIQkf6Es+oXXRBoGdqkEeQOHjGFVcF+lJRql5HKEqh8KZHhC/fBiIBayYuNjMrRSui491YYjQ5wN3YHITmjyCEBvTeuk5zaKfiXHgjSBL2wd1tMI0fErfbozDqdfwoIGKi3pBpMHDg0QfULquOGbxN/2rhUMgmjXbgtnJge2wF5dRx85VGvfC/UksWNAA==
####################
ig9RvH4NKVyff+l9NajBKz/c7OrhAZLc4N8ogwx6gnVIw9mSykihdrY+ORkzGuM8ihjweyGReIPveSlqL6WLVbeXmYWC4I6T5nZ7vpuJgBbEz4TgBVtNjmwiA7ONH4Eum6SQVUyWukwpSOcDnqKIgugGJJCOSy2AUIlLK+AfvR8=
####################
QGkHDHxNrZIxe9pkBwEWqn3YVnhVi2DqLQyzXgv07PQ1zGaSNxubWAFjAPGfMSBoBOrNL6sZp9a0cLY3FqgQSDNy15b6byJAFDfarPuMVLHQnIWL1Scp8JkY6f4HWEE8/zFtmbw8AHng6Iq7E9OKlJ7sz8ITf3MHWOrULWI4MtYesRxaQ7akmVxjfd0ZMYzEY3Tn4hS0W42QAGwJqeqDcY/g0KydEwpUa2OoOEXVc95Z/tWFDvPkIuufHAMHmW63sRLWTcJcyuECd2J2b5YzK68XernOo/VufZOLbVQLibCQWFHDo4Jn06rrigXgBlrGyLpl1KAQz6ZyR1nE5vl+jzEckfNqjYTeLonShNrsL/DubVaJUWNWhSYhjwrHZ8YdiiXFCxokuUAy0akdAnP3l/xXzeUYGH8uw9G0GSV+hFUMwUC4ySIiXfpsBCAoq6pgWm/URb7SnxUn4h3Wfk9d0Iy9PP3iCrW5mZjizCc5qQUtzCWrdeuYe6bs58azg/5b2iypV1qpa15hDn/vafQ1kX8UtR3Dwf5A6EvmAOB602dRsob7mh+unLV3vLWB7CTf+bVimBktlnXOv4Bj3RP94jca2VTaEnQy2bJO39QfesIjLekZ8y/wwFlNyKV1snP6bgzAiFSqAaPDUolv6veXp8/22wFf0gAKq0M8qwMzIkZFXd15Mgs5jq+BpRLxpFG0c9J/Vn/lgpthf4RId6o1H35q9SOL1Uz6Z8cuoURmngdSAySKqjfj3EwsrdJPDWYHORWn5+1tkB3BRr+nlVOhIbkyPnfV7VSSWzj2fNavzw+1rpeD2o8TXYngCo65wcAsRL4nTxI/twjwFdr9TN6c8B4tKRDnt4e0fHXSvWmC6YRSKlgt5k6FvPkX7EQH5DzccMjPIQdxH9CK9TD1f4DQCQ==
####################
WfT9kmk9W9ZcSUexSYgCd49YjabSItE3ZX2axfbU15cwVHmuPbMNb7PC/R3a9K0ryT9AvTv8o0XlbJ9n6sBuSdvkNxgR0qwT1lqtrRRbNMzBZCG3pw1por/uEfsx+kW88lsaErV/H7jtiBvrLIki91rWxpFegBYK6PwuFsOMw4E=
####################
rv3G1XDHTttdouFcUplaGA3G5yMdY5nyGU8HoktcPm5L3ArxA9mOXpOwoTCedCKLYbD4Bs7QEvV83OTNGiUei+WhKuje761G+ozroeMbD9VghJwoTnWvyZwVeV3h0rhb8ZZ29ehsmR1rszJwtXTsjIOvK/5LvKSGUUafRgIeBQNIzG5T3gLmw8qkqNtNZRSNzEeLwBqt0JXBZClpXm0BewWJVn3t8MkH/QFOkk8wjAIYO0nILIE4cYStciYYL5o0PCQHoGmsbc78JP3KCsElbfdI+omnaIB4Nij/efxMxFPJ5T/C2aNEfDRQPSzLm3tvJPaatskvDIos1MLuVAuTzTz12RH15HeeIcn7h4E/gTGba5TCniZWCUmkoGm2bI0sdapZLohEpIl2MFbRc7P6QFxRMYj9eTFG1YZFmYah/YBSQD6MBf6qv8x70T0X35sNkow3cjenmjSC76VwVdl6g/dTTEojSEeLeKYjcAYag+tFbPv3D9O6gdzYz4cllXjvWC8GnUDGpet9m92HE9TxLxXFgP8p/3So1e/puA9may8apbMtLZkNFMslthGmG4t8zqG7D9gpnbLcilHU6CrMuaXSpmqYlsKA37vWvOT2wvaXi1HjdqGVhl0BBwF1T1PmsrFqaJeN8uGRGIRcnLkIlyy4ZSUf6qySeywk3CZnhRyYD5aXZlrrAswLKntNC4ZabfSOKtssI6SKF6UI/WOknyww0iGPj0SsJxPBChJwVcPFtOxlJkdgfoMjcG3xT4/rq4Mvbt0bpWqUnFH9O0RxABFyVUSEsRxxzXAKEkXA/VxRL8I+XRFFNZ2OiSpmVPdY91VU0QtAFrZwJzoTbTLwhS6DiAQiPt9yFE0/GcG6C7ajcqoKHLixNhrbhF802bncFYxBiJn09xveeLB0OHGiUg==
####################
io2nRqLp+vmho/5TmV5YtON9yP+i2KFCFgxHeV8rXIi9VD4AI9A+AFk2kuC1K0bkiryVUdTjBOf6Au77jndNqg8oCuHzK8z+dmBjXKD/ZBsjZizRUknstwgh57KHhx/9+WIgdUypsISsfD7EnqCdOvMlAkyqfcjp62n96/E6Y6o=
####################
A4R1u5TygHtq7tnFT+bxBpl1CycJkjIBr+ZDFUByJ4ZNfpcRY3/UGATq01tV7nCxYL5YzUBPV3VIiDCFsRXK7jFx2scglTZkD3QDTuMUgbCbC7czi48tbEYgpCIOq4UKlfaT5uWXr7rNX2T8L1qu2bLQDjaWCU2005zwQUHxJeqBdTL8JSZ1CIH5BiTGslcDf19IZ02138uxBa1bdMh220Ai/mOENmDZB3zwODxjoq8wFnqcxDGwhjcAJNWBY7VyX6lo72jpgxu/xVy9LOFOAvLObuvQpJ0yrH/oXImAlHeyqsRiBUyxY/ibLJiOkZOeoTW8Ig9QoI8+L6BH4SGkBYGOXDW0yKSWrSnhqcM+X0XxpXHKx6hRTXIlf5tyBG9UL75B70oyPLZL2ER19+01cWRc4/7v5UwkCAC4YFM+avfHWmgL2yf91Rd31n0hR0w9n6ATPZvjMKhru75loNybLUzQw5FUdtxB7MPo7LbE5e3oOuzRk4lFoieV9H/OL8zqRkbDBY0eqAI8Hi1vqah7aQtqm0h6iipAACOo4NEWJkP+EJ4+RM72JnQkl/NwIa8dRWkozU0O8VyczlA7c9KzSk7qkldd1NGu+7oJGjyvBPj6ajAxy9o1MRs+EMbAWhjdRleWRJ6eybNo3ZJlciKo5Ix1QGokA/BytpXMaT7bQaK3fNYirxkJWyk1icHWwW0dIoVPi17219DJ0PofaTa4oEcd01ITCL/gHWX9WgrsKDxxdfOO4cB9CiBgiC+FFSLhweVuaDCw5MZz7XrXXHOHR5r6HvJycnTxURoMGLOv7pQ+gG24Z0WlkeTCmdP0Uqo/ggB1EsO9gLgNS/ThMMk5MJUryGvCWoT6FvOs3pEHkpfYNBrQuweOTyxFsiGN/XZFoJroTkyt9vXakPr4YWVTvw==
####################
e/3xZxtlYGF8APs1Jnw7XTkCSPlg6tGMXU1zXMlaqicJ4W/ICi6jHfLFs2WjO5wx8bxmwiYb2D9qqpDGOEUlvuG4XV/1DhUW7a4fO6KzTHgZ6fAbhk+IyQdqndZ+47cxnpSIP+uNnjMylqGHxT36bxPMw28TkZD3ludPDUwaIlw=
####################
pzHksAk9rsOupukSdMx4PFIttOPD5+VScGuhS6vMaFYiXW5PX5xAwRkc6YI3sfNE44ft7eep2Plp46apk4G1taElsxazq2z7WNHvmf7uvtwwSs/C19MdRuQQvF6H9KIn4s0eXO3FYw6BHgEnFLdRC0Vjr+MyRK5D1aeb4Czors9tGaTGFne2lpE/RAlUwmTGyVth6MF0fNnMcojlAdZxQIh3jwrYbeLmQ8k7KlGmIN/k1YiomTIBEZipidElPZeUYKWwok6/bUhZQ/N6hyk2sgTPM98XjJGvobHMbVpXWBsUd11Ort1VREVSEWlWlocr+0Ti2OR37qhccMIeZNwW3iEt9OV50voDLNZyQzJLykoDb6nCY9zzrXjQk7vqCFBb5fWj/iBqgZNEUzkHO0mX+XHkQUDWrxc/a2z65sreQvq85d9dXoIVzizJyJwk/V/cHeCoX9p0NnNZxfFtJjLnPgL9Ym8Op9neP/TM2gq9x62wkEsFRpP2rC1FVerDLkQoQv7oqu4+4+tGklxmIgJM/sl4ZnE9iOWehuKFqyzsD2NKPZ1eLLqtz6LcEC/U1C25HXZeMAkusBX0XqhK26okEkGNGrkIRux7+h6YOd2vYrjoht81ZvAFIsWeSv/+4lncxyOUUIsFBFm9M2UkoIRLhW81ZGBgiL3LespNzPbT8zYhrZGhr1gc3h63vgBQpWbvmKPX0yw2/iFPP2qnGmoyFeIxmjh2/mNTiwkarBaOzbKepDDq/Mg0frIwLWg1sLHGCJ69Ixsn593uZVMTnas8s88pvWimAI//1oR1mSTKWvfyukU1JnTg0fEbCAE8GGRQEfW55LEKAYvSFuhD+jyMMKAeLOuh0/S+VsQe1oXkoyOrcWN8lXqNOx8UFHmPaA1qIoNQPrPbgHldaqGiUgHKPw==
####################
X/srM99ObIZdNLJZ64OB/0YrYr7MeBtFlbirO9Mzb+Mv9Fi+fnB5tTxnleZSzmRc8/M2HK0TJtvXbZKfw3U73pJP8V17H9CkZ/CNWd7L7rK6sOGP/Yodh1CPi99hR6jFvskP6t0Xqe1Y0Ih5A6LUWRoMX4yxDwIQydlo9RBvc4Y=
####################
nfakLocJh7Ewh7mXgfj7ngm+O6AlXIRlN1cGQkaNZrMGbAEYgscQzPEcm7V0zFH9abN1cAVixWvvW33FMJUgcdD3jN+nNJIV3D3WnPZizWwdJxkvySCxzvkC/yPOezIFaNIZUVaDqJfwdSIRZ+FW+C60RY9j4srMrcz5gommSkM3CF7jtlbzoBdef+eBY0zUgOcfXQu/Il9aEizHz/NDJ+ouAaGnbAhphXZSM3kydVLANc9guFg+XJ2B2qPMi6x9NGQhlIwpYLlb381BQaRcn6fs5xj5IygFVJOXA284Zjo7dSKygObKvzQFqkB0yKUL2pb95UTpU1EYvMggFNkwiFoh6sHh9gHorW2MkYLE64RODwUgi/zMoEeqfx5rwXPYR+iZcgztKtg+FN5Rp4HY2P6UPARTuhiKsryaTw8uaxXAKxwRE4XzZ/PmV1jVlcX2fRcRnIhWUuK477VeDvlJ0Y004rGD4jut54Lt/PlaTh802lUa5SGGKW9Sc/kd01byEa5StdV1yDfTF1NiDR5sxt6yLdBTeFQM4GTfsnEwZLq2rSOHceWrWQCaW3D2SeHl60O2jYoMuLpRQ+fTsvcWF74gEA7gAOLTHK9T8dM6BzPiEmdlOrcIp+f0iZHpOE6UPFbykQF1vCJml7fa4v08NgZupVcAH/qNwgDVsl7rV/NkpI16r5RPRp3EbjDQ0b14eyqzUenwqgYJOk5jmy0UbsjTRUojz/a9kntQk4AbZY3/X6bV5tOKA4fw8O3HSG0u3ydCIALhwkv2+Dc7Nf3mi5lpnlb5rjCjY7iVDq1VGAC1pfh7AGiyaJpabexghBqj8jkvfSVHBq8LwtlUpE16wQiOOMwO1ngQPSHbxNicnzKZbVSfams4PS/JVW7AGMadonay4BB4fr1dRyBVMy6spA==
####################
dgyIdChUQPbPvv7lz8DrMT1nmsgF/RXpg/2EjyBnaq44YQZpFlnEe7Fq39ZQ+vcbylX7MLyEDNZQI1/gGdbxkIyIJAm1GY9Wz3t3x0lTtJ77KSKGaz54lnvp/i4W9ep3XtJ3HQhoXA5CSgkW1oFWvuMABVBSkJUFW9+NIGO4hWQ=
####################
dghMhjAId7D0NeCO3haUgoQVPK1YwlH+dM+O1Iwv1pkAKAfIfuRUr+mZiI9eM/7EdrA/qMmqacfRw8KHdM+0ooWPPkSQ/dfh6iGPNPfypmYjmcCquQBQ01zHzY35yFZe6vciPaWZCAed8GO4mnw+PB0EJoOgj5fFro033qI49qROMC0zK34mcl8cVDr5XJ6ZIHKqfZYvhbhASXSdqjtGdeZlmU1ZdTPAhbDj6iAUrZ4EfLRoQbVplsTJJGd9abJtNH+cw78Fs0c+97tlb6nhqX701Zgep0C4c0cZFYFAMmfq7SIHhnNwfK6U+UOzAgwtGuVjVMq5OWzhiHIKZZRG/i8LPaW+xZFdzhbWg+SMNn7kYOw5H2oyLd6xKuFpps/kY8IgSQNtOGOCP4Vl/8EUIHwa0iH2vcJEh/IxtM7RNf8tAkcLc5cvAjoxzb1NQQVylHq58toK3Vr/DEV/bzZCXdC/Rj+JjXgBUjmkwOOifuMxE0r6sP2RXjv/8RGrObkpHehjetL4OvKZmoeT1RXvWFaikt2bvyBOxRsm97n5IPHo43915MuC7uiKSqpjcueQECbKuUzfIgAHEoolhHAM1n1en9F8dHRxjcifcGgHaGBRU99F71Uu0NtIN1W4zez/XveV7cgRcxwdhAt6M/hXLlp1DOr4gZ6zHnwrz8FdqWOkcZXnlrqfqjS4GobsPaegZwfrmy4shXen+dvtewJxnrRe6e+hZfVjdzeNvQi8V/vKKPmW1RFCK0OApSOvO/ERp3oBXEcxZ+6CNhYvrfeeKKhEK+hg7Ib4KY92iM1AojbExjAoU8I6xiHPeHbBCC92uaAh9MU+PAhGV/kiKAxbuk5NENJfLVJVVTBBc9MOuetkN9WAqIAI6k3fx68NQbBcTTmVanwCuBurgfxWwHevkA==
####################
qObyjHU71EOVK/GYnNF05KHiknbdzloK3B226WwzUyhsfBmCyAVKwu/kYiobWfUI9PuCEcmdDrN4RPTFCIUrY79SsNbJrinoFW8UMF/pvJ8wpexcJ1r65cYdJoRQuDqVAiyxNZZsKj6neZNywpCAp0KKvJuUxJrWD8hP93ArhvE=
####################
HDeba8PsDixW/ZVX1L7tvWFj0/aA3MwphadVVvx2G3DGQhpz6vWlaxz2NU+d+M5Qpk4rOKuZ/FNny4geZjmNSanBOJX3OU2/qC0q4CnhwOk+5ZcqaHCF+PVQRsk2EdE6WCLK2w2NEjlYpows+tWQtn7+AB7lrty3RcAMhCBAW6YeMkb5DLpvEAVMzAB55asf0CcSaSAcfZaEuW2X94RNWqJmhzi9obYsr0ttQd3czEapTWycnYg0RAJwsaxENrygJOXlahejrV9kQEEThaP3it8erBzcX5HKwbHOtBt7uymucU86n81aYBNKs59KOTjmLgdG+gqZGHErRDSYhfI+H40LureHOvxQ+BuRwqgC/vptM8YPghEd6KzNjkB0ipBLgym6CuBP8S7BIpYWbyXq+U87S9bODCzvcfaiPB9yONgHqPX/byqWmT8w8j+AatlqVf2V5ilXuoG5TLsHlHH6Gm1nk/3RfNC9mQ8NWM5yI8imF/Wf1QBA4ETbYMfcUCyMSMbAgaRz6NaHvqwBr/XHheEzUgtIYVi1ukAYrARoZ1DsvxNtXxodw5/XisuDsnN1QsoP9LpuCmxMlVhhA9ZtHrgeuOhJnAoiAI3S3N794T5xksWrgKwgN59Buj1IH6kpcXChSoJyK5R+k4omQJPmCRTkzTDEOJlGDvxVdxWh+j5C3GEqPOR0FNlS987uhfb6sv3rE0NflKmrX5qbkPTT2GCaZ6lncV7WrwqLS6mGUGYAQmGnPcYaDk1gKr4VKerZFmMNP7aGhlyNGkMdUKOGYLdGd49F02lPwvbqDenmtI0JxcKtmAII3cCA7nMsR2tO4cTQh1JYF/iFE8nfWWfNENh7FjFg2thp8hhOxOJmBpAnVyKaOnmapdIdVtrPLdHYa74J6PaOp+UAOgdxJ+DiBg==
####################
pziol9RvBqMzqj3vPlYk3h/vVHijqmxmK1OhouwdTPCIF8OwDk6xnrllOlG/brVdtWxNkHQa20DDxZndO64eIKWE0BB/pNskIDw3/UlX6L1/5UkRxWvzf51Tny6uHGsTKwJBIReo+rwEsLe3iMM0fhFhqo6xD8P1Cg0/tzOVrAM=
####################
8MjVQ3fuwuQUuITHRzXz8bptmoaJUGn5pF/674ebkDWYwpVCzfoMbdCm4GecoN323yMWcmiEsYmrj6/cflj869pM3uxMgb1SyB8nu0tcLtG0thgnC1u74AA2zroBggVypBg/yfw/U/cJN8A2j43dhkc6FmKZvC69y5QeIW1ppcFfLZs0km4463q1dhVPCUPgwtHhgTAiUzuAls7xyWYLW8/G3HMcYZJ3M9LJpngKjJz3/I8DXx78PZZDXZga+ZfgF9kEJUlFTvX6i+AnqLFEK5g5I2phTRKpFOR8GRU2uYs0ov7Cu3LfOxLifhxsHwKdWeJlUYO5cKx/VEjRUq2bAof4/Apn49a/uS6sgUxuQN2XrjnGJDipNR+ZYHhKfN46FLF+sLZZERXeRaDPx1B3Hrrf07QbQXzRyJKVtx1sGAkNi44w0rMCSHW42nUYb6BsxGWrCHuWKEbbH1XNo1zoC5bX+w+3HPr20PTNo/0ndw2cDxycJBFhaBAD82QWCu9vz4jRKSg0TQHIH7qNKTjhoRe7p+ZL1Bdvl9i61C2nDM0DCjf5tXndYsC7nNhneW8ikziC/Y0W9Hhs5jw23/tpc2wMX0fi22xMeeFsHoF2aIOj1z7Qs/5U+0aquU37SDhwkBLETZe0qvhXpaUGQO2yiG6bUKBjHOvdfeDzCmN+LaPYxIoDf/9ZcAuFY1zx1gErg/0xb+rm6NDRbwOt3AGfDENJpaNnT3N+lsFFnNfVIsiCTudyTqhldxtXWhzUKvcGZfT5WYmXE1qIJqQiKUgDCC8GiqTLSwwvM7yahMDfne7A4xTx/7PVKEpX1I/vS3COfHNWZFce3cL2EBGSy0OHLDVrSasa5ji0cwz2CMA0iafJS6vj9sCyzP57d50bYgZ87/Lh3kJBlRMw3DZxV0kudg==
####################
uX+I4cIMMBFjYVQAUrSNNNZlCeLJOXflwnyBJB+dEgaLmBk3+bzwQ9IoJ6GP7n3ng2I3VQhGNRumWwNmRc4/tDOOvTdM9NdM4ff03HXKug0J8CuGDJw7aAibSKhPdkoUsbd+u+apigQMOMPpNB1DGPxh5qnRFFzJuMyAFf004XM=
####################
oyHTcukwmZE5XlCXqPkhIVB/9ALKUWycSlbn+J0Xa8L31NH53BndtuBZfJHU8pe4glwxsGUzzTKbNGyYDUOLKMgnzwx+p/17RElZiWcdzzOsBp42eFqbE/RLXU6BC1iovXp0H6hS+48XmJADrL11joaeJj44RVDvuRRIkE49Jc2GA9txxCHvM+i8kytjebxFkOxbcHH7FKnTH9O2tXs1Z4WSpRg9/YuuVoG7tJ5VLQGR0PugAO1qGKgmB/gQzmvCySkWHwDN4HzlwNmieKgAGFCLrIcWbReqpgqAN+avKIMUZsJtroJVb41nmvjB+DDu4Aa08/8s1gH29HBx3+hSNCDmoHY6/dNkwivbn57w5LwByrpYSCMn+ezYvVr0m/mIqitMwehZMWF8ucuH8Ennk14qyrFm95N2Cg/c8eaRvGVvrw9qiSG55FYY6ogegctF4vRrrtJGxEETMZIK2Woct+FtMe+ATv+crX4sild7v7y31oBt3tHDHMRjlBklLT3tjaiURfObtUdP8Ukf7RXPqU7QCur+wkZDzg66zReFT8i4sJwQmgPCecJDFtTSmgTg46PF8J+vo7hVHGHMIdWQe9rMvnVkCm7OuHnJ62Mqcm7Is2BPCNJJLlp+oIJ9EhmqrykGmVEKUTAJvxI4cgl0ISxJ4/pVQky8kjlICl4mw8QounKbg1ueoMz9Pg05y2QmDiaBu1zW3dmxxpUCf6UcF9OFZohQWzbXCip5+spU94uZ6zOHvKsfOG+UnQkCtaGi0Ms8X9SjqlNryAcPJ1oZjeG1gpI8i0VsP2A9OWEXDlWgnT1Vy0qeWnxsdckwSV5gbR2+t4nCNqagnu3tGRIcoEreKuBVIBGUS5j86SsjOWQkGXxiaCYhl/7prWlrEN02liS1SMUhPgSASoqz47DFhg==
####################
iDlCK9W/Ge/aI7FgvIaAVwtb+4GbhrJV159CGyacqqnVdqOlgXWymJsFJdinOTgFvH6eKMG/QyHTnx1s6DKC+oqRT5ldsdKKWARqIIt7X1Lc9M10WYUhhcE1Gvv7gYO+iIOnfROM3TjBepE0CKO5stCWTM44FQU6eNemJy8iWu4=
####################
2YIrK6RCnp7BVD2EbL5rBcUM0tnBtIFQwcsjIKI5d8G4EzUDWxEFtZ7S0rs96Bqv3oJ54euKfud/nWp1OqaBTql4UqxObQyAo1McTuce1vouONI/+AkasoevO0Ygcdzaol19sNPjvj4PzphD/9oJeSU5uswPX7xpL6eoToJkSgW5aLzQMnPwbUBrsBzzUStehVfM1opETiJ2yVRsr7eka87jBtn0Uo2C4SIuMFVgTFSS+CjeG2cjcVrrbP9oUUeFJnSKfLOL+TAUUa+y5/GXG8/X2zR48VoTPt+/X70pi+SiuPg1rPvmsOCqHwIofYzepj0Q81ySnWJl0T3UoQvLTOUW2nt4/gXGY7IY/cN7V+ogYwGiG2Jv+zWPZDn6MW97h346yOMw/bm2bwl+VBxC3PEPfgIghD1WtPpT+C6ogLeLEaFHauW4zGhwOiC+P1iTgk68XXrYuiEDRTMj3wFRc9O+YlBBLwoFuhjHJce8620pFC0+l7y/J0VZMCTXMivbFtXlgOJuDBpt4l3WwR+fDAgWyZD/Sqo5gCQ0U+wgCicNuCNKKNkwvC0AlXWZM7eb49SEhTUsTTRx/mQdekpo3Xim/tVTjThA7vv+4hWgao6aRUriRGUnwXBGfdF2SqfTF9x5e2X/YbYcQ4Jha0miv87P3dRoEYtdrDmtrcNRUsovA6Bk+EP5vCsREaIU2lmixUhmEgkFE5kxezWd5NDNQcpM12wns4IbMMjmARrkx5oT5SU5ONi3t7h8wDlotPwQhSzlYrWc6/JNU4ivjy+Ect8FfwHJs1TdQZyLOO5eLh5ZCSYX57grQDwPwYX007w53IEw4cxELymbgBariabBcWKMz26pQVt68efwngxF9T41vYLiKqMCzb8wKKZn1saT9nOdq76dfn+g9z9a0ufEeg==
####################
whyEiHjP9MgcE4d60FRF0x/fyTxgdwZ1Po4BB2JbUs2j0oJsFgmw2sPXhDpC69s+2FNY/GwOW4jZGz5cV9EzWPt6rz5gzenIKr56GFoJ+lVrT779/FWOLVbQszJwIzV66iTyiVOxgjIvPmGYI1YvWfJEYea2uz8l1ju2n7+T7yU=
####################
+sf/T7wA2+uZ2o8n/ybEut18rZMcFdSbIxQSgHVCPw954iWsnCdW5wBnHPJPqBpWpG3NnfSEwz6/42JjAOjukizdM6nmDIpwLdE/t1DdD2AACKDpdCPSGPd4VsZOjKm+TIA76piLubpsj9w61gI93kNymvZWzG3zcemfg05/H9GV8xhxqd/hX3FSJj2CSMT8GDv4jT7Ql+DKZtosrxcRahInSwkCWxKY/KNzp2NuPA5F+hdhjn1YHEpQBUwi+a5JSXKhnqKEENr9LxsokozUB9eCkMvqKkRRPqWDzuvR5joUpW3I2l8SxHVNVNrP+GeOlrw6iX8nVEWO19eOvYaduM0r3nB861cksPJrOfQGDYldK3OXWOJykWJzdBReChjPdHC+c/TS6KfZiJrmabaJ6KAnF3OMoRR2diI33MWX69YVmd3AhQn7jB4VKGYJkevM9EFT4Ks0VJCe9kVCs/rPNkf265pjioACwejuFNY2SNbLcMK5yZMRIitGt2jVb4YPcW/tFy2+TI0Mv8eHeAJjEuZAjM3SWYOET75boBq6aEPBLz94Ha9w3X/xfLDa9mIVQoNKEi5p6dL04KVa4+pxJTv0Ft47nP7FTHXJ0hL8PrzRcoAUjzSkGKbBHi3lPFc/1MZkVhUkdK7X/8OEhmzFurlpeyBvCyVjXvLhhXO7MpSQgjvV29ff5iF57CQE8Jz8aVG6sIpDbECFzGAyqplwOi81RLSXuQSt+HJWRDSbUBHbdX6EpMUMF1EICwzI7iEQ5EhJtLPjpYLBZURxa+g95Xka2vvUamZErCQ4g0aPBhUYS19g4tvcuBoTTqFDuV2jPgeVeBaDuhIP/Sc4Lypvqci5YonueiBPLu5P8MBqLEgrlpJkcNm4hcVmjFY+/PTS8Qi6Roh4w51nQncZEGRTlQ==
####################
tHq1Rok+VOieWKXmjgdJw7OEVosiTav8L/tFxR+Cq4eLedQYlM6B5AyOfPMD7+9Ks7tQQ5D6CH7Pfc553vQaXBzykL5Vkf3V+SpaVog+gjK66uuw0L0XxdcGILSVDk+OVt2ZsH03z3Po19Wzw14inB9BvS3o2e5kMC/Bh2du/fE=
####################
0Pb8o3wsXg7xcA7Qb8GuW8vcZ4085Dm1jIRrn9KPfzEPqPFbMc8Z7eL7K5Aqtk9SWEHd1W9YzkDCitGOgHe4/eMc+Y+yIXf87bofMiBW0ztwtoYozjh0Yr56nGmrDGZ1nnGSzbo28R55soaAEuS/+GCF9E8LK8mbCb/Gcoc9ENIHX/1DOlWe/GnEPtfKy7Dq757kEsZd89rOmwzy0pxusGbsVWtR5Wafj2CEY8PoAWNhTGRlpa6Hp/lv8S8AOxUswZXaUnos19ynX7cIFFm6gltlslFqRcUr5b+t1Y4B6NfdUYmGVtRguLS7TOwQj1z81O45O9wIhU1o9I463eqJS2JQpVBFVjeOmqmOnREmjFvDr00sOlpOLDJwSVrSyh37/sMbctVC0UinS2KITbXNx/jcqWcITyM6iHGHAQm0yl6WAX7rOqvz1VJm8ymXeZ5wDdoqvDxcM2VHMu8JUQqLyeG5DnwoswH74fPt1vZJ73k+I8a3P7Rik68OP7Ykd5zOf4H9XttSikkx5c071toJQBbuHdmc7+G6/Vcu16yjtR8gAnH89FYudr9Af7NEXVA/QSYfpDFVK65eNXRRuaQOc3oF55xsYjRqKz8nGPCEa1foDo25Rv4ow46BrkLLNPLk301z5OeHHEpLLfb7NfWTv2S2srREQx7dYeo0nWnZuhzR8ISFfe3u+sbrhezxwjfwNAh3mNxkQpOAlI7Pgijd5gsp7YR3IuX5gYl+3htuCcjSZB1mQPPpmAhUPc3t2ONgaN/TOTVvB92/SbZT0EDfpX7UM3GKqE3mpi5oQptmJoWJrslf+F+p2HJHJf8SqBQPQJCD7aGcG3ulrg47S+ycPdvRH4OuNM8XQHb3CDsjv0WU7BZ8kXhCsRJpVmKNMdxNgwzOnOlLlN8wwd/kzrwtpQ==
####################
G43EKIdN+qeJaJKc2abon737aLqKEiipzA/oHlQSZuGBGb6BwCae3tQGzes7U9UPLQF/dQqOgBGA0hywvEsgahSNVwZjmS4xf/dlXx0nI7vwbnBN+cgnc2BIdbr5i4IzRiEb8G/pwjVd5FCGPPR8jV8me4SPznaAceK/yybd0bo=
####################
js/q7YDU+U06vd86OqGtB3nOOHVguQKjYKEvwqekq4jtaLPRZjQqhRbbC8K7l6k4m8b071W362XQh9PHcKGz4N70b/WONblIrWj+WzMZ/RPRItc1tm8QufDTVb69W5h66tvvzve+/FGgvVYIUR+5Lm/to0hRMV4EQ7VUUmesHQePoS3sp874ZLh7yxhp1645oMJlAeNSkRJ7KbmwGNDN9Fz275Zkh/4JiYXMC2N1yVN7FxIuT0qVVoOSVxt8eCx+2CeWYRAG7Vjf9dGv5gkYNM7cmly0qzkj161w6uo53eI0kawlRVmQ9AmU7R/sywmU7kQ1iWqNVK8u+mALckV3NtTJBaifWkjw1qqhi6tkkXwWpagE98ParJVNvtmzwZqfIf8pHt1ZcyYmWx5oxni7XP3OvWz4kguD0WAUVnzI81DcYilsrdi7oc/9FDDrbEgd+dpasc/vVuAIvuwK9Fuofm8h4j6IrthzkG0BxlZ8fNGSY5z/0NFGGrPFggQCSmhAHDJR1AFINuzjyluf83mOHU3lLsxqlVjJfIi8KGu0MOf+OppfE7v/plGGoYOF+Z6KSMNw/hn6UJ3Im4sQjT785ohu7c4NDDtlBYEBaaxR+QWmQcMWjpEZ/P1LXUu5aOi2SElTY5BoiPtK1xBBlzW3Vd3bPYzG3jrQQUo68xExONWwF/GDm/vwRJn9wzHr2qqkLSuotDg5yeCmNafZ14pJc7p/XpfRyf1zA+toZkRwF8bxH329JoKFqgzo8rd6BBYzAa5IO2RYHzngsemHuuX2ht+zz1ZN8uJy9Ui8lzC0H4giGVUOQaes7adEbc7yCAtM8esWkMGtfXKNDU+0LgeWp3pJcHtyr2wrR0qm3nai94qpmXMrnm0RhUQJx5iF/iQ5SrYaNv3zxOfY/684T0YhGA==
####################
O8Dgaqzv9+jtFKv+HKLIbQKtfqtMUUgPLjROmzKB6qLW+fbuGFFycv9gOmxn+aig0Dc4jlqvyROzK63mxfU4YNSF2IO1ZmryGd/9sfB+Wb2ZNQ4Z8DcDEaTPwbH38YuJqWes1tT+1BPjUxUOc59pPXYhx8+h+i/rRnMTz7R2DPE=
####################
riKtS8oP5gYKaIO1CKUdWjHp4dxVt8EH9Kw45qH1KuT0w3b0R8w62Rfl9qhNNGvpdElx90/wHwLP1s7WQ95BtJqxuHMiTh8ZQ2Zv1TjlLmBv4BT3NprdRqbClkrj1bgh8wik9P9PopwRosT0AIe84cKkaOfMx0PjO80sxQnh8L+qE7pqYj9HQQwa0S4uOfWCHM22scEr71dnxbqSDVgz6ra+6P6jzqzCkvD/FJo5uTqMv3a3c7PyA6wCNNLVDE/fTL/9ETQH73EXcVStq3Wb+OEtxYKNSt+B9LfVTnn/bl3BdauAGZ1944Y8iOw2GG4v40gzwJ9S2du3T+hYlkvX8hjq4nAohTWqNmTomj3P0+mSX8G51vF+aBTbKXURL2UYo59Pg1wwBFrhsbzEEeO/1zOPQkQeuribt++sfJcyCABH4bb4BRe9HPJMmanCCH4XpyzvkBqzlxpZlyeOzZfl3xzDsz53dcvIaBb7AY4iTNjO4nux7No9We6ZgSr/GoH1WXYNXjN0iZKMcNOlraw5Kdo0zxUKUJqFbtLPkC65Wapd05XMHvAhDg96oVtq5bc8BpKr9XjLms0H3eq9DRgl1GwbZmt9eu+kkiSxZDgNPpkTu5EZsFnHbVAJmtUM+j9jvvThs7Mn8BpitIarnGTvAFQa4vY5RXHKpFJXqoGor/qPCOHFZa1Vr0km8vew4rq0jP5Ves+D/vrKNEPOXcLCSKAm3FjpE3GhDmWz9IJL8aOQZn+fzjNNyEfFay2PxV8Vl8ytXKb36iO13NyJM6I5dtojyUKxjQ1/B1IOFCZMFeUdPORePwlVmrJDPlCTT8t/mMW/05kOEyHGKa9VHD7J/g6A5J/DuqZZXRYMFNjoeFODxauZQnuXlG5eyn4b6Yl+w5HGzt/5RmWEqNxiI/Zhaw==
####################
ENAoSJgm2bO8SF3DZFgNGHPM4lPTFr5dc/iBipakTmDS8Qdqm0Bb/8X0zCmp32qrd9XKPzpas7UNDV39OybNtCbYxcLtRM5dwcOqFBB3o0sZ0IVbZj8NaFPiNNb77ASj9OTyyVMg9awmHx+f6mneUdT/8vK+hOoUrfIVCrHkFx4=
####################
J76C0oRj95ERw8DFSHy7h0iiGEbmldg1b9VXCZqQa3LHPuInv3UxKVMXoFwNfLb3QVc8smIb8QtnfXZNwSa+JmUVlvH1TsgVEblzoximtTyj1VRXYsplvywIfzog4OACVc6qtMrtX0xKYgpJv6P/oL6EtYouOl4d/q/fVSJqvPd/h77Pru5Y+p+ZFuhxBVnQR8Kde0jHM4oXtGWfcZcf0f9ltsuSeN+bkXPmWJuJ0GJWGvW2j35G4WdAwIyTbI2FJav2n1NSfoIV5ifytF2ShM/Zmd4lA7moQWtM5uuCkrU1NqJ9I9QwGzX5FU77dekhjAHTeSkMtJr9AVOdUjcfXg+XLtGhldMNP/OXuPVDNePj7W8n+H2LyWwJXtqYCbaquwiBgbhyzuKOhFq9auSiIh1JwfVcFMGuCLM7xBEJ53EILi8FXkoLxyhpB4+w/mp5TpP7NvGEe7mTTBeaXDAhUPd6MPYmxEzDktqxut21YqTkbDDDcXNhmEIVWxlQ/WcAs31oVptn90QM42LR5Z3zCzg7colfXjg5Va9VC6qRPvsDA5NSTCdBdQHBia9t8LQQuZaYX8mUaRejMDGtxAYYMUasGs8XVaC30XDO/jR2VHQdO7U2V9R7KECWzsZ2Lk6u7I/lA43poUoBEqKDk+CZfOpNGb7t8LIxXfJtnrANds2w9TdkRO8PKROwMeE9MkTCieSzwUsbHtxjfBzb17k9XbVbUwmEO6usYi0EnNwl8zLkOTydCseuv3rpkEpOQgrel+xOceEmu3q+67HqAsK3wXfLR09m+P/r6rUahjTmS71jLaJNXGRObxW1sVSBsIT/yUzHTqEMMB6FayIwjQ5G1vJJEPa7QPIBuGFq9mw9F5Sx1dOGqsLzGW1jcwmE0+Y/A7x3KuDgjY81ShXU1SRQdw==
####################
Cxr6dnk1WyGK4pmR+/7H/AOizOE4+5qru9Yt4b0X/ixZ5BU/g4CVFXA83TlLakfjjniniBCAbNc0+avovmoTyW9mgi2GzB09hlPkviloHDKY1N6Uv0dMIzc3SuGHuvKulAP3PL4wDIuzrLKuT9OGLp82vG+xBGt0I/F/AzCaH7A=
####################
R2lig14rDcXP+gKZJg+klnpPwU/Pc2T6miTdI9mqdVBog/uwFEXZeNccq6TQiPLyCsjOhXNiiWguYZXky78M+jvbYlWk27Qg5JhZKWPhmJfwF8L3lvlKgkoUmt4hxrACmk4n+LhBqxRFTVgXSdNT8NmOBnKnDGtUYaML6DiFlZTMKcybsCnvKQqzaBJrY+by2MsMrPSXjq/GlH5XZN+/XLSnJ6yqoI7BNqrB/q32edSFVNYv9AW+21gn8xEvJSDFiLyDFvlzaaTDZT5pTGObqHHjMfT0NoTU9HeQVaJ3kJTVM4jglK/pbD54M50k2jo0ZAxcc72njghjdEuP6S7wZw+glvaB2PZ7ghFpe+K0Qm8VR41dzKS+nU5VYn9LJcFIG1Ej5e2buMMZHmSnc81QUmAbtwR9/p28FhWZ8ofv0JlMxoCfdylfrmNWMp76cx1uem1QDv5/LCxKfAGoRcdsTF5DtGaFsFVVR8h5CofHogBZROJD5svlGlptXk9n2t4TETgG4UsF1QMG63MKee/SUaOAVSG6gdRp8J2sDiR9wij7Yd5zGESDx6GAcgtsnFixOg2bQ6gGSd9zXUhWqSaQ5wpyO5rSlEx4fvkWlP0IJQP2AKnVwVxqu302P/8x2xpKZ7LDyVqbJ6KiMPMRLxIBe5KWjOeAxSrMug6KdrYsJfzoruMiPvkqz1gYx1X2OEfF00DOZxoMaQAxPupM2IWF/4XDwUOt/3G2XO0Aojg2Vtso9i8W+4sKoNtzoLSx46k7S9jWqZSSqPjLww2am9yzIaILemHGfZOYLkpmBlb7PoR+dLjrOD4DrKFPOs6PeVk3Z5t8qmKqwdAbtPECetG1hrpUOy+mjW8PPv7wCqKTWhy1q8KmnbwXEvyyHmBseyYOhuriFSO/s1cm2kL7n68BVA==
####################
j+28czgdnsgCb3MzYGCkHeLeW+L2EaOK6A6kg+5JOsppubu5Dmda/bL3NmBySyTorWIU8qtrEu3BeUizbeBBCD9ACrKLkXQCzkXKSOqbDUcN/1QTZ6x+8k6486WfdecRbkrDas6M1zwLzzAlacHrE7iU/NLRX7sVk1zE19wutLk=
####################
R766fKWQMZ0Ry8KaDYACGkOddz38yQLpgiuPhzyKRSSxNFTguA99trbek33GqFpc65o2LS14IyPlpCI8AiK0o0Q5W+cHtBLIG3l6Nt/jmLh0qGt0/lwzk+56XnuvYIfbMmtL15302qsXD5jTd6dQwOjrNgKFdyKG+LOFjB1fbCq+GUjhWCB7Fwlb2XK60b/n3wAiJyBBJt3Zeg/2/mMoa4hKIKZBUatff0KxaC19usVg/V7li3ywMHfEvDmORfWgVrUtKACtgoKZ+eQYcTukK8+yU74A0C1Qzm1m/D8iRJRewrYzOyPOneMAgYfwNLY+LIHfWpUfMgejrS6f2ed3PwVU15V1NTfkKHomgDRJvl4423PhFcuLyL8fSNndtDCbr9fEMbGdqvJ3hDZstIOzxXAW6sq44mdrFU7M9hwZzn/FEts8CC8Lxkp8xucKw9EK8I7b1Lqlh7rMs1aEBobrEUNKbDWD5Rc0Qi8FGipb3x8UErmiYPXX6MFurG3V5zkqXtA4oRR11OlFxbYufvE+mqyBlPh2Xw5r1coitaMW0nfHOSDNyB+Gw8mzfgSXns9t9JOwFkmkxde5shCN6mcwFTv3s7v8FrEbpIRn8wZXXoBdDqisO0R4Vq329ctd6U2kkw6zAjCczaFLDXVisOQDxQs9OPYaedkrRNwPCaC1xEAI3KtlvAdlGVAWAVUIvlt0UEb+bAKILE+bc2YcSZ+B+lRGf06Tqr+OYiCu508BPD013iZP4rU84dgMxtw+ZUU/I11cHtXOu37NlitlADTALIWVotiQQNRct4cux0WJjDtHOlD2H7/E1lhPgzqtEA0e18WCSyzQKV6o5o7kt2j8GIcwIIQQe/4/Fu5leRqOGfovVTY+Q+XkblcsVOPy+3yw19t4jVnXn1Hk0Lka9/TZtQ==
