####################
LPpE6zlQvtNxrIxvcRKqFD0nKsuQK2lhR3mZm/OdpCP00eAmgjhm3sWZtTrcj2iESQtpTOCh8or7xgyrIi0a3t40L/zjck0NjdxAkthEEGzgVrd0AVbuDlkfEWY5eUuJLqABTdvp9f4Ak1wNs0X0gwypViUX0F9Lx62QGY5xUzg=
####################
RMZ9Mt4J7rwL5BcyisSw+QQCpqyY0EHvRMyOh3wPVBSSCv7xLlUoEDYCSU9Uquy1nW5cSDwOEqf8iSzLU1jNYpkvG3lVb9njp9tcu9vGtjDweFFgCFp8QVDGjaGReOva84ILNT+Mz/EUB6PMLxBFp4BhbO3/7vcY/p5DfRfUHcX7cDL3wk2+P6irTtzbYAksage9UQmZecyd6CFw++w5aUgBtUPEEzAjUR05TLB/wBvecVRBLUrGrFzNxYK6ckNa0O7Z34udO1sEAWRsvKWP/u2CHKT8b81Pfxea6QbttFXHB5mdcGE9cUVBfJHwlYXBgc5f34t3dyNgkifHRXjukmBNkY0C1r4lHU4rII0SmAuTVO+EcyIf1QpOb/fN5KHAx0bb5gHUa1gmPqpzEY7i5z6GCgQY/x/oOnIW4YbAbNqLAt46F550Mjm2D+MWbbjHzeho4Fg/j19cUISCICGQIzANfYG8br8aa6oLSQiChlEKw3JoGbIELqKUY9hL77OTI32cy8kcjnAZGjEYBLQfZsV567WptOlP3TSLNNglZZrmlEcdFsNJkB7akxGcqcF+/Cxz5Wn/BaJrE3tHP7j/zqVbfOr00cHfBPsNYTXrsYiXMpssIk4cA/J3bCL/y8QAGk8d+wuqZceiiBwdd4j2Ok6HPgaQZHFu2x9j3Ke2KfQT1I9NycNy9Hrl1KdWb742qiqVRLG5jGHDSdvLf6GvdYR0m3YCo4PELwrXVGkK9Yw=
####################
hO12gJx41IN2oSBWmlYgBJ0USE6bQ3nfIfigM4ZsjNg1eVytPTiW1r+jSkgbyrPPaJK2WAHC6g9HKFBhFHsG+AaCRZ1YHtBAZPnUxAgeoWSvlDQ/yIONvEm8KqvvXWFpcHY3+jyLmWGJ+fNu3owFl9oCZMjKS2aiEbXnjLX6gA0=
####################
rMJ9cdTCBNuJJSdWkIwY0R1H+j+Jly/IAB0W+DXRCO9PaqE7tm/xaPWo1GcIUYrepyzwlnBwQ7RVEjscBFtkvaB42XwvB1wltCOQf9lL2yn8WYuYicQI0qbQgmhpidFlNgDiVETHs9NW+1e5chY9E4bsrDF1KsGwx77wYPn5RWxj6yBUcJ2E81Dp+uUVQEBj7YrZa3JOtp97G1MCxrWTyj42khIEKtguO84K2NtF4R0enFHh/2hRvlM7JRI2PvrYzVt2p0FnUycQDEFKitXOxF5NcbuW1iKA8gdzInnhbMDbDTCWqwiLQh1DFNG6u0087hKfO9MV7j93/WvtbktMGjE038NxXGMltDmeTyOx31QXZC2zsdCtSeZyjE6adFh1SlBqtClWieqD9vNGqbPO+HWJxXZSRK4vzLbBQDD7TCH3JEgUM6w3ri/wLJfL1sMvvlOaskeXruYMp+jtY/zEiHSotlb7jC1UIgY+VSXO/l4H2CSFJQQEb/5p8KIQoWgKTgLPac3CklexQyr6XAtzlU/QJFuc0r9GDWV/Njz8nF7hLRvNShjADOltHqSF1U8SCr/OcAoiUywYrBQaR6clzbE+byzhLhhRtjKifnzP59vk5wqx/A8gs7HEUs3cKsWNT5/dHahyiTvoTx86sUi6abc35rgFYvBhMTlvn+q8lJQqAI4MsY8Oq2a9+WPZUXR7yqJ6lLo4gqkv4Jb2tZvYk7T/jifuJWqWqoDTkLaev4g=
####################
IvOMTBP7YXCMTgDe+b0ZPQWsLRaf8h8U5hboMVKGVqQYUUJhTka8QOOKRQz6zTntwLpGOlE03eGJEBYzUo7Jx/orcffOIQsv6mpQ42XvFWCEvgX5ovtZSJZ1Wl/oZoRvNDZO+heTgaOz7gp2tX8Gg/j9HghzJDqefTDfptThLHw=
####################
IepIo4rCbcoGVJogktm00qc83w/hgivOS29mbfx9+T70Q0wt1lplnjq56CxJqcmMPNtEy07ZBP1mxjF0Zkon/RHggE5kRq89GDpx2yWTVaPI0L33bQhG48p1YjNHFOXYngDnvtzkN7LSGjhSVnW+GBmj9cDHT2SQv2we8bbeXMq3ntmxlpaFy3QYmdSypCMxZcUl80xemECNcs9Axr9GLa0Zqxmo8Aysev/vdwZzUmHrFLHiC5DxAePt1zoM1zpFG542NJxiOomWdDPKxS8cKFpyGc8zxtoz8w+DIPVuFliL4CTas1zwO1583YnfTaOPhiPKxPODud/EXZ0mnQaaJvr95FLEE7RkWRl60i/1caidP3yc65iv6onomv7ztRaMDNHKJY9lTAqY3qXIhMBHDHib8l8JrJVYyA9OsOu9H2kO/gJX5zQiPF5MIh+9DQu5kzX8w/MRFGeh4uqTip47UWdAhD22tLq76C4TKWtroXmu0WnbhXR4dxRXMPYvzTUd+wqPWlYBexFHfzWf3HSqQUV1mKp6gyr8u2wA7B0pjowCwm4O/p4bktWcPLqTq/a/vT+Gw2tF4LtqL7E2pDseMnHuDb2ewNVMd/U0aqaO5iGGfAle2bscnEfOAgZ2EFWV/HrCceoqNzEgKK/3HjAL2NGsPY34dp2jmGm/gj05Ro0LGmoQQgaH9dpPfHH6H7cSDOuo+4S0XCFnyuWXijeqovo49RWOiAFhDH1LWQa2HPY=
####################
t/J4eaM3b7ggdUK65XLv2lzgj1VnFzncYWDbt8T7aNQ+kDwc9a2M+ZfBddh+CKTPXX4ABfNCk11DjrwiFNHlaX3/ewwmlGTMlx2PdNtJv0Z01jjkh2Uz2gmMKQmBv1AA/wjlamJq9WxqiR+9ztQV5sT16fizLVrOhPfD4oLAk44=
####################
Bvidws7j9MTsEivObXQvrwVlj/RxEV8t45ly5lU0vU17p9Z8ejPslYmJRzys7bDt6iRLBxr8+iDJV/h4PFBdwHw+G9ykWinl8ZiVRFIFvoDfmsjIMUtkYmhu4qAkONucSAgnsd3p1KiJ1hsm1HwhgzQBkw9WdImfP9i8WCBxR2uA3uCKrcQ+fwv850egQb0MnctA0BBOrSHTcmGooyZc5cPlKDLbgGxuUZ/30Eh1a2OyaCj7ziIZzzTJvyTNlOGMXXY4oJsAQD3b3/AgR7pw5QqadFX4A5mnh7vayhy0r870VeKTcRJlUHl0+Y3mba3uMOgC/56npwwuySbHPx8cBVy//z0K5ZBeC8LgCnJBbNEeUPn3VHPFHcfPhonxbq4T8/rODojLg8RbMmUv7agCgHm4CnVXWtN1L1HAaFaF7dr2HO8qhRtD31mEg1BkLi732WkPS0jN78MgXKtE0POLCGinTSe+Tlj8CeoBysfndLvsdYA6vKPKYThw2oR3bTQb1AM8px7GbWxdNY/U6/o37cnsAl6qzMvXLsP2eSChhwH2xf9ZQoZY6nAXSqICVeXlA/Ba/TG7GR4a5n5GDwMzKhhk4cDPgOwpaXy5Xz/zWq/6fDR5aeTrzG58kimbxDJd0zJbVPQt84rc9NdLCPPq+qs76wD3S6xkPoNIdiIFqMIYfkK5TWdX7vuQhaxKlW+KVcgHtdef4mQQbkGhaHeOLSUq8hIPzsjmhilt1jzVl2I=
####################
rgfCrTKlLb8B/3dwMNxhh8OOmxo3en+LBHZsX75hGB7sqPKpWuxxSgZDA1ht2V0PZftHaAhZPiYzCB6fQ/NWuS1PF4y5favM8zpVW6/wOow7UtAORYcJomnf6SA2gEbX8ppCvsVvN0jmvJqt++mUfrNDPiSq6ob6qyOAKvQJIxY=
####################
mSeH8O88mGpB6fBhxrb/3NkXDcux5I1pL55GMa18aRQr9xq17hHPy8SUZQCoQoxn/JfB0oZqlYYk/0DBr7vmYxn0vcDsoFJuGpfpNeGy/VEo/I4TZAQNEHlKyeaqlPjF2HsfSI7rt5U8fDXmMXOR0CHCi9TwQGybZ7ZlIVxmWJKv0MbMNV4IT24JMMZ8SiLs+pjmeZrZWlVngXuBWRhHamDCAaECUm+XqadG22ci8bzcbVzQay04MGg/EB8zmFdyrMbxkXCF/Zq7ErvkgMInEShDsTZc5MmG88pZabdgkiZInp2/EFq0NErdLuIX/ZLX0es/jM888zyjBdYp/D64UFv4XeQEnLzSrVrQ2rh54LdnOc9wNBVYDTJR7UmxASmKccOIZTIkmjt0NzvinE/xtG1NN+76BOZMThbWGcFjF62+HrVDwnUjPC/UrzeiF8dcFQk+zLsWHNyxKr20CfKh9r6cA54t7viiozMmBX+CNn8RgYUCWGndMcDl0LGjKUsHucVqsOxUxYprFf1THfh6hUXzGDjmPO/gXuPUzlfH3BvBw6J4bxoL/696ubBqhMVKqTVQ/xfz0RGkjiI/0kIRClan6Km7Fi/zIXR73PYLW0J1Di3U/nPHbluwzhEAXF2+S3NXj/zHqd1DuxwegZl5F2LhDgzIwQNQ0d+dMV+mXDekplca7rmRrHLUaRvX/nygcQt7gEGGtjLYhIcpPEeueSo3jbfxtcN3ya3GdrNprqs=
####################
xr5dBHR4Yzat2ZRW6BPBQp97S4BoPw095xeL4JEgmXNGjvCP9CUThE02e75+3g7fY+TP3pUdIXpWKrkGDBjgz8K33SfDamRxfMmgNoKUlzpkPKA3LCZBoCTqL5yBNC2OAVbtzaiIuJ4f86KE7gNp4/nvRzwIiOzIFycTDmYB4oE=
####################
1DgG+dsdM68Gcwqbv80n4llcnT9fpoef6xJ/ZKIlk+bFm/qZk1C0dUP6WVj9sXlJOXOxa0G6IeOFUfeUJrOGYV7SoQIuqwx7Xfu9PxYo4cScxkFDvIAO5pNW/tttLCjL4Zl9mJHdFAZ5+PUOzD15rvNl7saez4WoIBKPI/0HsEQcWfo3F9DF+WkcNl/Tg63R7+xzkuy2UAutWtC5izbuUcUgCEfryiLEpd8xUWhX/N5ous1ZB23d9J5g21Lm+v4XvLnltrGx+EGTPt1IBlmWMg/9TAHDClqjl/Oe6L0lJMm6oj98kz6fwFh3A7ZJZxRJUNPv55bJffWl5cSk0/avPE+kCIh2b3klWhcB1/RLsM3zlwBvdS/bIJ8Z3GTQWItvtfdFeL1NS9SV+OdCNP7DD72LHb07jUO+7lnC6C2LE2eisJ7D0Nbz3ZcNtFH3/+LkolaJjx5wz42GzPMQtgdcue04KpMaV2QhjeIAKShkhoGgBqE8FAzq1P4WzHqzyeKPh7K0adNjKc8QRUHzGsVNCrwA0Z4Q4Nlda5lUuxIkJgXxmhTX6Kn6LOxzHYLSv4m7vyPAlH77oXvrg4Rq3nW2FFd5d1pQdJlZzuh7iyfYwLZartfV2jCvyAR1fhZXdLPojFRnsfAky2lywG1J96OzzTX0WsrQtLRbCotwZRUkSmemmfzTFOFWzMSJaIS5kbwO7ZUYQ4bUlriUn5KwGoy6L4At5Bo3ryjS1cqfVxhXKMA=
####################
lYV5HRqUSBX92ZyKhB+9hGmm8KkhPhQ7HuKZzT5/HJ8T9rP0unFIZYjciksD4hB6WmjX5zqE+lGb4gHAxfgkQhZAsnd9hoccA4Dxw2ahszzShR7csY64TYxNRUc33qGehN/rQRogSTyHUgWkGPBSljsE1svL+65kRuLtgy16UIQ=
####################
Y0Xfy7GmjRCoEe9MT7FYQ58i70f7bBQbOMU/jLUU2Kyfssrk3sqAfp3jyVHIFDl/J7d3ncYTU8ZxnIMzRX6vWwXOULSetqykP64z4knr/E/20bmq0+jl/cAi0W9wBZSXGruGrZDaAjc3dWKL1Mdh9ZZcTy9BvXXtTgg9UEDv9lE+G9g4pxrwbiRTSMssitEPjf8tqXHkuWFcgCpJjMMwEb+zg5BICZdYVxXPLhr3uujPIF0Pm7+5psIPA6Co+uhbyoRcGEjmghAkRSC82O7vMUGJQCdjtYij27Ued2Q43dHTBBRzniYvHuaoBaF31ogIlFC8jgI6PceeH5VuIaRVBfbpnYvYE1d1roQbvhp5IB/dz+vczn0On30EngiikcRs1WpArSKM0Q8qdmwGY+Er9QOZ/cbKzdUbF5cql5p7sj4r8fYiSY/4Km+jAuaiQ3oOhJy1P+kJXhRyKdyqJC+SJ6SBZjEBNExIdiXOFWvCRUXIWtSVheWg6yoJSU+4Vnoi71s9W1Ir1RqXhKAmAJyHUO1rR5uxdDGNIw2Mz7+ZUyPhcsfsemto2fjVDD+jGQl8fSH+P/xLUWGXRZIpDCHfIR6pdpeTcvVsbvzNZ/7WcxNgzQ+1ZBMNV2G6v5hpeBqnWLIzjgfh02q3Cv+LGgHoSs/+L5BrjGjitZ4mRMVGLRS7cbLKw79dhzFlsnxDB+7ju4ddnEFoQdoFd8LXWfN8hByYb/nTBU6vqs52kXuXdrk=
####################
tnCmYUff3h5d2oJ2QTL7d1oGGV52dR2mC08VSvXcq1GUloDVeD8j8ATRIrH9hrlypPbSZZVIQH3V6G/ReGsjtpNDny8E+e9AYg2JhHzZKAgUAev8wScFxKOUPJ4g5VJaztorx2sgHOy+Av4kigafgMhNlPSTI0Kd+jjcrK8sPoE=
####################
oJ6QLRVYBFhaMBoK4whYZ3YMKkffJZcnhs3WEuMuVNCgrPtIFynryREf8/vM/jqmXkH1RcDHbTG5N92yBDakYdNiEGmiMNbFo9OxgrPp3LheB2CMUlJk4oBF87ZWCJo3knrm8SQchgd6TVw3zJOlq2y744/Ap+XbWp/8yBVSu2tXW8LeC5bzRbkP+4Xu897B0e4tQmfzs9z8M9+JGiEWi3/KMSV8rjdRZIR4vgj0Uokbq88XxCGVHbVmTCITnqchbyowvcg3xnGe8NgNBB7clotGgWXseKhSQt6uh5Zpl5NeivpoHSLts2v56p3KZLuf3oItWEwLbWMBt+FFAHhjOktQHE86Xc6nzVYDYk8HJ1RFQESXUQ/xT53rZYdWAsVfvBLvYTAChs0uZ2F5/e55lr/yfhDceonsNf4dldceb64xG35ERGyIPnrd/Azo3OlLmoXLqKQLCO3tNEuls6S9SNU7V58gecvMpoy34oMQh21rxrujUdM0UKsLXPg+/HIx4TI6hbLWf9/i85LAni5PRnh0hsM+veUWQpsxdfCHkKM51DUHfKWph8vSfPkq2ZMiwaxIqW50nrL5Fo4OW+wSRl1QSnpcfCmN3jELpCD69jXrtkja5yk9T0tU8yvEx21V5C8lag0NCj//Fp2dYN3gaIW9OikDJvXCbEZPKUZ8u3YFlp8SBB4jkFRNnUy7EQO+KquyWW0e113DQaHAxu5ENA6izrtXzHzbfg55QMD+bJI=
####################
bD0lrDfPFGTScrFBS+amedM/Bn5O/63McUXOXwYebsazSfLaLeVf1Iy4GzeKA2X4+Ybuu3KQKpsww45bc+t7VlKpD8SFrPox/AkBAWOVyME1ZBx7HUU2CLCCuq7IGyHEkps0sCVrnaUTA8MffRKuy51OFYPDtQRlS4rS7EFh5SI=
####################
rU6Qq6cHtiPSxHzndZ/+cLEnX6FcZg5lTnESsqfkL0VOUTRdFhv4sh/QEcS8fKB5Qc7rItFzu07QOM3wxRgvJ9Chdv4GDOtJYDSGAqEQeSIprsi0EZSItgYn/5EwX5JpIFfTyKCMNj7PS2dVtSoSqDuxMFXBZkcTZlCGYpZJsdVWAw5kgrHaCYMKwWSPkYw7LNjzTufqIQw5YYROHVun6b3TVpQg1CrIUjjckSjdorx4WGseSvq4VprK0KekTF6kAUsKXXWsvrnVjY6xOPcAleXXdn1XkdfbdTSF++oTtDKJrl6t0SJu8ccibMoiFty9nLbbC2og8LqIn0OUqEjfoBOptJu5mUBwu4luBGlxK9jlNk0H5cGtv1z+pkCuE/Gj3xjMiSpV0d+sDKyYyIyU7sWdJB9tDOfssQvMoGLU9K2vnJGA2KZRPE3oMIkTV+q9pSuSPI39Ua0/yC8h26jg8XiwPAoCXSqeSEwzWFISInUhXQhvx+6mGqBmxVK2Kj9He2DlsBB1UuoxmdyDkHdu7ePKx3TK4nE/a7tW79iC8Vs5PJt3Xm2w9Pt/HRoev2oOetPNcO17IbwcuPYslTzqrslbaFgIjSudb0Vz2TZPBGJZmTTc/aLj1sEo0c19BB7p/fhDCCH8lObhBD4Ym3o/zmDUPG8aAIF41wZE8uaKPyLWIN2IjSDQfJsGSa/otrqVJVR9bOQxqMPMDwbqORe9PxNPzno03NtdAj7JQByeUTc=
####################
L6L4+0jfbQkRXHW3ruOJOfU+kEEIhO/R/Usiq2xu5jHZIb6UkrH7HUaLAgv1qzTVqRcG3NC9Sm6ktn1bHcuwt3K/c7gLcHhBg6qMplS6fE5N3jdvBP1xQrfDExibz+ITgtwi3Bl1ZrzYrHmCHaiR7dA19giqNodMludjwaVrsA4=
####################
PzufB6u6L1U5oIjxJkHmgHgfvgOnRCDKE4P3TluaDF0m07Vl3sc2OIpIOl+c6l/GwpyZNZO+tq7kD4AQs6oYvicDwSi0m6XiMWH0s2l7koLomKVI+q9oLwzDRUC5PyXxe9GZdB/L7vtkFm2Ww9+Sy8D6UamktnxcUu0nn4eG4QAmJyC9ZyAro72nDdGm4rqsHN9TvITsTWc6WxQ9rB3NxgL+EXCfyMJwvGuV2U+VOJPMqgGgMFZr1LsPw3PmkISbeyF3gKlmMwT7rnIy7G1FgcGR4VpcYazxKICJN4JJO7L2CFRJ/yP1YB0ppP5cXxYkBNXWQSg8zsYilrXxIhzsGYZxZjrolIU6m2kyMFuySAfj8X55F2BcL+245M54wL/H8paXJ4X+S/X0ujH9IhCJojZQogNzQG9sEx4yS7xkaA+pD85zMMdmbx2L0JK8eaku20d/6dCLPcUO66GddyP7jmRyTG42ucZ7UtH2zvEwDHWLXtOgXX+ydKkR1LM0IMowkJHuvNBHE0zL5WH98t/Y7EhL8t+m4Cwt8mPcN21jVD1TgRZjqdzip0R2vdl4TX2qRdn93+LWtoTHVH2cJD533WioMDkfXTmes+Dx7tmPugByWNc1Q05MlkstS6uAR7oqwZB0OwQJgvU5oM8ASmB6zZ4N3bjKaRd9h8HuIJwp0BGvFOSnv/KmjwFnymFU4a0GEdrTEHL7zC27OtFLZ/e6ZklVxmwN0RGUE88pXieJZQU=
####################
jyzknu4j9tjPW6IH+gNvrQHraXmawODkFiDvE4jZI+0DkWloo0QOxtfnK46oj3De45pLGCpLfgHJbEFoW/Sr7oTHOb43/wBq//AFVpaUDotGNWz0MOAnGvbAcgJ6KsRzrTzmqZCDt15BJUAGBpkzsemg/Q9VyJuceKBeWDE66I0=
####################
neXbW4TE5677NMZnrwmwZPReugDONdOQ+k5HX1MwNuhBceYthZaygm/e7IOkmaiaa+EndQetpOY2/YCueYLN6xdA8Yl5G8rBHO+oSF31kk28XdOEOnnNZjwMvC7+eN04ERWScRw1wW1Vv193vZrc+KEkuU5Nl/y1VZC19N8Nv/wImVCpYFumef9kGN2SmADtkanSQJQ2xb7+rzbWmtYHQqQo9llfn8+if8hbPmoTQZknnrgPOL66GBb8nEV2mdosolUv+AtMVvpV+7v2HinxhxUCaRrHdalLE/Z+2BGRnU4Ga+D+1djKsiblQ7KGawTCGxsJHCCJy2RQ/nhfBGoh2Qp9lx6hem/R04Nr1F8hw0iHyOeyy7uWEBFUlNq4qAImOqi9OG/6zjI4VrN6uGw1LfKYRaCT1n9FRgyaiGlEGScjKMxuNji3++vg9oBsLUH9aRjluF6tDj0S7MsOx8AuKpfBPaHdyRV/GfTqZMxvwbtbrHQsqJpbjzOKT7i5esbEvFbV0Vl/WyxjdQzQIBNSA+xyth9MXf78fxvHbTrlLBNP8s/xzyA5CbjIbZbEhMB/LyDP2rCI3KrPtSM0wuX25gY9gqb3iQHHhWaBY0gdF0L5zQPraZnSd6xnKB4i7ljftqDzGoXNEgikaAlu8h/R0K2I9gFIu/atRP24PDwrygynZ5G+zOy9nY47wAoUW2HEwQ/ZdpAP89qJakYIsXHh+miIi4QR355DJ8l7Z3x1GIg=
