####################
Y+7M2QzMV+jK2OptL0/Lpj1sOjT+2tR83QVnko7e+ny+ciVe9r19GdKaNFf4kSsQjeVVcbblgCWfrjw+dzskdldqY0qADCn0ktNZ9u1Dfr9dGbVf6sZW93uRcKD3d1kWqx/e1l0UBuRAEBX/OXSHqxzzUA2ezEFO97gKgBaSyc4=
####################
xKllAx48OyQJ/BuVH/obZJ7pM0jFjV2hiIAS7uv2BWQugp9MeMTRfK+zh67gpfT+kHutMwi9t3GR7jffuY5sz2diaqpCmikxP6sAwcjKdjdlzWfUr/OkNMkxxnbXGVimf1uyz6i6F4q+v0ExP3dgplhvSn82G39xZUwAGA0FUh9rYvXk8E5jmLCzN2npvmvRtNmVMrBxU0lN5Z3tcewcwbzF/JYGjrEowPEHmJDh+pHlkkjHNz1LkFNDyd8tzGchREtZyq/pXw1nupF/nfZTYlxYt5rkZLEL4czFoB/Rgns1wFSR2i83dV+sXuA19pQ2FRJH7lzVaSol3ksz9lqt1s8xbEske2jeOO3390xfttD7eYaYj6qjAZ7MYICu94cw7SNVbLhZkwIyfhlX9WT4K7DKVmUbl8Iy9YxeaWBlVgKxVgEqrVQ9EPE4Nn9NdqYj4fDMXn3+ZOfseHKeZdLGo+dB8rIYpRFRxKFh5UtflN8YE7N3q8Ns7Bt4ud4Pw6+WfQ0F2l48gO9ym/NfWW2O5XETNp97HR4ZdcYrUZvDHNtsYH+vJDmFbJbLjYTIs5WnCI3/xfOTGPYa3dOZmAGTOPaDyaRwBYU1y/PYXDtMDySTULe9KBT0mT5UQep2wdcoqxm9adSqjqOXmS+E0PfuRuoMgFvpt4IlKLb4lmTXkpIfaAdzGcv+fl3xvzX5KWJWMzU3TQm7MeqLkTMwpGOZC16VZfQ5Fnf7NiYfMP7pjls=
####################
dUkxUPdBdJx3K6aBga+ZW+xIFFvbrjKqcbeY7Xs7bLcMI9txA1f1gvwXSPuO0PdFaWrYWB8h09vyiyWc/qSTy53pf+0cgjE36wSJcQIqDcZ1+ZbVVP3hTV8LPJqWS4vOb3aRFfEVm2/3apL7bMDW56oU0b7jkdzqzu84xyPZ4BE=
####################
6m0rveqDKoHbkfXi+eytiqU2fpCOZ+DxfNuz8m221LmOS8YLy7xp2G1C9GhCCkUOk7DDb/3B94ABJX9wMvZh7oSu1IIFngizrW+JwfRcOaIrsgwflarauG7NiZsRjUmORYJzq6djTI9efPE4eimjSKoftMp4JQS1fCcpph7c7OjO50r/hrrCir3hiI1ae+3jWomGoAxfqv06Y0QSF7P03fV6ON5HUvpY/mKIGNPVUisZXI2lSH657rwSsOTw2fiUrKRE2jwvtPVmGu/H6eNzQiTwgTZ3wq9HDLSzSIuxGUDqr5b5p6M8YycKdTOE0TIbNUd+BVkp9PeG6XHRn6No75iNRT1S17TrE6GCaZRc6ZczKHiPK3q0RnfDRhohlnNoeDzxrvFs+speoC/vojnRQ8mRcvcKUdBMZQ2jp2WCZbFqnoAn5dFjwraYPpoizjckIpqqf55ybk0ChYFuc25Ir4Y7XmiHM7AEx6dEh1127L2/6DUCUPcWguVwXIf/ORGs2h0RQtZ7KzWorw0Nfj8zB6Aev7Xn1P9P2a2LEaiLjevbsrJL1BhSr+UFV9r5ijake3j1fkbylc5dM9SaBjJp3WOpO9fn8QNl9ruyAfP6bMyh4hwwtIzsQ6kDN9vwpF14YPE/hTgScKLHXV0kc8icg5oTcNEUvL2Ua0uPpmrCSIYmavigqTCO6b6ofoGESPqslR0S8Vb5u6QovTqK9727hOHMLrNNS9Qmj3zQgwDKPA0=
####################
lBdWFCDhZ43c2kKkZG6SiMyt2eMA15kRYv0Cj6jyB2fAKsa9pmQo7TC1T3hFYBonyfH8dJzWfGXqxywh80gX1lFV9Bvq4bUm7bS6PO+J0UpwEt9u8S0FfGWa8dlmhPsSbyJMMfppCi/4Orm95yC4ugwZSCm4R1HMJHCE6Nb5K6w=
####################
ULb59vsgngZfVUjzH/9WKgIl2BBu9tOpoxqx51HhSEpOD4q9/azwuY6Mhz5ORUr+dQLY9CXQ6j+2vfVSp5hsCpnAmkb4bu0UUmZ9p7l/StoMCc5Hdf02nyfvBAkOT80FF1DdVhDg/YJ9Ddt3Sc6hxDCYjqoIjjy3NK0r6F4HYQW9oUKp1w+QTVcmUInvY/6SX3PhtLIz2dEx4bFzpiy76+NS6NwyiKa1lyYNZ79jzw+YjHzYqJtZbkv3fb6rE738STB8CM2eKGr/bHbhV6SZkEOO8XQZA3tIuNXNx0Ms94+l/GQV5Kas1nf2jgxD8WvIC3NnBGB3Gnv2axBdVWf0URvsqvHF3LqsubOx/STeIGrW9UFo2KRCpKMeOo9zJTfv9U1u/+9BOCgSkrNv/Rw8fTTRUpCJUNWLU7uvqYMQGSaCd5rLa+fexGGU4csyNve//vE6XqOPRFyaCEq33M1olvHc2gL6B/AqMHqiqY7tuP2V32LmYwmxzxY1j7BcbRU28I77mdlp31XNfyjm93kwsMS48dgibC/qjX/MsGGxbUuQLplbmCcwbo4VGgpZF8BXczTPdWntCKVtQNncXSWjMniXCq0YCmH7vE7q0TA5qjcyO9UT5s2IFZnb8SIRWI7JipD3Xr+SAkRhIXRcOY/+F/ACZQQNeiMG7tzksFrZzCTITlzeQwItis/rgv0byrv9fRQ0WGKLmJqX+kxa+yCjlV7U5qSAe4dfgNhF/gjk6ss=
####################
i4nYimSTaXPoZZq22aSiX/o/s/jQgDZ5hRcUwcJk3Q9hc6N10May53dhg2VuRZh2IA77HgDKWFmyXD93uK1KMDmfTrI4dj4MjFOD2svyO/jQh2bZBo/8zTJuW/4wubh3P0BWLiLGcPRQjgt3ZDDdMJR2oe5tu2ruGJuyLnJojOI=
####################
ImK1dvzW1bhp2VLLB4nLTrxV8r7bnPXdJAKD2aaPhBpmmWS8QxGNtEP+Fx+4BWLtfR3n+DwmkVGT6pD7jSYoVIMfJVnByli19Tlf42A24vkkFc837zPr6BFB7RZE57UMN7g8R+fPzd9lH5qK09av0NCepZp50G9cADbRkIWyu+VJvodc/PaZeO/IsQ1navuK3EZsNlxuAuaxvQOu15/6z3f5gwqTIacV38ZnmSKOewPxlk17cD1ekEig7+WZAyPRVpBJgFiG6ajS0r7l924PQQCF91g/T8FypBjiI/42QSlzLfMXbUH9KbFnLZYzqsi4vWXaF0oWui4Hcab29kxXGapy8yqC9r/SwVssh+tiLrXSanxIaWZEPJlj2HCBkiHbGXkWsKwVYMrEvHNFU24kQRVtRlCdxNl4Zt5jvobolAx2nwsNA5aM311C7qbkC+O5yWttt3/vpmWnBLaxRkpiRxIjSsqO5NSc5sbgVikGoUQE021dN2yE/uyI8jTxKsBNITsrjFHqWZVHD8/hlw73rt/kQLEmOw9JbBQpSnqxe2d0BdtZmpLnvpt0ZS4Ne/v+9Mor9pz/9jAMxlDKdHK5eWL2nbLdH7JBuChNKSk42PAj4JWE7Qw8Zu5Bommt8zgIFt2oWQm+nUbtJT1j7ArCFJA29uubMrlA0y14jNHKcogClJVpMeSm2ep71yB4yzeCYzjOwkkno3PzIJv2WEhiO0dnwixW7yAL2kbLoWcYg5k=
####################
H6/d5ejTElSUrmEfL6CLLOiOQY9Tezw0zY4DJ5GYSu2M//oTY7y5ceEzEK0Sx5nji4phFEbtV8da05VgFJC6smk0m2+34fR1GwQIv0XczbkeT7tEpg0RZ9DWpd3iEKoClO4pVNW15sGJUf12V1u9LkvYCzwkpl4AZ3BR9DPDT9c=
####################
jd9TFMY4nS/NJSzzySh4DDWRxtwnC/HJoePonuIRps1Ub19+BXsQeqqA4oi7MWkpYyEaLFaGhsfVvmO2QO9+AMv9KXgfxn41G1BTTYPBfwaBMmPz6sKixO+E04yUF37bYZfy6RGauTuJSjKJczeKHQGuFes+hJ2H2uDsJzolPzylKeco+7J+nGrervP7UAKgohBvDAQa2LBwowO9Iig7pSoOtWcVqxGH4jfRBq1DIuOQRSbl9F6IG3X6fnjUAecNjgLY0r5Ke+dOn9+jNaQpahqfVc7NpxGBb84tsynh3BwM3qUYpRAkGVuvy6y5PG5FcokN5CoItqyN87d8aLekv/P14JmDnwsyjcMaP4OXyObjADvh77A28LIu8KMazWSLIBxIOJyAhhP84fCS3mCSO51v/QPaMilt1j4nHQQLQkO6nNCMb9P7dlnVYNa0OlTW7qkXSebyq7cM6jHq80BHzTcIuEAzceESY9jOSUGwQeNQyoavAt7bL1R2vJFB/+zSQ/MNUTvqzJraa/VTm1enfLqJ0esSc8emDOh2rNB+eRNZiWG1/UriyKV2aKFLxe2pzWDxf+rExAYqBfao7iPzWe5/3Tr/ncjHh8uRQXHq9OTueAw2JUm1V+ChRXGvshMvzIcuJN2IHtgka3nUJ7S9b1jfr9uz+CwNCC86G+9VJDDeGl2LDgvB4g950jgx67YtzRCt1pyBYPURVEXiIweSlDzH52X5bSJshpw4ELhDRhw=
####################
kkm+BEJWg569+ft+elG6VHpp+iLh7KtUBJAwPgvdxXNI/il9W895RHOAq/8/4qtM9z7XP9K3n3xc5U1PUzdJZKynaF8hNteCRnfgJ91HhAV5aAd6Uej8xjQ5Bma5+tUbu7UMFTv7EifnEfjfE5ayy2/kC7lrCNhECJQ3nLc2NEA=
####################
doD9gllgJDup8h3MYyLATSlhiPC7XLVUrTwVKh4F+ZqxYFbB1w8dNwR9ES01N7ROVkXqS7A0KV2NFdOjq/fvm3uwEXV50DX8YiP5oouGk2qYH5TZp5QJ21WFJ8X148RIHE9VGb13oHLR3b94UBslRKGDt2qFPSpepfJgjI4tV+Qfo2/GjicVr6owNz9vIMfCwnyNfclc3WzE2dVgknfpesDqJXLDUHoi53Idd8hczCAtC7fHAsioOB7ax7Cx+c5PhQ3mvYZjEx5A2g9cWIMW5NO9tln4bJeLv83F22PRne+MhL/fqEcgS5z9b3QjbdZheriFSnW62kfh/u9htRlaz8QZtyqqSdjri2Rq21z/+nlLndbaq3PovHRVceXkxvzq5TChpiwL6gRDfBuwtsjX7c0Uz/aH8uK+p9Fd2JAE1TdDm+2/vPDnZ99u6Y1B85rSErFLYd2dx8erpZ4ATGqmVSySbk/V7iTCOCv9Of+QqDVFNGRwhJ55XZrnUUP2rnrsfMY0YcakR+OKLcigulNJnpjo7yINTmw8pJsxWLBZh11zG0ABhdhil60VTDAtBGwB05s8olMmnpaeLtQVrEhzUbVcEqS/CVyof3BFgqwrBMSSCthX32GEyWGjte6T89N61kRis4+zjAefHv2bXWocxvAi5cytS+WeT3cENVE5O5oscUIStCJDrSAFxQ19O0rCZAWUiQtjxeX5QXVweJ0Hkn1qOazVxVwJZcpF+fDq+eM=
####################
LppWBHL6mjg3ZUvi4Xev9hwQ6MAz1+FH3kxXXxYHeXwwyvhble+Hx8t8b/pVyhhEow/XkMWYMwYDbn5P8ykc/KbrfPJrueO4jXjZOygwiOOxLhslBDN824VPwAnhubGQLimZEfHnwhMrjxVS4lCAg/YkvoKGRvUUy9t9yiyEEfw=
####################
mOzg4ElZbUOpzc44W3PT29o+glveg6LDp0oO/bdBudhV9lbR4zA4r8BjtNNqF8EU5MOsCXh+hu6CxDHszqcT+gbrfv8UIbtxImL+7M/IqIiy5kt8V2nBUAZ4KcryvraXZZoCUh4DqlCdCN87gAnS8eAZe+Huyk4CvKBE2tGd1MxHZ0UPabBVG1+DQj2ZDFpJI7sPgBFRBsa3zeCXXQQyCYjQZpoy1L+hFVfy8Qud6vc5rFYL6P+HUsj0xHJLhefjweSc2G93iUmmfDZZ5Kj53/Ps8Ca23C9oEM0bs0urr5hCbJLvyEseW2gA+tP0T9T3k4r3vVvgHobpHDjHOIStE3ofg9us3R3DTbdet8pOXY2F2tHVZL/P/+tgs3UneI+NlvpQKV4e8WHUnIWcmQLnom32CXEq+UJk5dGCGVUT9fEt+rOnKLWpgK1ixFqVVFL3Rxmg/heRDXqUWFDkwbH0q4p8oRg36z91pXdQeW55PzO2L9pB1ktCvm5sZwwP3TbMbKCUfbUdGQEgtlD09/Oz2XNPTtholiGdQEpYDZ5EENOeUH49pg4IG0DD6MMlEWZHBhmIpFcJp1S4T9bjMQmJRTVjiPgyeeRVQdYzb0A3dIDdwgNtkUxgEj5uhYX8DPAlhEYoC3RBBu07e8HW33LkSotwALTo5j3C9N1JW1cXWymAox7g3jj8G4wdVS1Y8XjC44H8QEzfaZPQkmLlD+okJtpuUKNkbvTaSvGwZJ60XN4=
####################
LwfKtiR2m0OMxRXVdcYkbB+FltLylOnvSt9Nrpk9Wt1y+sb7JvcwqhTZx3MnpCTobFez8e5gGqMm2TIkdtG6BljgYGaZWpLW4P1fP/Plr6/PvFlIxCGKgvnWzwxh18G7SCgk/frzBw97IwtiFoGTH/phFe5GU1A/Cy7s71p8A90=
####################
hHyfU8k9xH0zhm31tHfKVu0LmUFxFl4vKOMYDApdyTJAoz3GMkL1QX2x2y3GWHS1b8TTna7Ozz6SvRq1bnlYkRu7FYWLc7MHuUEEOKOrMXtaqNL5RL4mB7XwXRnoY7xGQSiNkowXAXq9Uk3SRPnbjWurzJs9TPDueju03SdTglEo21QFLRLD8emBuNcx2T5/OehxDng2lw/BwCsdbvwn90H8BX2kxBSI9c3hImQ5s9kCAvQgfnrD0yu4CdeslG4naDCSYPWRjag5CJfgqon15Wttbylpwu9eQuEoN4jALMttDtKr55cb8wxRWgsTua7IES+L37UZtQhn/dzZSvKddkuNOTFlgkfffAV9jlgVuq/+5Dw1O8qmtNFxnIzOeX0EssRY0MOT/EB5YZUI+jK3KCP/FE9EQ0ztq5T1e3LyX+d+UkflRhHaksEFnPxCmvZ8PLWsj3czNlBBcbrCYgNCF3coIVhAIx8xvHS4tdFua3foTSuXcJdBf56pJpnSgZAD4Bl+1/OMcWLa0uEJNOMxkWEhL4WeIdLEDIZoXb1X1EtGZpfIXq+RbVlfFA9rNvwJcL5OxSyZ7H8z6PTbExFwsxPFVsEoK+rgyf7m39EwO1pIXs56qCcTEkwHEvXxdmr9SuFIPCSHP7q6JDEUHewJ9KbuXVTo1qmHa4rYgMu5VYKAzqK3GVOKmhQRslIZ8jNMhEIb/EfqYdmoBwKyNlMCYa1i/9kI2i3SHWeYCUEEY7c=
####################
D/DwQuPjZ5Rwmq6WfrAp6K4F1rcCH3GVq58Lj9Zq6+6EPMno0UFK9uoIWF6DPWf1bhr+dOn0xsRof01XeyDdrYt/FEq0Sj6K+pf/oFmRdGMG8n3rb1N8JC0EGX+k91tsYik/d44PR/fwR+cYZ8t8pvcxqNE1O3sqVTp5CjmDovo=
####################
e05lO/8GFed9arSYvJQ0NhecHoRkoz5akxyQkADZdY+qqtdH1DjKbP+yuRqVlToO9TDnYVwMMOS/aWJEn5MC3PTjH04qtnf0x4Itxo37KPlwld0VrDySvOSU7r4GYcyicbRJ/nFNWOUegNXLbYb5iuLXgJs0LJ1ZOiRU1JcyauHjwYf5k2rWzVQtDEZ0NYx8EjlHC+92PVePBc7mcXD6elTAuQw9XNZIPUERRXi63vBkw+os7yxrOndep6pTPH/Ukqc57IuFeAqpYjZoizuQ648bHU7+BIYY93YV9xvWPphAUl1+CuCTk7JesxwPpkJNAtLXOCw6usWEeOUzrK9on5Na6lLSowP/ULCLoYl66tLZ5cnOWcjzSg21cOSmX3AQZmz77Y5LfHbgBYct2xMt419O1cth8iMXipesZSm7ohzm6csTGsXivGnouiQxSxGP/H1m7Egpcb4J6KJwEpL0OVV0pQJfB2x5Jr4RjdPkQ9dS5/PvgtBZKhTgiA2bKbAq8KZyqXw3uHa5/CwWCS0i/JPgpLxoK9sqYxpMSH28Ml4byOCvkz4RUQ+kNIizlzaEC/O+Wh1ccmz6DgwcmKn99hIripWWuYZLSgrvn3IQZbOIOxsgCBtLGZnf10N4kcgYjLlBMQIwnWXAR0Kljtt+EcD0n7kO3wmCkldPf2rNv8W2U3VGXYWcSnDuO5xFPWxrfX3GxeFhm77aBt8/9p9A4zMQtKUZCFqs3Me6VKii05w=
####################
dRPsOwHs6FF6z65ZSYHi0JC/nqIyItyTYTqP4Ia3uecsC9043KVPEZVdbl/5QzUn8Jr83//yBEOD/WLNqwTTfLf0GsGA+lLCzQ23K1zcyGbay9aWzZa1GrKXFUoIv5KaRCSiRLA6h3hUgATIHWrtaP6hye4yBQ+XHi5lXZqb0Tw=
####################
VNzaSEYVmMH/wUYd8LqivabRV9oWIHQI8Gqt0d0+TTzYGk/mnir8NCiqBJ+946+VYN+CpLUuEuKDR7LPZxMQ0RPR61oiScg92NOBCAkUn8DM4ekHiMoBjg1SyuwIJFiFD8XaLI9Z/wKR9C8gVn4KlKpEbm82Xbo/tXUnQjd30SC8neDvSE9DVNqD0uzR2KjlcNQXUaFjUt75DDrsD73Ru/+Mt/H13VB54HqSYBoZFuwuJI3KYryrAa01woXrcEK60iMXFRW69dwG7DM1OQfoT0NjfgloxZGyo23g1XXrGN0CZRPo2qDx2E0MJYJrHlMfj1zoahp4zWDSDrDC18DWpe2Bu9s0wlb/EC2P0J0u9RpQxITQ7Z1ZFO0lfRfK1RC1wnGb1IW2yOMtnBgJLRrZOFAnqy0T419XzzxfNCtn3gfgswf/Io2gPsdT4OTTLY3LuXKhSQM2vFG4doAXQ66lgkQUHCpy6Aeial08swdNM0t3CDNxdBa/HFbGz3hbNz9JwsxtyM5kM0cazXrGgxLHCMLD72Txbb8Mxu7B76NYfoXQwmhbyD86kCYbfwtGvkaYk+k7KiMBqoy4qyzBUQx91UT/RQU4wxxbMAslEZXmh0kpiaHEmEYPxyqr5ouyxBk/G+HEbwp3otQx1kL1HR6wB3MNX1e6kDZ9/keT1MQT21iIoBq1qPFSh/TvvOnq3beRcEll42J/WGwL/WfQ/ddc0ztKFC42bA7YJlkUx0/fdVQ=
