####################
CTzmHj5dl6EdCdMRBjv3I3+irRsKSQrdMAfuJTmn0cTl/NjqwmEcUL2v/2d1wb37Qil2xfPVqLr9Cedr5vLAaqCdX8T49SAVSDbKAtc5l2Ar24GMkVkfKPqGVYTauL29GJTb6gIt5cr3yjOUHjili5XN9/gNUo/j3AO38nfUQtw=
####################
6rRxt9cQcz8YkvgHhX6yplwTWw212wRxXWpqW/5TzPAEgzfdvh8bHGpZL6wD4cTJyjnZsEA9gSL96llEGz3Q5s1TcGDx9d+znzE49Avt8HIU4eReX7JsmBfl5jNnBfXTmX/xHfwWFZapnx5EEw4/tS6RdbQoaSeOSL4DF+Q647NghfZdaFihVwvL2JvWlf7SO5sm10XpTTq1yIY+jZga65hYlVjKFr4b3mx6XKAmWQ4lTF1NC49Bwz1t0DHwbX9fLNCxdGy3wKanK9+la06ttN8T+i2YzCOAMP1wTlh9WQURMyB3Jm6H7237CzHYkFKdHW5vm1CHhaEDARmZsPFFJhI7+5Xw5rCeeRNlwTBKQ294MttB0DJPsGin9qrn88DesAWXzOeefbzCu+z/ZVcROMBgosm+w0HVc9zxj7e0KR58X1D5XZrzxLRTc5DXql9mY+nRjDOxfSmh0DzIUHWiwKVzUQsjpPBVY958ief05bAkfo9KAFBWjwKQfEBCZVwl8Fn9hgnKRWc7VZJCGxnAN9PA4Hthe/WfPO1swI5AJnOa8a90/UuCWUaVjxDP2imHCHaXWUiE+DL3T984V8mOLMl+A0t8L+S8GID34GfR/kMxZuKlLT4bkyOTFQIlO763Q0OLRZ30xmXp08lH5j+yv6pLCWJGs5uSJyLbF3KZZ2XjQBgOvtr6Cec3X7MuZ0VyXfZZxpLtPGIJY/Abvf137SOdY6ttPVVCbNKURF6vNJTOCoEv0ia4xGJRSwfWo6gChtbd8MMB8e95mGzu5fPtyewMjY2tluPtZyEwyvX7AS0/juviRadh+4bXyNRINvF/3O7Gfs8NYBHEdOnNu4jNr3iTgdn38aeMS0g48mBbhEUhEjpyvC3fIe2SzavZ0RAzAG4Vhtvqj1RpDHnSxl7CwA==
####################
HbG9LI0mrdXeAzteXlp8uXSNFXFSR0lM2qWlHSTw3Uh8AQJMEeQuee8++V7Wt0F6vSvBnILqUymBWy40UbDH6eUFG7EIRLVkK/+hKLockQ2O4/MHprINFcnkTYzAmvJEeW2uCuQ5yd7MCe2r11qHMQ3XbcpGtkPM92f/xqmM7/g=
####################
JoK/FHjwH4cDu2bYlMWPHbEZdRpFq9gYgedXkQcDPyUbiBIfC6i5zfq1X0K3TijVgJcp67cM0qMVNlC1cr/hDon2SCLWKRqK0yN72DSNFcZ4zsNTj9tuDmOXuSL8E4b6/8RxFYe3nw8iehmVeDlNicxjTb9JB1WuMKBpczIIBH436iH37Z11H+4eYuZeO4UOLI2UpSWvVKlEi1T0gwNay+69oBSYwWPspkdprU4jzdjN84/T67fL6M250rgn6M/JMp07wS1hIZxBbkQr9Whv5pYv1novB70tu4lBgUbcuDl4uDTEucTZzAIOZinfsX+uNYQqsctjQMqFfQyOVGzmPHLW2FmOHVYJnHyVfE6sSdRoy9vtOG9wwkUT5QYsWC54CLiyP8S3jp4rUv8vcyfoy6vsLww4ghgWOcNzxaSOMdfdvJHcRf9WXv8mDMXB17Ws6D89YzihI5gcZ8upRMXvLb+VL6f2g1KbeG9kQhwsRIp5gDp2wSkjZaJQIGmxZqUxWrqxIPxX5WA0WINDPyT9Mc2bKA8cTALmOLc4Yz5STM75hbOmy/nbcaEbKGYMftrmHEUtLoBG8SAVuz0pISH1LarnFUawQmsdE/cdJIW1sNiAtja1Us78nWWUgAZ2HgOKczgHKvkde848ZpNIr3vZqS3bwyZP2rFKz0lC7FZpKXT8X2OAbWO8HQfVoKxlNbQk+LTCnn7A45vg5FpHYtyYoP2xYYcqIFUtiwwFDVfjS1IdE4Z/t0GVWqiMJysOoGv+xXWlH3NLAmVaDV0JauxHAzzUwWB/8O3P+8Sgy3hKMVcN2Gea3atuQxEZkNWcCGG0DVSjCjVGpuTfJWVZwhYNOoh3jadzL/aI631xiCcvxtsOELpT80Yx/po3kZqKx2xJB8YabgBC2yKVa7RKVOv8Uw==
####################
qNWNSkQA2FKaeSDlPOgwZTtic4y6EY2+a6jPkIYOjpmvuGk6PvsD5nscFHKSS1/OehYzS7v2TahPuncZmRSykppLcYPJUV5wbZi+mP49IYg9CvSKdYA9if3DvEM9hOFvRnX3T7fk05eZ23Z7+JhQkN+MzIvYJDKgycvpD815Fww=
####################
coUgod7/SAGcC8NhtpAfh+Dy2sYDo4hteq3pUPqYi7jJ+4LfQDWaUFr2lplV5QMqZqfxPUWyw/A2ENfHI/qw0z0q0wczGjD9n1x/btqQSR0aCl0RUsc7nIaA9KMKLALkFvIHdZB/Fo1FI8BY+Cxc7KXfGaH/bBKdRmt3CkVxF1wtdcXvukuXpble1wy1lMigCAfforJ3k77tRTqO5wy+b+gRmX9u0ecs92RTgjux2Y3xNcBbNOsx8JI47cKHpNmRjEYGlZsNaS27p1j3m/9yvUt1ekMeBXYNO07kMANa4gihkuo/klXdHbSJTt/ngLjvlJGyT9I/RTRjD1wiZfQ8vJcFlCIzkS5ylzNs0SkdNykpJY+kGrQx256T/FTdwXDe3K+QPcjsruQDUMJaPj5JkfjvoGtCVsRLF6/pJIgJtBD4eyFNFlMYfV7mdPtXN0iWRe84sedfLLmIbwS7FMmhe9FtrtG6s+TpN5E2Q3S7PP25uvLbXJMaR+x9E6+1XncTsUG8TE9pvEw2bGMA7Uih2qjRpByt6pD874iq/7CGbe0l8a0Pcimqb+JmEsYF1O0XiOEhVk2rGXcbrE0QmSYaGUxsdRMPA0mDJ2wi+MfRuqKwsrxd5xQH0gpSFxfJgSl1Uf4FMKegzbqv178tvcfkj35nXiUOrKl5vA/qS6xGdSQMs7D3N5UPt1n8mEG0KSuOn0jJVcZLS1LGSmOSjDKstksd/zRz67d6Pousdg8UDhSCxVQycRWAk94YNF7fvW+FZ31I1W1b1Z3I1w90KvCSeKGSw2HUMRTGbSg5mEeOJvRi4jdeV5tus5DC6iY5ZgPwcvvQVhVumKAwAucVceHeYoFWrSjnAGlKcootH9+JzOaqunsLOJenNYSCXBmu576a8YwrqFO6Z9f1ZBjFxBainQ==
####################
GzrTW/VWZouM7X4MeEZ0z17/xqY4nYlPwyrWk0o39uDqRmBgMp88x1IrPwFwnaW3/KuCMW2wkLen/29xVGPhksBl1617RLBX7meO5/Trd4Cx2sBy5n2wrM8f/egnfZ1Y8yjENsiHcXRb/64xxeHZfosAz8FIBVYkHAs0LZ/UG/M=
####################
CNIYwG+JSGG3YxLNIBw/OE32O+m/GumKrGbBiClNBvLaQ6PbvcKWOJXHc1kS/5m+3M5EhBE80EYISTbUDioSNC5iguJUt12kkSGretB9Fln0kKxPxZU2/dGlDXScOgu9sdIkGRfDHSwycn9qc2iEm8sJYBzOiyrLKHHudST5z1wnn311VSBn/jzxDpAD/qdooKJqNHTViuVRzdWgnF1ns+47qkTeyb+RtQ2SmYwba/8ZnrHGy+VBe+FLzUox4RXEYjNdW3qCjmBonZfrEGODLe58LASJNMCNaDEOXzdD9UbELDbXG9SCdA/lL4GFZ6ExSWBXy7vUVsPQiOJdD/zght32tm3UQNoQ0+q1r1y3E1cGgREFoEAwKqsQRco6YK/a02oyHpwlTpmO+VYvoLcCSWCuRkxJLWvw6yDoZbu+mWCqQJF3e/ce2l2KqAwFcYsx0uRcvlw+NvR3k35O9ThRDMpwY5TlI7BTv/BOP+xpPuimh3e/+/tArAXEXHgDz/6dWSuEJpdzkSrQcldEV8ZgzJDwkDwA9vpHvUFxd/dgyl2OFgkmGo57zl/MCH9plYXZ4m3gZ/5VTl8wFJqNIfJyxpYHmf/QtCjXVaBvSbDtZynbCSrrwMfkDtyNEP1hb60A5+59thzxj67oxHgFXZqnuxzXWP9tGKzRj1ozXLl4UN+tap/ZNUlTpIgaX7YVKBe3G3iTMHkmYrU3pG772/4Fj14gcNONcnJkMcvEl4O4O2LbVFicKB0dHsHXfPWYDvlcQLb+yjEdrRwyvUaSILLdL/LJIVHmh/urwI5fS3EZtVsU3rZp/oPyrj3rLXXBKj0MG1eADqHYrfSdmswUXNnGtlzk7M/Y4kJXV8ckzBKcGzSdZRycuUdlBeBv2aTkdQvs+2oPA0QC7fpJ7Xi9nSY7ZQ==
####################
O8LqBMnh30jymRttuWjys3PD08sVAPb6OZYcoAFK4bd0AvJPrS0Y/udW31TMJkKw0Qay+drI+DFQna+2yUMquN5BFpIvRKuBAfCL49amtQMIzoUkDrdTWH8zOQ3ePfoLRATVWwiap071O2KmNkAVEl7lAZsKWT0lrS6q0dAypjU=
####################
9xIyKq+X4OEM5ZfNQou1e8WxBsJ8+ODWGG/rDxoKbm0aa8R5bIZ2UlpBIsFQf64NDpORdHFfITweZltACYAMQ/JaDzPyBsoHxy10zIMwOTHRROVL7pTZDEV6Qqi1vG2TagfJICZk88gnVgDJX1Et/zs/DtYFm2Ipy7SmkG3jSoQJWFGyJAqojg+VI3fLqLfZB95Ge8Zoe+DcOtBt4BTcclbGwOP963e0Df5YmauOeLD0xoHZCNS+tz5Ddofnkq3kqjfwe9UjTDOICv4bYnCcI5eSFtZtoAULywORlm+md1nT/rGWGr7C9++OvbkQRZIdE42rh/+LxYOSxPpYA5NOMWjL+OkDyQcnLguGS0fCcLY8ZywL1Ta/GIKCBhOF84Qr/lnLl1Fzx/GXETBhnuz8NgmSqLg0o7SpUOGPmd1sqq9laReuL2i6a6uqhLF0MimQZtEvDAJYy8Vx7doSA6Dn6y6svFtdOlOriax8bQfw/uXgMAlIBGAAApOauB3NUAXPNhQp2MwHhlcDATNwoyiuZkMNOsfwJO1SmlmHjCDaz6LMSXL7RI/4q7bQmBNDqN15KLVkxwdfCaD1cfZlxRKiQJwuSGJO5P0MLLmX7Rf9AgvMscA4WGHuHJ2MbMOTwId2ZWs3UmBzru3SBpmeuIgfBhjDZZnKD/m/btq9/9PTgbIrPS+t2DJnwbDXC34AzvV6LNAK2rtbPE8+7mp1DfIrREYwyoA5deGHqcKBKfmk5VvfZT13FYSG5Wose5r0GtlE7M2Ex3nj2EfHx7WYdbJAHWbgMi1XIYNo2sKH0iJqC+nyt3pwzDYeyIlIhaLTzDzkoEuKylGjR1LQNFKFnitJoTS/IUapKZStlmfybf6p0E/4DjrwB2RotP+mJPvmN6tPGl1omCCSoalVyR8sPjXp6A==
####################
Zz0rQkf845X2/GF5J3U28NDKOyBQtAbTJKzqIfBNZMRZysq5+aSwDOShpgy5/4aIRgpMaKEt/OB6Cszfqs7ooGVTkkCXgbxhrPC81hhZRa27gayibQaWWYFlp+vrXyPJwpz+WS0TkMJkZFvYRjlr4CYXRMCxb0O1N/5I6I295Gg=
####################
Y0wbm07hT8sZT7glpg9ajhUBDBGl/5tWa1sMfOsUHE5hx7FLnwXmUa1X/qrS5pTdcjennQp/QbeNfsClkGnZUM0hmmBCfq5RPcMbuF1ixu5Xz4wBE311qeh31RfY1dQjMRnR6rLj+CHVSwTOl0rE9C4piLMNsykLEXIu01hcn4MJntzYVghb8q0T287++QTscx4wn5lokmXCNk+uvqITP9r1osfSg6ztK7ahOAiuoUI3Clbtt9VLYSztSuW/Kt6UivqKO1YuwsZjqYgsGQgm13p4+ly8iBP6QE5GQKS+3Okeg09v8qporFIxQNYvTgp/wFifIG7YJBPxk6j2PUL45ZKWPRKPsIDzkRfFRdlQCwKMTSB4N5310CThnam44tWVBewKseudzgKIwMCk+RQvZCMDPDWCSz/bfXF+OiIWM7+UWECBETuZcuBwB2sKVLqyhAzfEzh91tLM8KhZ6hVpLmLJttrhG/wFK/EDisU/7dhlo4dcB8f7aIVWzHmKBEPl9YgdqRKP2gdonYRSflGnW4oedh2B5hM4wYfcfyVkRU/mqCOHLr96IbkN34MYQjqdcy2fmEj4sYEc24KGQddnUqUFEfXTyCju63noZ5ZQRdNQfHob+ugcE0GBySlpHhqdbfh024h3N1k7I2SzRe8wYPtGvY5H045f4MIQh1iXijPYwP46Vy9YCqM0mAO2cTjriw5Sp56QOP278jIGNarQ9grnlu/3kWGBl6/xt6shgqs/rHB5czb6bmkUPKXcrvFzxozpL1x5TZ0vzJ3gy4LlGceO1Fz5Q6xX3r8iRHHT711JHxqcdfyeiXEiiPMEWcQWAVtllfx889AfFzVaRxU9b2CZbbE7drqNYcLXorONHLwgAuzfKkZpbi516Vbm2ztT3UxL00Avt0zubXF1VkRafg==
####################
RJ9wXR5U7zJhZeWFpYSxhileNuUpD9ql6B8HVshEiPnB6RwZ5azTpVEkNO8+64BKrMExHpxh30Zhi97fgPGZpMTGzoGu180e/vCJdbXlJh6BbFr6QIS0+yuNCUM7zgCxi3/U88AFh+w99kMgUH5zLEL44mIWzbQkV8Z2ijPgTxg=
####################
WokqpbEcYauyZHo/55d3cDUAZbsz4m+lJAJfmbIJw4RrI4Lhw2Q0me8QMb5ljKb5MVngQ2X3PVduJ90sAp2/7P4OWXJ5QFXOjn88Vh3heyBPslsq6vtg4IMS+X0xUwP+XlAPpzVzCL+2ESFwEQQC77JDEI6uecBaeLS5/mjdot69pEnCFDagniU7OpES/GfMMcoYmNFIGDmh/M4T6XP6yabI7wGG+buHZGyjUAt6hr9dStmKhFDomI3cpramJ7YaSi43xf7/XT0PkRuS/ERO5Bi74JRic7P0+D/z5Y2/qIgb8SmIPfm7aDB4orRII07uPJjejEfnufu/VVGlw8SqvOLZsUtu0sv34yEsTHtotnrWdYzs++KXcsV+ii8uzxYB/mQZIlfqzpAwMEZYF9Cpi3vcIKEbp6SwguUto3bvixG9bXox2OFTsxQdpezBIE5WI7dcS/BMCS9mCKa895jIsVLHhZjXMUMzJve+qCcB/2X1fLvKsCv/ADk55NnpLjsi2CQ+6PPs6LFtQ8WuQdClz3b8eyst59eqIUl6fVLxaYTvYk4tg0dbKVUP4F7AEbH8PfKQ+bdoI0Zw9wNGdeowNgc3ORcviEYNvRDa8KxiMTyW7LgDi8akkLRBITiM2dgvflQjej18XShyNLtSq10UZihO9FTfv8t1VwcrgOrJRF7B0TNwjxgjLYz96HiE5VJfgDk6qpHMh0bpfG7kqXYXBxo8DTL9XlrXDV9MCfMgEsLzaZ2IUqWpNByErgKS9i+2cMoOA5TIUz8ml7nk2XMIEb8p0iAEZOQ1ZV/OBOr7jKe0A/C2SjTn86yyeDusQs5u1RVnO4H3TgJeMftN/cpeWqWs3PjlybuK4QwLg2YDQP6U9BWn06Cn7m/btYGwxUh9mZIdDxHYBvLDa0UGRn3iFQ==
####################
lwTvKJLzxXxtg+PwYlUEZ3EmHr6kxPNmu3U9hwT3I/wEy9seUzx99x1HmFYy9MUjsxQXx95jVlSUWWrPyYsub+XOZ1QOIPdXKiCawqxJE2sWbQrxxOiVuCMXM09i38eIpK26/cQrDfft/Wpxy0FR9SrZ4Zii4ehHOsKzCoarGn0=
####################
btwWYJulXiC0pi7LkWGFyvEdAMBiJ91S3YS7C94Avqhu4WRESEaKQ0xgMCZxflhz/7Zlg2AduH7WxQeB3crvH6w9PNgptuzOGMl71ZCPoTeLXLFphFTM4cgK8stfW+bXlGmu+7vIvJsYLe/LedjKeivvfKcsCKynJNs6r/WbE4KZjsQE9tpU+xN85ZZGcNMPIL17zpd4hSTpjiWW8d9Oajx/GgehUpzDMSWHa2PvZ0h8qnRnN3wiCBMsK5nlvqNCSU6tnW+rocTebiSk+voUI/QSOKQe7I6xt8meG8bSOLAhley7RYGUQU0tp3itvXwZatM+OGrRpEZGbFtWEZUBcIHaykeg60klJ24FyDgd1/woDyhPvg0DzJZr0coCa2SdFWntcWtIVXUSBmMXedhZ4INSeOHMmw4rEJ2MjT0gKSn3FerOtZ7OQaXxRX2owvYFeG5ath/u55/4pmhLY2hy19wSkMnZoPHFXLaidmXex0dSGWcM5ZIbrPPMSGgTR2o7sgcivxL2GDnu3mi2hti3D/FXs5NGdxv8gex1NSiNZDBvUyzwnUvLw1NKb/Mr/abIxnrIyOrDbQzPoRAFJsDlqqLh5mwkuVpqTrKJp52de6kJzw513rw0l6FkUz279CVWcUcChsdOslcco+nMzu0NU3ChjmGPOBcbTq86l430LgRgn6ldsSqVWF6TRvXlzP5e8QqVfUXyufy7hK7jOdTbEqmeLqM2/puyxYn9/AF8/ZaZL14W515Ecnwb7VtCbZXt31ezuG7kw5QA5HUPOtjRnXdMR+hNJx96hO8RWQDd9DEWN6wI4d4BgP4Pkh5C3lwGGm4TJsZdCzS3tiWnqcE9MX1aF9rF3HhATWISCqNJjpFfh4x9bDHqDq3eWL27Dq24brdp4h+PoNlnX/c1uhcRVQ==
####################
PpDNapXKJMWRmFt6GtWxiASSCHWVMKEw27MMfkgQYM3h3f74CcEeKBduE5FhOTpeuI3Ako17o+tQpR5HlPnbLSCqsTpgYzq/UmrdDcwdRUHnn+1y2GLyt5uH6DtQwGkCR5RCPJCVswxk9ZTcon1zswpfO6WHqkvUeMaCXUUPs/A=
####################
FnPtT1itdrYtBj3Y04674mMgr6l46O5DzneGdVp2MS84sfZq34VWpcUr2RomGQXZThSJbTj/dVuKb/lo9eh0qeaCU8oaOlTwIN0ediVTOH+RwebWnzKo35qRwj4ggVnqD0KfXP3nWiaOcC4T8qY29etcn4jNWf1Fph3SCG0nG00MrJlS+h0LNqdU8u7NL7lnHGtLmqgCqpboeH160AzEm/CeFX41JX0CIwkjVRDCW+4ET+Kl9x3EYXEWag8+vomx03xqExA7ZgkgOKKz2FQjYgcEejG+hY7MoRb8RJlQrUDzHTwcvvgzcHEbDv3L+HxI3Yx2FYDm6ay1iRU3q1QDzZ9VkyD1TQC84Ml+AXqAheF9kNPIIkp8YfKMjue9lSTxSF4j8KbIdmu2jnlwFz68WlYIHWKbX2Loo5fJyuibTcfrWXGO/FarMtKc4pdVBh0VsmXGoQie12gwsq9020DzbIUeGI1oDr2PKYrIvntGJ38XyvO/OlO+yztgeyp/iYaAGCyEYSgA7RFL6wRTzMLU8P4nAwxKUn6AXI+oW3FDBtOJ5WjkAB3Fj9Ee91tQ0brfRT0MvuwU0tRglDo47WR4TAOAJLLh8RaV3GViWnWpPPz60XF6GbLozPW7ay9wvWBAdfJTRgN+r3RMp1o7jEepCtQ3cfADaVBQ63Oy5fgPLDxwNC4IV5mzVcwGlhLrOKfdrA679lGWCIdslixaVOMWXiIKKFFbDiApePe6UxQ2Gog7/gK/PW9DGIqVMZQzJCWJ3rWiQe4qFtOIK1REptgUEiVCKxgQ7HvaQTYYgx62InNzR/0dsZ+vFO6x7pcyRJUV1/U1GJU1I6RidL7KNJ8UV/muXcTK6CBKp1dhasgAHkKGfKES0JyR7NcVBXYtiofJy5gjFKRM5X2rde387bV+zQ==
####################
fvRB5Zw5qlZZ+vNntda3JkDl3CJMEtDShE6MILHERxkBTe8mNio5L1xrhtnxz9Mf8ZqfGkcxt1ZrbrqHCpNvPTImXRrOPW17g0JMpi8S95bYefhg0afoGK7us+/pNq+RUZYEbFyoSno4VJcd2z8o+8rwsy9a/tihchK4LUwEDxM=
####################
hEUPthCX4+Nq/AyLr38tiGT1gwgIFhVf+da+nUOW7dKhtgxoEFHhL+trlEZxWoQ4dDW0GtgRq01tI2hGmQ2W1Ud0GfJrWaJqKLVGJjEMpVaBg32HmccXJW8pCr9jeTG+UbVX+00ywI0+oCcv04nMTFnvgxt/JxPQZCth0HnxjwM1VevsEC5kI4w49gzm/t7vgGWOxnKtK6Hdl39m5cZDN1cO8FNTR47dmH2RdfUS6QrCwREDAfn/jNFIP/HIs5EcmQDgG4BAmWQ5zZTQ1IkGON8DHc73JZkT7SU79gsvRMqSzdGNsr2XIOvhQ9rhzIAI+L7r4jnPC3xHbQI+2gjmo3LP9vqwzE2pOBVrSzh98rVbCqITceIp4Kmfxsz3Wh0L9OOHJlOMjo7deK7s1BYmC/60eVro+WVrcmaNpi8kh0RQGxDAQaJKbDuxcQRDvV33kkG+wqnxQVNQHEimDUEtp8FPi4wTobkjMTQlTv+/mbxEcebkHdXefqRlp9RgNiaa6H0Ic/v4IbZkl3ejWtypt1/mf3HknG9m4xgCgnOmKUymnF2KzbglRPuh7weap/PDQNGdW4FVcgj0LWtlaLwlnozj4b1phGLEHlZwPEpPJeO94Ncfh4LmAowp28SIVs6xgVbnC3A9GeOxWZCr9CdxFUNnSefSYMcuc8m0MSvDc3biYM4rWyCqIxyWRoF0dgptFDHmyhtxmfaz4lT450Np7e/1NPwYDkpClysK3NAamupPts6TU/oGVnpqb2H/mBkq13525Hh5rR3ZABNwe4flUBKhJCOnPiuPr5KFXJQ2ohQsFlouW5L7TDPaFCfEnt/iYiyvxgp7StSw/ScuCF1q3/PW+i+5/4yJXzNYqi9SGDyaSFRHYOFTBoMwGLmazh/GjNlYHEpbFqnepiGs+tg0hw==
####################
NZWGvn8bgg4Wm0B6Q74tIEMg1zyr+XAO1HL4wbHeRIKPDvYte9hZKkJiqGluy4cd99dVzXy789wSKa9bapoiqR9AXELRtSIUC+NSK2jlCMC0/oyBf7DViIACdYPLaS+IVoyCTPbYu7q01qpaQazoB/Dchgjq+TdGjPuXJFDswVQ=
####################
Y/wCK41/PpIxe1E/ujuTpEzteO8pzu58WbMZcC/Hnwn0UGNIN4Gz2bmSla2eC7suw/4rlLXaBvAWvXFA2Adv5h28SwPthZ4xhbDJKt709z1CNIqh3qFBdJGvcpaNTQglLMl3nFII2VErufGwrXIpoTCkHa4Yq6+h63g7VcWIiPXObf68Rl7qGsM1YezW0yn9prGJ9WBcIXmvwWTl1yhRdOnMUj7y5o7debD7WVMoX/4ETFMmAoi232+85dhVly4iv7zlTZhgINFB6lXs+nw1nJc3gjMwDjd7jCmJQIGDAIp2oohfDY3UTxHYCJ74JXTFBhbPJistRe97Tz5yIreOgT+1KYkorN6cYcDzYPhf+G2gW3W8mk+nYn9XX8RDI2OJF9jQHt5GJ8YQoDnne2cFFDt2wNEviaWnKZOTRO3xIEulRLo9jiu49L6l8ivctwjZcTIJLxmzN2DtJCqKoNl4zpGsrGPd5JhfN+igN7WtHd9RX/5SVdNYgJmkuXe4d9fc3njFwLVVrjV6uxSMfVYyz/6Eow1A8q48u5DS9Hws7w1tlSDj8/Eu9X5SeWSIkF7rB38j3CjX5TXTlQRvQfTfbCI36/VigB6lAVF+Gn8VvSrCs2K4MzW8cvBBK6GYxZUsM26o+qgkKztkIJRPEoHwq6ipDRfiIql/awO5WAXbAtC2u+RlwDM5tKhzt1RIoOhUj8tJ7cd+bHBJUJNucevztJuuo6PxkWTV2LRUsAW2K9h3ESQbreiI75P5KQjn0qHH2dUrixBjRCIRF06+4cv8rf2Sebh0sk3phhktSAB5ivIgPIV0D8tSora3wAoFgdA5UHfk+/Dy2yQ11tw3tG8IgtK4yleR8xzgtIxI29sEWnoj31NnOg8YiiZdcawEBRjb9XrlCC265tqVTLMQH028QA==
####################
gBtNRw0xOuBHVji8oIfV3J7zUNdDEEQfB1w84NaRNmFus81sxdsg1VGYlSIBdgxAXbUhngXgipK/EH/M2TF9Wkf8ouxZsb46+ptw35fB6qSsG72v6ff3k4M0RC2CBBc4GbQY44eX/Pg/KuaAkhXspNikF5mhjM7N94Lljxltup4=
####################
RNHzx4UKBKsa/v57o5ubgxC2oaPpgz/81CSV69AwpEU0cRkgvcVBd99e/UV/888mWf9rAre4Tm9hk4i8Mb+amdCcDobxYQ+JXrcP+fJloTaWkeqggdjh1YIYfVdt7i5Oj4Qu3hNdwWSebz9p4TsJzsGq+jPHoV0OFRvZD7untEy+C747/NC9zcw7kgai+5aCIzMe7GsXNt45rXPUi5S3Fb3uG8TuJd8Itz2aK2YFTrJzJnOAEUf/bRu6mdUAAVebrYNYqRAW6UVj8vG4nbztYiW2Yh/m4jEXCHa1cuRvEOFAEvQ4pacYv44ox+8nQPDDBt1oWJWaJB6h0SxRcX01IK7XB4YwLyn87iBi626bqYpcJuxrFARWDOu+n8l5vFWgJT5CiQYAsID+VcVtZzuqw75E5kZZlUCXoRn0P/sZ7j2zhc7f+ZIgp4B9t13cAY6utqf2zGVkY2iLT0WdmO7L7X4+Hpz/9oTG34pzIlS3WQTeKh5FDS6ZHq5088IHp41cVK7WTU0sWZz8ZBQQmRjG/55T5qpZcMCvgdFbExiLsDwX1k7g1rdFYNJD3bh8JhegmQrFNa91MNF75m1+IBHxZ3Dx//kuGj0fQWPd1SMmU9hekd8j4nOKgTrdAC/TnQiShwf7nFY7/8TC0eLQ4eu6H0Nv7+T1lt4x1GECpSEB0s/2LUrJKAhkOxxtJ+xDdOWARIfIi6vFTdIpE5uLfoVSDc0s81Kl3p/2ONVAG+6dZh4T7xb9Qgi+cWZB7V05F54ODujetdceSzi0XWWtCYW0p2IYXWpRB79zQJXaMwtUTiplPk1/hweQderiOgIdYlPzkbuuuIR6FTy/BZWyzsgZRUQFO/Y6iKPsDyROdgk9ln8+YCYstg3Ft75opDHqzqV8yOa856nYCZbG0bSzROohLQ==
####################
LMjZcEZsKKqnfcMW4Rn0ntAGjtmlWDZr2a2Ct1PJp2oM2N5O8+oMNwEBjS1NAb0F7z8fDK2qI0WsDCq9Nahgg+MMPwDOY+txBGkIb8eCUpE6BtZD64lRSUSsfaTBSxz9CKGwtT6ljE5iRDMv5gYeaPL0VkF2XsLutS8G+WCr79A=
####################
C/bR2Y+buHd9FY6zbvUCAhIp+ypAeGREvzPQcCkVY3JJG0YqrZEoQrs8CdbLzb66CRONQcVMWY+sYpg1PUO7ixv9j9SUrOvPIb0sqRaR2eYlJnsQx0QsA0GRn0N4ls4eqaLUuga6kfxElvpdHrYz+sNA8wchShIMKPqXzlSzV6G9Ur2AtmtgYfOWC8MPIntFAZxJSRX6t4l5/GJ++n2C0YunCOaP/1KFPJk5lHGAQz8URnQ/h2XN41IwG9ZxqBkouT/lDPn9jYeRAMXwVlE12tuv6yh4WSjyCmNnn8pX9x8aN7U3dx3+iL9LupbVgvcBxlNt94nPk7/tOt07zkxIgLWxb8WOLtZh6NXkmh2MUT2uBwuHmqo0qHAb9GXnWuwueHuxnW8pulz52y8QpdRwPhcOf3uZpjJr8HrOJvsjdpM0dD9bcK73zX5as26VrZJQqB02cQ5VTGUeZtsqQjpmTo3IZlu+9jPe+6Fgc2MplO7N2+1scKQqhhqBSlUWkX5tWrtIgQsuTDpYeUjt/ci6ysQGIlAZkyJHaoDDNryT/3hlfamS3ZksbnWMKPZD6fT4+qizMQdIRuM498UjvUMAX1HvhSOmV7wu6sMfRGR+dzOOiYSpSoXaHxv/MrJ8QZhYnhYOeKeNtRXaSwGSBCJHhO2xK7mFnaKkOwTOmOJaAuWglnbpNgqjXddI69TfVdZepjmu27TcA61bax5TRwNXCIZBL11u8GjqSHK+vBygXNLtw5O3o0hfqJZy4zCZEIszQemMkDkY3lagkBZR1NbPzaBVChSCNhtCB/4Lft5MeNBSn1V+2Qw3y2VMQSk3Q38RHxO1P5yg3Q+EP3gw3VTlSDHh967KQxTg4CTDxkxWY4RPFEWjmw1l6nkz2lfM7lRQnlXLck3ON8Z82Jr7dCW2MQ==
####################
TuDPHm359vpz86j8217SC+U6vaMhmKyiLMD05CcKOoUUnWTIVvbw8guyQj7qsYHHA+/pczbvF/APZ7WJLQRkYy2s5Bfzhs616ErpXnoytO1LmlDW/3yoK3Qc5zhrJO7uKOEAxXU9fBaZM32KGGcmK6GAFtqDbQoBDG+BmIVz4JQ=
####################
Q1VTSGj4qmxlK6HmSiwb/LfhbqQcBGXSCMX/vqxa0pIcAizfYM8QBSjX6AojH04oQw139JlbZOSPJ6xGWGSnjDv6/DvBRcnwavjuqK0yMGUPZDQJ0bHE5qYOvxm7JsdnbSTfp1lK7NcbeMlQtif8Fvb313mqedWYJ8LRLRRyK2vIJUn1d4s+lA/5NB+w+kFgrUtfdObhJNbkl2F8k8/c2qwtZASVmu8G1MjD97vpcswm6KB5x+EyzA07J9QrqhbjcvHM8yDZIEzOsC/ZPNI00a74UQDvEGdWUuJQt0Di4xp5IXL87HWkVQFkrbb1fEM5qgkkORNcmzOKJiEEJFSqa828xz+MvyQb1RQeqHzmvlEZwDHjvLjO9ogFtA34xz8BgXKs9vB6RTJu7Ie/OfYmTpWB++PXJoBlDf0DYAGnUu+CvPDAhLyQkRjh16KraSici2xTbu2TTqgnN0zFHgk/JbuNYOhvD2Hjm6jFOiVnvwHJV11fawaUpjCkSUk7BOz7wCubjjQj93Sh0aURt4jALFljJoKC7j57R8OXeMc36ExGfOVJorXNuJ7bOQF9p3H7NKyEjM8BjWq0wzdqX4TCaA/0XTFRcqiBb7nXYKI08lpn15SXM+5G7KAXtn3nB9RODFoEaPxw4/PsT5pyEFXkcuuTd3k8PDA6TTqqVDLdb2bqn6uTSZnCDd12JgdMuYtegloQtxfAF1Rbl6JRElwwvUwD2kJYxF5RTo0VDkzTt+3ypA3+82NKieKwmgVxVChv/JZQCclVeK3JYFgBPPUEa1ATWjPZrHHOBRxFuTGJCwSblYfebxKHjUFvIpgqKh6lZdDL6cNxRgMxBvSkz1wIa0delFOqGmHmeka+/puXThGaDKPyTgCGIVl/R9nQI3eXH9YT14+zVMZF3chvbKvV4A==
####################
CpxjMWVKu8jsQW9YHzWoNKeSIOSuylv/sBvld5zgPsprGcm+LrX+K6WcDaoKewei6ctHlK1xtTP+cmmwZ5XuVxmxH9f2nqzVPTPORI6FEoc8PVgYMPQk6vBx6GWP+bP8eLIQk1/pVkNwXzywYiv320YjnHB6m0p6pwayYyslLdI=
####################
xKTXenumsZCDRYjYKa2mxIps1TNxNMHN4Mjrz4vOCj3WVfsW/UDrfu6Vvq0QVx9uue/tPKmtJTEf4z2yEeOwWLoHF5dlScCxu/eg0+6Bormwn/GNeRtzn1Se373vrXqH20ZgvtRmGAdo66Og+1y6Ta8x7ciEDTqOynBdJ2tE6stxnf3lb5FkSteVycTB7YlKLrsHDa0ceK28FBzLekWnZPJriZMNFskzbUEISM57UGI3ZrVccSJ3Dr0UD/Bul/EEw3EAVn1LC1pi2lZAgO8oZfIfAYhPftKnBAUDBLh6N8zqNCNQXeM2jwGW4xufIzsyf69qGeqovvkNrq6mrMaEJZ/+rHXDCXzNJoCJxeHW5QUzt1hMGXpO2X6UoNmz3edK0QjIG0hbCGoG1Iyz7CJbXz6r4jaNYOAQ9MIFnyOFbQpECfhxHpJW9ioTWs5uqpuRXTIs0WLMsFe+QyHu/VeqcI7+QRUZZbZV+GVvhGNAwnB1a3BMINb+M67CdMLDmsv41VW8RpjkkSgRfAw0erF+v29NuF9lr/A+AiDnBGYiGABbFFx7wvmRleDUjdGhgNd0wEWzRwfGrPpO/8k7S+2rukmRAZbg0sfbf4JKR6zO/5TPzgLf4k+wDdXuFj+JfXl5ua4pKHFjHw+hRovXh9GrwsWOvQff1XVgkZMJbJ5EX+Hbdr40UwY6F0G13y1ahoxTMqXbuW6qGLiwvs6KquZgCUeTEGSMCFJpC51iSA4fpCH0OtfmjSzYTcH0DWAD2SBNIvDdrsSIKcSOmCSwP4DratNJPOPdy8QCzOs0t76htv8yB6CkA5fI4HfOz0nPx0ZQfOppwTqgJTziYNUe4jB1WZNbhbfCdthAW1g4Lprs4QSG8fYQioBC4Q6Tmb6H239TGTVV4+RBcLf3ew1AK2itFg==
####################
rESgH4s4q56kpcB4Amkl5U6b9cnHtDgKpp3WrR2YxxhVS9cIEp46PBKOk45oncZfZXAw/NwTGAfZQa9ZEScNqhP6vWDLxWXe4fA2/6Fg2/XQ1GofxwaLYKw5KcLyP0MgWNHaN9wWBx+nX4RCyBNhRViLAVdSAQ4vRrKwjk+zscs=
####################
FNyBpUvGOtxWP4Wyl9UbcS/NoGPKZfbh0vI//mBC9mGrEhSdU3sCkWYTqW1eIdu4/+mgZLdxxWLMgo0pAouza2dNRmcj9ZqZNBywZsb0LYGLtnG45RKRbRM83nISOTASfFbM2zr7Iqxpf5PjrLquQ9QIAZ/AZroaOkad1ntXQB/tmrwpnenBXBL79uXfsFZJvTtH/o3HIiOCobxA9CB7ehlmh0+9LlowgL/ScMo+tbu23vJkJTKHZ12HlBmNFaogHBbcn+ILq7kSxRxkgPcsD/RPyzOLnhapOGXMfRfJ3jpIskxZPrzbMpEwACo6sKgPb6Va9X53Y4JBtLP8l4o85RRY5DhXXR4F+H21vz7BaaUhTg6sk6Il0eGorzqOn2AZYbZ2Z/UltTTRxg/W1/Gv3aM1dR2O3O+MTcoy7JRc41IEQ665YiK7GD7ASxDcGLuDrbFo2OtI8BE0kv49ZiBA5W0TpkthQZi8nbDFu/FOHxbEqRnNzhoqgukR/GCaDZBkKZxYR3gsOyC7eoOcCwb0d2q8L+7doVg5gmNXFEzaFc1GyzyCHJLQ3KshF6EZ16M6wMmsehae9Bk1Oexn+6N7h5HEnFOSQmsuqqGamDaGWgpqnBfVKRnli6SwjBY2b3eYCwmEEc0HGoubT7qwJT0btPaci8cPt+N0fHO4S+qN03QqWpsNma5mrcpWm1PzTBG3fuL++Z3lb/kcrVNoRXXTQHUw2/Bhn8egRT4xNjzHph3ICnuhp45qlVi9gQk98cjUHS1DE0vUIUw6tZkL4aqBJJCQwr4zvQ65CAgPtP1hyTcZGZNjy0auj5YgRoNYc3ctse9zOaiN5uuthp7JympF7JvRdBCj+upkXO1pGDVrKzpPycd3R+vIEBgjMyNg33/X+Zt/x8EF7idFKFOjh+PSdg==
####################
lonNaWXpAoBInP5IfdfUTIVROAkdsXSPPP7R6VS+8f+QM8G77PGJ6syvOcKBjAMW7l5PCD+g9C4g5X4ouEMwmqsGxneh2pkJnDzwm/6gMlXhmu+PMDEeJ0fwj4MrtswM1l4kmhzKzetA8VJkoe8mQk8sr1uAHYQHg16KUz5A6Ns=
####################
E9jAlmHn7tl2aWcVAn8/MvQCVC49ZCaLpXZNWrZus9ulbbnAr5uG5vEuXgbyzzUmSylayai7XneAuGdHVuTtFnkB+EHC6quJiUuQFsdgZIiAqdOXQ+wlcHpVIZfDg/Ro4ExGmIcD8+bWJioH02WDR7TCFtiaK/kc94CTOCzSiwah+bhiHzWQW0b2ZqNSoubGT4SJbasQeUqg0PtMFC8XzKfmrERBcoXe3qKAU/7iFySd6dkkgcpYLS9VAWTUJSJaKEv8JIrNuJ7zER9quWJJGIjAYsH2OBDcVXkRz18UNOR2tof7OezCb5C0TK0A/b3/Gued7B+jVtkeyw6FnVrgV2W8NsneiwPsWadlMF2C7V4AkIhwKGSRJqGbB0BzVoeX1S9Shj20jOVYbyiAdvce1NKwy1/KkuUU5MpwWBtj9mHeluY0zDtpkimsFkKGsIneo31OathRPYu8sUipsnM3y497zZrK7x0gsciS56QfBjo4r7mEKQXi5FAsXYiC3UlJdxuQHFfGXC2x1TGHfpOK0OlKNUv/+b40hkz9RP4gdGbhZ84JilncclKJy4YFHy2g+1GkyeeKRrJcuXrOCk1I/+0XQIJG2s/70wPre3jp5tbL0benzh7SfMyBWG3qd7bUC9ywtwP2G2an0A/qVhkb//X47UIY6GuyTMHM/lVtsj020ai3dLF9bQcHsWqNW2DQheZXTanBjDh0iLKyiLlplEy3jmL2NJ4HWN+X/CLLqwlNi68r1dLElXdFpOIntznauW+qle9DgZPr265M5Y/7NG+oKBWB4yR1gkOGUGENidbYey8uk0L6AeO1WBVqNhD8JRT0ihnC5i7Pla2Xn8AJRrhv+NOWEXBm8IDPy5uXAiaJuhHu/J9iroiKJW/CI0b8gtxCXkvif0T5rek1THNpMA==
####################
pgBFhTYes+EkBRiT+CRqsbZGiHMKitK2bBu+hUASwXSeyAE/ZZRj58D1h3HSOMxeN8OB44+WIjdPD3MJMASQy+689nqq7Dv3AoR89+dYjbXYYPjVbcyRljLtBVjDfRuP9f5mn3H9C0+ByNAl9qAgySE6N3o+slHVOap7eCUzycE=
####################
RrJpFT7ZnqrIas6sSwa2izGoZ3h9QH6B5ESQ2qkxgQp8gHb1N4Oy6ogds+3OIN+BcF6GMHumf2Dw3MuwCFPGn1xcQ1BdlAqg37nd92agQy8P0YoKe2YgnqUxH3Gh/deCA0X5JGV/Z/26V+rpXJhENYhyV//56/H376uBFQnRyLo4i9AnhLVUjq/hupCh1J+eNKXwMOBOs47Fz7Xy9e+c5x62+sT0BU3iopCsozL+SM1bW0MVW4vsFVOFoiSsnFk9mY6LP7bR4+IJtH6Scp2NrqfvlltYzgV+xfvAEGV2y0THwU3Q/m49R6JAVxbBGTeQjtS5Ko8TiARBe/gpn2O655aBy89BSyNdSDUc1phLFYZs3gracyhXpIWXlEB8faoY/pRSf86DfhpaC1TAGCb4+1CMu5iLOTi6pKRM7NXRuO8qu/r0ho/I/I5+SGfSrwCXmQWQXv+IJSvfmJ7C7IA5cIjPMiatIkDMFWtvu8ekzQrXWFrcFJMaNkGq1vIXP1VCR4qe+O5yyzchIN3e04CowgeqfuyvHHG0lnZyXfw7hmMEbRmrjkBr9gs9DZbapJLX19QOvEIaLif6gKqNfeyKaG8LHLhpNN1W8Qx5JpFEmFYVrZajvFsXlGtodw3BuLk/+IzFRPuMss1dJ9/C6Ms/YU4ptDo0cQQbyWWxpEyr3vvNKuYPup/7evM8mFgDoasrrzxfuqeu2r0kIIgo8gKxTDZG2tVR+zyXyPd5kM6dtBV5s/eub8/jZn/o3XxAo/nj7qQzZ2v/N6WjYdR5ui+1SoHE4wBHs4thjiryaUhScTfv8lwp6XZuQYP/sOBksFgM7uAdKTE+xi5QFlgulDZOgxsIUP176yTEUHyNmeefRy9D7ysOE0Okn8G3jrhQofWRCm302BvoBBp1XXpMFk5lUg==
####################
z4UGMzDc1yWtlWgk30oeweMYh8SMrrx2pKNtDAMQzlVMeapdJCOV6UB5QDpL5R0LDI8yT/g+vnkSEvUQeKDGMW9FNxNEJZ4kpgdDqDA28aCERXCITZcQo23SAsKoRQDANuo6AaADIfd2ByoJbiuJnWZlguyZazH6nPekE8o6PQw=
####################
khBw+r2hV8viTQofyZe82GqAbOGaLAxyXGoSqZ6bml+QaRcMz0Eu6vLtsELOe8wLPa6una/mfikGSbhrWCXIP/JD5KqZAaErz5dD5nODoh2uYo9f9lmPOwDXam9hIJS/lP5wmfqD+293rmLnUPSOgtWLcCVxqdm+mBTiPzzmF+nNSkxDSAkZiYEtsRYMNHNolOKj440dSR1CSLKGpXmuvbwCO27HWTDzCQJWQuckKZJZjbr9CKr5L3rtPUUNuo2aX1ltC1jVC5GGjVSE8piOB9vhzmNvdk82LomWnGlN8nY7Ytxn8jBqZpFilWK2CWeGYnA+6aoa1dcOn5Zbe+Rs2O+SobFEFSXZqVbFFoTseltBj/zy03xIpp0dl8KObSm88+fhvejbFjkwc5pG56eKWTtxmjjQJXlvOOc2GFj8EdwulmZPWg9ZJ2JUkP8PxiVDlN9ddTZfMKxAMHMFgvElUEbNoX+f7T5hxMOfi8FCHwb6HmdpGIsIHOFTDU0I3mYD8tlqzb0Y8FWEx9/LpoEa3wkACswA5exhKFOaaFojmvyZUrtKIwPyrKI1YJaugHTfcTYBM4PWchOd2nvFGHINV2cMcVHWhkoGJDPk3o7QjDU+F1IIIgI+D58f+UnFKbGCko7fnJDNTxZuGGPgV2mT6L001aO4VZU5yqMKkhCoSPJ30XbP/jMXXUycxDYpng59H5beXvviVf6ivF5A9q4mgK8nH7JVASCd4Il2Hfq1k4V+H269N05pD/64//mg5zgVJ2TKM126cb0X1xehUHgbDsNFsLOYxLoNYMDaH72K52aUeMmG+gc0TEmfagWK//4tt4JwKyJwYSNkyt31jFe7JceHWFUSzeFpNjV/KmwyqQPD3OtiVtdewufDxFO8tIr5g8ASf/KEoZ7oGnDgDo+Stw==
####################
Mt7eBiQbjXWud1Hajdk6hbZM1Zbr4mavrEx+4ZqX8tCiD+XYXgyXa6nv20CHSWGeTE7Qt5GIUk8168ciNDf/fNSxQh2AuioXVwE4LnUUNV7loXQMHnsQPjc6BhDUP5GsJzHHGDwHurfY1zzJPPdEh5Ni5hUH32Z0Ig2sJRdAfa0=
####################
9564Nmw4JnnXZ+cQVNVA6/H9J/hoS6absZR/two5VN/VAV1GDKSZIEWTaDuhNWhWlNfJfxg6wg+A1KWZ+D+wjG/XiADdlO3Cjxm/3AXPWCfxZax8BJ6zsAW4k+CfQtc0P58Be7K/kjnXWpV0AJ+hs2qqQGOkrSVV/seEUkPKD4JanOKs2B7MWRuAxLg3zDL80B5Q83gngPvENlT/OAn5oE5plaZLCJNCSibmLYL9UNCcAq4rnUs0gJaE2CL713D4uPZ9VdShkOZ9OUt4v7mwQtl93YKQUOHl6LS37WMP9Mw+L6FBL4IxJS2CEaO/rFZ0vv5lhnajiYrmN8OA2nxffX8RkMQrtQ6i0i0+3mH8wAZuK56F/vJJzvQdMQEVGMHJuaU3PvQlI5osjO+dUoOLWxBBh/D9EK/OBZhNcsYw28sdGbxj7OBImFvKz1oyrNstTO710vHV7MiGrfk//wuQ0cwMfj1RH/31rCpjoegXzB3Thsafyw6VhK7UjX9j92m/Z8x/eRXa2WASLPMMvNSBtxE5szV9gfNOYe4xkOmTKX1O9AEMdjjrILoYdARSRyL2D3FueFNm47ATmMSZHXOy76WpJrV7IzVGi0BYKzZX+sBecGQ42ZZqRW73PnBrHEC10mAJT8v2Q4LyGGChmbjb1WjMp1qU5770LLAwnN7jKGR/Cywn0mOTalVNzTv+mQNVZ4r+G7HLv25d6piGYePoyU2I8UNAx0gAcn1SEvuIQVyG2BsoUwVCiU42HbkeWJK5bkpXb8J8yp6xLIvZR899evjdwc6iv47v9gNw2wmFMEJPiF7oEBo12M38vuJvo0POTYMbeZT0B+1wVpcZT9lhLIbYl0WqwvbyqMucgj/UVrMpdP87LYD5hK42bFR/IDyxiWSe5vaRgILQm4pIEh18hw==
####################
Jo/c7otzPl4haQHbEDVtIuAtEpfXUR5TPu7i1YDP/2NVt4OhQunVfMnPC3UMtVQuiosIPIm8j30UnMX/wN8yT6LZJwODeY1RtLJDNGvIybDXYhCNmVsTtNHzqVfiISK4RjNfxq2z2E5K7ealAAK6R32p3fN8YP26okWJQ6nqhEo=
####################
F/HxnHKWvP2cTdw6Acud/KXobF9x6/GRUg1OKoS/v4vLIG344KOh1cV1R+clKYnY/4v0RU6TCud2Dkzle2KsZbcyvyHROa26DKyjT5ZJ0nBxLqebD3rKCb8eAkBCtdE9LFxqIj4flWL2qYU9yiLc2Rsi4TwZUNOua8Iz80d5CPHBqXGD/6bGOHKipkT1EdOLDfCi0XkG36D+nQGd8tTU7xJgQDoPzdV4iD7mPvVwpr33eoviCf/ah8erP0QUu8PrXS6eAxzXX5xfCG9m4Ci9FSwOiZdFyxrkmzE5EM0Ec8IyNqU8B56+f6W+hRMj0yWkJGc/8s+4MZ16IjGRnzVlZXT8uMcXc2pJxlQAaYVy9KByr5+bSo0KSK0MxllrBVO2z+25HVLKCTIMEceH0aVimqw6LvFl93638pmnt8JpXTRqfC9rV3FbVYD6JWscKDzImcJGhURWxByrTfTklIKQjtP+FdyPnTPhv6WyVx0SST13vT/t0sM4olw2/Jii3a/mofZAln8r5aqCxmXaaN+R67l3hmaKHXm+ROU3YWsiB3Agzo9KEIy+fCvyONl/AVSDPOtKIbiHOC4B3CCEw+O2/ec1gW7/7+yHr1ZWc2uTd0HIBsgDZg1NkE4u3509B229MsCjWZZ3Eb3YkGbT2b4usiSpDuchNbg/OtvXi5M5Ut+owjY037LqB1ZnK7yuiuHp7rS1wdnELdFNitNLatb1zsqaBCQ2is33j+o14S2Z3V+vnl+ceyWSr83NN+7Dcnhd+UwphgHQzSE7g4eN8QPcXRG33nITzsSZcBknZzC4LvLzK1b343gmJGxLPiiksrQiUVS8OondIxMri9w6K+6A77fliV7HFOmXyX0RNwMLKgSTc6IaiKK2nxcd04+QPA7gkhaU4LDC13esq4EwrRpLAA==
####################
RPTyjSLWwPsf5nE7x2r+hntLvbs+tIRWtNb2uLWgEWkMhccA14cKdUc6d/rtnEEQX3URVds1Hrd1KiwGEaTkX3YPJoxbXOiCzI7MckJsc04c44cyQQh+WjqoR4ctd8fmd3hnEY5Fb65ToAxqu7Y6cIWKvEKvZKhAP0cpnTSvbwY=
####################
o+ry91ncTjMLkHiMr3LJFnO6i0fBhMCY1Q0IdN2iRJ/dItPlibaKGuTvEqGV7Veq1/QWHgoMsfinHwPaKcKupoU/UiEOm+n/+qOrY4O5Cb40EqVlAnKILhKx2G2yGZkEVc3Dz2QwKJ0qoAnl9vQnsvIrvtZiA0uYtAfHH96dBHCZuuGxwLtBfRviLfz++od8utYDysjcTzL2KUWE28awN7k0tPNob145l576bFmvlBRZ5XN0TLfQsSuTTCp8AbbVbaX1nK7hYFD5yrv/vfimE3EhQm/KU5o0BD1zbVI/uP580wtnadq0QdMj53Tl5L3WycTriAIldgnayYUBxx2N6kjsUo49f3AZPsR1hgJn5CqfrQd8SPZowGtUeTA7EnItxI/qmYVqChXADDnhN0SX1jMjB2wOtRvbtBKshPBzwNKyhQx1wa6YoVWdsEsVAzR/WZuU1McaCIIhgpcUkRlkzjpCDLUrSAQQ2bSZqmUDTZxC8LzH9AYsXeExxE3wobOXZR2ehKxLa0tSO8IBGrAN+TubkF3P0Fr8f2sGt6/gif2BRsPGUvLwjOLQvm1hN/bhSqEK6Ua6Nh2k8WVPaLaH7Hfbum8f0I1xM8sdCus2ofgyqqDrUFyU9g1hFg+Q6MtLv4MylHYKY3p/gTNotw5isssgJFNQx1CyJO4TR44EcPyND8LS72LHr3i6wWbxpepp29si6pLIKdB6WICamMm0/tB7/6h6n1L8V/8wMSnbuax2GgOqs4WupStFa78Bgde3l2DR1+sE+IMvtloYgrIAj9a4EsLK81ChEVYrw9zPzC7qkG4+VyFBwvYB9bUvyhwElv0leUb9pCpOPz7dDbicMGh+ClP36hChj4VYZArUrFWJmPfaC4k5tiDJUM/gHcQbFRzPF9/CcoH1jS//K15r+A==
####################
XdqaZFsMDvHWSp+9gTjbbXUdSZnN9nfaj4pYr6W9Xz9Q/hKwJ1nuAhl5eEvlYvp5F2XrBJDVuxWwFdTnvN5LgrYhPHJVeXiUnFu04XU7cKkhC1zRIq9q9lOgDdzbu+Pdq7u31hT6ICBfX01ABIyHwGATSR7/5foANztLN6bqev0=
####################
bIiMwL5ymFZX7o4zh2t0OeSKbE1tL0B6ag6O8ihuFadQ+YAjsTrIXqy4xU0Q6uiB//SSIuyVptACrjcWE2Paw7QO3ZVW72DzsF/4YU8qAJ9xF0Q+oPrmDlXwlMKeMnTvDvMTMSoEijMkDMoQzt+fn86MDYKTr+4epghTKgHn01HIj/aDt7L6na6+uaWZ+wVPeYPyalkTh/pTJUeULCLQkNhIxAE61otoPaWm7DgoewRwsp6tkLoWQ3o2KQIPMkcR1/J+2MDQ1XlAka6IJgCsf1bAte+HPB5NqLQzM1xXwPDi06FQt6W7txBJBxw/D+C93e3+V5PRIuz2E80q6/wmVQ38SR0c4KqSzGk86VwPlHCg2DjgVO8mlXU5tg38UCgI+Okz5OnoCpnyMQfcZIWCivZJMPwBYHWiFlig0dfgYAPha9h98KXF2bzQzY+mKxdKsOX/17S7hIpBzpL+HBJFtPIvBZxG2sJuppQZmkjkXrCeKWfa0Ks+jW8XJeBfNrx7zQmoqHwBgsGIar8kpqXW4S6Fdnnv45hAIfh+AL7sxu6JxsfrX4L7d3XK4Dvy0CVlHymVhyBa3O6ta8TzUV8Y9cb2vDseye9QffUFRtmZTTwv4/7JUjEAELKqG2sPA+6LnTn70oVxOqRFS+87EjkXmbvPdtSJKbpfuht8QhpUvrjsDlzCtky1W1ZVFR0ZHltR3VSbu6H5rtb/iI40qmu/J+VaEHiH89uPkkPDuXfw8w/WJK5kQWdl8lns2SJuWmdbQ7zeMOcl4JLNdseYEkJMb37CsiHSWkx9jQ09FIfcFDTfnOnQFXqIrbrgYmIIELgWyr+T2Q63uhVA6mwAkOJqwj5oNIR3+lg75gfofraGgcKuZ5iuN1MHznS/l5gClocF0HMz+eTz09o4SaGDPOLzuw==
####################
DmA+rC8qN7TWBu94JFTfwem/lRORy/FundLfP4hXSuSijW44HqhDeHtOHIllszS8IqWWgwHVnA4QEr9XCtc5q1je+/briaDSUrOHE1bFnqOiBNJyMZlEMTAe2pX8+c+YHceyDqw118oar1Rt/bn/z+iokPwrOu1SN37n896VjC8=
####################
8ia4LCxH2E01Wmdxo+ss0GZLQALG6ooAFqpaiZxBu1aTLQ+lVrTApwPtdQxv+qbw4g5ticaOWD6vUcaiCnZiiYPK/TDvcCUtXXFvcltrliSWl2n60fx14hihKgRREPE5Sc/6qL9bq76i7L5nq1ZCmnqILP3l9EEJVnVwlHN6oHC8hROfK/T0Lei4oj89nx//VQcqiYMkZx4SvDuK2gn/dKNLHMYffGolkfvI+wFOIHIEiw3dAN5lFCPNrDXSvXA5Ky8b81JTmsYo0J5zNc5/2FClyK/VTFVhLruvvVSJLvbzbLA+iYp6B2ZsLt8gZgBTbXs9u9lgiNzIfNEdPYSXVBoYX3zMPJMDegul7bLDQip4a1WU0XGeZ3mw8/jmOm3bMTtBZy65YxQGbwoMcQcCZnx+jWy19HLuwsoX/blpoguB4lJEIhYo3w+7uX2o7VWOD31oia0VgwFVlx3rurfs8Jk0vqNmZynrjQmHTTPyo2qoNhcgKVfdpHEtNP4ThDA9Erpyr6jBeV2C1nkgGwe+zex6vKg9Rp8DuHpxujRdn6IXk549BySoQzD1EhGU0O1fNa2lGS5Qmu9Yze95EC247rFftCRZkHFB6SzLmA9HPK9ifQxh6d7H+obXRe964//jBTMbCZOoVIqlaqzEHMDgoeLZZ9ejSL8iTC95ruvZUumuJmaDRs8qvhYu1T5ZrJiaz1GxgHXItudk8XJkZ2UIMSvaVs532jUQ/pyf/pYg06F74nCg3a7fOU5C8gNEOpAqchvNr54WyXbVh17cF0Jt7yB4gixv6sjtT8APlTRlFb322iB3FGx8oykU1OBw9FMKqNIUYEYKKJAswyde9/JR3IiG+M9899gLG+j94sMX5FZT2+6XT68zcykn6J+H3hmpW7/yTxHJB/K/7dJN8BQXQQ==
####################
wSGS5ZZjELPO4IF0wGKxQ7KjA3CcT4dFSUZLVMIH7+qsdfu0pto0jMj9/ULN82NKA6cZMcbtGE1rTiUtVTlP7tVGLdk26R7wFP8NQ1UwJXpIO1XoqtNPL65ceN5iwbEQsWL3aHdcoaYtje2TmF9Kv0287wC9yldwqsy46nW+gEI=
####################
iIuaveQ5WDOmOsO0ydwv1OUla/9eTTqEvlejCB2mTEM/6BFlc5mH+NV5OZ5KA12uoeZgo2/+z5h7YdrAAogsZwIptzPImDaHsEac1XNWEG8I0PtVFl1CAGKvAf4sWUpphHzgFh0PjgACGbHYvEpEC7OTwUQcRblq6h31hRnBaKA25yINOMPhLmK8UzSpSjOGZAOZo8NDtXwQDPMFXtnj9MluZVzVV/vbWxIG3++JRrRYAY4n1EHCnAWxSglaxON/1tAdTmNHU8M2/6QUOrw8S1Op3EVpKU6CLQ2PVheUNWl1YxZ3BAi8FAFPqIqSgweQ3hcyrpjcT1fdhiheG56eNTVk2KudNWLqlfQWcTwEp/tFBez0NLmqVP+SZuRGMHjDfnbQ40UPeoX1KysAQqsmsG17Ged6G/gP+s8aoxNiiBYFLPDHZUr3ZMQlOCEigHs1hPNkAL2WWSA2fuu4/Q8vflmf/KT9WeGz/tZqKihMyah1tmJGZaDvGIq8HIDuv7IVrulvOYaALQJfvKoSUWls0WzkgfgfQwEahkY9PJCxcgXyrXSPs/fDvlpKw/loD9KgN97+CsyjMQr1jdmUU6kvvmzod/dxeUzf0JsvL4B9xHB8inPIT/kNNbBxNbHTWNBTH/4JdnB4OqaUb20VnZIvd+8jcWIir8+lodBOuQvbU0YIWtMCtjYEQ3+i3g/QHzaRWGkrIKbpfcSO5V0XZ6qKK48Ja6NR0iVbQehz8XYc2ItaBKxppILboK0SnUbfWOn6YLmj1k7fbvRi+bPjCHxzoIaJlJ/VuA+I1Zz8fLL9A1/t4JPXLPq9dKtH4Ey4tPL+uhHOSLC3FpFTlZL/+h6qpwaYKhhBFOgFaM5eMp03lipkGAG1C1RqqQSx+0uC/qCxUNRmxhF8ma/tPOZ5fWtu0w==
####################
gsMhII1O5XoKORu8erB3wWHmJJCC+PbrdpOjmYMmAMwbiB2s7p9occgKLo3jMEKGIUdiGkKSA1rbeB+8uavKNeFeL4ojLoK1wwUoRYdMOxvoGgMtLQomkU20HY7VMroa0kx7ZjyZwEN6yFJc4oxmNnGEoZ1bO2LZf76fxDFVtiI=
####################
lCfXywzldbxHc12K6A3PM9weyG4uiTcQ4BEhCsU7oeNI/qyLfKfw2rtFn+baI1Oj1jQ0MYJe5t8vSUY0jbM0OKSl73ObCQm1vS7ce/5P1Qq090uonBGN6moMhmCyZtL99qmwhG1m4Ad1OZ+Ji7WADnmtnoCfJpuO0dXNhZ+Alt6xOivBwzY5T8KtTFqMYdX8jS8INnfa692uGzARochb/bne3prtsnJQoxNmxKoeUdDS9ZcBKIENtenpUqvVeqzYaJoJtTzsm4f45z2kQA/28WiJkiZf9szok+ZYz+hz2AcLdAK/ScUopboldZj9h3huoZnRHaIuHDAbrx/dtfQpjEqLIiT6ellj8TSSOXyXZ5CfOqYG1aziLtSdhWzFCVtz9R+i0t1i+Wtv9mS2FMmoBGdeXXOMxgO8p7XsOoDhWjcgTUgSOyqfFxcbdmNTtB0Z8AtTjbUsU2MCq1Srt7wgkc7AedE0c6x1fg18vyfNcE57dZYGHwHonOfuihipaSYikqez3eqlBOIXT8uChoF23AwFe0pkw3oMGvLd1dqGrhQ9lJ5hGEK7qrewj/oWWEUG1PjhhNKTK12LRaJEJMW55LMyB2vRHYQ1cDMfKeYveYMnLRvs44GBZBs4RZpvkJsM9wkTjbBEKCNtk2fjOMgYO/KBp7kWJ+jp8UN63LT7jvRycD+8vXHgw5JuJVsQThwlEfGAx1c+JwLS0xeQNYg6VMksMkmj4FaCIRaw+Ve2vg/eX3Y7w4XRh/iu1CvWAxkejGnvx6tFZ3cdnMikfA6BY0xfnKffWCRqU8r5Jdyhq5H7kKooyTgxmI+xA8dmQX1GoAL/Q0mg/ZH7fxh6IR7ZBcGp1VtmvNVD6QH3ciHnboOueu7yJlTsQ+HM6vhsmiQznIzS6QbVVDuySEU0PhEAfg==
####################
atd6tPQ6OVEss08aP4nHqaXUko0mgLa1okiLrieJn3olVld09MNTuH+20JiHcf3T0xc5chMJlxMARAVOpHtPplEJ8repx+jyUhLOafu8LmC2E4BjSbN7E32X88FbdgKiBIENipR+OIB72nam7FGxpqKk1POoqxX5at9LEHyozAM=
####################
YF7elcp9/HbY0tY1J13nOrpmNyLPESz2qYTwt1KM4AN+5MO6rhUNpA69TmOfOF0ZwAOt9f5WrxgaA4ar+v4iTovEamLdCnz9t795axuLZv1PHzxlsFjUX/VtkjY2bYbvfdNRsM82zHRYjpkQQC/oFLhIXNk2I2+ltBAEHQGOaiT+IilGekzjYQYHJZGUruJcHKryEgCAnVYdlQ50HgloYu/8GYuizKupUjmfhVgjBKIHO6c76eT3P2FZGJype+4ikIpqbCcpL7QgIDWNb5Uzdy25jOCVBmQM+Vza+eOOn5KsvQizz4AE6DITGLBv/ECgFDYAU9+K4DpUmew9sgWOPwHl0WImPhfH3zk/QrN8igsQhk0MyzfCnEQ75KEeBob0QZnBrlX2rrjVSsdVK7ibUbasY69PkBdyX8v2iX5RU/chy2LIe6qEdlC369V/GnG0rvVvUSKDB1uq305DZcVvyHp8dEPoiyvQ+77Q11u9BfxJUS54S6OKcKaVhnMNMLWIYinq5tdGVFAs1cGKpDpWmNVZZLEOvnQw8otpbOWqiZr7kpGlY851hL/hWNKhFdHwPZpCI0sSVq51sjrjitlbyoj3HhEfQfmWGNY6F9f0J9GXGluCDJ3RlZ6GJiBNUMfLaWPxQA2wOyYjvIF7bwYOEw8Wl1vjPbCwDybBTMFRh8UFBWZ364yzTu39lBKOhF+ccMabCrtEsF6Jt2GNJ8bJ304hfrwzgz6PVsv/EF2+VFd55r4w7VVuTrnq9FHLXTmzVocEQv/WFvVyu2so73EhiD24GUIfR5d+6zew2esH/opdsJVThy+WeQQONbagXXWDOeqd0QfxzfMrBNTNL7mZ60Rp7HLSRuFftns5I8qyt3L3n0O3NqFvVQ+5HJuFrilf5XiK7ewFu7fL04n7QAYNJQ==
####################
vhmSatNIoD6RsaaWiVOdqSWcJxlNiUyPkpGXdqjln7zKYPkXg8DbHA64AX3itj9rKqSY8NWFXJSXX41dQ2I0YV7ShnRghxibCYdIusDt3nvtRQ2qVbu0/4jKPTujuTSp+c0qeXuEcNY4eLw3pGYnEL82dvM/dtyOmS0hgvagDgI=
####################
/TveBwbRmmDk9a7CWy6APg1ZadSbkAuxigK4A7p1pa/5CTLq7zdJqZrQZsjO8ayHbEa8SYuxZYPodxJThiY24qpqDAwG0Cf4SLzyOdZhhh007NoQ6fdc/mTPElIzxlgJOQC74yp/FBWvIZpmDyzz/kpnCAcOdYtx8fGsGkKBq7uq9piErVbJfvPhLtvcNDsnszSFDbRxvwUnWwAFFbV98Ff2ak6VzhNWw1N/Ap2pccwZMlOK/pXQ64EDXsK6hf+59MQu29r+H7yjtsg4laFceu8qkN3BRuqO0W55Z7QjM7FHmOOeQO7qQAdHagybfBcGHlJpSFkKLiTLZVcop9ylUeVHgwpyIjUquQyqxUAULEV19lUnSeL7zfH4zYYwIrNailrCyA35CuzKbeE0Z6Kvzc6g4vSRfQdJNyMbS+KWtuShFPkvpsbfSolZNXw1RR1XLUPVWaghyhGJsXaMuozUxNWxQS+y7M/PvCICWIihpes8QRp64o4FLgyYlAPoE6eZW2X2Oh8sZvpNiL8R+qYVhR6PI1Bd8Ju7EHaBleYH6ksGjbDApAKmTBoRDF+YpuvLNBn8a/k71UKS53254twlwaVUxaApVzwMpKPv/zb+ZXWuN3wusCWJ3j6q0Rl+sYL1CAimqPUkRbU+Tv5Tb3JxB+ZuI1jVIV1/TIfKyXZD53fnvzS5zvNlkiL1e216pS5IuFw6vjPYNsBw1DdRl6EXwK/+6SJ+wdHYYA74ckWA+P4eD1SYfi7RhHcchRRFaYrlweBnB54E8pF7ozTpztq+7SJQMULcafQOdrgF+SyxOk9LcQJMMMulDsh5Pze1q5kyI+tSwnFf8iMSxiaMo6geujypDyE6yooVrC0fgP5vm26rziraLNt/cEKUC8MhcUYhqAp/gjNRfZl25fjVfknUBg==
####################
AvCGPV9pMXAIwSrCdvrnpoPCgcMQidvTl81pxfM3SzFOhJcBAvs3gas18iTNVpYD0EHvPl6P/R237+SWtrRYuIfuDWrR1DjVI88FKrdVMTLIaSL+hdjaKP9ee7FOOloyBCxrxnJNvEjCRZEAvLiJIn42Z1+5ZDtSWdjv9HqD/sI=
####################
MglnWbPw8Ml225o5RtIVnvwHsbz6N9RztEQCzh2xz3sBG40QHQzU7yIhy0KR/TJ3KMcIzUEWVXaQoemCTMmJJ7jtR7sbaXbV51yuqM34kDLMVmfd4WAeSAZca2xpSKHGQta6VurwtJWx3KHi6JTPbWR284YOhVaRMsgtgXpG6rmB/1GBUvwZW3a/brC4nLoC3PKjtYgPJbx8aKW+9F5Uj1XoKIYPCgkSu8XjT6W8/99OGYEQRRP+/hiG/1T2o9czBiqUjSBXHZ3HAwGC5ZbedfyfrkLuHPClsyRxLD0T7OpG68zRA5kLPMX7EffcP3Y1tUxoezI6H0rbt6AUfYzKYgF+gZMasYH4G+Go1FCdWMVnonk8WC9838JpefOug2ww51LnogNBTnAPR3kOrbBuET5g6n9fWh9r8MNDFdTviM3jvIYP6T7gcv4zyo6F3i5Xe0mip/kul0hbOql5850iZ3xL5n/nIIrCAZIHNk9f69eSvJt54D0iLba8yG/HkoHTScQjFfYAUdehbzkjuFZQog9U661yGNxy5hoQ8uPEwWYuN9UmNnChm/sY1mTudeGfjKIqAgoICuNxH9jEuwhPKHhUZ9l0GTiMaoh2rA+6dk8XwM/cd6qXhsHwaS2aAawoN6UhB36XXIp+3oP8dXjgQtLo0Y0fI8TzUs+pAbIC09s55MONG6hq7A/JLBZ4YZj6uBl9bP6h37Vy4Ny10xaYk7LSyWZywi5LjlaHEfxnppF/GG0OW2Jr4NDlpdMi42uE3md0zwYnx46XhNHiY4VLojKIlL6qXzLfmKtBjEdrco9dLdhsmDlOLQ7/E5HuYzmrwiteByZUM+9afx588oSe61qbGOrxm6CKz1I0IyHCBJS78tsm1EtXmgN9rMmdlSD0rEwdoSXziKXwKWj/As5Yfw==
####################
ujmrq+HE2rdHHvTycVyNhShGfwdEmKjtXk5O5VYEMEY0iBbNdfqx8E+9v+obldAObTvUY7zSFsZXDNbcGj56K6iM2wIxDqff9oRBp5hEzGa+I0WbDXWt79gJGlQdBlbkhlZIVNTWcOlbl+up073Nu2yITEV0MmqOF0tDddBIFF4=
####################
2aPj2IPVAXAT5Su+fxsWyyRw57Nf1Yu5gLLhoT3XqQE2YtknDPt0nwDRC7M0Q0byAOKuXK0RfRhgZOnhyRQpy0jh7lcuGR6UqQq2Cdpm/UIio4FdewVvnWf86u/mwNKcKAksSY0osIE8Xx+l7Meux3GDJWZ8gV28cWHISAQjoFrk6slNMl/i1cs3WKYLj3BYzAH4wWRz+Fc/oOYGFcAb9meJcTw0dxDcC2Jg5AWyC06opd6z2AX3C0/4BSfcL84QNLW3fSIvmNoDS9achNdgiu0zpaACTUWfMwvfI+8ct/xjnko0qNOu5aaeYx493CIF2SZHWOKoZ4SNX4k+8EchTtaJgTXUytdvJLgblvvNhZGDeirqBih8WE5ZBW5PllU4iDfAU3yYjE1LmmcndIpdMFl0PQopSZSFWOk8LLrLfhiGXRh66vSyWipbrDp35pgfovDalj9ZeMU9VRUBnYDp3+C4iqYmxXvH5wL6cnIRQiUp94MwQkuxRPuLBVEYKDjlZQludl5I8rwUIlQbEhrRxA6NQzbKIN/eaFNh30uVMVw3ff15mKWXogaJQP4K86YGQrVKvk2qmy+59THAO+6hHDossz3G3KstS9maa9Mmxr4Rr/J0os20l0XBAOPy3MdCfwsxjG63f2zx1p+wYXj0i9yOWT49s/Yk2YJ4prX1JfwlT+vYaUITWd/WXeiX5Ebojg/q5Wp9kOIjNde8/YaqMf+tQ+EAXak7i8glnSWIHDOWq8U3Sz8T7XlPAUEKlYXyMkGqX2ZmiDITGJjRG9ArnQs7AcL7G2RgaRHOxE3D2ODasBCQ9UUcKNsrJflR//SZfFzRw2se3zBosDYXMZtmBMzraMyR7DKgYSHVLrmu/7O7H/uL0PrIL2/iyiGGrZFoBK+RFvfWyO0p/NO+yc88eQ==
####################
pavaI+K4Y3FHIUtCEseegM/VTdny/UIoBkcIRFxo/g/Ct2AxBfrq6E47AQP+4qm5sb1HJ/T2VEtLrtJbtP6HXFOcNjH/wD9tUc/tyiOSsk3tiRV0F7G84cpNvfVd7x11e26D/GFFd/Pjohs8ezT9b7S8905nqSY6AMlirkorqkE=
####################
v4K2pIWPWzxjj8ifrIu3yzmVOZevQMkeCJIFg0NTJSBN87sOBZ4/jZQoNoKBwnhCY3GIRftq52Y9eDa8M2QjLK1ueGSgRGLXF53qPU5hHQf37AynlSaLqGLQ9MslJCNowYxELLOOfzM3ZaO5Vp+WhdBfXWEAV4KEQzEVwJ41LKOR7mzLWo3L8AeNDF6v/DIBQbbuBELnvXUIYKaovSAF9PgQOmriKg8YDfxEMbe4fYA9TWbfEYBs3fd8gKtjEJy74rLqSufdPUq0FF82NCuExSanHWQRg+4v5yLKTuVSCJTVH7G6alus0UaeyydZ0VZ2I1Wwn6mOULfQfU7RTRXoRNgeY5ud2o72nA2R/a1RrV4YJkTAakRPDzsxctYervrGqslenQWj1FK7LAVArVRAqyyD86RZ7ZMyKSRRjqn9/2FCTU1xNxGUfKRhIW5unLg+LG6ZmGbZULp6fSAkMGcgpl1b9k2K5H+DifUGmxXUdQYZ7rv4lSj+1MbTSWISY64SGYE7NV1+4rGcS3ZKRuf2aVc/Y5PjJ3BfDunSeZJbxEtVfsLiY+wHELMLIHs3RNQ1QnhEPUESOljjMYXp1XBvLpiiYYLrVmygZVq39m00oENPQ+Hjm2sDppNcIpI8lHtf6/Qubma2CdXq7VxQDzeZoA2lwX/wpCyTwRBewgmrigJUcSKz+HfDllBQCbp5KGCkVRq4OzUQZXzpKz90C0AAplYGc0WfTYPOgU/js5bLsxfB1tsRhpqS9adWxszp4W5uoIc2reqpnP3bOAr+K56H0NPeLJBtxP2NeYPzoSFWvhTS98tz7xWfqhH+xzX3k19ARqf24sbFwkUzUz03lpXYC8CfVyC9DwCt3IjUQaJRQ66YF+meH4MmcEOTrESlTseEVVwBHIDy1tRDJ+HPupQvXg==
####################
zaGT8/UPj5TnGGvwBCVcHmv0Xlw2DzCKwdysLLO2TBKRt/qO5MZ1J8kDSp0wGhB7pfG21SF1tlW+Dt67wnr5iyf/KxgTHQjxRaDkORyO3sY3jPuR8Ws+fAtWj3jvoiuxBV8QOCzwk8Fboc33OthWX75Yg4JVjzd2epZ53QDsUrM=
####################
+ngua1UwOpq5clb588b0wRioNQHuYSVetfDwvNjBplOWHCDzARP00GFYg5IWp72EmFrHRG3V9d2QFbdh7eMHpei+T8VzIFMrlgbr5YhmIGWXbhVU0pxp8dy1whsmkJaV9O7FBy0jZFx5eWOofqZwXq/zeH45iSYv4m+sKkjtXgoaQTAWuzCdOJjnSpa7OyOFAJXOms50aUmwP05TH9W6CT4snL+ebWct9l5FQqsFN/Bvr36LkABPFiqVe1zYnDfI4frYwOn0blXHxlR5Smz7IHbW9wyw1VKaFTD7DFiUMJq9xIj1pOPFc9fAsFnVa54n6IlDp6i32PO75xBfhvgS+byJDi/n5OuM7HWeJt6uw0d/xX9q+cGM2FJD2p3cVpqP2zrx5GMI0bwkAPvwhnepPWHt/FcvWydl2Em2v/2gv6Xznd8XJdoySCcUbrHVuNqeN/XkeXmSLBEidoSNWEQq7xrNNq/15pmiEzQ74ASvhWaT9O5fGJtsMEOzCpczkt3ROMGIgPoVWgTYjKh+Q1+jmrF8HoJmQyXnfsaez/uqm4Yve2PTozuWmWKilEXlR+59xY9bVkWTDTTG6wo+jaoaxPGu3vIC/B5Zaw94RSiFUlvj3f8eG4l/yJvzcQq6Xvn7dDlLqiKdWB1smTtIix1BCT97b2wwlqByc2gcxY557E3X/D4Sg2favrLJA1t9Snvq7EZwGx97XY+zOPyJPwvFRRsTTtsqdnau1eBGvsoSc0jV1o0KpwuaDlPCfupVayNSgXwKdAB5VWmUn1eq1wHidM/DYKrjhyqguwpJhFvvezK9A6h09B8WIPxE5d6jsRShgD3rBl3Q68qquKpxBXhbvFi4i/sCVPTWPFrPYo1vYl8AgDubfQy2tlTXexj19HPXJUQrWbpMofsq3KLSEBivmA==
####################
suW3ZjvjUfT3SLlyE/s8a5wbZ/VIGreTOgz6QDzAdLMlDQNwP9f4zLBajecos/MeyAL0/1cs1l2BxIkYXzyMQe+BMttJmUkdqfGozUW/5Lu31oATGAgUGEBreHiS5kAXUIIZ1/QOZ+RejaNrjoyOuG2HF4gEBHu5rjYxQaZbP3A=
####################
W+cJxgvJAU3ipzTgQ7QqEnhcmuA/gHFibYR8CGzYdD6uJrR4liVTzEZUHCbY536166hrxb+mQCDKjSkW6/XIjeuqs3fAdQIBug9Bosz/hDV9Ce6hn9p+a8apphXAKLX5IfL46fcNSOCdkgpCeWODXs0DscgMl9QxjTiWhcTsTQ/Z5FK3IetBLgiZzi6iPTqQjx4EGBkJVl+gc0AVpW1MV1879sRBt8/BZpV6K0gcd599dcSlHL9kU0QD1ZIrmL890yLiztkaY2mZBuOWVwRDgx/KIKauZ/2vDLQ61ZitJGf/00O4QCbifMiwWA+O/K8UazLaCBOzR3hYglLUof42hiL747R2bHHl1T/SV576kYysQYOHjJMuoPHfydiobOuHszqicc/atqy+/Ql9aIfRfCrPdjNCJve1lo5rTzEk76IGugrFiPaejWWpBCu3pWSPfAgUBCjG6wyyEcU+BLSZ03ejl52tyfSKhZb38QQiqAwowVyQ1+CtyIZKUlaH3LoetFVLEbmYXZ/iADY9kj7Cs6h+4tyvVbyR2mzuFG3W08iPMxyngtE/JBQDb+QE+XvJagvv5pOQZUec+BBqD5Dt4ZftqhlfGPMsiEz0WtYiUZGt9JNkrwuunVoI1NH5Ka8ANb+gUiytb55PipFogtg79iYX/psyQgWTSghAZ+wknVd4SzqqL6bmiqk/5uZ41QpuX9b7Ep+eC34qrb+FGeUst7MGtnTzv2hpqH6VbwrbHZgu1Gh6Rsh3q/hYcVpijEhqpXcMEuw8PDCCEb5z81JQnVrRZeAPDFjBhVyQ43gMjD5X3MbWDPG2OUF8Kfu+kx+8r0yyxUI9tHCAXVlSkKdsMtoMiC21Zyj8IzGoMbs69l9ednclK1nFi6hmTxh+WlNT0ijWW/l0C8ykdi9VbehU3g==
####################
QBqoDPVFLU7YkERQJEt+5FEE1Oi73bGEQAqQTGMYcilx4oFjmXoIgA3G8tjylDp2OQUFKbOWyPYHI0j+N9AmVpU7LyB15+xwgAMr34N+Bqc8jBiLHSoMeQoRQcVZFh2fzAm1BVh8Nr3nXZLLAGxKK34DpPApiQ/sJxLDG2jpfSI=
####################
SN5BLanvQ1c0uE03WSpE3MpNefvaHFBsMrYY8mDNE+zpI31+dg6Zo0B0fBjMTtVeomslX8opN51GccWfW6am09DRXNUcFTbkJYxC9/9hnvdkegbS1+qkuwtOIsqzwDP1tYnJ+MJFrdu/FE+bm1txAhsMAvckeUcdc5KV3s8Dfo5jEElOQ+HqT/AyT8cWRX41a3Ti109nbzf0BSCTnnuhnLUj2on2zQDYPhQyVsjWSghmfOsQNO3Wys7R4Ld3JsGnvwQWXmo1SO6L9LhtVQzm3ulD9HPIg16wOJh0aGv5PIWA3RMghfO2rl3mF7W1sx8dDZ9DfUPK749SIOwgj0/V56iKqR8CRi8JbvaCjvb32MvniHDJwcQcb1d6hPlDANfV6InudPdSmM4hCgk7S4n/5Hc4t5duQXbHvzJIrC0uE5EhISQmYv/JbcU/ZhIOZtO5Tfs0wLYO7wg5S9ZmzHOL1J+aC0UQQp2WTYI1LZUvDFBzluAGlSK0/32XOxD/pl/TfHXSyZZFtbf203dOEeaq2+e1qUMxz8ztMgSZKqNHRnzA/bdPrcLe0kUFe520dcQvTWXssZU5C+tJ/U5ZI4Gy77V3MX2ioNv8BAyDrUldotxkT/K9Bvvs/fjY/+5ZjUm7ZLCRyuaLnXVPwec8Mti2ZdH7vpbn+Im8QSyt+HGXcPNbmYUJD1MTz6/sq9Q5wjCZ9U771VJnvfEJetJzdb1UdDj07YJvIuTwh6jJPI5IzSfc2TwIexNTDTzyim+yej+lF2V5Tc/fRKsdjqfFjs0AEf769qIvUKBUR+izCnVdB/OOehh9GGzXnRshCGIxy/qjhpo0kMakDURJMykU88ntolmcWlwStUeFaKfiIp3uX2gmpbrJEj1U45BWnrni1uZKwUHhlqTI4slJa5UnLTpDxw==
####################
Nq/d8FVcoB/JhzV95tDNC5XTckGE3+Oxn6/E/XXUyaV/EYim5JsU0Fu4VtZ+dF/X5NkECyszhXADxxI03pjlsB55zNGXSOvNp2nEOATaniJym1MTI+n4cx4mBsOgpO1mhgWiGCm96ecYEtI/td5yGrnkwU8ogGfleIK/HjWSJjk=
####################
J9VH1zk5nwTkmKpKhWfaIv85fj4080lxzAduI1LmjxORHKvveDQgjtz5tZz05nrJ9f0O+/wqYsxwW34jJlAtrDzkV/Czow1foKqqz8DjOYEOiAG2HlfLbvvEGbJI5tLx1kUMQHamfn9EtdIdXCLWvV4NWL/33zlDEoHPZ8hJni6KEB6TWaRRvQvebYr0R8TdsV7umyrEYlOKi6mkJkyK+gcdijLezcWSuKxdnXn5rozehQ7w8koyj8BbpBIaq7dmDUYn7g/BL7iaPnpukRVLw6B57Om4/7i2ykCWe29tm1sdubGHOhz2I63GZIKJWI+pCixJPvd8A9UepQNTtsFmPqt3VAtzbuAiQ2Q1yGf9YB6YTezt4SS3HcqBChRcHEzyl8euKZtu7plAMSnCM8+5itYYeANUm+dTD0WwqCHuBV4D0I6PZ6li3a36kx4xPaNgOWimQSy3sZS4EWm+OVPyHrkrpgwcF8f0XA+lyzy2D0o8MUV38LOYDBjxI53ZlSshYQTXoJdAOevmPCoSrPn6YW/D48zSeJIKr/Sc3AP7KWnMjYnaNfZezHmQCtMQBO8hsK3r4pnn6/5/5JACdFOdidaHEVmg0ldAXtIY5a9MH2WYX7EZQZXVvc4ZKsrIZQnOOThcsPmUdJEwRSUn9QHxlnpvmfH9GXyq63fxv8Gcr+XnJG5iTRbIc1KYTq4tavUNVCR9IFPSjhQLnyZHGBJVRkLQISYkC4o+XLQY+EqtNHTc1WHXOKpk+i0yX2Mu1uxLADEZwwRDDc5GcuVUZ5gSptq778atbzUfm6Hwec8nd9EGYOSU9IHSVmlCursPa67WTLk+IyvHT6G1c857xkZs0LsosMB8p0dvjILMr3akIsIlv2pNAUn2r2q5LNLXSRiipsN9HZYIxBqoxgJHEk8vCA==
####################
PJF8M84jB5m4H0Y8sddDfjaEhyhtZJX4FKF8BAQd0czNSeIjTSdlsIckplNyd0C9kCyjEqyWoM+e9wYST4R/ywgRASGwmOZKiljy262bAJhADtJGaP7tkIscVsyjiK2r6RiT1j+Kb9BEwSNWDsFTI2qd+QJhtAv7fKZmGQfk+Xo=
####################
STKsK0yGC9KSYpa+228qIAPQ9tEGPuoIVmXyMJcfJoakcr2r2vKyLQD6RUIG63BCaFIWvvanVGsnfcaReCPiiwAUyg758QmZDbgBcItN4L0DHEkyD4tBjjxFKmcNTDJqE10eGeX9yQlG72LNKundRqwxUsS7QTnFd+7KWm6PBuI66xPHFNH3l0vWVqlmf+qGRfeoSJcqh0Zq79yUCZ/HdWt4p4llqUtgNtysy+oGhWqmwcFclqEnA1Msguc0Y9FhgMWXdHIpMtaUJ7O6HCurWsthtBrbdYKhA0RQ7nb9VadJkRY7zm/urgizAUdkSC62QqVjHEChZWOdYEdDF8L3LrpPg4l2penhEW6gilNE6TeobUNwTfFdfxjEgdMWTa9Mjp17P8Ys1KDCi5twoArOkctyOyhvFiH/wAGK/hwyB86gp6189NtRXDPU1IxiWKEqtOC2zExk76a9Qk71v1DicD7F59nnqfSk69n1OtC7cJgTVGJsPFpvPBB030AK0ejBXRculxVomVk+3Gv7PftfRp4od+Czat+HLHHpEPgfDjOPZf8eKr7Oo8BQrruEq3Lz+cOpie2oHR/pWXcolv08LDIiMelAoINgutWWfPbgSgy5Xfih53f54YWb7/JY8S1jRp4BSvviMtwaYWHJoumeffGs3sVZv95gVpbW7MsfBT/hiwjXd7nQ8KF0WxSjkwdD9GnV6TxI3TnC2R40AXSP8swqs527cwyLXBcNDFTrKaa35ZkE3KQAn9GFSAhYSMsNaDwCYlIQSnNZJ+YaD56X6aTnD7YAvpwnhh35DlqNueDj7dLun4wLhbRwl7V0spG6rlwtafDkAwklUzNGHbvrHwO4UP7yxBN1kKX45aC/b6shfUBBRs0mEmh3k2m87XZvGa7Zw0Roobgds/e9iGNvxg==
####################
tFRxp6SEaKB2kFR346BCjoEv+FtGJ/EGgym0WR7lyGS47lH/WGhhlfIOJtx/K9P7ve/tSJ7XjrsB51hqJYxBy+2DjSaqRM4OxARO25fuRvM8ueOJGpKiynNVSK05pgtlYcHxV+nOPttq57k+fmuQbGEhOB8UjW7i88r9zCocUfE=
####################
7uL9qGN/0089+hAqV3iRwsB2kBNd9U1xUD4ShGu6YtQH8gBHHDKzW1WKsC9T2WgnFbgBftxzyRHex2oPrRt1jzP9JwFO6V348tjZbjboFkOvHzTDC7j32AQUnGJevoVf8P7IuazgNkQ7WEHY4AUQoXkFV0gl3FazLLu/pqRk22g/2IuTjl3/sdljfiAzq6NjEEQrel2jcdftrJiuBvmg2jCRp/HVLz00t2I6mMqg8Q/zdJqhP6c4h40s8Gng7kbOVuzZBHuj56EOiaLaA3Hyxbbb25aPcqoLKsjDVTToFgk9kbojg75KC+01QTtRFt14AWyxRyae1rJ0f7hB3uNQmE+69rxak5MLTQe05UZpnLA13RaDGFJEpTqGvmEdWfZI8GnAHkCYFXBLnmtjGjum/XGWDx3ikkttGszKPEosU+7qUR0vggmfGj6JEyahKh/Od7bel3/kJF+W/QRD5cOMkOa53ZSaX1BXarJuPscTX3kuB9Nn/KUHHCzoj9QxNLyYwnLGSob0FX6Aw5m/8vevyfFVsjSgdv0ooTn2s3J1O08CTXU8O+YFFAPXKRlCDdklWm1WlOWNMpYkogzcRusXGkLD87qPw30c3E+xD2XY2uf//0RKtkuZO0n0Inscsg4ISypEn9Kk+HlFSZWMy0zNc3FfAFRVOhoZkXFwMTjOFakx0Mj5csgijSvZdUxzDVIhdC50a5bQESOWVcVNCz6vS85xMIkPzobDrfIKz5xqDiz7aarYWuiNDbsV7RiZ0u4riyIwRzE/62N6Qg66h0JPL9MLOk9WiBh4mM9Tnh7ZZOL5vqWtmrCXy75+Km7XMaSPb4TFun7/JcfcfxtOu1Y5+TiRS+JuXAxSP5uhcdnTiKe6gsQsG0WjWImvXiNyzWADoZkQjFKWOXKR4V2lDXvKgw==
####################
CVlGAKRZ032KA5A0r5NXOAM36eejY+lDBY1Shj8QViJFV/SCBFFPTl0dDc1c5+KWztrSv4VMfkWAsa/xRjO0aYxpnbKAHgVKusxFcNNuAhHRtb7sp0yRuAQhk0QlptWG/i8Ir48CkyvFBRiK+w0EkJX9u2FNvempflG7ad1hWWY=
####################
jHpaUzndreYqHQ3OF5C9Xz2NKggoKFtL4phN1NKoPYA2N5iJlOxfDuO6HyZI1OFnAQdo+LdDDuf3JPO9m6IbpgpWVl+gFcWxjN8b0X+Dvns9T4xvE1JS3Rqek23jUDWD4cQCMoSoeNa9CL3/JatpMeirQ0uAqmbBP1C45jSJxAY0NbfRwLUs6EeC0e4OvfL06Ra+tqC59N8pp6RWmxdr8IYW1sP70MdA32EE3qI8CB0NJEeb+ItKOsVBO2sdJfLoKcjbFt4ISgYiTj7HzLm/R7exuEJGrqGaJHDyVYfXqDGq3tvM/z4b3RA3C8KB2si/BEmfkRtD1+pVuWbhsqTrP1jIqJRPj0O2u2sjhAjhSABVP3QpMoQC1xU7f2lRxFv17nhrzFqXX9bi4eQniyn1joj2seEYAz4nfpDCKFV1eieGd6PkZ+JaXf8vk48xB232vcovm0mXTQKvd56LMwuRKqL9jLnEJoLsIx6+Naoako3AT/ht3TMiMw816WbIHhT8o6g0YHN1LfUPLNw8ME1JhmSQXyddMVDsOE5w1Js6yYk4oRl90AaHCPWTszaJvO9MmBkRMveS4p7EskqUs01kGpoKWovdtWMKQAK8C0HFoOSaeoZHHfD3HVkNhoUKNnzrvUoyNVpOms2SdSPvpv7f0qdIAUgNwI4991E0COdm8cLeds2fqIex4o7u6uFakaFyYEUqHeRHAzCsApBToXyAb7JO4KJpMWhlA32XIwkXRr+R/KrJx0FzKrY5tgJJUbJSAdNZyVm8h9P92f/hWDRJyLfWGpMee7uEnWa5UNvqOYRL+M42Xqumayi4QVX7LOovGpP3YeF/lMUkRKshO9y2PiFeZ5wJ0C881buCF5OJImVyxbKtjln/i/OXrVzQk1Bb/jzMUDiHBvhnHnXblL9YKA==
####################
f1OPQoerEkW5KnQxZZcROOgChprcRPvjWYvVkJlsCU2I2r6pI1HOnefRXnC1+pQ6APcJRsjgXuOBKrOv6J4a6ttZuoMLeo2g+/zi+qTYVN4Rv0m9vxD2I0hxYvoOkmFYDIVN/20Yvlu9sHI+rm6spsdeT3w6u/lsTHokC3QFveo=
####################
G6WuLp2ONb1KA5z/OSbEWdtChUJKP7MvPt8t/N1GMQYlE21cvwvwoXiuUhY9PJwNMYnQCUL07tkeYCJTdp3TYLGSy2hzbWiK0da/ThnxSoEMMsEK/0/Hae7b2fpc/2RudUW/dZlp3sefm5KYpmur+qQ9uSUtRGwsYJOSVQ4y2HWskew1KoUf+UyFp0THwoXgxc/It2nu0JtGRbgoxEd/4D8JhI5W/G4u9BX9nWJ0t+ZbygDpyt5fHbdZrLRQHex+gk7H+QNTHtzjAtAScInw7e9Obr15/uaBXB1dw3Et4E4g0XLIAjxBoCccy3GJE+gXFKPkZy1dnjELUeYO31xmFBHURH4syXvwGadvl7vG8XZRy+vxBYEHnR6l8G1UgMbywHH7f8zmY7lS2N+wcrIEuH2elZ9fcecRkB1GRxBIaYcpLzB2VAwckF1ymgpqKKBEZvSXBG7/UI1FYwvO7GIOKhpFr51EXGhmHZJTOULJjgduAV/ys+bt00sGq7fgQiPUcTYunWGnuU58fsBQUtehNQqcvoDSsnpsiUwaIirNKq4or6cmOhfDcR8JZEYkofbNRkxJv65udqnfkLThaYayN/YUbLkzqpKWNb0O1D3aOUu3gAVkX8UYhFCUm3I7ru6Giax8IOqFY8M3t/pXp04q96SkzU1sSgsNatxMrj1FgjyPMqADD1ghPSEBEHpMLljzKw3V68AXACFtc27GNe8Kzo450+Q+L4DNBvO0BkLgNuGueYTqMEwUzQdB7UJ7vaxjOHMvWD6PIfAtwNsi48O4AHDYu6kZHCpwSc+RDK/BKZjNIssiVovwvVAOJ2annwbN8Cje/+rUUl1lgY2JwqWXv8yTn1y5jYCfCNxGPl3pZBBvzfv021bsAZ6YGAuTPlADu3FfYubpLbGFPOxu+WCB9Q==
####################
IitRXq6YYDrQmmMVsWjjd62XcSUzDCqiYX8CEStPjNsBgPE8ykZgDIcgYul1eC6kMkJmzufDYTsBoOl2dtROsDpavilbOWwVUeIIZ30ab4gPI8gceNrXmMEQK0X4h6hzP/l6AaLViiM2+8wN9Rg4X2Eskse7DlSL67RcEbIcVs0=
####################
0klfUFduz6Oi/Kg4pHfcRhOy617DqStqPocKUMVMvpKAL+mpPgSTZIxJk2IQCFBoHxTpeczMQDsWoAdG7i6RjjVSDyYubTIurtvidvbtuy81W+ZzlUwWU+jTEkIBfl///f7X1FXzF8jHg9CTqVpt2AFrCFV7aHo1vJZ0OzfSNRAFgPAMH+y6z4b7KBcLEi4vgD4TxTTcDbV5zAuhKMSlUTHV3A2doL6wY2p1mtFV4s8rsqpJruT9HGUxCfTpd/hjHS2NqOZfa4G+LV1G20oXHzCZ9DITCtxTkKIt05p0FAg5TRcFOo6gFDpPOsck29qY8VXuaXWsUr71COSbu+WWXe8agDkGTafqKboaQ16aVYGO73g83HmNv9MTnuMOTMXR3xs4m2rPjKOzKrEUcUEWUJSmShBQz2aCLxlWiuwUm9KBfzgDMiMQcoH+16lQeRtjEB9DsC1icwZu8ULfP4hz7hrk9qiJWFQUsJ9PdvaiHb8mXurN1vYYLujzaUXs8Q9RzrPC8H274AlRCbYZEcnlcIFmiijDIw5kxEuizbBytzK6Qvz0cd2fEBU5z31mEEe7SkeIsiEcJwErwIv0gJ59BlcCHo+WTn7PqF73cbTAr+ZSA3JiFKce7MvJwytuxIxDKRUWZWd3pgEPXuVJhM72ODL0bNZCXV4SAzckL53RDCASCFGel0gnLD+DKrHmKG+M89TdXwlUS8mglE6DsoJSmwhtzGMbv6pSGdn3PTFrQbv6zu/MSpY4JiK38myGtj94R5fKUpV/+rQ9+2OCCESt8NHRqSwkRfJ38ypvwAj8lWn2OqvqqvvYBr9/I7S+fAUrA+D9kqL8MhjnLxicSZdMyRPH87Mg7xpmv0oGRAR3B1ZL503i03mZ8NuS2bXQfVpyeDp0U+xJIZCyNvBQVsjMTA==
####################
xyMn4zn0z9WlTUsfGv1jpCrIJeQPK2cqLRgRB/um06gBQhvFg81vvo7QiaXfMf3717gSwoOU9D9PZ5+IfHgKfEi71WPCXTwayXD590eHPfeldVHa2nWa/vF+i/1Kdo+los7UsfHr28Zu8POEhioTGvgqM6r81eOyKBCVY3k0vyo=
####################
0PxckF22jeyQ62G3dJ2BZSNQCjy1R7G/KsUm8FwwwZpZSlGSLO/APajF1QmSXOrp4h3BWFtyo1xe30BF7Fyl71TuFhEBJasoJ6sUj+3y96ZIrR9UC0WQdtkoWMK/H0JNIEKq2LH95v4qN90uk3FGMZ7nTbsb7D1VklWfpBSQJea8jXuPFOloQ26PTB5n4DseQFYJfRL0sIOKsbtTgM/air4aXOm+y/Y72/uG378ZlqaaAu69VrJqfIfEYtShaXIIdI4wiEfElBMjTfvj/fYjNMEqbK0BlsG4zPwm/piZgOAv2cqme275sMB8kmVln4N1OYvjIS1kznC0/7CN27mQ8nynbynxhL4liZr4HWBAMF1UtOklJD7ncWbeI8VN6RGvQ7ToSto0kWD/i/Y7g4MlJFciTuQV3yF1dX/w81jOfb14DT2Ak5IorJVuUcYhc2zTx+6ZUSo28aOWMcLBL+u19j16f2vOI7L9+w94UrnHrVmY/b6EVb21tGapMvRRfDFfSUIX/t91/mzoEUQ+3XUxkP5uI0P+KOmrDgoOqPTaZS1m5RzPx+S4T+15L76MDLoLdG4a/AJ6/EiD5jJyAV11S8G3U/0imS0II0i62lgRg4/IzJT/hf9TpsJURF+Pq49vpov9lh57I7/4QfR+IvTqo1hst2ves+OHn8yhPRO05bdtFvIEdQ8byXUM/1d+O/WZTKEmHG0hBw8DBM3bKVOuwjOebIuJoL07p3HSH/nkUTew/lkg7SAuICKuOdb+7bH9Tj4y3MBsFYYTeY5sxt9bNll2sfi6vXKLzgbEOlU8EFvAsxeN/XJ0o0S5PNV05DW6vWl8zezGjVUt5Hn4UjT+brLkxq8wqR/VGU1+/DnCztoXeANh7u0IQm/b4VsvTehMoKJGe5bkQzndjukFBr9RTg==
####################
HEjqnZ1lqor96EBOUNaXUAyFv3D9mG8DKlApVXLtjypLRvcDVRvNG/dJzufY8TnXPq4Rm0ni9IEO/nPqXzeOKpW+DnX5u48WVhUER5aMTLcmHy3tteu6Kqk/89rWQquet1Z5FA/k4UPwAlvXPqPzwKfZ4at2JAfCQXqXwAm5VFg=
####################
DQ+gem6EejldAJYCYcTTrDCcimWE3ggme53N1UHgozt6nLAtnNF7C2YJTofPbq1UD21jxXg31j0fppA2XIJtTfkftjY9ChHUVEPQlgMqtTm4YOwOF34TiB9l1aAzU6fX8tXQLfCV35nSwGmgO9ul4AnYqmgzBY7jVoQo1LJxLhGs/j9QJvXGsQOXOCc5V4zWKcCMIG6//yhRTeRaFws55vRqph9CiLdEuj6SVrUU8l93YjpdsO+/U8sRCrPkteM188DqaYbLMG9vUyw2Ef2KX+ZevZw9DjJbj9OjHEDKXwj1OeA4cTKg75eTY48uNnic6wTFuqZ2oyIreJQcVQ44JJUCVQJjjGnWJPknFzrPE0a/UiTia86kqDY0bkTghU4bvphrb/VqhJnqZwUfOemVw925dRaERNG4VimFX2y/Wn9PL6trPg3Lsipmg4VqBb19vhVhG4zkHrV2idyVgk0Jo5q+qOjyz1CS0VE/HJk5D1ZuYXbrYQB4abIFsBavNtUvEcmSke6M2xe/LavRdUS2OOvnJiEAQqIu7bxNoWicb3GR60WmvH114SoFwTV2+/Ga+1XfSqMZzd3rGozTCSIjWvnthTwHxiLepXqeYDdcDnOkpXwuHEdoL5H40pNcQ7WgZIwGBwuJFaHTPbbnxSpevj7ASgAIIc5S0i0PaIXj8VYEGhkOo5xTLwYTJ2q3Pq2XuMHj1+lFds2ay7EID2TmEMcVT5yJSL8qH6vgaNz8CW0udLvgSiJBsTcxjm/jXIA15o4rxNEH5zo/grVOglHAtWHtIhQY5Dk6SPdLeKMF67nxq0GmHW7Jdl3BMrpaBVhJhV2+l+j11fJUpzboS+gkfu3ta7QDiC6a5AMq7ozhSCUn46fqns5rgA0dvpktg4OYlWgWINxYIRTOd2x7XVMx0g==
####################
pQZeA9Ud8Pq38p6ZcmUI/SQCOi9juHtFMapAt3pKCF5YVYmzRB4bM+Ygy5tDB4i/rDgG2/KMz9S/zBkV2efVlBvERB2/R6rNWs+ddJujub1BvRKv8lTXuYQdtJig1u4VMxe86vlVHZFDfoODM/QX04Mcn26QPx2KTwThhzcf4/s=
####################
xuRgN0QJ0DIBJg0r4I/q6eOuUMpuY3WMO0Lc9aRjdTkwoNGociiayUQhEaYat9LTiCuOgcmvTTBni+1nh2GHrDU+EMn/lKrqmrv9yX1/ycduAGizjFkSqtYl2FVsRL0NBHwFs6nFjZvtay4KADARkLazLj5VZKYaKt2ycUubamVD03WVuEDgtMv1zPLQkJZ+41owAiArNzPC+HuFGMcVQGC/Llkdt0K7GYy8nRWtHARyQDvJOZ4E4vjD8BRra0JEtGTtBUlzCCYD8bgGwPDhCwCSwUhBEs73PUa/JtbEBqr0UI6ZXCjWFXum1y8vxv4/CHo9ZefiX18dyFTVHjkCmTK8BYuiMkMPVi1JTl2wM6QD/82hdXc15Jk5jFbCz5+pYf5+/pKQ6T9KcowFvMfmJTaC44pL0Ga2FSVjTT0yunFKTh5W+QAFi+4U5116J1eTIXm4zuRK672RwT73zth94IT01W4kMJxwkB1FTU+88WLnSq1N2KSSbmgGiy706yg1gg8OvrSgy5etqr42Hhy/yt5z6cyTV6erRY8JTX3JUHPBw1JapjdWndOZD9X1mHQCL0ti1YubqeBpkAKiy42FwoAsq2CZTRI+v4PyI3H0kXmI68yl02zKI+c8vL84aW46FavtWrlOVu4qqWOIGuG7EZG1GZ8/3zcREsk0RA1kxtAzLka2Gx91UWVsq0UEP9OAAuVTtimvcSOoXAvOmQ1DRqYzAcaT3ZUC6GjCYrG5u6EwPkWilbkGFD1vfO8w0XzuqDuFCsduucCKEUqofRriHgM5nEUX8eP+RfRsHVFJHNBXovyPnDp+GSTiKUIHlzasjlmXJDenIx+oKGdCL3WPmvFfECdTb8LEugI/gpchrTbqahbOgcV0+2XGmR4SJtmIjAo/YR50qK8SQe44PYoZXA==
####################
cB7bOX2awv0P8FOi+YsCWGnjNYKu04J8Yj646HMwMNbZhpdTifUSFppCQEqrL2DljALMMmXMOFrGN9x2ha0/V60jB/dgC6vErwTxLvJ0LXBVFD1VuVaf0txnhhzWPMxuiLhoo2OLQOFPcpjCFu+PqMBW0sWWI8b8sNPVHP+KVG4=
####################
K74HM/39wpuhLmuy35IJWgFRT7BazjRYhjzQw3wKFXpbc0R8DXXYPEy6DNip1xxf+/FlPscW08zFGi66TSwy03DpdOrtIWQfjO2HEMMb9YQ3y67O1P5et6gT4Q1XFvPMSOaYze2jlI7mYgW8LDnkdc7nMuHa8Q0h+OgAxr6VapMs6nBJbGDjU0Jvt6K4TMxJw68+tlVkgNvmCABcXNJ85ENDQo+AA2iXoww9pvkB+UPLRvdYthsiFxbJBfBxMK6wvC//+6iqVkrUOyc17HeWB0T6lNyiV6jgMgs+wVzGNS9Vbs7f8y3v9k4QfaMtapKBw25hmCKEzP8DQuYIvlXX8AuvcaEwzhgtPwVcBu5RFlV65/K5wVVuMdeIEGAwq+YXVcl4hkhEJ1wUwCFYVkfixQLhlTu2g6Lqg7kc3wDK5rU9N8NSWeJrDVWU1Jtk8nfF7qhUZ0or1r0wXKVCgNsnTiiYMrLaF7darG9t4g85Y+P7qdsaDhTdgUln6J2hHaH3rprqeK9WF8kdvP8946FDTs2yAFJFDgt7XLft3gvuWBDIahtlWdYbbhRK6vFyAVUoEoe/KXz7PI6kMCQwycKkDnchF2wP4veUdKYZOubrdrFSv2275SsH0514vvKW5uUYrIM2AxwhXdMAKpH7OKHSbdfetv7RYReYV94XOTVNTSec1DdYe0BDfDeN3uB/w2203QS9wVlgoTg6RAq9Oh/8FbFUpgws+b9aex3WBjoymy9Vb9ju6/SJ+TY7saWMJBZhORMhAPpt9uGoa7r9uPemDmX8lgyiCliElTAdn9gU7eIhsqvWQF2xVF8iMfu9By2kBMhC8t+xof3ZZ0LqoYzWHJ6dJPtkBe+shkL4SyZRsEsqzteIVgYYL4/3Q4mBIH0LqbCOwvuebQVKOKKhHBVPdg==
####################
0jvHVnmKwDDNSVQoB9BawVXxpKK2IvwkzcL+MZKNU27cKc4eJkLnvm/qPyqoUN02JqbgziFKY97aSjRdvoIAs2bpeScQDXj7Xfmcu9aso7ZwPuebVW0Gw6O6zX1KWqWE1TKkSIaaQCxEl/i9Hot/7Lrhpc0iqRQUQNGrVhvhTM4=
####################
dZ/uYnJVD/MLfEuTfaOL+o1c9KcjRFru3KVIHpx0TC4DuVeZyW9xezgEXZw5oXm/Xwtcy8oA01mUTsPu18M29U85asADeqm9eHhaxb2Cu4SBS6Us9bVR4ZWRDSmTeNe7MXkQUYemq4npPZurY5h2+ljc9Is6ank9lU9AO0wl9h5E6jqrHdSv+fskbd9WaXLv1bpfQZ5umf2Bks3H5maJQMEc8WISIDZDvuEP+d4rwPuAvruIsu/bLNr+xkc4pNAUvU9sKaGKtu941mIpp362hlkm+AIPWVTxrSjjXQpVtDW/FGsBp4MTEiqk3kcZ+v1ch7I1lj8l7EAJEjYX+EAvbiyOjcb6y1fW+l+fYfR3invp+eSdGzDi7xAqTKQvj440OkHpi2xh2ugfj8M5iYH6XuKrOYP9dkF3Hxca58PcCrIrQC3R8//FN7RbczSD3r8rIXIFo2545/fg1R2MCpZKrmFKch2nlnV94YJYxhmy9dZXAN4jRgGbj4D/4G8rH3aeVteTVFWUwqtnsRmzaVEHVlX7U6XqPeHrK5fP1bXI7rWWYHotMrBSZr142mvj9RgNOLvaD6rjZWt3jMCZP7qEPnuG1qeMc8gaMLRjzbCrwJa7ywl2F/EWU8vkaMCHX62RAH2+hTS6nHuE7cHx5g4fbHKEJcM+ow+hij3vtat21vtXgz3ITaAZ5YKrYhQf5JW2wfvppCctezr3wfjv2NjlzjzBF2ko7/V7A877YLr/IR0cTHoKtsHnc48YN0JgsuCMYmzEc0leX4HUJCToRUL8u16m10v6F8uxIMmUXCZXFNLD1QwBABX/zr2Mgh1YI2EWpmMbAUnBaW7K1tKgGZVJKWo5rQV4C/tlJ1DlOAKSkdWMSQIpKXgenwcUD40cR143X5RXbEF/mrXoJ9wAv7p2Nw==
####################
AGZm8WrrBveQozP62f2NF1g0hEAZtD564iNTw3+arYdjHyTnHDFj4L8XrOffzK04RcFgh1VJLq1AlEJwGI13PX85vDoXop55lbHEOxAdV4IwIvcgFAAE7zj7eVXumU5XbA2IwBXfpch5TwI19nnpkZE0/ubPjOwrKZNfCEfCy9k=
####################
vADlV0ssQzIXlCmOojwk/A2o8Eutn1ReOZIh8L2dn+q8sg+PzITla3Bf0g25C4aIwp6qpJiJSeMHlvO6CInGiUYEoPMUcfjTfhOg+kOn55D+zdEAvI9A9PjiBVzLSkkBWGy2qdGmxCfKzQrsR7lNRxBQRZb443krWHAWwkHVEDbf7B0yLSzdGHpfMIIE774v6RBByDp6710qnxg+gpcdcBcP+sPEcp6tbFc5crf+EAv9vDPK5zV8DuCoNxHXfzBXb5ZDYL2ENsgimg5i1DwMYUOA3EdIynrf7UA2I+Kh054/6bavb3nEV0OITv4J9CWp45Y+19fS2AXlJRWAzrtQ/rNJ2fv9rNoNsyhJoOJuS03oCfPDW4xtyipGQ6br7ql9bQrn/Bwuu8jWViJoIFHGsDC2qyx75U8PMo3q+GRBkTnKiT0MKQzC2ZOVJEvY9KDhO2xVfTDP8JNH7Am1EM5gdsAXwdSMOkOGLxHHzbnbJqiw/lDfyfWlcKLjK15jFzVGoqrXeo1mFsqH8ZamDGkfMRji10it3l6DrOcOVenVF9k7yD+bSwZ/ptxY7dVESnrpXpx4UkD/T4TcPyG358LodajbRFrrEezgpdD5SjGcoJ5dtiQYMuiwRqQdDhzTtpdj5Qd7Q1CitRrDV25rufGvFCV9Q9CVBNTtQGaZ0EVIYahJsjP2OaJ5oo/DFbWaNGEt8DGzwE+UkAtwY0plxRvHcPipZ1pJJ9cUPXx8pyIkLxZ8QmQiFxur/lyaTrRFixwd93RmX5MFcIcUiYvUhmIL7HHw8BsAwh+LVSw2uDnO5QYsUw0AxszboiB30dvtEIe0sHzAbyhZf10NqXicjneoLg7odQbcoMd8mXQDz32Xvde5HbbqLxOfnKnir6yx7MikPZeozD3uNZC2KHTCrXDeow==
####################
Of+09Co3hHTpxMV+i7o0ayZml+0rT8p0+tvL5iy1NxOxyTUKcECpsYrYMGtwcEdYMfZD8SYEGab+hoEyDjKTwIqMNntG8qoiqGBll/XrckTmZV7mbplLKGZHYKKOVI27IQcUbRZbFoCoUsgkv+/yJmz9j18wNiUbmpfFTQQZGjY=
####################
k6OSQyGOeF1sAiUT8ldVML8k9vMfwx/8gHTZPBbfGNxlFe44HIykqjKfkqb4tPB8W70J4BBY9cqQuUkwFKrDTWXchERPzEEZReW4i3I8GzHhsmrsz9rcQU9+F/DTzhtYNLYO+JTKs5yeD6S8noYFU+p3yUHEsdoq3HQckxV0wplTqQsmp/o0oHvIAhzllw3DTi4SmyzfcrQXSdXX0glbf6NN3Exj1j04jwX5xYaR++bt6yCiHcJWO1tpQPEgMzaODkfAWmG5eliMRu3vqFkwUHUQZimcYpY1ddtpobI/wheC0/HkYSBKxuc0V+zgb9ZilQB98BJUMs5Cw37Grx1korUiY5KtDY7klCTKzVN7BR13ZjZewvxGuGYqLHMY1kuHNPIz09m4QUM5H/gI5Jhi8z6FhMvA/C/tk936Wn6WG642yxlJdOPvM1+kOsFpJ1mN7ujUJO/jnQz9o65bRYBKhWXIG8/twOLgCiqg/WvoUwFXDvNil8KBMwX/S/7OyYqKKJEK9Sg+7If1poqAdx4zqxvQry4khyeWnkEV/eLV5KgfilFsmXI6VCcKKyN3Yrsf4TvF65BM/w22/uoUpbHW1fodsGdRUyRGaJUj8RWr9NjUmCL3Eh/btJQl8UafRWs5/q7nfKsecUMEQ7BH/i+1h1GCa/DNdw2O3YdHpWHOsc/iaLOquzw7nE03yEPzozPJF5pNC2iDUWL4WNR58t8DD5tB+wIVfK0ehT/0b48Sg7GcmTE5W/DZmKt19DwyWkyAwKaxxxfvEDRTAWIuhgdLoEeBcCO3NA1J+2iigBWcS3myWCRYUJmC843gowGRWRA0XWxRJDxpU/4AChfqvg89yOMAhYoAAjjMc2EgIVjJimPV+pUE08i+p6+YorjsEaIM6Y17zDm6DsPctOZiM8vU+g==
####################
qPr/6rPr66+uW7OKsJiI+A9uo85HSvI4nzhBHTJaJCqcC3knLxXYUZyDUMlSEFckDRE0+Y0x46tgVRZpX8CRcnFUYRt8ukbdh9OFj99dWUFf9m01AoaeEiQBETaytFPX8h0v7mlMIaTlVcLFXwlUMBF4eReIVMA6yHyNODmkHfQ=
####################
n4Ztj3JTWabPiijyAwYaav1+PDleoetBPAPQJSf3+Su0LyZfAQ94DaYNtB7fh5wJKGwpmuwI830aWCfqWKVmGMCeVKGin8rZfBN3v/nAcM/9aLichpHldCWhLzk6zSaavObzDvTu/tR6usqMGKfnLhVRe+WI/3Yjpt889/K7P0kIhlcJDBKqDFZ+ROTgPfGlOiM7yAW9RavDAUPzTvUOKRdTZyajN9UL0O7NmoEaIAVInSrX3vZJbnhfVFKZp3crM1etxdtvrnWNuMOpex7qBoK9LfrGG7kIJJvI1I8p35V/rwdFcIyAF62isdLuHfg+fc6SCa1HZVcJWnV8wTkRsl2+TwVGy382/ngAZ6OM7qLSxPz1D4Rs25g7JW9VV/cEF9pv+J6R9cGspyQpht9EKNSFtxefifuhfOSwHA7LH53AAE0sPuQFTqbVJGXpBL6NIWaWzCsbRYhFvW94EQd8pm9cBReoTQcGTvGuSwBMywuAGZmHzXLDgpefSpfCsEWKOYdoKcstEn5xque4DxT1sc2JOZJJPTMyt4RaaaGuBmGkogNNND9ewGN6CIZxEFRw5N3sBfhDLTVKgOSNQaRe7SUHcCNJzdjVyf66vTT5iS24NJAfd7lAz182j85zw6XQ7jK7KY55IDtuMnNIR2yxbPw/EsfVVGIINBKQ1TiiQ1DvbYrDhuyokdWYBoddB3f4pmLvyzSBbmr1MCM22tLaZvdrvjCGNrjXyMVkV61ni7uVIvT0pyOIxPvZ+qkFjfU2viBtaXxUcLP9mnbTmHaCPYy1OtoMzlaKTHtuXIt5X6XnD74I+kRSW6DKOobXEUrVL4Wzmeg63tnB28LYckLI28UxRW78bZeI6bIu/fzPPkLpdyIUodWG65ZZ6YCouwkowTF453KG5typLUUYY1X10A==
####################
tu4Spdm1HY+niPRJj3NAGc7pxc6b9X4S3nA6rhbkRyWZRqyq5PAvl6pXyuhkATztekXKM8sn3/9cx9+oHlHT5c+SRhTGtmo6NB0sAMkDtnrNRB8/ioIK90Ik3U5ypDoTRGTDA0pkrRWlb/DJdbSioyvOUwutk/Qjxq0C9ojDth0=
####################
xPctizI4GC//Ir06WLCd1KlMMIMTaCzOlu/PzOka9pwnOmSHMuIRO5o0u1cIv9y4CWXaRJdiW1ook+KzTc/jiQ7QIJqu743iZPiRmAhRdVCUVQfTekoF/jnidLLj6+7DDntzP05iz5XrBCR4oeAwZ4iV+iHYdeiODmKNOEamlSOglPJc64BBjAXjwSOFpAA9d1Jsks0JJRlZC5D2ab9xyyQSfDeh4SXkFqRzpQ0c5h3/r5Sx5/7PNkZ0Eb3P9pRR0J/TN9jUW8gxEOILJr6IZa/2ATs4+VnGORedPod8WRcpkIhkY/wZMwzlo6ZmJGlvFIhc8Mvid3sD9CZxBhI0zygI5HVxcAF6jq7hGwO1uE7wgBvuTVSCz3CR1nVWCrOTpB4OSNIx8gUkDHSUZmWx0x6UJz5DTEEGsH6ORCQohx232nzl4+E4xBxKbQSNNe3lzkLnJIDgJdmqDX2fhO9tyny06CTNhwTkB+u4XHfLIxPXB5ZH+Qu+sbQLnZK+98rKcxGfMQiSC9zU+9gaSlOTyjTQRW5LkjLbrb6cZ4zPbqGQ/R0cUFZDzcYlIZtAGXUvubr4SfN69ZeKMP1uP8uhhDavBw3gv6Xlh1FQMfooOu2Yrt+Wc/mbVYQyM1RG+6iaEaKPmubagBF2DaYmVvH/UIjl0mWdmV7g7dp85PR9QCOYJqphltxWI11qy6hJDWb3wdTOS/aS2sdT3dL2wRqoiWt9bWu5FtOPAv09pwsEl2xLzTpiAYHdJooOXCANqnifSb2/vK0VP/v/EYNJOFpkjolExAr91j0DyOJSXIWoXohsUGxR+pRk2xxh4f2dXv8Iuxm1T4HsO2rfwVgYohl2gq81ftiJcb2P7a5rVFHccRQxtQMlYfLcfOcLu9bvzC5F7qugSVVIbBdwKHPJam8o/A==
####################
QgdVkIEuU7HP4SrCupBDRV0lZkjg+0Z7zi+IxXbEzY8sMjc2xUf3fyM0etk8MJh0gFJyDDtASbOeOHI1Z8T2gN5XR4uJMxjecKBoZsWKRqp1oVJ/6YUfLqOz8NVQoNGSPfkp4RyAdw2kR4dx0krNsr1QxVadnOfBWcrGJjeGkJo=
####################
76COhnnIuY1HAsUJHqHm8H8N12c+A+fRQUltDb4HvwF6cMQzbE3G1XZarFxharYs5APHWutVlljt3jny5J83ggPbKySXfwTdsTuufE7dgYdOqqsxaLdZ8Sc9kiIBNw+BF2BbWKQkyyAXUj/C2frp0uLDOkxCrL3jTJzQ4a8NcMtIWZ4Y5TgEJJ5UX+XyKvScQ9k2YaUO8VClIT1OmYssRsvQp8pG+PSMBDICQIu73Ijd4Rne/XhvRjlkXgJCrp8rcRUCTasbpp72TFGwXVxx9sNDXVtOu3RWONCAoknFpUzMfl/POZhIp4CVksPk5WLm2ZWMAYZdDQO7js1bSedsSI2dG7siJ1POdKwmgvuSIcLRzVm27i4JBE0J/frJXz7MpGiFzjfc/qoUa3FGPlMn9pS7ckqxnMz2cz53GAs64pmrcm4zD9IjrbaM1Qf3L3BPmQXfIjUpaHiMgjigMsXaTgxsQM+ccuSClbmi+hYf8EnyD7o8OBm9wKIvNSyUYxJ4YEqrccUJDjH1MiGzM1nMavS8RQML0N/pqueYJSVqrsXGd7JxE02bPsDMq5wPj8mTUFTEzW2arV4MtwSIjiZIAWpTj9eFWRlUVLs7DxRtN30ZINgNB5g9cpoXXmyoU/vWQ2PQ/TrOOFoCQ+SX64NgmN0PD52+jBO9+hCvP48Qc8h8u+jVefw4AVrf2z81QZG1owWYlksT+nZEsS8cT3acvG8CSl6wcWr/IUVJCY+3ybXamBNekybyazWOkYwgwzfx57jrK77XqN8SvkJzfWFWw1mYLEgCfPVC31Lzy6S7Fa/ia9kbX+FwJGyQUTTpXZpTzeUOaQh0AKPbRfsCS3dbHnwwHeyu8pm5baLA1Z0TTxFpekf7/49mJ7SGIyS2eM1AyTuf8fNhwhn5XVsPVNBBWA==
####################
oGW+LQzO2ME6rWN/iZxhOOG5vFCOREYqJFFuqocA+DS+bCTBpiKZw33RClYiZyaRvIzkg3UIyx8ntrk6s9jqEiWqs/qN9NFxl7mNN9i2/3A13iLzYeFNK628Eb/fWTA8nrMIa2D5F1QdQntAEPegFR1e/H1rnBylh/Vmx1Dni5E=
####################
Z6ax6rSCxiuI6zlvDoSoD/OvsAFivU5Tj86aTXHvFMUfVmUwqkBKmBBs8Kuk5zQPmWXlTyoXJ+lRLF5LKLAOy1Y+7MtVlgi9j8OHvOrHmRu1AN4X7KGfXBbOgJXNQ5RLmGXghBLWQILEfwycy8596CPWIslOHoEt6KsRM3ByM0J7sijEiq5Qb0dIl5QEvzrUUJMP2/WU/mAY/JJVPcsDq1fdlain6eJq1Jm39w4CWcYJtkVM/GrmlwRgx3sheR0Zgg2X5eXlW5RxhNUlfoaiGD3Cs8NC63zDDO9kiCgBA4jOqTWwJMZN1RZqsklSmnFgJWemriMzrCBdcs51aVAtUbl6Ehoql6tXf3vdVuCTgMif77cbgXhUSgYaOEPfhloPXI8WEzultJ3ltAiJZV7Cs9OEORpIlqv9xDs8r7thwgQUOpT6sLYnwsjyU6fBHPWP+x1AVY41tuDSg794Up5UL0OqLz7G2PWx8yFUqCIApwJ8la8aXsSpfbTj1xfT24mCLXy2KzcJZiex14IbOHWuOLFlA9i/VXuiGhV3WVZLvlBA44ZZLthMaiM9g7Fz8sX4kkkgcTP8sOQ9eYov+OY2YVeGyP+ygblP9URQXrPA/qT6/3qb7Hwbdqxp8WC98n39OWUrjNeHdov3i88vB+pvE/rRJHIJQHZkIlAjBZdYj/lm3c/p8IWCBP5T9unQFX0j+Gdp2b6MJBmaHAxvgKYYJS2TeF4w0G6BTdK8cBic1JzjAnZmVrniD1I0Wu0qvnUiWqhcaY3I6tfoYVJ4EOwSIaGs+viD/EWLctbwA4UPtQq7urw847JEFQjIbto3zseTOHIU9dFaz4+tfMOBN7ZTnRvoBUJrdVkBuJMyIsnqKgJhHrHNZbZwP2iMeWlhLq4IR1EORAszaokhx7kySqfZLQ==
####################
WSlLxUhlDKQ/s1d5AS5x3K0ry/0/jMDC/NY4t2QJfegUou+Sbf4VsKgZI9rodEXLb58nMZQylhvXp89VYKxMtqGVDNC6wPljkciWIoeDXnzQZHY2FSR9Lv/KTmXyRIOTNd/UuH9v1M+uuffgqQIhzBHU5BjAPlzJqd09BewGO58=
####################
xJ4OnVl6f5nkApN0IIlBEOCp6CauxKdrebrY/F/0YDPozwN20cp/TToLcWF/3Y87VI256QYNtSkGslKUQuAw2Zpk6zumCyavibC+DZ9ZLx3xW64iAYbOY+kzAzXPWSNCrY3Mu3r+NOtDh8lOpuAZjwO+aXd8/xfaMRIkfWZ37p5XbWV/XPCZ5Ldyke8urz0WXCR90u/3Su/JGitQahTedtCIXCZ5qhUZkmo3//bMri3PXcwzUvDfU16RatlEaD68Xd2RskQFjXwfj099Fe/mQ4MZWMJkkKNZ0R7PLnPaQfBtWjXeIUy7iJ8oB/uYHjbXTyeK8q+Ao/W+W/DMgIy9Cy6rapbJbohQNasrvDmQunlrJuX+H2ko9MIFu5Fh7ppsTuy9ZHimPC7AjJkwwHY/q5yX3fJmTgIPlZrmBOko8v0GkXVFMaN3hW47uIipZO2iIvML06HtuTtA/e+udq6JLGCbITNn8pvtdvjqD7rhMMBVx90VoBjAAZ58ik/BrgLVxhWdEhsgvmfDnivvIqe9sUknFMAECZp7lGnlAEGZ0dJSNMH2njGiOTFUOsYmT4XDGy8LO7zCuF9HbeW6q5CC+h6Pe+dv5+RFiAaX/KsSNz/+sAJ7nDXoTP+/98tXQgt7VKCL81EUbvRswg8c40s0E0cv+s+sQfYxpaIhF8ciGG4yQQhlqXkTdQ2hkebVMBUZ/BEk4ZE/TlUde/QOjDFlyalOxHrlKS7X2Di2OaulF/7uP/Gyh33GtkPi36TRxAIej6+m+CnFh6MkcUYVr0z8LHtJ2wE7VcHQZvUB124dEcHZYASXMvrQc6GmNPjPHFySEyajhqU/EX+RL2jbrLPG7e7dTqutiUgiHBIVCtVgem8SafmAPQrTYc4BqPKlOvX2QNLfVfhN/hVIvsHQvOvYjA==
####################
is50o442SHQjbOeRhqFZTSUl5Kk8He+1MrsdtpS/WZckQ7rq77YCgIuODsQyEl/CYP68clRzuDieu21HG+lsirOq6ZjnzO1TWdGuzB0bDzYXvbtaS6i/3zK7f1vfMHms2iAOGkRBiYZzG3P5Q3ezXPS7Lm5oOIKPzo69wwE6pn0=
####################
Nz7JVLz0SfOI8rKO+AlJGoZS509op2VE5HowNU+VqViyJx55GUs/HD+1AUV5VEFmkPah1aIZWei6bPUZ7eG8DB00MLEmTxGQQ5iNO3/ebSDyteB16smK9Iz5K2Ob6SSktMieIhBXdHf4c2JdrOa+RFMpbNv04qbJhaaBxndzAJm1KdCsDw1A0BlRw9Q9gWqK4lfJA8QkFLjdlhrBSKO9ge4fjn/EIGwxq+rDTnJquRLaPZdeeVgoDivDFmAj8QHHKXpGCYdfSIfbzUPt272denk1y2qxy4YlkWrK0EuHCvOaOTjiG1SkLx20Jx035OukCbxKgQmfWjPi3N8KfavWUk+JfOPgP4ezwogORbX56Dnj/HpQLCrfxnsz8rfjTfCRQi7kmcOBqo1HxqsduMZfDRdNx3g3Big+1WXS9HA6C0NWPSaxJmZL6+2if7a8VOR5i58X+BeGlf1sMk/gqqFPdtYz81CK/7jUH4YMkDjz4SVaZjrp6fe6FMzsBTqb7xV0ReKl3tdtD3neyEsskbIvFX5VOs+ZkClMLBCl84tKSR52qqgscwPSg3lnDr1ztvoulQYXs48eqvAx+VPFUPTlIcErJNNo1c45qa/hO5BZV2B+5P1DGs7tI7q8QC/MxK5z28i9cgINpr0sITwhRpEnUDcix9TWrc8zQDY6PsgCmvEa/L2c0LYwbokhU7ThFyELxWIYVFb/Z4ZqBhNNlUBU0nzjaoi7M7faDd2Q93hqbBtKLgJC+LISGHUWlPIw9pDNv9l+JXv9Au/eVQfRWoFGIziNshtzFbbtFz/Ej8+oGxtFQIVdo3jumDGBOAaZv1m1Ogm/tdGorLyyVE5B/iyXnpnjEuXS5yQiTEBh29w9Ms7/W4gK0yxPTYOjVYFv93DUnntmvjGHQ/bZ/qA442OfUQ==
####################
PT5ZSM2DPvo0AtS8YnYqNgaM72wf0cjnfT1AyNN0qKRq/9+mr1D/3P9TwSKEWUcYvfz/FbkVHDQlqykRNkgTxTPtRGGnWa0AL/lfWg9yyQyMtcFFVqEjuYwufaKVxqRxagdOuRCGj/jFHGs8sgcaB0N12RPCBUSr2YR2OkrLkn0=
####################
7v3NkQnKkMTai6l6QvSK3Ses4xpH6PMX/UZNIP0T/kYPcrMxbjd0uyiJS6PbcNMMFWC2OBX7QAXg0B3lBcSM6ZeL8In9J9xZHwYDxXL2HgHoD0kSqpMq2akIYZ78vKPlQ1WnFNtv4uiRXbCSGPPVUQuAyaXuubUH9p/8UBTNS7vdVMSGHKvkYqVHA1QCE+YUMXD1HdDvuL7gea6a2ilBIGup7n6v9bL3gr39jzXg3//TbLpeUQacX3ZH7UwSNsCV7FaeeVmcAVKe/rZ8lj6qwWoO4m99ND3By+FwPfHAHElnCW2Ifmk0TqOc71oJm/gdqnbTp3+4FcRFqPwE++lyL+uUI+obeFB0609mL4g1WgB2M/tpesVfvX5RQsGZJnAuINAyCUq8g74TzwXKlqRbRG+vMQLuzNBz2xdQYLcT6WCPa6SBzQ9Y/cXDaJMVF4PI2bpJChWUFrHk4pRsOQTeTiNYQrtYVz5vagWa+yLEhOoldHEc6fhcfT137z80cKbo0H9pJfMjlMnZ1oZeF8JCg/y44G7xgkktlZjfdFAV/MiUtAWE/ktmnT8nRbHvwTrDZQlwusyNbbI963eo13JsXIz3bO9YtlTz6lDiRnNXjkPzPkTI+wEZKzp5bc8FEXPMcmkHCS9KAfDKQF1gIGNWYntCE2I/wNkzlVOzQpDdOw/kX7LJy2gqYUiSLApq1tmjBT8DK5f/OBLIQZ9h0wTv+aKAYh3mfrlz6hNw0p/vIhsfS6qlhKC4nfV5T5VNsn3rmTmU6xOvvbWz91ryqOqUzHeVGPccUWWvf3k2SaVO3w0jAaiZKAazFn1wwGYMFcZCW5+qVA4DSP/AvklcO4K7WC8sEgCsar/uPxQ24tBZ9ADWwpKkz0FxU9gakWLT8iwDIruZlEhuLo8kXheTywwaew==
####################
qtgXxea1my4doMlwCDdI75xyemzggYC3wxqhYbT4ixJj8JLdwjvBdkciHdcXmTMkfoMnF2tCQJkqTuIXm3WR7gUreD8ULs7WQh72RGQ2t8udcp6nBeLFRBL2NY/4Nq3HliogYK6YYMCpXlfw573e7Yc+CAR4GB+awAKrVyeW82I=
####################
qFZPHH/0A/rc9/loMm37B7v45hE/wFju71L0r2xfnP35IwWkfvoEDLVMSZgTov7apNSNATqs6cAqw6uFCEu4hn9OzEM8ORQkXQqo3ZBduw2JxPFVURBNuT9pXFcSMtx9Nfgs388qtP9XrpMllYa7pA7ZxrzH1CufFd1OGdQKeJGsI9hb/p7BsZg/d38uI4b1irSOzOgHBdHEhaGHZDNguTzxTrb4CLlyi7EsWkX3n2iTXzAhbVK/BBrNTrbGKNV3n4VVizTPcona/a1qMqqaUv45OHbRRnLNsat0PQNQlTINuX2rihjnYNx4Y+Z/cAMT3I2IRLR7LZYzGwCuXj9GIIvJKzbz0jwb28jaQkDSteK0TJcl1N1B7F2vw4kqUZb2+rlu8DSeiLwckbvadOaNcuS65HwGPE+JoF/ia+zs8G5HwBWKYBFLSWftLBizgR3i9RTWR4OESIwRbE/pSyGTApT//kPpOhV/6TFZ/x79czxKo1t0kLErnZcJ5fa5ejStTj13mtmyk963OwHLdoaxI3TQTVeB/fEekw8BvFw9Z1mKKAXYP6WN21Erq0MgFxmgpYMhgs0rjR5AJEtJc9nuDKsS5UOWV7IIEtqW0uD+l3lbYvCS5ukGkgFFBHmKka0h4N1GU4HGm06unZxx4TODRl2Fw3oOrj0/7f+kT1gMZwnf8Gen8j6DwVw+nQ2oq78nNp0CSWDtwYHc3B5gw53/39QFfGb3JVRmFN/gzMgQmQi0yE7Glod96wtTRVReHuM3GEPKSDzNWqr/oH9sr/EAm7YQBJb8Js21IxvoL0zvXImHwCMIaZsSgDbl90onu/qlSPBzj640Y1AWv35msS2vC7nUupHuFFROXAxVUQAA1zSQtwXn9hd6kqOlww8YY/0/6gGaNDgykqU4axaaVKvR2Q==
####################
06CGBIloHcd3OZ2Lq4qHBiyUp4FLAT4rmPUtn0Pygh6AiR50xyIs35jMnCudLgp80DHt3riBEfjgxEpI+njSuMbBpdRjm8uNbGEuCC3TOJYa8HKP/FSe7IvIeJQbTnfFUBXumGtSC5BA22MVYav/lINNJGY1sQoDgNCj3JzNtc8=
####################
uTWwKkSLu7zwFGCshipJ6+2WwZ4DCILfpNQihjXFdsZSXseHnyoM86KdJ3fEKWUZi9s/KFY2JsWf7bwEIwFiCkEmOUOEpx3G+h7g+8e6CGxgFLq9uhKqVOyUSYuqirDMOtJVi0dj8MlTNkPjP+oQ6KwmHBWnutGdXEJPYgc/fZZaO3lPpHUONaNsCn9MgSZOrsFeDxTk6TYVuPTXUSXRDAQQtKz7R7Jh4IqWXpHXyjZ0ytfe9yAMFY62objCKVyWwCbWN/YD1y3KLEYXPNFGVEGMAoQSe4uOuEc/jj01a6l8ov92x9VAEHfD+Xz6xbLn7NsxiLbaG3vEz/Y3Rx7E8f0iiHs71KYxDI/IG/FTzYSUPHmxozZMEdWDmsAVLvtoPEjg/JbdcWs/iPY7ytEZWJrVVSX2rkS0ZXWGNaVJzEeA/rOQT2HcXvkeL02FeCn0jmyhLbktVGFwWBRCqCUG/OWteuxXJPnpujjPTb9hSzcBBLjTr2hecZ2wTpqiVedUDvXDO61JAHg9n7MQP4E8HUn26ZhkqHz8+XOxuJQj30dLJ9RyhbishvipsfLnv1nkXfGxuR+xXQavp6IuFNUg3ygP+hO0rLquJoO4ALLUZBSn71Jo+ieEzpLdaou2vZ4KyA1XYbrMTuGTGCdyWKO2UcGcK2CgwlxV+HIle0B0MyICOKDf56qUSfJv2215Vz3dIzcR8m2ME2nD920oS/m5eZejeEA99bjZtn/m48nF3Vf+ssrznp7YgjKcwoAYWJf2IwFMJ79qNrb+WeK9IJb0MEMoLZbLZVdMbjyVSXj0ZSIfrlez91eHGMF38UEL0chNi8hRNjU3oKHUp8SZk/7Wc1ffCGG37UmDlUSyGQ9AHTPpFzqAlMy9+wff8bdjp3tHHEzMcTk3auOuiMPeGIU7VA==
